OK
OK
OK
OK
OK
OK
OK
OK
OK
OK
OK
OK
OK
OK
OK
OK
OK
OK
OK
OK
OK
OK
OK
OK
OK
OK
OK
OK
OK
OK
OK
OK
OK
OK
OK
OK
OK
OK
OK
OK
OK
OK
OK
OK
OK
OK
OK
OK
OK
OK
OK
OK
OK
OK
OK
OK
OK
OK
OK
OK
OK
OK
OK
OK
OK
OK
"DB'UJ
#TJbqJdpQ%
#kU#aYSBj^
%/.iglt#Y
%c0dqtS_@'
&6`6GKk<_t
'-7li0M
'?,w-*b7d
(VQtb<XYw")
,J=GMa
2fHNtI
4-QB>A/NSV
4f;K
4gw,wJmq
4l\>?v2^[,C
5&'BAXUv-
6i(Q4[QeU`
7&E.'PG\8b
89l230
98UcI>]s3cA
99ONj
:m"m#j
<4D7CiInq
=KGe*>C#H
A=M!bC
B@H"?
EeQaYeRgAi1
Ek0DX0F-l$
IM,5Zlj0VCb
Jh``@T
M7+a=g]a
Mm4(^h
OFckfJaiQH+
P$p?h
PYj6p
Q,jMe6O
R@jw*t+`k
RmRRWW,1*?'
TVGE
T`Mn
VL-k!1omG
WiH?@Gs"8r!
X'!pI>9
[(`,:PE`
\92-
]nQV6'k
^UR:ZL1WB`a
^fFf
`0[Y
`?N$#"S
`A>A62$
aE]I/jv
cV7dh
cm;=<J%^LoM
cq-C
dM,;Z2
dbQ1v0
ffgC`G[mA[P
i<k8>;YsU!
jRt/XO6NF
kJK!0(_
n1,f
pfG`@w-
qf&97
s#hNvI$Mp
ten6Sn&
OK
OK
OK
OK
OK
OK
OK
OK
OK
OK
OK
OK
OK
OK
OK
OK
OK
OK
OK
OK
OK
OK
OK
OK
OK
OK
OK
OK
OK
OK
OK
OK
OK
OK
OK
OK
OK
OK
OK
OK
OK
OK
OK
OK
OK
OK
OK
OK
OK
OK
OK
OK
OK
OK
OK
OK
OK
OK
OK
OK
OK
OK
OK
OK
OK
OK
OK
OK
OK
OK
OK
OK
OK
OK
OK
OK
OK
OK
OK
OK
OK
OK
OK
OK
OK
OK
OK
OK
OK
OK
OK
OK
OK
OK
OK
OK
OK
OK
OK
OK
OK
OK
OK
OK
OK
OK
OK
OK
OK
OK
OK
OK
OK
OK
OK
OK
OK
OK
OK
OK
OK
OK
OK
OK
OK
OK
OK
OK
OK
OK
OK
OK
OK
OK
OK
OK
OK
OK
OK
OK
OK
OK
OK
OK
OK
OK
OK
OK
OK
OK
OK
OK
OK
OK
OK
OK
OK
OK
OK
OK
OK
OK
OK
OK
OK
OK
OK
OK
OK
OK
OK
OK
OK
OK
OK
OK
OK
OK
OK
OK
OK
OK
OK
OK
OK
OK
OK
OK
OK
OK
OK
OK
OK
OK
OK
OK
OK
OK
OK
OK
OK
OK
OK
OK
OK
OK
OK
OK
OK
OK
OK
OK
OK
OK
OK
OK
OK
OK
OK
OK
OK
OK
OK
OK
OK
OK
OK
OK
OK
OK
OK
OK
OK
OK
OK
OK
OK
OK
OK
OK
OK
OK
OK
OK
OK
OK
OK
OK
OK
OK
OK
OK
OK
OK
OK
OK
OK
OK
OK
OK
OK
OK
OK
OK
Re/Hfp?24`
S5dY48
["XFtD
Re/Hfp?24`
S5dY48
["XFtD
[5$;531iH!.
"U._p-=W
"]8HZJW6]WD
%fRJNf
7@8!w^
`YARn*<'
jZLhDO
k^!mw+_\N[
$<)8,uO
)kddEB)9
:7p;Q*5(iL
\H-S'f_wm
$7(B
GNwI&pS>]Z
wLd)#o\1l
!LK\2XYq
%6&[
:ulG3afJR@P
A6+3
M?%%
$4t.,V`ODIA
,>PJV],3@w4
>;3KK5DH
aZ%?o'\
s'k''$U+w
,.?lV#5B2b
kN,P
pUm@EJu3.u-
7/,!+aG-:f
:bbw
C<R%pCIZ
Dubc
KKrGLt
LS3c+NW
^SYFoM#!90
g.]'sj2"
juoR
K$"<W"
YI$n
lJ[T0FDr
mmT>"lONV\
83AY]sp_=d
F>CGbi
G^AlI7lk
d<F6%JmHi
3'aj>5Gwc)9
LN%mC:&r$
:1SK&SW8
?=[k
Lr!o`i
N&<k('
T'>!Vu:
s*A+TC$ln?t
;&RM<oRPC
XTGN%
oa5rE]l
5j!*GV
e,JT
n<0@
rSvPCMQM
6WLNKWcpG
Y#ID;r
N4!e>=b
^)(>"1)2VD"
c4,<sQ
o.M7P9Dj[
uoU,8>Y
-v1#m
eNBa
k[XSTB1
%`M.?XK/cO$
&3i$:,#
,R:`ik3s
.F!K"rR>k
cK-v><NGNn>
"$Z@l$7lRS*
>J+:;D]_Qlf
[O@m)F
^p>Z=
`YZjiVkr
cg=pMt
jS>Z
wXtF,ne+Tj
/#4EO\6-
>:+80n
]%VYdpb/9Iu
bUUdNKZXC
5";-8/I
@c1KA
Nn%gUYI_
ZYFMJ'PasM
2av&h#[\n
g<%P&8ih%Ro
n=1v
qdRh
"n*e'a,
CuWYCDS3,5Q
D8/^Kq$
^t83H=B_K7
jWY9c
$Ww8gIM5
*C5Z
1hhu-A
=mOMgD2fD
G]>bV=g
)8^un<V/Hk
0"R#a&
<)fhOp+
<e."oC"
s-HIJE
$?>CQ'&p!*i
&)0EqqrDY0
j"gHf3no6
+L1\cvv
6RP)b*
GO-m/#3G6v+
tQZFvdqp
&('9b/0'ml
qLtjo)o/XN
"3>SIUa4Sl5
5+Z3F?$4
O;I#
TS/&8Y
ea<7:C^3K
%Df"u
0VPJlOVR9V
BhRw
J6pU@wJwd
S`j<*.O1r
iIo<%!M
k$GCN+v;J
nD03T
0c8/Sh
>_Aq!kMp#
R*PUH\UA
W$+"&
]vcF;m
aW6o2ZR#-
bt?BA3
w*X@s+
/@%kjJ)O<
@)S]J-l8
C?2'
Fr@JL<8B<d
HflA-n
qkJ)$/
w`bH-B=`
)?$VT)>R
3EZ6pw
GjP`T
;suA)
E<+8Z3vC57R
btaQkVG
qrqUkk>X'%
/>Y,j['UVl`
T'[uK
$0wP/O\@nR
/kNf:">&v<
gj`B<]/CjL
i/Z@5$p2,GQ
q5r^-0sR7.C
v=r2#['S
2DQlT)1&VF
JJ&tw<B1U
vtKP#f4o\B
&I0oJFB
<3(Bi`5JF2v
I/=S
TVBj@_rMqZ
]w?m^n5
_VeQ
s*,v=PP
>=U8"pr
OrM;1m$9aJ
U2CXm3v-el
]TcPVCjFa85
^]&'vTe(
_2)I[Q?e/^8
hH8*F(q@Bw
pqXk5poa
s^Cv
(+EB
<PQ)8$
G37e"R6s]CE
N;P5Cffeb
OwuaY5qA(
Y7C`<
hrp/u6rh
wfc0P4
B5Nb*kvr
BZ5GZWP)wJa
B[>EH_4
G`gZq#
Iw!&^:TJbZr
O5o:7X\p
hV0Rt`t-1q_
:p;B%&#?
;o^q%se
=!oue
HIA2(M
Ykw,IVZ7,
)[-w*U')PD0
Bq&v
GPiQU3
c2_=mTX)
twfUv4;
F*/T3c8bh
k%M"I(K
tZ9G5d39"_)
vKm.>MtUB
'j5+Kp!X`w&
Y!m;P8M"
%\'Ye=TBfD
)"%)RLH
`QN=q6VVhe
6FIQ=
HXkH=g:?pvE
h$sUO1w7d;(
v.V:^u$eQ
,)@'V;
0lK55h<=
8<6[9e"L
?M1bFE
d=AQ(w9
oIJ!
u)ahb
3_g;d;tS<;
NK_WfJj
32v_5B%mQ
77!"-H9Y
>aH0;R(R<>
RHMQ`:$>Xpg
W<Y()
nL%?]@wI@)S
s6.,5SH`wW
wTV=dITYo:
+v6EYjcJfm
3)cO
D5Ev
Dwc9GEkP*
O`]hqu;AT!3
c=Lgi+=$tUJ
#9lo=bCoh'
;@8!V`MZ
If3Bv5
]+auAl(
hX3#J@@Q'
hoYYs1vA
sR>W`C4
)72)(\uCo_
*/=M4-
FFI)bs\
KVOdE_?[u
MI8AWSArt-
t)(FY
'%cCt.
*=g?Ib.+lb'
8H7%kQV
SDWmd
`adY
tvD#>>i
OK
OK
OK
OK
OK
OK
OK
OK
OK
OK
OK
OK
OK
OK
OK
OK
OK
OK
OK
OK
OK
OK
OK
OK
OK
OK
OK
OK
OK
OK
OK
OK
OK
OK
OK
OK
OK
OK
OK
OK
OK
OK
OK
OK
OK
OK
OK
OK
OK
OK
OK
OK
OK
OK
OK
OK
OK
OK
OK
OK
OK
OK
OK
OK
OK
OK
OK
OK
OK
OK
OK
OK
OK
OK
OK
OK
OK
OK
OK
OK
OK
OK
OK
OK
OK
OK
OK
OK
OK
OK
OK
OK
OK
OK
OK
OK
OK
OK
OK
OK
OK
OK
OK
OK
OK
OK
OK
OK
OK
OK
OK
OK
OK
OK
OK
OK
OK
OK
OK
OK
OK
OK
OK
OK
OK
OK
OK
OK
OK
OK
OK
OK
OK
OK
OK
OK
OK
OK
OK
OK
OK
OK
OK
OK
OK
OK
OK
OK
OK
OK
OK
OK
OK
OK
OK
OK
OK
OK
OK
OK
OK
OK
OK
OK
OK
OK
OK
OK
OK
OK
OK
OK
OK
OK
OK
OK
OK
OK
OK
OK
OK
OK
OK
OK
OK
OK
OK
OK
OK
OK
OK
OK
OK
OK
OK
OK
OK
OK
OK
OK
OK
OK
OK
OK
OK
OK
OK
OK
OK
OK
OK
OK
OK
OK
OK
OK
OK
OK
OK
OK
OK
OK
OK
OK
OK
OK
OK
OK
OK
OK
OK
OK
OK
OK
OK
OK
OK
OK
OK
OK
OK
OK
OK
OK
OK
OK
OK
OK
OK
OK
OK
OK
OK
OK
OK
OK
OK
OK
OK
OK
OK
OK
OK
OK
OK
OK
OK
OK
OK
OK
OK
OK
OK
OK
OK
OK
OK
OK
OK
OK
OK
OK
OK
OK
OK
OK
OK
OK
OK
OK
OK
OK
OK
OK
OK
OK
OK
OK
OK
OK
OK
OK
OK
OK
OK
OK
OK
OK
OK
OK
OK
OK
OK
OK
OK
OK
OK
OK
OK
OK
OK
OK
OK
OK
OK
OK
OK
OK
OK
OK
OK
OK
OK
OK
OK
OK
OK
OK
OK
OK
OK
OK
OK
OK
OK
OK
OK
OK
OK
OK
OK
OK
OK
OK
OK
OK
OK
OK
OK
OK
OK
OK
OK
OK
OK
OK
OK
OK
OK
OK
OK
OK
OK
OK
OK
OK
OK
OK
OK
OK
OK
OK
OK
OK
OK
OK
OK
OK
OK
OK
OK
OK
OK
OK
OK
OK
OK
OK
OK
OK
OK
OK
OK
OK
OK
OK
OK
OK
OK
OK
OK
OK
OK
OK
OK
OK
OK
OK
OK
OK
OK
OK
OK
OK
OK
OK
OK
OK
OK
OK
OK
OK
OK
OK
OK
OK
OK
OK
OK
OK
OK
OK
OK
OK
OK
OK
OK
OK
OK
OK
OK
OK
OK
OK
OK
OK
OK
OK
OK
OK
OK
OK
OK
OK
OK
OK
OK
OK
OK
OK
OK
OK
OK
OK
OK
OK
OK
OK
OK
OK
OK
OK
OK
OK
OK
OK
OK
OK
OK
OK
OK
OK
OK
OK
OK
OK
OK
OK
OK
OK
OK
OK
OK
OK
OK
OK
OK
OK
OK
OK
OK
OK
OK
OK
OK
OK
OK
OK
OK
OK
OK
OK
OK
OK
OK
OK
OK
OK
OK
OK
OK
OK
OK
OK
OK
OK
OK
OK
OK
OK
OK
OK
OK
OK
OK
OK
OK
OK
OK
OK
OK
OK
OK
OK
OK
OK
OK
OK
OK
OK
OK
OK
OK
OK
OK
OK
OK
OK
OK
OK
OK
OK
OK
OK
OK
OK
OK
OK
OK
OK
OK
OK
OK
OK
OK
OK
OK
OK
OK
OK
OK
OK
OK
OK
OK
OK
OK
OK
OK
OK
OK
OK
OK
OK
OK
OK
OK
OK
OK
OK
OK
OK
OK
OK
OK
OK
OK
OK
OK
OK
OK
OK
OK
OK
OK
OK
OK
OK
OK
OK
OK
OK
OK
OK
OK
OK
OK
OK
OK
OK
OK
OK
OK
OK
OK
OK
OK
OK
OK
OK
OK
OK
OK
OK
OK
OK
OK
OK
OK
OK
OK
mIjYSW3dW
oir=0Y=/36
*r5-e"
0-3(\
:='\
NI(<U[Q
9'b<=5D&`p
_c_rBbG
daL%sE0?.V8
v"cX$o&/?Y
vVcQV
^okX!P
w?aO0w@
E;0`
dY!G/"0R
2llFslC"p[W
35fknCu[m
7d>:0r[-f
=>,P0
IX`pp
nVtGC'
b.ADeq/02
kN:fgCv
vli9l/
@s`4C
;3)<
n5YjFkPb]
N#*,GDHJd,.
beHks$
mqeBiK?
u9Z]uqP]a
#:u2-D
'Jcw29:
_c-_DF%
.CB_HaRPMF
2]ZB*3?c;\A
f]%5n92IF
)HQ'YUO*
kReKKQWMqk
Ut*Y
kFvQ'A]
*UHb.POLT
*uamG+p8"Z%
:'(d#
Ds0)3)wkd
>fPE0=Yi`E
Q+A<aEVT(
b^jo_X/E
k/J#pP
GK5wj)W"N
gRjjB4i*
kbW94.:Iw#
'5If
/4gIh9kL]cl
/X9&Z
3T8,8Ka?]
H$3"
%^h16lBaG6
Hd(tQjST
nYNpETr
mN7.W/qp/\9
FcC_Zu=uw:
bMPlwS6$:
!>_bKB0,
Q^;1_$7
Y*p.P@g
g%^v
v]$i_s5
#WBQ"#E&l
Op_!.w)5r\j
d)s\3&r
Ouj[u/C<3V
h?Bj
$3c\
GwM\(<$
KK?UWs<R=`
P/1XFou1o
3N;b"9S^
=K=wS9$13E
dZ68twHTu
3dwQ/*cB4@
CJ%O;Y'XA
OmrZ5D20
poSiPr5\
@q4w
kw4R/T==
or/"@7T
aH+F<FgSfq
73H2op2
gqZM;
oAe\4$N`
"\eDY#sIt
5&Kg5*()
.2I=RLY<6C
1*l.,=
#BwU*)
kH?bLuvP`
6::RdnJ
E.jAnb1k
leKq@q
wDY07v00r
/TSX_8Y8`A[
D3o5
PWWqo
Qo7,$@>aF
`kh\i
l,+A+)
%/YI0;3,'P
TS,on:4VW'
h"A]en
A/FH\
npK']RM
7EusZ
04VlJ3ff
:@5bD_Wkd
IT*'
$7*`Y?ubd(s
8D6\=8o9!^
>U%#4b[
a5THgT37mO[
0dY'Ru
bHqUA+-]AmO
reptLp0;
Or8'I6
/[-I
u"6Dn(f
!dsm"*%
(7e<2q=AY.E
J]o`7i.AK
S!f]a(4?1
`)[>IH
u^?WIN:
JL^i.i4
\rV?U4J-dX
nNL7BZ
sSnU.<b!
Nb5"jp
l^p.I[
!>PfrM
9SsKB
3Mb08K
Hh3[V[@C
X1>*ka
-W%:V=
ZLfqFO:QF4!
EZZ`W
J'J$Eq
OEQ3vL,%()+
TH\bAI?
Zi'5QLN
mp8m
bUmcm;%$0:
ld[$<#Cv1Y
S]E$n_SO?Kv
q23Db:\
uhXU<sM\
jW>6?dHG5G
":ZeCBsVG
dakWZO
i=B7bWwtIkI
no)u_\0&
Y*u%=lscH
rT@tMs&?HW
3VkK
7HBb^
P%E5rf
%&l(+I1#K
JV@]!@2kWTJ
TIKZBi
khppO>I,Oo1
)9N,v1
8>djKZwhV%
+g(:t-:c
L!\-
MIvYg33.*+/
s\N4STMV
1N:<0j5Am
G6bh?WT
LP"dgi[g
NTc\
KUhP
sL,!6":
2Icrgb
P3G)!#&hn3P
?UQhQ^%J9K9
F(P=oq
db>W#
hSb62Tt
lH$,V
@gs`8p4nj
AasZgl*W
C2-#T
rX3*(2%2R
1gv!6'qP"
mB,8kfH$
*sT\+
s2_wK^Ouf&
(S/8i:,
[]^R[JYHJ<
P0\N7M
?V"7duYeUY_
Hq,Ze&VT]ZF
P.ds>,ni)
`*^(.=e&FEi
f8W\gk=R8
k@:b
3*MU.c9
@)d9
YqDp>DJt+M
uTE$0a_
<rg3X
@p/GJ,`&T)t
+cnh,URiMO#
@?f*NM
`[r::%\
g`.E]l?FMi
hhQsKL
mp3B2j
3A'\Ku
d]D3IwC5vh
g_EH4`>
u8>]Lrb3
8@w-@\s?
CHZ=
.rK1I&]r
UR2Lw%%$0u+
%26'T!D4
Rl"`0;Hb=mh
ugsEa/
7Al^c*Blk"8
*E#;'*
Paq`
VE*qY%Z&:q
`daSAqP`?B
cn%0
@@v=1`Nar-O
T9Tl
hA.i_l"L*
m@fg^t
0/]m
c=VO1DE93LS
jX&`T]
m$sf
"u?wA[PL.:
;H';=]5
w?80v)Z$
C)Rk0//Z,R
E'v_CB&=q4
`MlMI(
1sB2MlM9XK
vvmIK^"0
$cZ8m<'j
EeqSKb$0
Oi6Tm:V$n,
cSh(Z>Ctm%&
rt&?(j!Y^9
kceHJm
5XUtX8l
EAR\tja9
qUGR
C1sB;1V4J
EN-_j*Y
^p]3
pKVi
q!e;fJ
,.?^vheO
B<Q^j$0/s6
D4>k3\7;hRT
NX'0T
O4.nDdS4<T4
[Hw*
veKGWft'ABC
&#Y_Z:Xd
Yv'multfS=g
jluF-*Kj"
o7;OmV>rJ:
*5!i
>;7:[)d.
E::rNMbJ
gD>bsL5
"UU<CD
2t8X#D
c9awRd@EIF
c_UR#BbKfT
%TPK#jl\.6Q
R#B/dBpiZ1=
F]11
h?!)F
tcJ6t^"-AG
)7a^UU
:Z?Y?FTX(Q
D8CQ'.tU
<!@EI.q*r7
JN!HKb
W6kXR9uv
oGqO+&
G1MR.0]/
\3SR=
]/0[li
nU*dT=15
*%;Sl2$66Y
.Cb2`^a\!:
2:3_/:B$'1
D_IDrN8?E4
`k910&RFZ
aoXGv.!eNF
!s@@=#i%M
auqE;%lgj3
+2fH
5Dhr7WElS
mY,qF8:-
r)R/3*ZQ$F
6^6;KH"D"8
0nkL
Ko40
d/ME
qCn/u!03
45:N
:10L\a^
bS-c3hp
l)b]Y)L^
2^@c\k0
=\@D*8H$
TZS<L8"ga
aX^-
q=of0V5WJ@
aQVY8q
%]ca-
Op?/[I
oj(66r4jO
$Tjs
TPktjJ4U
IHnq$c
CKB>lf_is
c+g=
5kdr
!l2KO#-nr
2*1GE4t
7>g:
@MOalfZd@
Cf+3
I7Aj=HiPL
q.,)pkPAsV5
tUP:X
$D^tsQh:
%D2;U%F
+[=h
99l^Fs6d
@@Wc(J
8Gw-
r!k89>)Q'qG
GQH$1Dn
K&sX_R7@
K_&U!+T!wf
S7pM1.:vIo
WU;(RhJ8
dc%-S%.'
l&=XKR
'7GZjscRtq
l?d]\TKC(o(
J(dAqqM1v
'i0F
AFc:E
cRIh
Cooe`#S3
Zr!w=:ff&
u#?F
$c\O9#Q$
6e)NAho
=k>'iL<d
Ej4:
e'0U;Z
iW@wY2(
5\$5gT-GDNF
iq7+rs\TX
hY*\
vO#3<
"E[Z)\XgEl
4k7TL
TeGBo
g8-eBF
gSg8\a^
EJ;gm^TLG
Zr:/=_
cuB'`cuU:
'C#kpc7)
_:Q2,8G
dS\.<.^!@7(
7K!wq)W9
H-1qJ
Ic"IkP#
Q[%jT"-h4
>/X%DPUeK<
jgG3gI3iC
H/kM@Ck
R'4K:oFL.D
4^aB8+Al"]
C9,]
^nJ"^B.'YAA
_Z9u%Q*!
q+/wCq
=DRV&
gF(3$P
o>BoTf;k4
qe5r]a*T
2vG`qt4aub#
])_uVK9&
v:c*H'-00
A&4or>
Dv=cr#G;!g\
H+"\
['h3b(O
`+8hJD`"7f
,Xm4XoZ
4oqlV
<4Iwo6/3oOh
>/^Ok
Dj45!@S
g+N0eNh$7Y
iH!w$.dL
te"TN1DP)X
"D7h9o!4+
*u60
5+)[]m+<PQ
rPPY$2Qgwv
''wwPM
)/US86!n
*reMn=$Cn
+.NFV@;scH$
5Mij!\09O
DeX"*[uol
QC(Y%[]/Soo
Xt\X7'%@-7
\iRe"Y\&=
)I:9
B?&W4\
He;s
Ursn?)/P
^Fe`I,W)+
'#cGG
QgpL1
<>[%9/
LkG*TKg]8=
J8tQ
\]R*!1VeQ`"
e#I-lXnn;5T
t5:1EwI
,qUSNF
fQ.qZf
RG6"&3s87
T9Y&5n+?5
^=cRUL
g+oJ+MiZ
nF/GN39
tQRa
.jf,[5
>gr9`_d
cCuXq
"t+_
3@I]"6w
55[VGsA5I^.
NF8b
Pj,.cw
R1TG
)OZK@@.viv2
.do(
GU\[*P`?u=.
fN>COSvN
+4Q5di5>pC
;^6U-n
r5*\Sl
w(FmrLXPu:i
.nJ'6)R
ErugtF
Z%ie
e?-99L4X
-?HT8]%EIH
,cZt*s
?7o_0A#B>b
nSH$5Kr
#9a0lG
Ql+'O
R%e+
YV]@^5[n
qB&6
%m5Ije\HN
2=Y[[-=,U
g8lVM5
Ll7,QrF6e
SqNg#HO;^^C
_a9Zc0cW!Lh
0c7H:?Ejg'3
IwE&Y$U3
Z?R[
em[6r
c-mCN9CIVi
dK9j
f:@#Tm
f]d$1%^"sl
@JE%qv&ww[b
O!\Em??g$
%#Aa)[Et8
-0,KOjVv
@2l8bYK1V
Dw;X`K\p>
a>c,NL'Tkf
g(sa.m#
'@jg]
`8'Vqo
3TtGBO0",(2
Cbe/
Wg7q
]t`N
><I[*
TsmAGn
Xk-A4?hB4
ZF96mCn
6d"Vc]Nv
%1cN,
.1Xg63Q
5NMG)X9:I,u
=7OdF
H'(8
iUMu
phCF:\,"
pVliMu>=,ap
:'uG(T
O\vr@
YiK=iJ&I
`QOds-
bGNK2
f6$oYfVB
"!wPBa%NI
KwbOt
U?6q
^'pg2K$
8uc.
`=m)9
*uk@jWB;!Y
1Y-J\k
iwp8@
(PF&vIV
V(8S
J@JE$Pn=KUg
JM?r:geg
]e/V
kt;OM%Je
#"dhMY#-
?I7JUJ
FMC:lR
MN$PeO
g?^Gp,m<
vji4d
[^[4vZD
aGqdA<q2CN
30?Cc
[[MfEj-qrLc
=E-5Y(
J0o]B:8[[
Y(LIku:pk
_KC@
0nPOHe
3`oE[4B
u!/;OdI
2\Xv%\\)E
v5!E
NDW/uoC?2gB
`b"39$)Bl
#VnF<SS`
IX<9k
G?#U\u;*
M>UY
[=nTkg
]Ld\Wi
0^3u4KP"Gl
PU\fQhU
!lamd/Lm\fV
=T^!I
XnCrZ
_!'H5rDE8a
d,GY%pK1m@
ma"F-
7Kh5h)Z
=2P!?Mr
=l32=*e
Q4fwHQYHe
^-nU
,&T.D*Vv%;]
/v!,/>9*m
J)&i
=2:4%^+U
HN,D,.2
cA.&HWMpIO
h3/!^h
-nc",sfg3
;4g]V-9X
?e>^``g)cT
?l>"?UIe
Kn%uipO]
^^WECc
o2Mo
.%O,\
jFCh^b.wq#
pZ:$U7>
S9m1bt&
;#_J>bf:
CbA14j1Fj
Y0@v7+tu
_-W%
wkk"L2^(5w#
[1XW
-Z*cGBE%V
5:YS]3
GTEHU@S
d<m7(9T3
&.R.>
'@Ar1B'Y
@QlhCAt
B)GXqd8
IJSJ<1R
IV97
IuDT_o@>B
&nL.@hKNe
7Yao.*vnp
q$t=<a`)DX1
S:Q7%Fv50
-=mg4GbB7]
O,kgG6WuhE
T*KP=wvK>G
XV9aRSm
/7-M`X
35brc
N42ZK
UNFpIr1
6fvNRi
A9n@8ij:.-
P[V@#GC
^Jq.=7Fgmuj
Iw5!]tK
&]Kk8
C'X1YB
YMw*+mB
\/COsg3t[RY
fYCiA/*O?Ds
i@$*jwK??T
?g7M
i/_:QF)fpn
mRse9
wrn7,_"D
,\p50CK,s
D=eKnYaG
Fv#q55G=
GvN9
0a]u
@k6hW8=
g&qKZ-8VL,
r@P/
27BC
Vn)`<sWt
wp:3_
mIjYSW3dW
oir=0Y=/36
OK
oir=0Y=/36
OK
oir=0Y=/36
YES
OK
NO
"!wPBa%NI
KwbOt
^'pg2K$
YES
OK
NO
&#Y_Z:Xd
Yv'multfS=g
o7;OmV>rJ:
YES
OK
NO
em[6r
YES
OK
NO
@@v=1`Nar-O
T9Tl
m@fg^t
YES
OK
NO
_:Q2,8G
dS\.<.^!@7(
YES
OK
NO
.rK1I&]r
YES
OK
NO
"!wPBa%NI
^'pg2K$
YES
OK
NO
#BwU*)
YES
OK
NO
&.R.>
'@Ar1B'Y
@QlhCAt
B)GXqd8
IV97
IuDT_o@>B
YES
OK
NO
J@JE$Pn=KUg
JM?r:geg
kt;OM%Je
YES
OK
NO
+2fH
5Dhr7WElS
mY,qF8:-
NO
OK
NO
.rK1I&]r
YES
OK
NO
C1sB;1V4J
^p]3
pKVi
q!e;fJ
YES
OK
NO
`8'Vqo
YES
OK
NO
Nb5"jp
YES
OK
NO
rT@tMs&?HW
YES
OK
NO
!lamd/Lm\fV
XnCrZ
_!'H5rDE8a
d,GY%pK1m@
ma"F-
YES
OK
NO
Cbe/
Wg7q
]t`N
YES
OK
NO
l?d]\TKC(o(
YES
OK
NO
%^h16lBaG6
nYNpETr
YES
OK
NO
'5If
/4gIh9kL]cl
/X9&Z
3T8,8Ka?]
YES
OK
NO
;#_J>bf:
CbA14j1Fj
Y0@v7+tu
_-W%
YES
OK
NO
SqNg#HO;^^C
_a9Zc0cW!Lh
YES
OK
NO
4^aB8+Al"]
C9,]
^nJ"^B.'YAA
_Z9u%Q*!
YES
OK
NO
:10L\a^
bS-c3hp
l)b]Y)L^
YES
OK
NO
#9a0lG
R%e+
YV]@^5[n
qB&6
YES
OK
NO
.do(
YES
OK
NO
!l2KO#-nr
2*1GE4t
7>g:
@MOalfZd@
I7Aj=HiPL
q.,)pkPAsV5
tUP:X
YES
OK
NO
T9Tl
m@fg^t
YES
OK
NO
HN,D,.2
cA.&HWMpIO
YES
OK
NO
":ZeCBsVG
dakWZO
i=B7bWwtIkI
YES
OK
NO
!>PfrM
YES
OK
NO
_:Q2,8G
YES
OK
NO
#"dhMY#-
FMC:lR
MN$PeO
g?^Gp,m<
vji4d
YES
OK
NO
5Dhr7WElS
mY,qF8:-
YES
OK
NO
YES
OK
NO
#"dhMY#-
MN$PeO
g?^Gp,m<
vji4d
YES
OK
NO
%1cN,
.1Xg63Q
5NMG)X9:I,u
=7OdF
H'(8
iUMu
YES
OK
NO
YES
OK
NO
;#_J>bf:
Y0@v7+tu
_-W%
YES
OK
NO
YES
OK
NO
4^aB8+Al"]
^nJ"^B.'YAA
_Z9u%Q*!
YES
OK
NO
!l2KO#-nr
2*1GE4t
7>g:
@MOalfZd@
I7Aj=HiPL
tUP:X
YES
OK
NO
?7o_0A#B>b
nSH$5Kr
YES
OK
NO
?g7M
i/_:QF)fpn
YES
OK
NO
v"cX$o&/?Y
YES
OK
NO
.CB_HaRPMF
2]ZB*3?c;\A
YES
OK
NO
&.R.>
'@Ar1B'Y
@QlhCAt
B)GXqd8
IV97
YES
OK
NO
:Z?Y?FTX(Q
YES
OK
NO
`QOds-
bGNK2
YES
OK
NO
FcC_Zu=uw:
YES
OK
NO
!>_bKB0,
Q^;1_$7
Y*p.P@g
YES
OK
NO
8>djKZwhV%
YES
OK
NO
"t+_
3@I]"6w
55[VGsA5I^.
Pj,.cw
R1TG
YES
OK
NO
5XUtX8l
EAR\tja9
YES
OK
NO
S]E$n_SO?Kv
uhXU<sM\
YES
OK
NO
"\eDY#sIt
NO
OK
NO
5Dhr7WElS
mY,qF8:-
YES
OK
NO
v5!E
YES
OK
NO
'i0F
cRIh
YES
OK
NO
(PF&vIV
YES
OK
NO
YES
OK
NO
O\vr@
YiK=iJ&I
YES
OK
NO
K&sX_R7@
K_&U!+T!wf
S7pM1.:vIo
YES
OK
NO
YES
OK
NO
YES
OK
NO
@JE%qv&ww[b
YES
OK
NO
)I:9
He;s
Ursn?)/P
^Fe`I,W)+
YES
OK
NO
%1cN,
.1Xg63Q
5NMG)X9:I,u
=7OdF
H'(8
YES
OK
NO
.nJ'6)R
ErugtF
e?-99L4X
YES
OK
NO
=k>'iL<d
Ej4:
e'0U;Z
YES
OK
NO
d]D3IwC5vh
g_EH4`>
u8>]Lrb3
YES
OK
NO
R'4K:oFL.D
YES
OK
NO
%]ca-
oj(66r4jO
YES
OK
NO
gRjjB4i*
kbW94.:Iw#
YES
OK
NO
[^[4vZD
YES
OK
NO
NO
OK
NO
K&sX_R7@
K_&U!+T!wf
S7pM1.:vIo
YES
OK
NO
=k>'iL<d
e'0U;Z
NO
OK
NO
#9a0lG
R%e+
YV]@^5[n
qB&6
YES
OK
NO
7Kh5h)Z
=2P!?Mr
=l32=*e
^-nU
YES
OK
NO
YES
OK
NO
YES
OK
NO
/TSX_8Y8`A[
D3o5
PWWqo
Qo7,$@>aF
l,+A+)
YES
OK
NO
6::RdnJ
E.jAnb1k
leKq@q
YES
OK
NO
JM?r:geg
kt;OM%Je
NO
OK
NO
:Z?Y?FTX(Q
YES
OK
NO
@k6hW8=
g&qKZ-8VL,
r@P/
YES
OK
NO
>gr9`_d
cCuXq
YES
OK
NO
@?f*NM
`[r::%\
hhQsKL
mp3B2j
YES
OK
NO
-0,KOjVv
@2l8bYK1V
a>c,NL'Tkf
g(sa.m#
NO
OK
NO
HN,D,.2
cA.&HWMpIO
YES
OK
NO
YES
OK
NO
0/]m
jX&`T]
m$sf
YES
OK
NO
$cZ8m<'j
EeqSKb$0
cSh(Z>Ctm%&
rt&?(j!Y^9
YES
OK
NO
e'0U;Z
NO
OK
NO
SqNg#HO;^^C
_a9Zc0cW!Lh
YES
OK
NO
C'X1YB
YMw*+mB
\/COsg3t[RY
fYCiA/*O?Ds
i@$*jwK??T
YES
OK
NO
B<Q^j$0/s6
D4>k3\7;hRT
NX'0T
O4.nDdS4<T4
[Hw*
veKGWft'ABC
YES
OK
NO
GwM\(<$
KK?UWs<R=`
P/1XFou1o
YES
OK
NO
0^3u4KP"Gl
YES
OK
NO
Cooe`#S3
Zr!w=:ff&
YES
OK
NO
"UU<CD
c9awRd@EIF
c_UR#BbKfT
YES
OK
NO
YES
OK
NO
$cZ8m<'j
EeqSKb$0
cSh(Z>Ctm%&
YES
OK
NO
3VkK
P%E5rf
YES
OK
NO
TS,on:4VW'
h"A]en
YES
OK
NO
YES
OK
NO
+4Q5di5>pC
;^6U-n
r5*\Sl
YES
OK
NO
@2l8bYK1V
a>c,NL'Tkf
g(sa.m#
YES
OK
NO
@k6hW8=
r@P/
YES
OK
NO
YiK=iJ&I
YES
OK
NO
Q+A<aEVT(
b^jo_X/E
YES
OK
NO
Hq,Ze&VT]ZF
P.ds>,ni)
`*^(.=e&FEi
YES
OK
NO
Hq,Ze&VT]ZF
P.ds>,ni)
YES
OK
NO
7K!wq)W9
Ic"IkP#
Q[%jT"-h4
NO
OK
NO
B<Q^j$0/s6
D4>k3\7;hRT
NX'0T
O4.nDdS4<T4
[Hw*
veKGWft'ABC
YES
OK
NO
Cbe/
]t`N
YES
OK
NO
'Jcw29:
_c-_DF%
YES
OK
NO
!dsm"*%
(7e<2q=AY.E
J]o`7i.AK
S!f]a(4?1
`)[>IH
NO
OK
NO
.CB_HaRPMF
2]ZB*3?c;\A
YES
OK
NO
,&T.D*Vv%;]
J)&i
YES
OK
NO
*E#;'*
VE*qY%Z&:q
`daSAqP`?B
cn%0
YES
OK
NO
NO
OK
NO
[^[4vZD
YES
OK
NO
2^@c\k0
=\@D*8H$
aX^-
q=of0V5WJ@
YES
OK
NO
3*MU.c9
@)d9
uTE$0a_
YES
OK
NO
`QOds-
YES
OK
NO
;H';=]5
YES
OK
NO
1Y-J\k
iwp8@
NO
OK
NO
5Dhr7WElS
mY,qF8:-
YES
OK
NO
_c-_DF%
YES
OK
NO
YES
OK
NO
H+"\
['h3b(O
`+8hJD`"7f
YES
OK
NO
b.ADeq/02
vli9l/
YES
OK
NO
A9n@8ij:.-
P[V@#GC
^Jq.=7Fgmuj
YES
OK
NO
'5If
/X9&Z
3T8,8Ka?]
YES
OK
NO
H+"\
`+8hJD`"7f
YES
OK
NO
i/_:QF)fpn
YES
OK
NO
nYNpETr
YES
OK
NO
"D7h9o!4+
*u60
rPPY$2Qgwv
YES
OK
NO
Ouj[u/C<3V
NO
OK
NO
@k6hW8=
r@P/
YES
OK
NO
:10L\a^
l)b]Y)L^
NO
OK
NO
7K!wq)W9
Ic"IkP#
Q[%jT"-h4
YES
OK
NO
*r5-e"
:='\
NI(<U[Q
YES
OK
NO
s2_wK^Ouf&
YES
OK
NO
^nJ"^B.'YAA
_Z9u%Q*!
YES
OK
NO
YES
OK
NO
,\p50CK,s
Fv#q55G=
GvN9
YES
OK
NO
YES
OK
NO
"t+_
55[VGsA5I^.
Pj,.cw
R1TG
YES
OK
NO
T9Y&5n+?5
^=cRUL
nF/GN39
tQRa
NO
OK
NO
Cbe/
]t`N
YES
OK
NO
K_&U!+T!wf
S7pM1.:vIo
YES
OK
NO
$D^tsQh:
%D2;U%F
99l^Fs6d
@@Wc(J
YES
OK
NO
2llFslC"p[W
35fknCu[m
=>,P0
IX`pp
YES
OK
NO
GwM\(<$
P/1XFou1o
YES
OK
NO
*5!i
>;7:[)d.
YES
OK
NO
)HQ'YUO*
NO
OK
NO
YiK=iJ&I
YES
OK
NO
!l2KO#-nr
2*1GE4t
7>g:
@MOalfZd@
tUP:X
YES
OK
NO
vvmIK^"0
NO
OK
NO
l?d]\TKC(o(
YES
OK
NO
"t+_
55[VGsA5I^.
Pj,.cw
YES
OK
NO
:bbw
C<R%pCIZ
Dubc
KKrGLt
^SYFoM#!90
g.]'sj2"
juoR
YES
OK
NO
0lK55h<=
8<6[9e"L
?M1bFE
d=AQ(w9
oIJ!
u)ahb
YES
OK
NO
'j5+Kp!X`w&
YES
OK
NO
"$Z@l$7lRS*
>J+:;D]_Qlf
[O@m)F
^p>Z=
`YZjiVkr
jS>Z
wXtF,ne+Tj
YES
OK
NO
"n*e'a,
CuWYCDS3,5Q
D8/^Kq$
^t83H=B_K7
YES
OK
NO
"n*e'a,
CuWYCDS3,5Q
^t83H=B_K7
YES
OK
NO
83AY]sp_=d
G^AlI7lk
YES
OK
NO
N4!e>=b
^)(>"1)2VD"
o.M7P9Dj[
uoU,8>Y
YES
OK
NO
$0wP/O\@nR
/kNf:">&v<
gj`B<]/CjL
i/Z@5$p2,GQ
v=r2#['S
YES
OK
NO
#9lo=bCoh'
;@8!V`MZ
]+auAl(
hX3#J@@Q'
hoYYs1vA
sR>W`C4
YES
OK
NO
0c8/Sh
>_Aq!kMp#
R*PUH\UA
]vcF;m
aW6o2ZR#-
bt?BA3
w*X@s+
YES
OK
NO
N4!e>=b
o.M7P9Dj[
uoU,8>Y
YES
OK
NO
%`M.?XK/cO$
&3i$:,#
,R:`ik3s
cK-v><NGNn>
YES
OK
NO
!LK\2XYq
%6&[
:ulG3afJR@P
M?%%
YES
OK
NO
&I0oJFB
<3(Bi`5JF2v
I/=S
TVBj@_rMqZ
]w?m^n5
s*,v=PP
YES
OK
NO
F*/T3c8bh
k%M"I(K
tZ9G5d39"_)
YES
OK
NO
)8^un<V/Hk
0"R#a&
<)fhOp+
s-HIJE
NO
OK
NO
F*/T3c8bh
k%M"I(K
tZ9G5d39"_)
YES
OK
NO
B5Nb*kvr
BZ5GZWP)wJa
B[>EH_4
G`gZq#
Iw!&^:TJbZr
O5o:7X\p
YES
OK
NO
>=U8"pr
U2CXm3v-el
]TcPVCjFa85
^]&'vTe(
_2)I[Q?e/^8
hH8*F(q@Bw
pqXk5poa
s^Cv
NO
OK
NO
N4!e>=b
o.M7P9Dj[
uoU,8>Y
YES
OK
NO
$4t.,V`ODIA
,>PJV],3@w4
>;3KK5DH
s'k''$U+w
YES
OK
NO
)8^un<V/Hk
0"R#a&
<)fhOp+
YES
OK
NO
$<)8,uO
)kddEB)9
\H-S'f_wm
YES
OK
NO
;suA)
E<+8Z3vC57R
qrqUkk>X'%
YES
OK
NO
*/=M4-
FFI)bs\
KVOdE_?[u
MI8AWSArt-
t)(FY
YES
OK
NO
"$Z@l$7lRS*
>J+:;D]_Qlf
[O@m)F
`YZjiVkr
jS>Z
wXtF,ne+Tj
YES
OK
NO
;suA)
qrqUkk>X'%
YES
OK
NO
#9lo=bCoh'
]+auAl(
hX3#J@@Q'
hoYYs1vA
sR>W`C4
YES
OK
NO
*/=M4-
FFI)bs\
KVOdE_?[u
t)(FY
YES
OK
NO
YES
OK
NO
%Df"u
0VPJlOVR9V
BhRw
J6pU@wJwd
iIo<%!M
k$GCN+v;J
YES
OK
NO
"U._p-=W
"]8HZJW6]WD
%fRJNf
7@8!w^
jZLhDO
k^!mw+_\N[
YES
OK
NO
2av&h#[\n
g<%P&8ih%Ro
n=1v
YES
OK
NO
XTGN%
oa5rE]l
YES
OK
NO
:bbw
C<R%pCIZ
Dubc
^SYFoM#!90
g.]'sj2"
juoR
YES
OK
NO
YES
OK
NO
/@%kjJ)O<
@)S]J-l8
C?2'
Fr@JL<8B<d
HflA-n
qkJ)$/
YES
OK
NO
,>PJV],3@w4
>;3KK5DH
s'k''$U+w
YES
OK
NO
o.M7P9Dj[
uoU,8>Y
YES
OK
NO
+v6EYjcJfm
D5Ev
Dwc9GEkP*
O`]hqu;AT!3
c=Lgi+=$tUJ
YES
OK
NO
0lK55h<=
?M1bFE
d=AQ(w9
oIJ!
u)ahb
YES
OK
NO
3_g;d;tS<;
YES
OK
NO
GO-m/#3G6v+
YES
OK
NO
,>PJV],3@w4
s'k''$U+w
YES
OK
NO
eNBa
k[XSTB1
NO
OK
NO
+v6EYjcJfm
D5Ev
Dwc9GEkP*
O`]hqu;AT!3
c=Lgi+=$tUJ
YES
OK
NO
BZ5GZWP)wJa
B[>EH_4
G`gZq#
Iw!&^:TJbZr
O5o:7X\p
YES
OK
NO
/@%kjJ)O<
@)S]J-l8
C?2'
Fr@JL<8B<d
HflA-n
NO
OK
NO
2av&h#[\n
g<%P&8ih%Ro
n=1v
YES
OK
NO
"n*e'a,
^t83H=B_K7
YES
OK
NO
YES
OK
NO
&I0oJFB
<3(Bi`5JF2v
I/=S
TVBj@_rMqZ
s*,v=PP
NO
OK
NO
%`M.?XK/cO$
&3i$:,#
,R:`ik3s
cK-v><NGNn>
YES
OK
NO
"3>SIUa4Sl5
O;I#
NO
OK
NO
0c8/Sh
>_Aq!kMp#
R*PUH\UA
]vcF;m
aW6o2ZR#-
bt?BA3
w*X@s+
YES
OK
NO
$0wP/O\@nR
/kNf:">&v<
i/Z@5$p2,GQ
v=r2#['S
YES
OK
NO
:1SK&SW8
?=[k
N&<k('
T'>!Vu:
s*A+TC$ln?t
YES
OK
NO
hrp/u6rh
wfc0P4
YES
OK
NO
)8^un<V/Hk
<)fhOp+
YES
OK
NO
0c8/Sh
>_Aq!kMp#
R*PUH\UA
aW6o2ZR#-
bt?BA3
w*X@s+
YES
OK
NO
(+EB
<PQ)8$
N;P5Cffeb
YES
OK
NO
/@%kjJ)O<
@)S]J-l8
Fr@JL<8B<d
HflA-n
YES
OK
NO
>=U8"pr
U2CXm3v-el
]TcPVCjFa85
^]&'vTe(
_2)I[Q?e/^8
hH8*F(q@Bw
s^Cv
YES
OK
NO
*/=M4-
KVOdE_?[u
t)(FY
NO
OK
NO
0c8/Sh
>_Aq!kMp#
R*PUH\UA
aW6o2ZR#-
bt?BA3
w*X@s+
YES
OK
NO
"DB'UJ
#TJbqJdpQ%
#kU#aYSBj^
%/.iglt#Y
%c0dqtS_@'
&6`6GKk<_t
'-7li0M
'?,w-*b7d
(VQtb<XYw")
,J=GMa
2fHNtI
4-QB>A/NSV
4f;K
4gw,wJmq
4l\>?v2^[,C
5&'BAXUv-
6i(Q4[QeU`
7&E.'PG\8b
89l230
98UcI>]s3cA
99ONj
:m"m#j
<4D7CiInq
=KGe*>C#H
A=M!bC
B@H"?
EeQaYeRgAi1
Ek0DX0F-l$
IM,5Zlj0VCb
Jh``@T
M7+a=g]a
Mm4(^h
OFckfJaiQH+
P$p?h
PYj6p
Q,jMe6O
R@jw*t+`k
RmRRWW,1*?'
TVGE
T`Mn
VL-k!1omG
WiH?@Gs"8r!
X'!pI>9
[(`,:PE`
\92-
]nQV6'k
^UR:ZL1WB`a
^fFf
`0[Y
`?N$#"S
`A>A62$
aE]I/jv
cV7dh
cm;=<J%^LoM
cq-C
dM,;Z2
dbQ1v0
ffgC`G[mA[P
i<k8>;YsU!
jRt/XO6NF
kJK!0(_
n1,f
oW)5p4
pfG`@w-
qf&97
s#hNvI$Mp
YES
OK
NO
"DB'UJ
#TJbqJdpQ%
#kU#aYSBj^
%/.iglt#Y
%c0dqtS_@'
&6`6GKk<_t
'-7li0M
'?,w-*b7d
(VQtb<XYw")
,J=GMa
2fHNtI
4-QB>A/NSV
4f;K
4gw,wJmq
4l\>?v2^[,C
5&'BAXUv-
6i(Q4[QeU`
7&E.'PG\8b
89l230
98UcI>]s3cA
99ONj
:m"m#j
<4D7CiInq
=KGe*>C#H
A=M!bC
B@H"?
EeQaYeRgAi1
Ek0DX0F-l$
IM,5Zlj0VCb
Jh``@T
M7+a=g]a
Mm4(^h
OFckfJaiQH+
P$p?h
PYj6p
Q,jMe6O
R@jw*t+`k
RmRRWW,1*?'
TVGE
T`Mn
VL-k!1omG
WiH?@Gs"8r!
X'!pI>9
[(`,:PE`
\92-
^UR:ZL1WB`a
^fFf
`0[Y
`?N$#"S
`A>A62$
aE]I/jv
cV7dh
cm;=<J%^LoM
cq-C
dM,;Z2
dbQ1v0
ffgC`G[mA[P
i<k8>;YsU!
jRt/XO6NF
kJK!0(_
n1,f
oW)5p4
pfG`@w-
qf&97
s#hNvI$Mp
YES
OK
NO
"DB'UJ
#TJbqJdpQ%
#kU#aYSBj^
%/.iglt#Y
%c0dqtS_@'
&6`6GKk<_t
'-7li0M
'?,w-*b7d
(VQtb<XYw")
,J=GMa
2fHNtI
4-QB>A/NSV
4f;K
4gw,wJmq
4l\>?v2^[,C
5&'BAXUv-
6i(Q4[QeU`
7&E.'PG\8b
89l230
98UcI>]s3cA
99ONj
:m"m#j
<4D7CiInq
=KGe*>C#H
A=M!bC
B@H"?
EeQaYeRgAi1
Ek0DX0F-l$
IM,5Zlj0VCb
Jh``@T
M7+a=g]a
Mm4(^h
OFckfJaiQH+
P$p?h
PYj6p
Q,jMe6O
R@jw*t+`k
TVGE
T`Mn
VL-k!1omG
WiH?@Gs"8r!
X'!pI>9
[(`,:PE`
\92-
^UR:ZL1WB`a
^fFf
`0[Y
`?N$#"S
`A>A62$
aE]I/jv
cV7dh
cm;=<J%^LoM
cq-C
dM,;Z2
dbQ1v0
ffgC`G[mA[P
i<k8>;YsU!
jRt/XO6NF
kJK!0(_
n1,f
oW)5p4
pfG`@w-
qf&97
s#hNvI$Mp
YES
OK
NO
"DB'UJ
#TJbqJdpQ%
#kU#aYSBj^
%/.iglt#Y
%c0dqtS_@'
&6`6GKk<_t
'-7li0M
'?,w-*b7d
(VQtb<XYw")
,J=GMa
2fHNtI
4-QB>A/NSV
4f;K
4gw,wJmq
4l\>?v2^[,C
5&'BAXUv-
6i(Q4[QeU`
7&E.'PG\8b
89l230
98UcI>]s3cA
99ONj
:m"m#j
<4D7CiInq
=KGe*>C#H
A=M!bC
B@H"?
EeQaYeRgAi1
Ek0DX0F-l$
IM,5Zlj0VCb
Jh``@T
M7+a=g]a
Mm4(^h
OFckfJaiQH+
P$p?h
PYj6p
Q,jMe6O
R@jw*t+`k
TVGE
T`Mn
VL-k!1omG
WiH?@Gs"8r!
X'!pI>9
[(`,:PE`
\92-
^UR:ZL1WB`a
^fFf
`0[Y
`?N$#"S
`A>A62$
aE]I/jv
cm;=<J%^LoM
cq-C
dM,;Z2
dbQ1v0
ffgC`G[mA[P
i<k8>;YsU!
jRt/XO6NF
kJK!0(_
n1,f
oW)5p4
pfG`@w-
qf&97
s#hNvI$Mp
NO
OK
NO
"DB'UJ
#TJbqJdpQ%
#kU#aYSBj^
%/.iglt#Y
%c0dqtS_@'
&6`6GKk<_t
'-7li0M
'?,w-*b7d
(VQtb<XYw")
,J=GMa
2fHNtI
4-QB>A/NSV
4f;K
4gw,wJmq
4l\>?v2^[,C
5&'BAXUv-
6i(Q4[QeU`
7&E.'PG\8b
89l230
98UcI>]s3cA
99ONj
:m"m#j
<4D7CiInq
=KGe*>C#H
A=M!bC
B@H"?
EeQaYeRgAi1
Ek0DX0F-l$
IM,5Zlj0VCb
Jh``@T
M7+a=g]a
Mm4(^h
OFckfJaiQH+
P$p?h
PYj6p
Q,jMe6O
R@jw*t+`k
TVGE
T`Mn
VL-k!1omG
WiH?@Gs"8r!
X'!pI>9
[(`,:PE`
\92-
^UR:ZL1WB`a
^fFf
`0[Y
`?N$#"S
`A>A62$
aE]I/jv
cm;=<J%^LoM
cq-C
dM,;Z2
dbQ1v0
ffgC`G[mA[P
i<k8>;YsU!
jRt/XO6NF
kJK!0(_
n1,f
oW)5p4
pfG`@w-
qf&97
s#hNvI$Mp
YES
OK
NO
"DB'UJ
#TJbqJdpQ%
#kU#aYSBj^
%/.iglt#Y
%c0dqtS_@'
&6`6GKk<_t
'-7li0M
(VQtb<XYw")
,J=GMa
2fHNtI
4-QB>A/NSV
4f;K
4gw,wJmq
4l\>?v2^[,C
5&'BAXUv-
6i(Q4[QeU`
7&E.'PG\8b
89l230
98UcI>]s3cA
99ONj
:m"m#j
<4D7CiInq
=KGe*>C#H
A=M!bC
B@H"?
EeQaYeRgAi1
Ek0DX0F-l$
IM,5Zlj0VCb
Jh``@T
M7+a=g]a
Mm4(^h
OFckfJaiQH+
P$p?h
PYj6p
Q,jMe6O
R@jw*t+`k
TVGE
T`Mn
VL-k!1omG
WiH?@Gs"8r!
X'!pI>9
[(`,:PE`
\92-
^UR:ZL1WB`a
^fFf
`0[Y
`?N$#"S
`A>A62$
aE]I/jv
cm;=<J%^LoM
cq-C
dM,;Z2
dbQ1v0
ffgC`G[mA[P
i<k8>;YsU!
jRt/XO6NF
kJK!0(_
n1,f
oW)5p4
pfG`@w-
qf&97
s#hNvI$Mp
YES
OK
NO
"DB'UJ
#TJbqJdpQ%
#kU#aYSBj^
%/.iglt#Y
%c0dqtS_@'
&6`6GKk<_t
'-7li0M
(VQtb<XYw")
,J=GMa
2fHNtI
4-QB>A/NSV
4f;K
4gw,wJmq
4l\>?v2^[,C
5&'BAXUv-
6i(Q4[QeU`
7&E.'PG\8b
89l230
98UcI>]s3cA
99ONj
:m"m#j
<4D7CiInq
=KGe*>C#H
A=M!bC
B@H"?
EeQaYeRgAi1
Ek0DX0F-l$
IM,5Zlj0VCb
Jh``@T
M7+a=g]a
Mm4(^h
OFckfJaiQH+
P$p?h
PYj6p
Q,jMe6O
R@jw*t+`k
TVGE
T`Mn
VL-k!1omG
WiH?@Gs"8r!
X'!pI>9
[(`,:PE`
\92-
^UR:ZL1WB`a
^fFf
`0[Y
`A>A62$
aE]I/jv
cm;=<J%^LoM
cq-C
dM,;Z2
dbQ1v0
ffgC`G[mA[P
i<k8>;YsU!
jRt/XO6NF
kJK!0(_
n1,f
oW)5p4
pfG`@w-
qf&97
s#hNvI$Mp
YES
OK
NO
"DB'UJ
#TJbqJdpQ%
#kU#aYSBj^
%/.iglt#Y
%c0dqtS_@'
&6`6GKk<_t
'-7li0M
(VQtb<XYw")
,J=GMa
2fHNtI
4-QB>A/NSV
4f;K
4gw,wJmq
4l\>?v2^[,C
5&'BAXUv-
6i(Q4[QeU`
7&E.'PG\8b
89l230
98UcI>]s3cA
99ONj
:m"m#j
=KGe*>C#H
A=M!bC
B@H"?
EeQaYeRgAi1
Ek0DX0F-l$
IM,5Zlj0VCb
Jh``@T
M7+a=g]a
Mm4(^h
OFckfJaiQH+
P$p?h
PYj6p
Q,jMe6O
R@jw*t+`k
TVGE
T`Mn
VL-k!1omG
WiH?@Gs"8r!
X'!pI>9
[(`,:PE`
\92-
^UR:ZL1WB`a
^fFf
`0[Y
`A>A62$
aE]I/jv
cm;=<J%^LoM
cq-C
dM,;Z2
dbQ1v0
ffgC`G[mA[P
i<k8>;YsU!
jRt/XO6NF
kJK!0(_
n1,f
oW)5p4
pfG`@w-
qf&97
s#hNvI$Mp
YES
OK
NO
"DB'UJ
#TJbqJdpQ%
%/.iglt#Y
%c0dqtS_@'
&6`6GKk<_t
'-7li0M
(VQtb<XYw")
,J=GMa
2fHNtI
4-QB>A/NSV
4f;K
4gw,wJmq
4l\>?v2^[,C
5&'BAXUv-
6i(Q4[QeU`
7&E.'PG\8b
89l230
98UcI>]s3cA
99ONj
:m"m#j
=KGe*>C#H
A=M!bC
B@H"?
EeQaYeRgAi1
Ek0DX0F-l$
IM,5Zlj0VCb
Jh``@T
M7+a=g]a
Mm4(^h
OFckfJaiQH+
P$p?h
PYj6p
Q,jMe6O
R@jw*t+`k
TVGE
T`Mn
VL-k!1omG
WiH?@Gs"8r!
X'!pI>9
[(`,:PE`
\92-
^UR:ZL1WB`a
^fFf
`0[Y
`A>A62$
aE]I/jv
cm;=<J%^LoM
cq-C
dM,;Z2
dbQ1v0
ffgC`G[mA[P
i<k8>;YsU!
jRt/XO6NF
kJK!0(_
n1,f
oW)5p4
pfG`@w-
qf&97
s#hNvI$Mp
YES
OK
NO
"DB'UJ
#TJbqJdpQ%
%/.iglt#Y
%c0dqtS_@'
&6`6GKk<_t
'-7li0M
(VQtb<XYw")
,J=GMa
2fHNtI
4-QB>A/NSV
4f;K
4gw,wJmq
4l\>?v2^[,C
5&'BAXUv-
6i(Q4[QeU`
7&E.'PG\8b
89l230
98UcI>]s3cA
99ONj
:m"m#j
=KGe*>C#H
A=M!bC
B@H"?
EeQaYeRgAi1
Ek0DX0F-l$
IM,5Zlj0VCb
Jh``@T
M7+a=g]a
Mm4(^h
OFckfJaiQH+
P$p?h
PYj6p
Q,jMe6O
R@jw*t+`k
TVGE
T`Mn
VL-k!1omG
WiH?@Gs"8r!
X'!pI>9
[(`,:PE`
\92-
^UR:ZL1WB`a
^fFf
`0[Y
`A>A62$
aE]I/jv
cm;=<J%^LoM
cq-C
dM,;Z2
dbQ1v0
ffgC`G[mA[P
i<k8>;YsU!
jRt/XO6NF
kJK!0(_
oW)5p4
pfG`@w-
qf&97
s#hNvI$Mp
YES
OK
NO
"DB'UJ
#TJbqJdpQ%
%/.iglt#Y
%c0dqtS_@'
&6`6GKk<_t
'-7li0M
(VQtb<XYw")
,J=GMa
2fHNtI
4-QB>A/NSV
4f;K
4gw,wJmq
4l\>?v2^[,C
5&'BAXUv-
6i(Q4[QeU`
7&E.'PG\8b
89l230
98UcI>]s3cA
99ONj
:m"m#j
=KGe*>C#H
A=M!bC
B@H"?
EeQaYeRgAi1
Ek0DX0F-l$
IM,5Zlj0VCb
Jh``@T
M7+a=g]a
Mm4(^h
OFckfJaiQH+
P$p?h
PYj6p
Q,jMe6O
R@jw*t+`k
TVGE
T`Mn
VL-k!1omG
WiH?@Gs"8r!
X'!pI>9
[(`,:PE`
\92-
^UR:ZL1WB`a
^fFf
`0[Y
`A>A62$
aE]I/jv
cm;=<J%^LoM
cq-C
dM,;Z2
dbQ1v0
ffgC`G[mA[P
i<k8>;YsU!
jRt/XO6NF
oW)5p4
pfG`@w-
qf&97
s#hNvI$Mp
YES
OK
NO
"DB'UJ
#TJbqJdpQ%
%/.iglt#Y
%c0dqtS_@'
&6`6GKk<_t
'-7li0M
(VQtb<XYw")
,J=GMa
2fHNtI
4-QB>A/NSV
4f;K
4gw,wJmq
4l\>?v2^[,C
5&'BAXUv-
6i(Q4[QeU`
7&E.'PG\8b
89l230
98UcI>]s3cA
99ONj
:m"m#j
=KGe*>C#H
A=M!bC
B@H"?
EeQaYeRgAi1
Ek0DX0F-l$
IM,5Zlj0VCb
Jh``@T
M7+a=g]a
Mm4(^h
OFckfJaiQH+
P$p?h
PYj6p
Q,jMe6O
R@jw*t+`k
TVGE
T`Mn
VL-k!1omG
WiH?@Gs"8r!
X'!pI>9
[(`,:PE`
\92-
^UR:ZL1WB`a
^fFf
`0[Y
`A>A62$
aE]I/jv
cm;=<J%^LoM
cq-C
dM,;Z2
dbQ1v0
ffgC`G[mA[P
jRt/XO6NF
oW)5p4
pfG`@w-
qf&97
s#hNvI$Mp
YES
OK
NO
"DB'UJ
#TJbqJdpQ%
%/.iglt#Y
%c0dqtS_@'
&6`6GKk<_t
'-7li0M
(VQtb<XYw")
,J=GMa
2fHNtI
4-QB>A/NSV
4f;K
4gw,wJmq
4l\>?v2^[,C
5&'BAXUv-
6i(Q4[QeU`
7&E.'PG\8b
89l230
98UcI>]s3cA
99ONj
:m"m#j
=KGe*>C#H
A=M!bC
B@H"?
EeQaYeRgAi1
Ek0DX0F-l$
IM,5Zlj0VCb
Jh``@T
M7+a=g]a
Mm4(^h
OFckfJaiQH+
P$p?h
PYj6p
Q,jMe6O
R@jw*t+`k
TVGE
T`Mn
VL-k!1omG
WiH?@Gs"8r!
X'!pI>9
[(`,:PE`
\92-
^UR:ZL1WB`a
`0[Y
`A>A62$
aE]I/jv
cm;=<J%^LoM
cq-C
dM,;Z2
dbQ1v0
ffgC`G[mA[P
jRt/XO6NF
oW)5p4
pfG`@w-
qf&97
s#hNvI$Mp
YES
OK
NO
"DB'UJ
#TJbqJdpQ%
%/.iglt#Y
%c0dqtS_@'
&6`6GKk<_t
'-7li0M
(VQtb<XYw")
,J=GMa
2fHNtI
4-QB>A/NSV
4f;K
4gw,wJmq
4l\>?v2^[,C
5&'BAXUv-
6i(Q4[QeU`
7&E.'PG\8b
89l230
98UcI>]s3cA
99ONj
:m"m#j
=KGe*>C#H
A=M!bC
B@H"?
EeQaYeRgAi1
Ek0DX0F-l$
IM,5Zlj0VCb
Jh``@T
M7+a=g]a
Mm4(^h
OFckfJaiQH+
P$p?h
PYj6p
Q,jMe6O
R@jw*t+`k
TVGE
T`Mn
VL-k!1omG
WiH?@Gs"8r!
X'!pI>9
[(`,:PE`
\92-
^UR:ZL1WB`a
`0[Y
`A>A62$
cm;=<J%^LoM
cq-C
dM,;Z2
dbQ1v0
ffgC`G[mA[P
jRt/XO6NF
oW)5p4
pfG`@w-
qf&97
s#hNvI$Mp
YES
OK
NO
"DB'UJ
#TJbqJdpQ%
%/.iglt#Y
%c0dqtS_@'
&6`6GKk<_t
'-7li0M
(VQtb<XYw")
,J=GMa
2fHNtI
4-QB>A/NSV
4gw,wJmq
4l\>?v2^[,C
5&'BAXUv-
6i(Q4[QeU`
7&E.'PG\8b
89l230
98UcI>]s3cA
99ONj
:m"m#j
=KGe*>C#H
A=M!bC
B@H"?
EeQaYeRgAi1
Ek0DX0F-l$
IM,5Zlj0VCb
Jh``@T
M7+a=g]a
Mm4(^h
OFckfJaiQH+
P$p?h
PYj6p
Q,jMe6O
R@jw*t+`k
TVGE
T`Mn
VL-k!1omG
WiH?@Gs"8r!
X'!pI>9
[(`,:PE`
\92-
^UR:ZL1WB`a
`0[Y
`A>A62$
cm;=<J%^LoM
cq-C
dM,;Z2
dbQ1v0
ffgC`G[mA[P
jRt/XO6NF
oW)5p4
pfG`@w-
qf&97
s#hNvI$Mp
YES
OK
NO
"DB'UJ
#TJbqJdpQ%
%/.iglt#Y
%c0dqtS_@'
&6`6GKk<_t
'-7li0M
(VQtb<XYw")
,J=GMa
2fHNtI
4-QB>A/NSV
4gw,wJmq
4l\>?v2^[,C
5&'BAXUv-
6i(Q4[QeU`
7&E.'PG\8b
89l230
98UcI>]s3cA
99ONj
:m"m#j
=KGe*>C#H
A=M!bC
B@H"?
EeQaYeRgAi1
Ek0DX0F-l$
IM,5Zlj0VCb
Jh``@T
M7+a=g]a
Mm4(^h
OFckfJaiQH+
P$p?h
PYj6p
Q,jMe6O
R@jw*t+`k
TVGE
T`Mn
WiH?@Gs"8r!
X'!pI>9
[(`,:PE`
\92-
^UR:ZL1WB`a
`0[Y
`A>A62$
cm;=<J%^LoM
cq-C
dM,;Z2
dbQ1v0
ffgC`G[mA[P
jRt/XO6NF
oW)5p4
pfG`@w-
qf&97
s#hNvI$Mp
"DB'UJ
#TJbqJdpQ%
%/.iglt#Y
%c0dqtS_@'
&6`6GKk<_t
'-7li0M
(VQtb<XYw")
,J=GMa
2fHNtI
4-QB>A/NSV
4gw,wJmq
4l\>?v2^[,C
5&'BAXUv-
6i(Q4[QeU`
7&E.'PG\8b
89l230
98UcI>]s3cA
99ONj
:m"m#j
=KGe*>C#H
A=M!bC
B@H"?
EeQaYeRgAi1
Ek0DX0F-l$
IM,5Zlj0VCb
Jh``@T
M7+a=g]a
Mm4(^h
OFckfJaiQH+
P$p?h
PYj6p
Q,jMe6O
R@jw*t+`k
TVGE
T`Mn
WiH?@Gs"8r!
X'!pI>9
[(`,:PE`
\92-
^UR:ZL1WB`a
`0[Y
`A>A62$
cm;=<J%^LoM
cq-C
dM,;Z2
dbQ1v0
ffgC`G[mA[P
jRt/XO6NF
oW)5p4
pfG`@w-
qf&97
s#hNvI$Mp
OK
