OK 1
1
1
1
1
1
1
1
2
1
1
1
0
1
1
1
0
1
0
1
2
1
1
0
1
1
1
1
1
0
0
1
1
1
1
0
1
0
1
1
0
0
1
1
0
1
1
0
0
0
0
0
1
1
1
1
0
1
1
1
1
4..4..6..
5..31....
..4.16..4
.42655.62
125...1..
3..1.2.3.
.....441.
1.3.2.1.2
36.......
.5...1.6.
0
1
0
0
1
0
8
0
0
0
0
0
0
0
51
1
1
0
1
1
0
1
0
0
1
0
0
0
1
0
1
1
1
1
0
0
0
1
0
11
0
0
0
1
0
0
0
0
1
0
0
0
0
9
1
1
0
0
0
0
0
0
0
1
0
8
0
38
0
1
1
0
15
0
0
0
0
9
0
0
0
0
1
0
1
0
1
0
0
0
0
0
1
0
1
0
0
32
0
8
0
1
10
0
1
0
0
0
0
0
0
0
0
0
31
1
0
1
0
31
1
0
0
0
10
0
1
0
0
0
0
0
0
0
0
0
1
1
0
0
0
1
0
1
0
0
0
0
1
0
0
0
1
0
0
0
8
0
27
0
0
27
0
0
0
0
0
0
0
0
1
1
1
1
0
0
0
0
1
0
0
0
23
0
11
23
0
0
0
0
0
1
0
0
0
0
1
1
0
0
0
0
0
6
1
11
0
13
0
0
20
0
0
0
0
13
0
1
4..4..6.2
55.311123
364516.34
145655262
12514415.
355142.3.
322.44413
163.2.4.2
3614.465.
654..156.
0
0
0
0
0
0
0
0
15
11
1
0
0
0
0
0
0
15
4..4..6.2
55.311123
364516.34
145655262
125144155
355142.3.
322.44413
163.2.4.2
3614.465.
654..156.
0
0
0
10
