OK 1
1
0
1
1
.......
......2
......2
.......
.....1.
.......
.......
1
45
1
44
1
1
1
1
1
1
1
1
1
1
3
1
0
5
1
1
1
0
1
1
0
0
0
1
0
1
9
1
0
0
1
1
1
1
1
0
1
1
1
1
1
.232...
21...32
1..2332
33.1...
..2.212
2..11.1
33223.1
0
0
20
1
0
1
0
0
13
.232...
21...32
1..2332
3311...
..2.212
2..11.1
3322321
0
0
9
1
1
0
1
0
0
0
0
1
1
0
.232...
21...32
12.2332
331123.
..2.212
21.11.1
3322321
1
0
0
10
0
0
1
1
0
11
0
0
0
0
0
0
0
1
16
10
1
1
0
0
0
0
1
1
0
0
0
1
0
.232..3
21..132
12.2332
321123.
.321212
21.1121
3322321
0
0
0
9
0
0
0
0
0
0
0
0
0
0
0
0
0
0
0
0
.232..3
21..132
12.2332
321123.
.321212
21.1121
3322321
0
0
0
0
.232..3
21..132
12.2332
321123.
.321212
21.1121
3322321
0
0
0
0
0
0
0
0
0
0
0
0
1
0
0
0
0
1
1
1
1
1
0
0
5
0
0
0
1
0
0
0
3232.33
211.132
12.2332
3211233
.321212
2111121
3322321
0
0
1
0
0
0
17
