OK 1
0
1
1
1
1
38
......
......
4.....
......
.2....
4.....
3.....
1
0
1
1
1
0
1
2
0
1
0
1
1
1
0
1
2
0
0
9
1
1
0
3
1
1
1
0
0
1
0
0
0
0
1
0
0
0
1
0
0
0
0
0
4
6
0
0
0
0
0
4
0
0
0
1
...11.
4..3..
42...1
.4.1..
422223
43....
32..14
0
0
0
0
1
0
0
6
4
1
0
10
1
10
1
0
0
0
0
0
0
0
0
1
...11.
42.332
22...1
.4.11.
422223
43....
32..14
0
0
0
10
...11.
42.332
22...1
.4.11.
422223
43....
32..14
0
0
6
0
0
0
0
1
0
0
1
0
10
0
...11.
422332
22..31
.4.11.
422223
43....
32..14
0
0
0
6
0
0
1
0
0
0
0
1
11
0
0
0
...11.
422332
22..31
.4.113
422223
432...
32..14
0
0
0
0
0
0
0
1
0
1
1
1
0
0
0
5
0
7
0
0
0
