OK 1
0
1
1
1
.....
..3..
.....
.....
.2...
.....
..3..
.....
.....
.....
.....
.....
1
1
0
0
1
1
1
1
1
1
0
1
0
1
49
0
0
1
1
.4...
..3..
.....
.....
.2.4.
.3...
..3..
.....
...2.
3.11.
....2
.....
1
1
1
1
1
1
0
1
1
1
0
1
1
0
1
0
1
5
37
0
1
0
0
1
0
1
1
0
0
0
1
0
33
14...
..334
....4
...3.
.2.42
.3...
2.3..
....2
..42.
3.111
...42
33231
0
1
1
0
0
0
0
0
0
0
1
8
0
0
1
1
1
0
0
0
0
0
0
0
0
0
0
1
8
26
0
0
0
14...
..334
....4
.4.3.
12.42
.31..
2.31.
2.2.2
..42.
32111
...42
33231
0
0
8
0
0
1
0
1
24
0
1
14...
..334
....4
.4.3.
12.42
331..
2.31.
2.2.2
..424
32111
.2.42
33231
0
0
1
22
0
0
0
0
1
1
0
1
0
1
0
0
0
0
1
0
0
0
1
0
0
141.4
3.334
2...4
.4.3.
12.42
3311.
2.31.
2.2.2
2.424
32111
.2.42
33231
0
0
0
0
0
17
141.4
3.334
2...4
.4.3.
12.42
3311.
2.31.
2.2.2
2.424
32111
.2.42
33231
0
0
0
0
0
1
0
0
0
0
0
1
0
16
0
0
0
1
0
0
1
1
0
13
1
12
0
9
0
0
1
141.4
3.334
2.1.4
.423.
12.42
3311.
23313
232.2
2.424
32111
.2.42
33231
0
0
12
141.4
3.334
2.1.4
.423.
12.42
3311.
23313
232.2
2.424
32111
.2.42
33231
0
0
0
1
0
0
0
0
0
0
0
0
0
0
0
1
0
0
1
0
0
0
1
0
0
0
0
0
1
0
0
0
1
8
0
0
13
8
0
14114
31334
2.1.4
.423.
12242
3311.
23313
233.2
23424
32111
.2.42
33231
0
1
