OK 1
1
1
1
1
2
1
1
1
0
1
1
3
1
1
38
1
1
1
1
1
1
5
1.42..3
1..55..
342....
.3..5..
.3.....
..1..2.
...34..
1
1
1.42..3
1..55.4
342...1
.3..5..
.3.....
..1..2.
...34..
1
1
0
1
1
1
0
4
1.42..3
1..5544
342...1
.32.55.
.3.....
3.1..2.
...34..
0
0
0
1
0
1
1
1
0
0
0
6
1
22
0
0
4
1
21
0
0
0
1
0
1
1
1
1.424.3
1.55544
342.2.1
.32355.
.3.....
321..24
2..3412
0
0
0
0
0
0
1
1
0
15
1
0
0
0
0
0
0
0
0
1
1
1
0
0
0
0
0
0
13
0
0
13
0
0
0
5
13
0
0
0
1.424.3
1.55544
342.2.1
.32355.
.33231.
324..24
2..3412
0
0
0
0
1
1
0
1
0
0
10
5
0
0
0
1
5
0
0
0
7
0
0
1
1
1
12
0
0
0
0
0
0
0
0
0
0
0
1
1
0
0
0
0
0
13424.3
1155544
34232.1
.32355.
433231.
3243.24
2.13422
0
0
10
13424.3
1155544
34232.1
.32355.
433231.
3243.24
2.13422
0
0
0
0
0
7
0
0
13424.3
1155544
34232.1
.32355.
433231.
3243.24
2.13422
