OK 1
1
59
0
59
1
0
1
1
1
1
56
1
0
0
55
1
1
1
52
0
0
0
52
0
1
1
1
1
.33.......
.2.1...4..
..3.....4.
..3.2.....
..2.......
.....5....
0
1
0
1
0
1
0
1
1
0
1
0
1
1
1
0
0
1
0
0
0
1
1
1
0
1
1
1
0
1
1
1
33
0
0
1
0
1
0
1
0
5
1
0
0
0
1
0
0
1
0
0
0
1
0
0
0
1
1
0
0
27
1
26
0
.33....42.
52.14124..
3335.55.43
4.3.23..2.
3222.....1
4.2..5.5.1
0
0
0
1
0
0
9
0
26
0
0
6
26
1
0
0
0
0
0
0
0
0
0
1
0
0
0
0
0
6
1
1
0
9
1
1
1
0
0
0
0
.33.1.142.
52.141244.
3335.55.43
413.23..2.
3222...3.1
442..5.5.1
1
1
0
0
1
1
16
0
0
0
0
0
0
0
16
0
0
9
0
0
1
0
0
6
1
0
0
0
0
0
0
0
0
1
0
0
0
0
1
0
0
0
1
0
0
10
0
0
1
1
0
0
8
0
0
10
12
0
8
0
0
1
0
1
0
0
11
0
0
0
10
0
0
