OK 1
1
1
1
1
0
1
1
1
0
0
1
0
0
1
1
2
1
1
1
1
1
1
...1.1
.1.13.
....2.
.3....
2.32..
...1..
.21...
12....
......
1
1
1
1
0
1
0
1
0
1
1
0
0
1
1
1
0
0
0
1
1
0
0
5
1
0
0
1
26
0
1
0
1
0
13
1
1
0
1
21
0
1
0
1
0
0
0
0
19
1
0
1
0
0
0
18
0
1
0
0
0
1
0
0
0
12
0
1
0
1
16
0
0
0
0
1
1
0
1
0
1
0
1.31.1
.11132
.1212.
33.213
21323.
2111.1
221233
12232.
1.3.13
0
0
0
0
0
11
0
0
0
1
0
1
0
1
0
0
1.31.1
.11132
.1212.
33.213
21323.
2111.1
221233
12232.
123.13
0
10
0
0
0
0
10
0
0
0
0
10
0
0
0
0
14
0
0
1
0
0
14
0
0
0
0
0
1
0
0
0
0
10
0
1
1.31.1
.11132
.1212.
33.213
21323.
2111.1
221233
122321
123.13
0
0
0
0
0
0
0
0
0
0
1
0
9
0
0
1
1
0
0
8
