OK 1
1
1
0
1
1
1
1
1
1
1
1
2.....3
.......
2...1..
...3...
.......
...11..
3.2....
.......
..1....
1
1
1
1
1
1
0
0
1
0
46
1
0
0
0
1
0
0
1
1
1
0
1
0
0
0
0
1
1
1
2.....3
213.13.
2..11..
...31.1
.2...1.
..211..
3.2.1..
...2.3.
.31....
0
0
1
1
1
1
1
1
1
0
0
9
0
0
1
0
1
0
1
0
0
0
1
11
0
1
1
0
0
0
0
0
26
1
1
0
1
1
1
0
0
1
0
0
1
21..2.3
213.13.
21.11.1
.2131.1
.23.212
13211..
33221.2
...2.31
.31323.
1
0
0
0
0
0
0
0
1
0
0
18
0
0
1
0
0
1
0
0
0
18
0
1
1
1
21..233
213.13.
21.11.1
.2131.1
.23.212
13211..
33221.2
...2231
.313231
0
1
0
0
0
0
1
0
1
0
0
0
0
0
0
0
0
17
0
0
13
1
0
21..233
213.13.
21.11.1
.2131.1
.23.212
13211..
33221.2
...2231
.313231
0
15
0
0
1
1
0
1
0
0
0
15
1
0
0
0
0
1
0
1
0
0
0
0
17
1
0
0
1
0
0
1
0
0
0
0
0
11
0
0
0
0
1
0
0
21
0
18
0
1
0
0
0
0
0
1
0
0
0
0
0
0
0
0
