OK 1
1
1
1
1
0
1
1
1
83
1
1
3
.3........
.....1..3.
..........
..1..56...
........1.
..........
..........
..2.4.....
..........
1
1
1
1
.3........
.....1..3.
.2........
..1..56...
........1.
4..4...3..
..........
..2.4.....
..........
1
1
1
1
0
1
1
1
1
4
1
68
1
4
67
1
1
1
1
1
63
1
0
62
0
1
0
1
1
1
0
1
.3.3.....6
....11..3.
621.......
..11656..5
......2.1.
42.4...3..
......4.5.
522.423...
....1...5.
0
1
58
1
5
0
1
0
0
1
0
0
0
0
0
1
0
0
54
1
1
1
0
1
1
0
1
0
1
0
1
0
1
46
1
0
4
0
46
0
0
0
0
.3.32..2.6
5...11..3.
6215....3.
..11656..5
....4.251.
4254..13..
......445.
522.42333.
3...1...5.
0
46
1
0
0
1
1
0
1
0
0
1
1
0
41
1
6
0
1
0
0
9
0
0
7
.3.32..2.6
5..6115.3.
6215....3.
..11656..5
6..24.251.
4254.513..
...4..445.
522.42333.
3...1..15.
0
11
1
7
1
0
1
.3.32122.6
5..6115.3.
6215....3.
..11656..5
6.624.251.
4254.513..
...4..445.
522.42333.
3...1..15.
0
1
0
0
0
0
0
0
0
1
0
0
0
0
0
0
0
35
0
35
1
0
0
0
1
1
0
0
0
1
0
0
0
0
10
0
0
0
0
10
1
1
0
0
1
1
0
0
0
0
0
1
0
0
8
0
0
1
0
0
0
1
1
0
27
0
.3.3212246
56.6115.3.
6215..6.33
.311656..5
6.624.251.
4254.5135.
3.44..445.
522.426335
3...1..15.
0
1
1
25
0
1
1
0
0
23
0
0
11
1
0
0
1
0
1
0
1
0
21
0
1
20
1
0
0
0
0
0
0
11
1
1
0
0
0
0
0
0
1
1
0
0
16
1
0
0
0
53.3212246
56.6115533
62152.6.33
1311656..5
6.624.251.
425425135.
3.4464445.
5226426335
3...1.6153
0
0
0
1
1
0
0
14
53.3212246
56.6115533
62152.6.33
1311656..5
62624.2511
425425135.
3.4464445.
5226426335
3...1.6153
0
0
14
0
1
0
0
0
0
0
0
53.3212246
56.6115533
62152.6.33
1311656.65
62624.2511
425425135.
3.4464445.
5226426335
3...1.6153
0
1
1
0
14
0
0
12
1
0
0
0
1
0
0
0
13
0
0
0
0
0
0
0
0
0
0
0
1
0
0
0
0
0
0
1
0
0
0
0
0
1
1
0
0
1
0
0
8
1
0
0
0
7
0
0
53.3212236
56.6115533
62152.6533
1321656465
62624.2511
425425135.
3544644452
5226426335
35.51.6153
0
14
0
0
0
0
0
