OK 1
1
1
.........1
..........
2.........
..........
..........
..........
..........
..........
..........
..........
1
1
2
1
96
1
1
1
1
92
92
0
1
1
1
........31
4.3...2...
2.........
..........
....4.....
........3.
.......3..
..........
.........3
..........
1
1
4
88
1
1
1
1
85
........31
4.3..12...
2.........
..........
..4.4.....
........32
.......3..
.......4.1
.........3
..........
1
1
0
1
1
0
1
1
1
1
1
0
1
0
1
1
1
1
1
0
1
1
69
1
68
1
0
8
67
1
1
1
1
1
1
1
1
60
1
0
0
0
1
0
1
0
0
0
...4.33.31
4.33.1222.
22...1....
.34.142..3
.4434.....
..3.....32
.111.413..
.....1.4.1
.3..4...43
.2.4......
0
57
1
0
0
0
1
1
0
1
12
1
52
1
0
0
1
1
0
1
15
1
0
0
0
0
0
0
0
4..4.33.31
4.33.1222.
22..112...
134.142..3
.4434.....
..34....32
.111.413..
1....1.4.1
.3..4..343
.2.4..4..3
0
0
0
0
1
0
0
0
1
0
1
9
1
0
1
1
43
0
0
9
1
0
0
42
1
41
0
0
0
17
0
1
0
0
17
0
0
0
17
22
0
40
0
0
17
1
0
0
1
0
1
0
0
37
1
0
0
0
0
1
20
35
1
34
0
20
0
0
0
34
0
0
0
1
0
1
4..4.33.31
4233.1222.
22..112.12
134.142..3
.44343....
3134..1.32
3111.413.1
1....1.441
.3114..343
42.4.14.13
0
0
0
33
1
1
0
0
0
0
1
1
0
0
1
0
1
0
0
0
1
1
18
28
1
0
0
22
1
27
0
4..4.33331
423321222.
22..112212
134.142..3
.44343....
3134..1.32
3111.413.1
1.41.1.441
.31142.343
42.4.14.13
0
0
1
1
25
0
1
0
1
0
1
23
0
4..4.33331
423321222.
22..112212
134.142..3
.44343..1.
31341.1.32
3111.413.1
1141.1.441
.31142.343
42.4314.13
0
0
0
0
14
0
0
0
0
0
0
1
21
14
0
0
0
25
0
0
0
1
1
0
1
26
0
0
21
0
0
15
0
0
4..4.33331
423321222.
22.3112212
134.142..3
.443431.14
31341.1.32
3111.413.1
1141.1.441
.31142.343
42.4314.13
0
0
0
0
0
0
0
0
0
26
0
0
0
19
0
1
0
0
0
0
1
0
1
1
0
0
0
0
0
0
0
0
0
0
0
0
0
0
19
0
0
28
0
0
0
0
0
0
0
1
16
0
0
0
1
0
0
1
4..4.33331
423321222.
22.3112212
134.142..3
.443431214
31341.1132
3111.41311
1141.1.441
231142.343
4224314113
0
0
0
0
29
0
0
0
0
0
14
0
17
0
0
0
