OK 1
1
1
0
1
1
1
1
50
0
1
0
0
1
1
1
1
1
0
1
1
.....3.
.......
......2
...3...
...2331
.....3.
..32.3.
..21.2.
0
0
42
0
0
1
1
0
0
0
1
1
3....3.
.......
3.....2
...3...
...2331
.....3.
.332.3.
..21.2.
1
1
1
1
0
1
0
1
1
32
1
31
1
1
29
0
29
0
0
1
1
1
1
1
0
1
1
0
0
1
1
0
1
17
1
0
0
0
1
0
1
1
0
0
1
15
1
0
11
0
0
0
12
0
1
12
0
0
0
1
0
0
0
0
0
1
1
0
0
1
0
0
0
0
12
0
0
1
0
0
1
9
0
1
0
0
0
0
0
1
0
0
8
0
0
0
0
0
22
3231.31
1113.31
31.2332
21.3223
.322331
.133332
1332233
1321.2.
0
0
0
0
1
3231.31
1113.31
31.2332
21.3223
1322331
.133332
1332233
1321.2.
0
0
1
0
0
0
0
0
7
0
0
0
1
0
0
1
6
0
0
0
0
3231.31
1113231
31.2332
21.3123
1322331
.133332
1332233
1321.2.
0
0
0
0
0
1
0
0
0
0
0
0
0
0
0
0
6
0
0
0
6
0
0
0
0
15
0
0
0
0
22
1
0
0
3231.31
1113231
31.2332
21.3123
1322331
.133332
1332233
1321.2.
0
0
0
6
