OK 1
1
1
1
1
1
0
1
1
4
1
1
1
1
6
0
1
1
.......
....1..
...2.1.
1..2..1
......2
.......
......1
1.1..12
1
1
1
0
0
1
0
0
1
10
1
0
1
1
.2.....
....1..
...2.1.
1..21.1
......2
.2..1.1
......1
121..12
1
1
1
0
1
1
0
0
1
1
31
1
0
0
1
0
1
1
0
12
1
1
25
1
0
1
1
1
0
13
0
0
0
0
0
1
1
0
22
21
1
1
1
0
0
0
0
1
0
0
0
1
0
0
0
0
0
0
0
1
1
1
0
1
25
0
0
16
1
0
0
16
0
0
25
0
15
0
0
15
0
0
16
1
0
0
1
26
0
0
0
0
26
0
0
0
0
15
1
0
0
1
0
1
0
0
0
0
1
122...1
22..1.1
1112211
11.2121
1222..2
1211111
11..1.1
1211112
0
0
0
29
0
12
0
0
0
0
29
0
0
1
0
15
1
0
1
0
0
0
0
0
1
0
0
0
0
0
0
0
1
1
0
0
1
10
0
0
17
0
0
1
9
0
0
18
