OK 1
1
1
1
1
1
1
1
0
0
1
1
1
1
1
1
1
1
0
0
1
1
1
1
1
0
4
0
1
0
0
1
1
1
131
1
1
1
128
0
1
1
0
0
0
1
1
0
1
0
0
125
1
1
0
0
0
1
1
1
..6.....161..5
...28...52....
6.8..5..7.4...
..1...2.......
3..5..........
...3.4.2......
....4........7
.67....14.3...
..2...........
....12.......7
.....8.7......
0
0
1
0
1
1
1
1
1
1
1
1
1
1
1.6..7..161..5
...28...52....
6.8..5..7.4...
..1...2.......
3..5.6....8...
..53.4.2..2...
....4..4.....7
.67.5..14.3..7
..2........4..
.3..12.......7
.....8.7......
0
0
4
1
0
1
1
1
1
1
0
0
0
1
103
1
1
0
101
0
0
0
0
0
0
0
1
100
1
1
1
1
0
7
0
9
1
1
1
1
0
1
0
0
1
1
1
1
1.6.17..161.65
.4.28.5.52....
6.8.25..7.4.7.
..1...25.66...
3..5.66...8...
..5344.2.82...
3...4.34.1...7
.6785..14.3..7
..2.2.7....4.3
.32.12.......7
1....8.7......
1
0
1
1
0
1
0
0
1.6.17..161.65
.4.28.5.52...7
6.8.25..7.4.7.
..1...25.66...
3..5.66...8...
..5344.2.826..
3...4.34.1...7
.6785..14.3..7
..2.2.7....4.3
.32.12...8...7
1..4.8.7......
1
1
1
0
0
0
0
1
0
1
0
1
79
1
0
1
1
0
0
11
77
0
7
0
0
0
1
0
1
1
0
0
0
1
0
0
116217..161.65
.4.28.5.52.3.7
6.8.25..7.4.7.
..1..625.66...
3..5466...8.2.
..5344.2.826..
3...4.3431.5.7
.6785..14.37.7
..2.2.7....4.3
.32.12...8...7
1..4.8.7..6.2.
0
1
0
0
1
1
1
0
1
0
0
1
0
0
116217..161.65
.4.28.5.52.3.7
6.8.25..7.4.7.
..1..625.664..
34.5466...8.2.
..5344.2.826.5
3...4.3431.5.7
.6785..14.37.7
..2.2.7....4.3
.32.12...8...7
17.4.8.7..3.2.
1
0
0
0
1
116217..161.65
.4.28.5.52.3.7
6.8.25..7.4.7.
..1..625.664..
34.5466...8.2.
..5344.2.826.5
3...4.3431.5.7
.6785..14.37.7
1.2.2.7....4.3
.32.12...8...7
17.4.8.7..3.2.
1
116217..161.65
.4.28.5.52.3.7
6.8.25.37.4.7.
..1..625.664..
34.5466...8.2.
..5344.2.826.5
3...4.3431.5.7
.6785..14.37.7
1.2.2.7....4.3
.32.12...8...7
17.4.8.7..3.2.
116217..161.65
.4.28.5.52.3.7
6.8.25.37.4.7.
..1..625.664..
34.5466...8.2.
..5344.2.826.5
3...4.3431.5.7
.6785..14.37.7
1.2.2.7....4.3
.32.12...8...7
17.4.8.7..3.2.
1
0
1
65
0
0
0
0
1
1
0
1
0
0
0
0
1
0
0
0
0
0
14
0
0
0
116217..161.65
.4428.5.52.3.7
6.8725.37.467.
..1..625.664..
34.5466...8.2.
..5344.2.826.5
3...4.3431.5.7
.6785..14.37.7
1.2.2.7..2.4.3
.32.12..38...7
17.4.8.7.53.2.
0
12
0
0
0
0
0
11
1
1
1
0
0
0
0
1
0
0
0
0
0
0
0
1
0
0
13
1
0
1
0
0
0
58
0
0
0
1
0
0
0
13
57
0
0
1
0
12
57
116217..165.65
.4428.5.52.3.7
6.8725237.467.
.21..625.664..
34.5466...8.2.
..5344.2.826.5
3...433431.5.7
.6785..14.37.7
1.2.2.7..2.4.3
.32.12..38...7
17.4.8.7.5322.
0
1
0
0
1
0
1
1
0
0
0
0
0
0
54
1
0
0
0
1
0
0
52
0
0
0
0
52
1
1
0
1
1
0
0
116217..165.65
.4428.5152.3.7
6.87252378467.
.21..6256664.1
34.5466...8.2.
..5344.2.826.5
3...433431.527
.67858.14.37.7
1.2.2.7..2.4.3
732.12..38.1.7
17.4.8.7.5322.
0
0
0
13
0
116217..165.65
.4428.5152.3.7
6.87252378467.
.21..6256664.1
34.5466...8.2.
..5344.2.826.5
3...433431.527
.67858.14.37.7
1.2.2.7..2.4.3
732.12..38.1.7
17.4.8.7.5322.
0
0
1
1
0
0
0
0
0
0
0
0
0
1
0
0
0
116217..165.65
.4428.515263.7
6787252378467.
.21..6256664.1
34.5466...8.2.
..5744.2.826.5
3...433431.527
.67858.14.37.7
1.2.2.7..2.4.3
732.12..38.1.7
17.4.8.7.5322.
0
1
0
116217..165.65
.4428.515263.7
6787252378467.
.21..6256664.1
34.5466...8.2.
..5744.2.826.5
3...433431.527
.67858.14.37.7
1.2.2.7..2.4.3
732.12..38.117
17.4.8.7.5322.
0
0
0
0
1
0
116217..165.65
.4428.515263.7
6787252378467.
.21..6256664.1
34.5466...8.2.
..5744.2.826.5
3...433431.527
.67858.14.37.7
1.2.2.7..2.4.3
732.12..38.117
17.4.8.7.5322.
1
0
45
116217..165.65
.4428.515263.7
6787252378467.
.21..6256664.1
34.5466...8.2.
..5744.2.826.5
3...433431.527
.67858.14.37.7
1.2.2.7..2.4.3
732.12..38.117
17.4.8.755322.
0
1
0
0
1
0
0
0
0
0
0
0
0
0
0
0
14
0
0
43
1
0
0
116217..165.65
.4428.515263.7
6787252378467.
.21..6256664.1
3485466...8.2.
..5744.26826.5
3...433431.527
.67858.14.37.7
1.2.2.7..2.4.3
732.12..38.117
17.4.8.755322.
0
0
0
1
0
0
0
116217..165.65
.4428.515263.7
6787252378467.
.21..6256664.1
3485466...8.2.
..5744.26826.5
3...433431.527
.67858.14.37.7
1.2.2.7..254.3
732.12..38.117
17.4.8.755322.
0
0
0
1
0
0
1
40
0
1
0
0
0
0
0
10
1
0
0
1
0
0
0
0
0
0
16
1
0
0
1
19
0
1
14
0
35
0
15
0
0
16
0
0
0
0
1
0
17
0
0
14
0
1
0
33
0
0
0
0
0
0
0
0
1
0
0
0
0
1
1
0
0
32
0
0
0
0
0
14
0
32
1
0
0
1
0
1
15
0
0
0
0
29
0
19
1
11641735165265
24488.515263.7
6787252378467.
.215.6256664.1
3485466...8.2.
..5744426826.5
3.5.433431.527
.67858814.37.7
13222.73.25453
732.12.338.117
17.4.8.7553224
0
0
0
0
0
0
0
0
0
0
0
0
0
1
0
11
0
11641735165265
24488.515263.7
6787252378467.
.215.6256664.1
3485466.4.8.2.
..5744426826.5
3.5.433431.527
.67858814.37.7
13222.73.25453
732.12.338.117
17.4.8.7553224
0
0
0
0
19
0
16
11641735165265
24488.515263.7
6787252378467.
.215.6256664.1
3485466.4.8.2.
..5744426826.5
3.5.433431.527
.67858814.37.7
13222.73.25453
732.12.338.117
17.4.8.7553224
0
0
0
0
1
0
0
0
0
0
0
26
0
0
0
1
0
0
0
0
0
0
25
0
0
19
0
0
0
18
0
0
0
0
0
12
0
0
0
0
1
