OK 1
1
0
1
1
1
1
1
1
57
1
1
0
2
1
1
1
1
1
3
1
1
1
0
1
.......
...2...
.14...4
..2....
21..4.1
.3..3.4
...1..2
.1.....
......1
1
1
1
1
1
42
0
1
9
0
1
0
0
0
0
1
1
38
1
1
0
0
36
0
0
1
0
1
0
1
...1.22
...2...
.14..34
2.24...
214.4.1
.3.13.4
2.211.2
.1..3..
.4.1..1
0
1
32
1
1
0
...1.22
...2...
114..34
21244..
214.4.1
.3.13.4
2.211.2
.1..3..
.4.1..1
0
1
...1.22
...2..3
114..34
21244..
214.4.1
.3.13.4
2.211.2
.1..3..
.4.1..1
0
...1.22
...2..3
114..34
21244..
214.4.1
.3.13.4
2.211.2
.1..3..
.4.1..1
0
0
0
0
1
0
1
1
1
1
1
0
0
0
...1122
...2..3
1141.34
21244.3
214.4.1
.3.1344
2.211.2
.1..3..
.431..1
1
0
0
0
1
22
0
0
0
1
0
0
0
0
9
21
0
0
0
0
0
1
0
9
21
1
0
0
0
20
0
20
0
0
1
0
0
0
0
19
0
0
19
0
0
0
19
0
0
1
0
0
0
0
0
0
0
0
1
1
1
0
0
0
0
0
0
1
0
0
4.31122
...2..3
1141.34
2124411
2143411
.3.1344
2.21132
.13.3..
4431..1
0
16
1
0
0
0
0
18
0
0
10
1
0
1
0
4.31122
...2..3
1141.33
2124411
2143411
.3.1344
2221132
.13.3.1
4431..1
0
0
0
0
10
0
1
0
0
0
0
0
0
0
1
12
0
4.31122
1.22..3
1141.33
2124411
2143411
.3.1344
2221132
.13.3.1
4431..1
0
0
4.31122
1.22..3
1141.33
2124411
2143411
.3.1344
2221132
.13.3.1
4431..1
0
0
0
0
0
0
0
0
