OK 1
1
0
0
1
1
......
......
......
......
......
......
......
....1.
......
.2....
......
..3...
0
1
1
1
1
0
1
1
0
......
.....7
......
......
.....4
....6.
......
.5..1.
6.....
.2....
......
..3...
1
1
62
1
1
1
1
0
0
59
0
59
0
1
0
1
......
.....7
..6...
......
.....4
.3..6.
..4...
.5..1.
6..6..
.2.5..
.3...5
..3...
1
0
0
0
1
55
0
1
0
54
1
1
16
1
1
0
0
0
0
1
49
0
49
0
0
0
1
1
0
1
1
0
0
5
0
0
5
1
0
0
1
0
1
1
1
0
5
0
0
0
0
0
1
1
0
13
1
0
1
0
1
0
0
1
0
0
1
1
0
0
0
0
36
.367..
..55.7
..63..
.2....
2.7.34
.34.6.
..45..
.57172
6..6..
.245.2
63.475
..3.7.
0
0
0
0
1
0
0
1
0
6
0
1
0
0
0
0
0
0
33
0
0
6
11
0
1
1
7
0
10
0
0
.367..
..5517
..63..
.2....
2.7.34
.34.6.
.2454.
.57172
6..6..
.245.2
63.475
..3.75
1
0
0
11
1
0
0
1
0
1
0
0
9
0
1
1
1
0
0
0
7
8
0
7
0
1
5
0
0
25
0
6
1
0
0
0
0
1
0
0
0
0
0
.367.4
.15517
.263..
.2....
2.7.34
.3416.
.2454.
.57172
6.16.2
5245.2
63.475
..3.75
0
1
0
0
0
1
0
6
0
0
0
0
0
6
0
0
0
0
0
0
0
0
0
1
0
0
0
0
1
8
0
0
0
7
0
10
1
1
0
0
0
0
0
1
1
0
0
1
0
0
2
0
0
8
1
0
0
0
0
0
0
0
0
5
0
8
1
0
0
0
0
0
0
0
1
0
0
