OK 1
1
0
1
1
......
......
......
......
.....1
......
......
.....2
......
......
1
1
1
1
1
1
1.....
1.....
2....1
......
.....1
1.....
......
.....2
.....2
......
1
0
0
1
1
1
1
1
0
1
0
1
1
0
1
1
42
0
1
1
0
1
1
1
1
0
1
1
1..2.1
1.11.2
2....1
2.11..
...2.1
1....2
..1.2.
.1..12
.1..12
...2..
15
35
0
0
1
1
11
1
0
0
1
1
1
0
1
0
21
0
1
27
0
1
0
12
27
0
1
1
0
1
0
26
0
1
0
0
1
0
0
0
0
0
1
0
0
1
0
0
0
0
0
1
1
0
0
0
0
0
0
1
1
1
0
23
1
0
1
0
18
0
0
23
18
0
0
23
1
0
0
0
0
0
0
0
0
0
0
20
0
1
0
0
1
0
0
0
11.2.1
1111.2
2...21
2.11..
2112.1
12.122
2.1222
112.12
21.112
12.21.
0
1
0
1
1
1
13
0
0
0
0
1
1
11
0
20
1
0
0
0
0
0
0
11
0
0
0
11
0
0
0
0
0
0
1
0
10
0
0
0
0
1
31
0
0
1
0
20
0
0
0
0
1
0
0
1
0
0
0
0
0
20
1
0
0
1
0
0
0
0
0
111211
1111.2
2...21
21111.
211211
12.122
2.1222
112212
111112
121211
0
0
