OK 1
1
1
1
............
....2...2...
..1.........
............
............
............
............
............
1
1
0
0
1
1
90
1
0
1
1
1
1
1
1
1
......2.....
..1.2..52...
1.1..3......
4...........
3.....5.....
.......1....
........5...
.....3......
1
81
1
1
1
1
3
0
0
1
77
1
1
......2.....
..1.2..52...
1.1.13.4....
4..........3
3....25.....
.......1....
...4....5...
.4...3..4...
1
0
1
1
73
0
1
0
1
7
71
0
0
1
0
1
1
0
1
0
0
0
0
1
0
0
1
1
0
7
0
1
1
1
1
1
1
0
1
0
0
0
1
0
1
...4..2.....
.3132..52...
1.1.1314....
4...5....1.3
3...425.....
2..1...1..1.
3514..455...
.4..33..45..
0
1
1
0
7
0
0
1
1
...4..2.3...
.3132.252...
1.1.1314....
43..5....1.3
3...425.....
2..1...1..1.
3514..455...
.4..333.45..
0
0
0
54
0
1
0
0
0
1
0
...4..2.3...
.3132.2521..
1.1.1314....
43..5....1.3
3...425.....
2..1...1..1.
3514..455...
.4..333.45..
1
1
0
1
...4..2.3...
.3132.2521..
1.1.1314....
43..5..5.1.3
3...425.....
2..1...1..1.
35145.455...
24..333.45..
1
0
0
...4..2.3...
33132.2521..
1.1.1314....
43..5..5.1.3
3...425.....
2..1...1..1.
35145.455...
24..333.45..
0
...4..2.3...
33132.2521..
1.1.1314....
43..5..5.1.3
3...425.....
2..1...1..1.
35145.455...
24..333.45..
0
1
48
1
1
1
0
0
0
0
1
1
1
0
1
13
0
0
1
1
42
0
0
0
1
...4..2.351.
32132.2521..
1.1.1314...5
43..5..5.1.3
3.3.425.....
2..1.3.11.12
35145.455...
25..333.45..
0
9
0
1
18
0
1
0
1
0
1
0
0
9
0
0
0
0
1
1
0
1
0
1
0
1
0
13
0
0
3434..2.351.
32132.2521..
15141314...5
43.15..5.1.3
3.3.425.....
2.41.3.11.12
35145.455...
25..333.45..
0
0
1
3434..23351.
32132.2521..
15141314...5
43.15..5.1.3
3.3.425.....
2.41.3.11.12
35145.455...
25..333.45..
0
0
0
0
0
0
0
1
0
0
0
0
0
0
0
0
11
0
1
0
0
0
0
0
0
1
0
0
0
0
0
0
14
0
1
1
0
16
0
11
31
0
0
0
0
0
16
0
0
0
0
0
0
0
0
0
0
15
0
0
0
0
0
0
0
1
1
0
0
0
0
0
0
0
1
0
0
0
0
3434..23351.
32132.2521..
15141314...5
43.15..1.1.3
3.31425114..
2.41.3.11.12
35145.455...
25.5333.45..
0
0
13
29
0
1
0
0
1
0
0
0
0
0
0
1
0
0
1
0
0
18
0
1
0
0
0
0
0
0
0
0
0
24
1
0
0
1
0
0
0
18
0
0
1
0
0
0
0
22
0
0
0
3434..233512
3213222521..
15141314..45
43.15..1.1.3
3.31425114..
2.4133.11.12
35145.4555.2
25.5333445..
0
0
1
0
0
0
0
0
0
0
0
0
0
0
0
0
0
0
0
0
0
15
0
0
0
