OK 1
1
1
1
1
1
1
1
1
1
0
3
1
1
0
1
0
1
3
68
0
1
1
0
0
3
1
0
1
0
1
3
1
1
62
1
0
1
60
1
4
1
1
0
1
0
0
0
0
1
1
0
0
0
0
.4....33..
...43.3..2
..3.45.3.2
.25..3....
3..1...1..
...2...4..
....21....
5.4...3.1.
1
0
1
1
0
1
0
50
1
0
0
1
1
1
1
1
0
1
44
1
0
1
1
0
6
0
1
40
1
0
16
1
1
0
1
0
0
0
37
0
9
0
0
0
0
0
0
1
36
1
0
0
12
0
12
0
0
7
1
0
0
0
0
.4....33..
...4343..2
3.3.45.3.2
325.133..2
3..12.51.1
...252.45.
...2211...
5441.23415
0
11
0
1
0
0
8
8
0
1
0
0
0
8
0
9
0
0
1
1
12
0
0
9
0
0
0
1
1
0
0
0
0
0
1
0
1
0
0
9
8
.4..2233..
.2343433.2
323.45.332
325.133..2
3..12.51.1
...252545.
...2211...
5441.23415
1
0
0
0
8
1
0
0
0
1
16
0
0
1
0
1
9
1
0
0
9
0
1
0
0
0
0
0
1
0
0
0
0
0
0
0
0
9
0
0
0
0
0
0
0
0
16
0
9
0
0
0
0
0
0
0
1
17
0
0
0
0
0
0
0
9
0
1
1
0
0
0
1
0
0
0
0
0
0
1
0
0
0
0
0
9
0
0
18
0
0
0
17
0
0
0
0
0
0
0
0
0
6
0
0
0
0
17
1
0
0
1
0
9
6
0
0
1
0
0
0
0
0
