OK 1
1
1
0
1
1
1
1
1
1
1
1
1
1
1
1
0
1
1
0
1
1
0
0
0
1
1
1
1
1
0
1
0
0
0
1
1
0
1
40
1
1
1
0
1
0
0
37
1
0
1
1
0
.2..516.
..3..14.
..653.33
...4.52.
..431..2
.2....1.
....5.45
2.43..64
1
4
34
1
1
0
33
0
1
0
0
0
1
6
10
1
0
5
0
5
0
0
0
.2..516.
..36.145
..653.33
...4152.
.3431..2
.2....16
....5.45
2.43..64
0
5
1
0
0
0
.2..5161
..36.145
..653.33
...4152.
.3431..2
.2....16
....5.45
2.43..64
0
0
0
0
0
1
0
1
1
0
0
10
0
0
0
1
0
1
0
0
1
0
1
0
0
6
0
6
0
10
0
1
0
0
7
5
0
0
0
0
0
0
0
0
0
0
7
1
0
0
6
0
1
1
0
0
10
0
0
0
0
6
1
1
0
0
1
0
0
1
1
1
1
0
0
0
0
1
9
0
1
0
0
0
0
0
0
0
0
0
9
1
0
0
0
0
1
0
0
0
0
.2.55161
.136.145
11653133
...41523
33431.22
.2426.16
11.25.46
2.43..64
0
0
0
8
0
0
0
1
1
0
0
0
0
1
0
0
7
0
0
5
0
0
0
0
9
0
0
0
0
1
12
0
0
0
0
0
0
0
0
0
0
0
1
