OK 1
1
1
1
1
0
1
1
59
1
0
58
0
1
0
1
57
1
0
1
1
1
0
1
1
1
1
1
1
1
0
1
0
1
1
46
1
1
1
1
1
0
1
0
5
1
0
40
1
1
1
1
0
0
1
1
1
1
.......
..1312.
2.3..34
...141.
2.24...
1.224.4
.1.1.2.
44.32..
224..4.
0
4
1
0
1
0
0
1
31
0
0
0
1
30
0
30
0
1
0
0
1
0
11
0
8
1
1
0
1
0
0
8
0
1
1
0
0
23
0
0
0
7
1
1
0
8
0
0
1
8
0
1
0
0
1
1
0
0
0
0
2..3314
3.13122
223..34
443141.
2.242.3
1.22424
.1.1.24
44432..
224..4.
0
1
0
1
0
0
1
1
0
0
0
0
8
0
0
1
1
12
0
1
1
0
0
0
0
0
11
2..3314
3.13122
223.334
443141.
2.242.3
1.22424
.131224
444324.
224.344
0
0
0
11
0
0
0
0
11
2..3314
3.13122
223.334
443141.
2.242.3
1.22424
.131224
444324.
224.344
0
0
0
0
1
0
0
11
0
0
0
0
11
11
0
0
1
10
1
0
0
1
0
0
0
0
0
0
0
1
0
1
0
0
16
1
0
0
0
0
1
1
0
1
0
0
1
0
0
0
0
1
0
0
1
0
0
0
0
1
0
0
0
0
0
0
0
0
16
22.3314
3.13122
223.334
443141.
2.24243
1322124
.131224
444324.
2243344
0
0
0
0
0
