OK 1
1
1
1
1
1
1
1
1
1
1
1
1
52
1
1
3
1
...2....1
1.3...2..
....5..3.
51.......
....2...4
........1
.....3...
1
0
0
1
48
1
1
0
1
1
1
6
0
1
0
5
1
2
1
7
1
1
0
0
0
1
0
39
1
0
1
1
1
0
1
0
0
1
1
7
0
1
1
1
1
1
1
1
6
1
1
0
1
1
0
1
0
1
1
1
0
0
0
0
0
1
1
0
0
9
0
0
0
0
1
0
0
1
0
0
0
0
1
0
0
0
1
...2..231
1133422.4
55355513.
51.412.25
.455222.4
454.15331
4.32.3521
0
1
1
0
0
1
1
0
1
0
0
0
1
11
0
0
0
0
0
0
0
0
0
1
0
0
0
10
0
0
0
0
0
4
0
0
0
0
0
0
0
0
0
0
0
0
0
0
1
0
1
0
0
0
1
0
0
0
0
0
0
0
0
0
9
0
9
0
0
.112..231
113342254
553555135
51.412125
.455222.4
454.13331
4.32.3521
0
0
0
0
0
0
1
.1124.231
113342254
553555135
51.412125
.455222.4
454.13331
4.32.3521
0
0
0
1
11
0
0
0
0
0
13
0
0
0
0
.1124.231
113342254
553555135
51.412125
.455222.4
454.13331
4.3233521
0
0
0
0
.1124.231
113342254
553555135
51.412125
.455222.4
454.13331
4.3233521
0
0
7
0
0
9
0
0
0
0
11
0
0
9
0
0
0
0
