OK 1
1
1
1
1
50
1
1
1
1
1
0
45
1
1
0
1
2
1
0
1
1
1
0
1
1
0
37
1
1
1
0
6.24..
......
...1..
5.422.
3....6
......
..5.3.
423.61
..4.1.
1
1
1
0
1
0
1
0
0
0
0
0
0
0
1
6.24..
......
...1..
5.422.
3..1.6
..6...
..5233
423.61
.24.1.
1
0
0
0
6.24..
......
...1..
5.422.
3..1.6
.36...
..5233
423.61
.24.1.
1
1
0
4
1
0
0
0
0
0
0
1
0
0
0
0
1
0
0
0
0
0
0
0
0
0
0
7
0
0
1
0
0
4
0
6
0
0
0
0
6
1
6
0
0
0
1
0
0
1
1
0
0
4
6524..
......
...1..
5.422.
3..156
3362..
..5233
423.61
.24.1.
1
1
6
1
1
0
0
0
1
0
6524..
......
...1..
5.422.
3..156
336236
..5233
423661
.2411.
0
0
0
0
0
6524..
......
...1..
5.422.
3..156
336236
..5233
423661
.2411.
0
4
0
0
0
5
0
0
0
1
0
0
0
6524..
......
...1..
5.422.
3..156
336236
..5233
423661
.2411.
0
3
1
0
0
0
0
1
0
0
0
0
0
0
1
1
5
0
1
0
0
0
0
0
0
1
0
0
0
0
0
0
0
0
0
0
0
1
0
5
1
0
1
0
0
0
0
0
0
0
0
0
0
0
0
0
7
0
0
0
1
