OK 1
1
1
2
1
1
2
1
1
0
1
1
0
0
1
5
0
1
0
1
1
0
48
1
0
1
0
1
1
1
1
0
0
1
1
1
1
1
0
1
1
0
0
1
1
0
5
0
0
1
1
0
1
...2.2....
.122.1312.
2..3...22.
.2132.3...
2....3.121
.1..11...3
0
0
0
1
0
0
0
0
0
1
0
0
1
1
1
1
1
0
0
0
1
1
1
0
0
0
0
0
1
1
0
10
1
0
0
0
0
1
0
1
1
0
19
1
11
19
0
0
0
0
0
0
0
0
0
0
1
0
18
0
11
1
0
0
0
11
0
0
0
0
0
1
0
1
0
0
0
0
1
1
15
1
0
0
0
0
0
0
11
0
1
0
1
1
0
0
0
1
0
0
0
0
0
313212.12.
2122213122
22.2..1223
.2132.32..
232.33.121
31221113.3
0
0
0
0
0
0
0
1
0
14
11
0
0
0
0
0
11
0
1
1
0
0
0
0
0
0
0
0
0
11
0
0
0
313232.12.
2122213122
22.22.1223
.2132.32..
232.33.121
31221113.3
0
0
0
0
0
0
0
1
0
0
1
1
0
0
13
0
0
0
