OK 1
1
1
1
1
1
335
1
1
1
1
1
1
2
0
1
1
1
1
0
326
0
1
1
1
1
0
1
1
1
1
1
1
4
1
1
1
1
1
1
6
1
0
1
1
1
1
1
1
1
0
1
1
1
0
1
1
1
1
1
1
297
1
1
1
1
1
1
1
0
1
1
1
1
1
0
1
1
1
1
1
1
1
1
1
1
1
15
1
278
15
1
1
1
1
1
273
0
1
1
0
1
16
271
0
1
0
1
17
1
1
0
1
1
1
1
0
1
1
3.....231.....1.....
..5..5.......1..1..4
.3..............14..
..14...4........2...
3............4......
22.....532.....3.32.
.4.....5.245........
.5...1...5.2........
.1...4.......5...4..
......5....124..4.5.
.1.....1..2....4..1.
..4.1.4......1..3...
..4.....4.45........
.422...5..2........4
.1.......3.2....2..2
.........22..3..1...
..5.....31..........
0
0
1
1
1
1
258
1
0
0
1
1
22
0
255
0
1
1
1
252
1
1
1
1
1
1
1
1
244
0
0
0
1
1
242
1
1
1
23
1
0
1
1
1
1
0
1
1
1
231
0
1
0
1
1
1
0
1
1
1
225
1
1
0
19
1
0
0
24
1
0
1
0
222
1
1
1
0
1
1
1
1
0
216
0
0
0
1
0
1
0
0
1
0
0
0
1
0
1
0
22
1
1
209
0
0
0
0
0
1
0
208
0
1
31
0
207
1
1
0
0
0
1
1
0
0
1
0
1
32
0
0
1
1
35
199
1
198
0
1
0
1
1
31
1
0
1
194
0
1
0
0
0
0
1
26
1
1
1
1
0
0
1
0
0
1
1
1
1
1
1
0
0
1
1
0
0
1
25
1
0
1
0
1
0
177
0
0
1
1
0
0
0
175
0
0
0
0
0
1
174
1
1
1
1
0
1
36
1
0
168
0
29
1
0
0
1
1
1
0
1
1
164
0
0
1
1
0
37
0
1
44
0
31
0
161
0
1
0
1
159
0
0
0
0
0
1
0
0
0
0
0
0
3.24..231551..13.3..
.35.25....5.41..12.4
.333...55.221.2414.2
4.14...4.5.4132.2..1
34.5.35...5.2432.1..
22.4...5324.33.3.32.
.4...1.5.2452...433.
.5.221...5.2125...44
.115.43.4.1.35.5.422
..1...5..5.124.4115.
51..3..1.1225214..11
..4.124....3.15.3.1.
43415.5.42452.24...3
.422..15..2..1.2...4
.1...2..13.2....2.42
.3...5.4.22.43..1...
3152..2.31....2.....
0
1
0
1
0
0
0
0
1
0
1
154
1
0
1
1
151
0
1
0
0
33
3.24..231551..13.3..
.35.25..2.5.41..12.4
.333...55.221.2414.2
4.14...4.5.4132.2..1
3425.35...5.243251..
22.4...5324.33.3.32.
.4...1.5.2452..34335
.5.221...5.2125...44
.115.43.4.1.35.5.422
..1...5..5.124.4115.
511.3..1.1225214..11
..4.124...23.15.3.1.
43415.5.42452.24...3
.422..15..2..1.2...4
.1...2..13.2....2.42
.3...5.4.22.43..1...
3152.32.31....2.....
0
0
0
0
0
0
0
0
0
150
0
1
3.24..231551..13.3..
.35.25..2.5.41..12.4
.333...55.221.2414.2
4.14...4.5.4132.2..1
3425.35...5.243251..
22.4...5324.3313.32.
.4...1.5.2452..34335
.5.221...5.2125...44
.115.43.4.1.35.5.422
..1...5..5.124.4115.
511.3..1.1225214..11
..4.124...23.15.3.1.
43415.5.42452.24...3
.422..15..2..1.2...4
.1...2..13.2....2.42
.3...5.4.22.43..1...
3152.32.31....2.....
1
49
0
0
1
1
1
1
1
1
0
0
1
1
141
1
0
3.24..231551..13.3..
.35.25..225.41..12.4
.333...55.221.2414.2
4.14...4.5.4132.2..1
3425.35...5.2432514.
22.4..55324.3313.32.
.4...1.5.2452..34335
.5.221...5.2125...44
.115.4314.1.3555.422
..1...5.15.124.4115.
511.3..1.1225214..11
..44124...23.15.3.1.
43415.5242452.24...3
.422..15..2..1.2...4
.1...2..1352....2.42
.3...5.4.22.43..1...
3152.32.31....2.....
0
42
1
0
0
0
1
0
0
0
0
0
1
0
1
0
0
0
1
1
1
0
1
0
33
1
1
1
44
0
1
0
3.24..231551..13.3..
.35.25..225.41..12.4
.333...55.221.2414.2
4.14...4.5.4132.2..1
3425.35...5.2432514.
22.4..5532453313532.
.4...1.5.2452..34335
.5.221...5.2125.1.44
.115.4314.1.3555.422
5.1...5.15.124.4115.
511.3..1.1225214..11
.144124...23215.3512
43415.5242452.24...3
.422..15..2..1.2...4
.1...2..1352...22.42
.34..5.4.22.43..1..4
3152.32.31....2.....
0
0
0
1
0
0
1
1
1
0
1
0
0
1
0
0
123
3.244.2315515.13.3..
.35.25..225.41..12.4
.333...55.221.2414.2
4.14...4.5.4132.2..1
3425.35...5.2432514.
22.4..5532453313532.
.4...1.5.2452..34335
.5.221.2.5.2125.1.44
.115.4314.1.3555.422
5.1..35215.124.4115.
511.3..1.1225214..11
.144124...23215.3512
43415.5242452.24...3
.422..15..2..1.2...4
.1...2..1352...22.42
.34..5.4422.43..1..4
3152.32.31....2.....
0
0
44
0
1
0
0
0
0
0
0
44
0
0
56
3.244.2315515.13.3..
.35.25..225.41..12.4
.333...55.221.2414.2
4.14...4.5.4132.2..1
3425.35...5.2432514.
22.4..5532453313532.
.4...1.5.2452..34335
.5.221.2.5.2125.1.44
.115.4314.1.3555.422
5.1..35215.124.4115.
511.3..1.1225214..11
.144124...23215.3512
43415.5242452.24...3
.422..15..2..1.2...4
.1.2.2..1352...22.42
.34..5.4422.43..1..4
3152.32.31....2.....
0
0
0
0
42
1
0
122
0
1
0
0
0
0
0
1
0
0
0
0
0
1
0
0
0
1
0
0
1
0
0
1
58
0
0
1
0
0
0
0
1
116
0
0
0
0
116
0
0
44
116
0
116
0
0
0
0
1
0
42
0
115
0
0
0
115
0
0
115
0
1
0
45
0
3.244.2315515.13.3..
.35.25..225.41..12.4
2333...55.221.2414.2
4.14...4.5.4132.2..1
3425.35...5.2432514.
22.4..5532453313532.
.4...1.512452..34335
.5.221.2.5.2125.1.44
.115.4314.1.3555.422
5.1..35215.124.41155
511.3..1.1225214..11
.144124..323215.3512
43415.5242452.24...3
.422..15..2..1.2...4
21.2.25.1352...22.42
234..5.4422.43..1..4
3152533.31....2.....
0
1
0
0
0
0
1
0
0
45
1
0
0
0
1
3.244.2315515.13.3..
.35.25..225.41..12.4
2333...55.221.2414.2
4.14...425.4132.2..1
3425.35...5.2432514.
22.4..5532453313532.
.42..1.512452..34335
.5.221.2.5.2125.1.44
.115.4314.1.3555.422
5.1..35215.124.41155
511.3.41.1225214..11
.144124..323215.3512
43415.5242452.24...3
.422.415..2..1.2...4
21.2.25.1352...22.42
234..5.4422.43..1..4
3152533.31....2.....
0
0
0
110
0
0
1
109
0
0
0
0
0
0
1
0
0
0
1
0
0
0
0
0
0
0
45
0
0
0
1
0
106
0
0
106
0
0
0
0
0
1
105
0
1
0
0
1
1
1
1
1
0
1
1
0
0
1
49
0
0
0
0
0
0
0
39
0
0
1
0
0
0
0
0
0
0
1
0
0
1
0
1
0
0
92
1
40
0
0
1
0
0
0
90
0
0
1
1
1
0
0
88
0
0
0
1
0
0
0
0
1
0
0
1
0
0
0
0
1
0
0
84
0
62
1
83
0
0
0
0
0
1
0
0
54
82
1
0
0
0
1
0
0
0
43
0
0
0
63
1
1
0
79
0
0
0
1
0
0
50
1
0
0
0
0
0
0
0
0
0
1
76
0
0
0
1
0
0
0
0
0
64
0
0
0
1
75
0
64
75
0
0
1
0
0
0
0
75
0
0
0
75
0
0
0
0
0
0
0
0
0
0
1
3.244.2315515.135313
.35.25..225341.11234
2333.4.55.221.2414.2
451455.425.4132.2.51
3425.354..5.24325142
22.4..5532453313532.
.421.1.5124525134335
35422132453212521.44
2115.431431.3555.422
521.135215.124.41155
51133.41.12252141.11
.144124.1323215.3512
43415.5242452.24.3.3
.422.415..2..1.2...4
2152.25.1352...22442
234..5.4422.434.1..4
3152533.31.51.24....
0
0
0
74
0
0
0
0
0
0
0
0
1
0
0
0
0
0
1
46
0
0
0
0
0
0
0
72
0
0
1
0
0
3.244.2315515.135313
.35.25..225341.11234
2333.4.55.221.2414.2
451455.425.4132.2.51
3425.354..5.24325142
22.4..5532453313532.
3421.1.5124525134335
35422132453212521.44
2115.431431.3555.422
521.135215.124.41155
51133.41.12252141.11
.144124.1323215.3512
43415.5242452.24.3.3
.422.415..2..1.2..44
2152325.1352...22442
234..5.4422.434.1..4
3152533.31.51.24....
1
0
70
3.244.2315515.135313
.35.25..225341.11234
2333.4.55.221.2414.2
451455.425.4132.2.51
3425.354..5.24325142
22.4..5532453313532.
3421.1.5124525134335
35422132453212521.44
2115.431431.3555.422
521.135215.124.41155
51133.41512252141.11
.144124.1323215.3512
43415.5242452.24.3.3
.422.415..2..1.2..44
2152325.1352...22442
234..5.4422.434.1..4
3152533.31.51.24....
0
0
0
3.244.2315515.135313
.35.25..225341.11234
2333.4.55.221.2414.2
451455.425.4132.2.51
3425.354..5.24325142
22.4..5532453313532.
3421.1.5124525134335
35422132453212521.44
2115.431431.3555.422
521.135215.124.41155
51133.41512252141.11
.144124.1323215.3512
43415.5242452.24.3.3
.422.415..2..1.2..44
2152325.1352...22442
234..5.4422.434.1..4
3152533.31.51.24....
1
53
0
0
0
64
0
0
0
0
0
0
69
0
0
3.244.2315515.135313
.35.25..225341411234
2333.4.55.221.2414.2
451455.425.4132.2.51
3425.354..5.24325142
22.4..5532453313532.
3421.1.5124525134335
35422132453212521.44
2115.431431.3555.422
521.135215.124.41155
51133.41512252141.11
.144124.1323215.3512
43415.5242452.24.3.3
.422.415..2..1.2..44
2152325.1352...22442
234..5.4422.434.1..4
3152533.31.51.24....
0
0
0
0
3.244.2315515.135313
.35.25..225341411234
2333.4.55.221.2414.2
451455.425.4132.2.51
3425.354..5.24325142
22.4..5532453313532.
3421.1.5124525134335
35422132453212521.44
2115.431431.3555.422
521.135215.124.41155
51133.41512252141.11
.144124.1323215.3512
43415.5242452.24.3.3
.422.415..2..1.2..44
2152325.1352...22442
234..5.4422.434.1..4
3152533.31.51.24....
0
0
0
0
0
0
0
0
0
0
0
0
53
0
64
0
0
1
0
3.24442315515.135313
.35.25..225341411234
2333.4.55.221.2414.2
451455.425.4132.2.51
3425.354..5.24325142
22.4..5532453313532.
3421.1.5124525134335
35422132453212521.44
2115.431431.3555.422
521.135215.124.41155
51133.41512252141.11
.144124.1323215.3512
43415.5242452.24.3.3
.422.415..2..1.2..44
2152325.1352...22442
234..5.4422.434.1..4
3152533.31.51.24....
0
0
0
0
0
0
0
1
0
0
0
0
0
1
0
64
66
0
1
0
0
65
0
1
0
0
3.24442315515.135313
.35.25..225341411234
2333.4.55.221.2414.2
451455.425.4132.2.51
3425.3541.5.24325142
22.4..5532453313532.
3421.1.5124525134335
35422132453212521.44
2115.431431.3555.422
5213135215.124.41155
51133.41512252141.11
.144124.1323215.3512
43415.5242452.24.3.3
.422.415..2..1.2.344
2152325.1352...22442
234..5.4422.434.1..4
3152533.31.51.241...
0
49
0
0
0
0
0
0
64
0
49
3.24442315515.135313
.35.25..225341411234
2333.4.55.221.2414.2
451455.425.4132.2.51
3425.3541.5.24325142
22.4..5532453313532.
3421.1.5124525134335
35422132453212521.44
2115.431431.3555.422
5213135215.124.41155
51133.41512252141.11
.144124.1323215.3512
43415.5242452.24.3.3
.422.415..2..1.2.344
2152325.1352...22442
234..5.4422.434.1..4
3152533.31.51.241...
0
0
0
1
3.24442315515.135313
.35.25..225341411234
2333.4.55.221.2414.2
451455.425.4132.2.51
3425.3541.5.24325142
22.4..5532453313532.
3421.1.5124525134335
35422132453212521.44
2115.431431.3555.422
5213135215.124.41155
51133.41512252141.11
.144124.1323215.3512
4341555242452.24.3.3
.422.415..2..1.2.344
2152325.1352...22442
234..5.4422.434.1..4
3152533.31.51.241...
0
0
0
0
1
1
0
0
0
0
62
0
0
0
1
0
0
0
0
0
0
0
0
0
0
0
0
57
1
0
3.24442315515.135313
.35.25..225341411234
2333.4.55.221.2414.2
451455.425.4132.2.51
3425.3541.5.24325142
2254..5532453313532.
3421.1.5124525134335
35422132453212521.44
2115.431431.3555.422
5213135215.124.41155
51133.41512252141.11
.144124.1323215.3512
4341555242452.24.3.3
.422.4155.2..1.2.344
215232511352...22442
234..5.4422.434.1..4
3152533.31.51.241...
0
0
0
0
60
0
0
0
1
0
0
0
0
0
0
0
0
0
3224442315515.135313
.35.25..225341411234
2333.4.55.221.2414.2
451455.425.4132.2.51
3425.3541.5.24325142
2254..5532453313532.
3421.1.5124525134335
35422132453212521.44
2115.431431.3555.422
5213135215.124.41155
51133.41512252141.11
.144124.1323215.3512
4341555242452.24.3.3
.422.4155.2..1.2.344
215232511352...22442
234..5.4422.434.1..4
3152533.31.51.241...
0
0
0
0
1
57
0
0
58
0
0
0
0
1
1
1
0
0
0
0
1
0
0
0
0
0
0
0
58
0
0
0
0
54
0
0
0
0
1
1
0
0
0
49
0
0
0
0
0
0
53
0
53
0
0
0
59
0
0
0
0
0
0
0
0
0
1
0
0
0
0
52
0
0
0
52
0
0
0
0
0
0
0
0
54
0
1
60
0
1
50
0
0
0
0
0
0
0
1
1
0
0
0
0
0
0
54
0
0
0
0
0
0
0
0
0
0
0
0
0
1
0
0
0
0
0
0
1
0
0
0
0
0
0
46
0
0
0
0
50
0
0
0
1
45
0
0
54
0
1
1
0
0
0
3224442315515.135313
.35.25.1225341411234
2333.4.55.221.2454.2
451455.425.413212.51
3425.354115.24325142
22542.5532453313532.
34211115124525134335
35422132453212521.44
2115.431431.35551422
5213135215.124341155
51133.41512252141.11
.1441245132321523512
4341555242452124.353
1422.4155.2..1.2.344
215232511352..122442
234..5.4422.434111.4
3152533.31.51.241...
0
0
1
0
0
0
0
67
0
0
0
42
0
0
0
0
0
0
0
0
0
0
0
0
0
0
0
0
0
0
0
1
1
0
0
0
0
0
0
0
1
0
0
60
0
1
0
1
70
0
0
0
0
0
1
