OK 1
1
1
1
1
1
51
1
1
1
1
1
1
1
1
1
1
1
1
1
1
1
1
1
1
1
1
1
0
0
32
1
1
31
0
0
1
..112...
..1.22..
.211.1..
.1.11...
2.1.1121
22....2.
2..211..
0
..112...
..1.22..
.211.1..
.1.11...
2.1.1121
22....2.
2..211..
0
0
30
1
1
1
0
1
0
1
0
0
0
..112...
..1.22.2
.211.1..
.11111..
2.1.1121
22....21
2..211..
0
1
25
..112...
..1.22.2
.211.1..
.11111..
2.1.1121
22....21
22.211..
0
0
18
0
0
1
0
14
24
1
0
0
18
0
1
1
1
19
0
0
1
1
0
0
0
21
0
0
0
21
1
0
0
0
0
20
1
0
0
..112...
..1.2212
.211.1..
.11111..
22221121
22...121
22.211.2
0
0
0
0
1
1
18
0
0
18
0
0
0
1
0
0
1
0
1
1
21
0
0
0
0
0
0
1
0
0
1
14
1
0
0
0
1
1
0
0
1
0
1
0
0
1
0
0
0
0
0
0
0
1
0
0
0
0
0
0
0
0
0
21
0
0
0
0
0
8
0
0
2111221.
.1122212
121111..
.11111.1
22221121
22.11121
222211.2
0
0
0
0
1
0
0
0
0
0
0
0
0
0
0
0
0
0
0
27
0
0
22
0
0
0
0
0
0
0
0
2111221.
.1122212
1211112.
.11111.1
22221121
22.11121
222211.2
0
0
