OK 1
1
........
........
....1...
........
........
........
........
1
1
1
1
51
........
........
....1...
........
....1..2
...2....
...1....
1
1
1
1
1
1
7
1
1
1
1
1
0
0
0
0
1
1
38
1
0
1
2.1.....
1.2...1.
.1.21...
.1...2..
..1.1..2
..121...
.1.1...2
1
0
1
9
1
1
33
0
0
1
15
1
31
2.12..12
122...1.
11.211..
.1...2..
..1.1..2
..121...
.1.1...2
0
1
1
1
1
1
1
1
1
24
1
1
1
2212..12
122..11.
11.2111.
.1.2.2..
21111..2
12121...
.1.1...2
1
0
0
15
0
0
0
20
1
0
20
0
0
0
20
0
1
17
0
0
0
0
0
20
0
0
1
0
1
0
0
0
0
1
2212..12
1221211.
11.2111.
.1.2.2..
211112.2
121211.2
.1.1.2.2
0
1
15
0
0
0
0
1
0
0
0
0
0
0
1
1
0
0
0
1
0
18
12
0
0
0
0
0
0
0
0
0
0
0
1
0
0
11
0
0
0
0
0
0
0
0
0
1
20
2212..12
12212111
11.2111.
.122.2.2
21111212
12121112
11.1.2.2
0
0
20
0
2212..12
12212111
11.2111.
.122.2.2
21111212
12121112
11.1.2.2
0
1
0
0
0
26
0
0
1
2212..12
12212111
11.2111.
.122.2.2
21111212
12121112
11.1.2.2
0
0
0
0
0
2212..12
12212111
11.2111.
.122.2.2
21111212
12121112
11.1.2.2
1
0
21
0
9
0
0
2212..12
12212111
11.2111.
.122.2.2
21111212
12121112
1121.2.2
0
0
1
0
0
0
1
23
1
0
0
1
0
0
