OK 1
1
1
1
1
1
1
1
0
1
1
1
53
1
1
1
1
1
1
1
0
0
0
..3..1...
2..22...1
1..3....3
.2.....1.
..2..3..1
2..1.....
.........
1
1
1
0
1
..3..113.
2..22...1
1..3....3
.23....1.
..2..3..1
2..1.....
.......2.
0
6
1
1
1
1
1
7
0
39
0
..3..113.
2..22.2.1
1..3....3
3231...1.
..2..3..1
2..12....
.......2.
0
0
0
1
0
0
1
1
0
0
1
1
1
1
33
1
1
0
0
0
0
0
1
1
0
1
13
30
1
0
0
1
0
1
1
0
27
0
0
1
0
0
0
11
0
12
0
0
1
1
0
0
0
0
25
0
0
0
0
12
0
0
0
0
0
0
0
1
1
1
1
0
0
1
0
..3.1113.
22.2212.1
1..31..23
3231.3211
..2.333.1
23312.3..
13.2..12.
0
1
0
14
0
0
1
0
0
13
1
15
0
0
0
3.3.1113.
22.2212.1
1..31..23
3231.3211
2.2.333.1
23312.3..
13.21.12.
0
0
14
0
0
0
1
12
0
0
16
0
0
0
0
0
0
1
0
0
0
0
0
15
1
18
0
10
1
0
0
1
0
0
1
0
0
19
0
0
16
0
0
0
16
0
0
0
0
19
0
1
9
0
0
0
0
0
0
1
1
0
0
3.3.1113.
22.2212.1
11.31..23
323113211
2.21333.1
23312332.
13321.121
1
18
0
0
0
0
0
0
11
0
0
0
0
0
19
0
15
1
0
0
0
0
0
0
0
0
0
11
