OK 1
1
1
2
1
1
0
1
1
1
1
1
0
1
..........
.34.6..1.5
..........
.1........
..5..1...2
41
0
1
0
1
...5......
434.6..1.5
..........
.1........
..5..1...2
0
...5......
434.6..1.5
..........
.1........
..5..1...2
0
1
1
0
1
1
0
1
35
0
1
0
0
1
1
1
1
1
5
0
1
1
0
1
5
4
1
0
0
26
1
1
0
1
0
0
0
0
1
0
1
1
0
0
0
0
21
0
0
1
0
0
5115.3.12.
43416.31.5
3.43.622..
31.1..2.5.
..5..14..2
0
0
0
0
0
0
1
1
1
7
0
0
5
0
0
1
1
0
0
0
0
0
0
15
1
0
0
6
1
511513112.
43416131.5
3243.622..
3131..2.5.
..51.144.2
0
0
1
0
6
0
12
0
1
0
0
0
0
2
11
0
1
1
0
0
1
0
0
0
0
0
6
1
0
0
1
0
0
1
1
0
0
0
0
0
0
7
0
1
0
0
14
1
0
0
1
0
0
0
0
0
0
511513112.
43416131.5
3243.62264
3131..2.53
3451114412
0
0
0
