OK 1
1
1
0
1
1
1
1
0
1
1
1
47
....5......
.....6....2
.....4...2.
...........
112........
1
1
45
1
....5......
.....6....2
....44...2.
.......5...
112.4......
0
44
0
1
0
1
1
1
4
1
0
0
0
1
0
1
0
1
4
0
1
1
1
0
1
1
....5..54.1
43..16....2
.3.54453.2.
.......5...
112.4..47.2
0
0
0
0
0
1
0
1
0
1
1
1
1
0
0
26
0
0
0
0
0
0
0
1
0
1
0
0
0
1
0
0
0
0
0
4
23
0
0
1
22
0
0
22
0
0
0
1
0
8
0
0
1
3
.2..5..54.1
435.16..7.2
.3554453424
.5.5...53..
112.4.74732
1
0
0
5
0
0
0
1
0
2
18
0
0
0
0
0
0
1
0
0
8
0
1
1
0
1
1
.2.651.54.1
435.166.7.2
73554453424
.5.5...53..
112.4.74732
0
0
0
0
0
0
1
0
0
0
1
0
0
0
14
0
0
0
0
5
0
0
0
0
0
5
0
.25651.54.1
4357166.7.2
73554453424
.5.5...53..
112.4.74732
1
9
0
0
3
0
0
0
0
0
0
0
0
0
425651.54.1
4357166.7.2
73554453424
.5.5...53..
112.4.74732
0
1
0
0
0
0
9
0
0
1
0
6
0
0
0
0
0
11
1
0
1
