OK 1
1
99
1
1
1
1
1
0
1
1
1
0
1
1
1
1
3
1
1
0
1
2
0
1
1
1
1
1
1
1
1
0
1
1
1
77
1
1
4
76
0
1
1
1
1
0
1
1
65.6.64...
1..5.4....
2..3.2.2.4
......5.5.
2..5.21.3.
......4.36
...3......
1...1.....
...2.24...
....1.....
1
1
1
1
1
0
1
1
1
0
1
62
65.6.64...
1..5.4.2..
2..3.262.4
......5.52
2..5.21.3.
3.....4336
...3.5....
1.4.1.....
...2.246..
....1.....
1
0
1
7
0
6
0
1
1
0
1
57
1
8
0
0
56
0
0
5
56
0
1
9
0
65.6.64...
1..5.4.2..
2..3.262.4
..4...5.52
2..5.21.3.
3.4...4336
...335....
1.421.....
..422246..
...31.....
1
0
0
5
54
1
0
0
9
0
6
0
0
7
1
0
0
0
0
0
1
0
0
7
52
0
1
1
0
1
0
0
1
48
1
0
1
1
1
1
1
10
0
1
0
7
0
0
0
0
0
1
1
0
0
65.6.64.13
15.5.4.2..
2.23.262.4
2.4...5.52
2..5221.3.
3144..4336
...3353.4.
1.4216....
..422246..
...311...4
0
1
0
0
1
40
1
0
0
1
0
1
0
0
39
0
0
1
0
0
0
12
0
0
1
0
10
1
0
0
0
1
0
0
0
1
1
0
16
1
0
0
0
34
0
0
34
0
0
1
0
0
0
0
16
0
1
1
1
0
0
0
0
1
0
1
0
0
1
0
1
16
0
0
0
1
0
0
0
0
0
0
0
0
0
0
0
0
0
0
0
0
0
0
0
0
1
1
0
27
0
0
0
27
1
1
0
0
1
0
0
1
0
12
0
0
1
1
0
0
0
0
0
0
12
0
0
0
0
0
1
65.6.64.13
1525.4424.
2423.26264
2.43462152
2..5221.3.
61446.4336
..33354.4.
1.4216...1
.5422246..
31131142.4
0
0
65.6.64.13
1525.4424.
2423.26264
2.43462152
2..5221.3.
61446.4336
..33354.4.
1.4216...1
.5422246..
31131142.4
0
1
0
0
0
0
0
0
0
0
0
1
0
0
0
0
0
7
0
0
22
0
65.6.64.13
1525.4424.
2423.26264
2.43462152
23.5221.32
61446.4336
..33354.4.
1.4216...1
.5422246..
31131142.4
0
0
0
0
0
65.6.64.13
1525.4424.
2423.26264
2.43462152
23.5221.32
61446.4336
..33354.4.
1.4216...1
.5422246..
31131142.4
22
0
0
0
1
0
0
0
0
0
21
0
0
21
0
0
1
20
0
0
0
0
1
12
0
0
19
0
0
0
0
0
19
0
0
