OK 1
1
1
78
1
1
1
1
1
1
1
0
0
1
....1...
........
3.......
.....5..
5.......
........
..4....2
12......
1.......
......5.
1
1
1
67
1
0
0
0
3
0
0
1
0
0
1
1
64
1
63
0
1
1
0
6
61
1
1
0
1
1
....1...
....3...
3.52...1
....45..
52...1..
.......4
..42...2
12...2..
1.....4.
....1.5.
1
0
1
6
1
1
8
0
....1...
....3...
3.52...1
..5.45..
52..21..
.......4
..42.2.2
12...2..
1.....4.
....1.5.
1
1
0
53
0
1
52
0
1
0
1
9
0
0
1
0
1
0
0
0
0
1
1
0
1
1
0
1
44
0
1
1
....1.1.
.12.3...
3.52...1
..5.45..
52..21..
.5343..4
.242.2.1
124..23.
1..3..41
4...1.5.
0
42
1
0
0
....1.1.
.12.3...
3.52...1
..5.45..
52..21..
.5343..4
.442.2.1
124..23.
1..3..41
4...1.5.
0
10
1
0
1
0
0
6
0
0
....131.
.12.3...
3.52...1
..5.45..
522.21..
.5343..4
.442.2.1
124..23.
1..3..41
4...1.5.
1
0
1
0
0
0
0
1
0
1
1
0
1
...5131.
.12.3...
3.52.4.1
..5.45.4
522221..
.5343..4
.442.2.1
124..23.
1..3..41
4..4135.
0
0
0
0
1
9
0
0
0
1
0
1
0
31
1
10
30
1
1
0
0
0
0
0
1
0
12
1
1
0
0
8
0
14
0
0
0
1
0
13
0
1
0
0
0
0
12
0
0
0
24
0
12
0
0
0
12
1
0
35.5131.
.12.33..
3.52.4.1
..544544
5222212.
.5343..4
.442.231
1245323.
1.23..41
4..4135.
0
0
1
1
0
0
0
1
1
0
1
0
35.5131.
.12.33..
3352.4.1
..544544
5222212.
.5343..4
.442.231
12453231
1523..41
4..4135.
0
11
0
0
13
0
0
0
0
0
0
0
35.5131.
.12.33..
3352.4.1
..544544
5222212.
.5343..4
.442.231
12453231
1523..41
4..4135.
0
0
0
0
13
0
0
1
1
20
0
0
0
0
13
0
0
0
0
0
0
0
0
0
0
0
0
0
0
0
0
35.5131.
.12.331.
3352.4.1
..544544
5222212.
.5343..4
.442.231
12453231
1523..41
4..4135.
0
1
0
19
0
0
0
35.5131.
.121331.
3352.4.1
..544544
5222212.
.5343..4
.442.231
12453231
1523..41
4..4135.
0
0
8
0
0
10
0
0
0
0
1
14
0
0
13
0
0
0
0
0
1
0
0
0
0
0
0
0
0
0
0
1
15
8
35.5131.
3121331.
3352.4.1
..544544
5222212.
.53433.4
.442.231
12453231
1523..41
4..4135.
0
0
0
0
0
0
0
0
0
0
0
17
0
0
0
1
