OK 1
1
1
........
........
......2.
........
........
........
......1.
........
........
........
78
........
........
......2.
........
........
........
......1.
........
........
........
0
1
1
1
1
1
4
1
1
1
1
........
........
.....122
........
........
.....21.
..3...1.
........
..1..3..
..3.....
0
0
0
1
0
0
0
1
0
1
67
0
1
0
........
........
.....122
...3....
.....2..
.....21.
..3...1.
........
..1.13..
1.3.....
0
0
1
65
1
1
1
1
1
0
1
1
0
1
1
1
0
1
1
1
1
1
.....1..
..22....
...1.122
.313.2..
1..1.2..
2....211
..3..31.
.....3..
.31.13..
1.3..2..
1
1
1
13
0
1
1
1
1
0
11
0
1
1
1
0
11
0
1
0
42
0
1
1
1
0
3...31..
..22...1
2..1.122
.313.2..
1211.2.3
2.11.211
..3..31.
.....3..
.31.1313
1.3..22.
1
0
0
1
0
0
0
1
1
0
0
0
1
0
1
33
0
0
12
0
0
0
0
0
0
1
0
21
32
3...31..
..22...1
2..1.122
3313.21.
1211.2.3
21111211
..31.31.
..3..3..
.31.1313
1.33.22.
0
1
0
1
0
3.1.31..
..22...1
2..1.122
3313321.
1211.2.3
21111211
..31.31.
..3..3..
.31.1313
1.33.22.
0
0
0
0
1
1
3.1.31..
..22...1
2..1.122
33133211
1211.2.3
21111211
..31.31.
..3..3..
.31.1313
1.33.22.
1
1
0
0
1
1
26
1
17
0
0
0
1
0
0
1
0
25
0
0
0
0
1
24
1
0
0
0
0
0
0
1
0
0
1
0
0
1
0
0
0
0
0
0
0
0
1
0
0
0
1
0
0
0
16
0
0
1
0
0
0
18
0
0
1
1
0
0
0
1
0
0
0
0
0
0
0
0
0
0
0
19
0
18
0
0
0
1
3.1231..
..22..21
2.11.122
33133211
1211.233
21111211
2.31.31.
..32.3.2
23111313
1333.22.
0
0
18
0
0
18
0
0
18
0
0
1
0
0
0
0
25
0
0
0
0
0
1
19
0
18
0
0
1
0
0
0
0
17
1
0
0
0
17
0
0
1
16
0
1
0
0
0
0
1
1
0
0
0
0
0
0
1
0
1
0
0
15
0
0
0
0
27
0
0
0
0
20
0
0
0
0
