OK 1
1
1
0
1
1
1
0
3
1
1
1
49
1
1
1
46
0
46
1
1
1
1
1
41
0
1
1
1
1
0
0
1
1
0
9
1
11
1
10
.2.....
.1..221
2......
.111212
.2...21
....2..
2.1..1.
.....12
0
0
1
1
1
0
11
.2....2
.1..221
2......
1111212
22...21
....2..
2.1..1.
.....12
0
1
14
31
1
1
1
0
1
1
1
1
1
1
0
0
0
0
1
0
0
1
0
1
0
18
1
0
1
1
0
0
0
1
18
0
20
0
0
0
0
0
0
0
1
1
20
0
0
0
0
0
0
1
0
0
.2.1.12
211.221
22.1.12
1111212
221..21
211122.
221..1.
2....12
0
0
1
1
1
0
0
.2.1.12
211.221
22.1.12
1111212
221.221
211122.
221.11.
21...12
1
22
0
0
0
0
0
0
0
0
1
0
0
0
0
0
0
0
0
0
11
0
0
0
1
0
0
0
0
1
0
9
0
0
24
0
0
1
1
0
9
0
24
0
0
0
1
0
0
8
0
0
0
0
0
8
0
0
.2.1212
211.221
2211.12
1111212
2212221
211122.
2211112
21...12
0
0
0
0
0
0
0
0
0
8
0
0
8
0
24
8
0
0
0
8
0
0
0
0
.2.1212
211.221
2211.12
1111212
2212221
211122.
2211112
21...12
0
0
0
0
0
0
0
0
0
24
0
0
