OK 1
1
1
1
1
0
1
1
1
1
43
1
1
0
1
1
0
0
1
39
1
0
1
1
1
1
0
1
10
34
1
0
1
33
1
1
1
0
1
1
1
....1.1...
..212.21.2
2...121.1.
2221.....1
.1...112..
0
0
1
0
0
1
0
0
0
1
0
0
1
0
0
0
0
1
1
22
0
0
0
0
1
1
1
1
0
17
0
1
0
0
1
..1.1.1..2
2.212.21.2
2.2.121.1.
222112.2.1
211.21121.
0
17
0
0
0
1
0
0
0
16
0
0
0
1
0
0
16
0
16
0
..1.1.1..2
2.212.2122
2.2.121.1.
222112.2.1
211.21121.
0
1
1
0
0
0
0
1
0
0
0
18
0
1
0
19
0
0
1.1.1.1.12
2.212.2122
222.121.1.
222112.2.1
211.21121.
0
0
0
0
0
1
0
1
1
0
1.1.1.1.12
22212.2122
222.121.1.
222112.2.1
211121121.
0
19
0
0
0
0
0
0
1
0
0
0
0
0
0
0
0
1
0
0
1
0
0
0
0
0
0
1
9
0
20
0
0
1
0
0
0
1
0
0
0
0
0
0
0
7
0
0
