OK 1
1
1
1
1
1
1
1
1
1
1
4
1
0
1
1
1
1
1
1
0
1
1
0
1
1
29
1
0
1
..211.
.....1
.2..2.
...2.1
......
2.1.22
.1212.
1.122.
1
9
1
1
1
1
1
0
1
1
1
0
0
0
1
0
13
19
0
0
19
0
0
0
0
1
18
0
1
17
1
0
0
0
0
0
..211.
21.1.1
.2.222
...211
1..2..
221122
.1212.
111222
0
0
0
0
1
0
0
0
17
0
0
0
1
..211.
21.1.1
.2.222
...211
1..2..
221122
11212.
111222
0
1
0
0
0
0
0
0
17
0
0
..211.
21.1.1
.2.222
...211
1.12..
221122
11212.
111222
0
1
0
0
1
0
1
0
1
0
0
0
..211.
21.121
.22222
...211
1.12..
221122
11212.
111222
0
..211.
21.121
.22222
...211
1.12..
221122
11212.
111222
0
1
0
0
0
0
0
0
0
0
0
0
1
0
0
11
0
0
20
1
0
0
0
0
0
1
0
10
0
0
10
0
0
0
0
16
0
0
0
1
0
0
0
0
0
0
0
0
0
0
0
0
0
0
0
10
0
1
0
0
0
0
