OK 1
1
0
1
0
1
60
1
1
1
0
1
0
1
55
1
1
1
1
1
4
...3...3.
1..212...
........4
......2..
3.1......
.......4.
.3....2..
1
1
1
0
1
1
6
45
0
0
0
1
1
1
1
1
1
0
0
1
0
38
1
1
1
0
0
35
0
0
1
1
0
1
1
1
0
0
1
0
1
1
0
11
0
1
1
1
0
12
1
1
0
1
1
0
0
0
13
24
0
1
0
0
0
0
1
1
0
0
0
10
0
0
0
0
0
1
11
0
0
0
0
1
1
0
0
0
0
0
0
0
0
0
1
1
41.41223.
121212.3.
4..413..4
4.12232..
34112.14.
..1234244
23.4..241
0
1
0
0
41.41223.
121212.3.
4..413..4
4.12232..
34112.14.
1.1234244
23.4..241
0
0
0
14
0
0
0
0
0
0
13
0
0
13
0
1
0
0
0
16
0
1
0
9
0
12
0
15
0
1
0
1
0
0
0
41241223.
121212.3.
4..413..4
4312232..
34112.14.
131234244
23.43.241
0
1
0
0
0
0
6
0
1
0
0
1
0
0
0
0
0
0
14
412412233
121212.33
4..413..4
4312232..
34112.144
131234244
23.43.241
0
0
0
1
1
1
412412233
121213.33
4..413..4
4312232..
34112.144
131234244
23.434241
0
0
13
9
0
412412233
121213.33
4..413..4
4312232..
34112.144
131234244
23.434241
0
0
13
0
0
0
0
0
0
0
1
1
0
0
0
0
0
0
0
0
1
0
0
0
0
0
0
0
0
0
0
0
0
0
0
0
0
0
13
0
0
0
0
1
0
0
