OK 1
1
1
98
1
1
1
1
1
1
..........
..........
..........
..........
......1...
..........
3..2......
...1.4..3.
..........
4.........
0
1
1
1
1
1
3
88
1
1
1
1
1
1
1
1
..........
..3.3....5
..61..6...
..........
......1...
.....4....
3..2....6.
...1.44.32
..........
4......2..
1
1
1
0
0
1
1
0
4
77
1
1
1
75
1
1
1
1
1
1
0
1
68
1
1
0
1
7
1
1
1
0
0
1
0
1
1
4...21...1
3.3.3.1..5
1.616.6...
.35..4...6
.....41.31
5..334....
3..2....6.
2321.44.32
......2...
4....5.2..
0
1
0
0
58
1
1
56
0
0
1
1
1
0
10
1
1
1
0
1
1
1
1
1
0
4..321..11
3.3.3.1..5
1.616.6..1
535.14.1.6
....441.31
5.5334....
32.2....6.
2321.44.32
......26.6
4...55.2..
0
0
1
1
1
0
1
0
1
0
0
0
0
1
4..321..11
3.3.3.1..5
1.616.6..1
535.14.1.6
....441331
545334..6.
32.2....6.
2321.44.32
...1.426.6
4..455.2..
1
40
0
1
0
39
1
0
1
13
37
0
37
1
1
0
0
14
1
0
0
0
13
0
1
1
0
1
1
30
0
1
1
0
0
0
0
0
12
0
0
1
1
0
28
1
0
1
0
0
0
1
0
27
1
0
1
0
0
0
1
0
0
0
0
0
0
27
0
0
1
0
0
1
0
12
0
0
0
1
24
0
0
46.321..11
33313.1.65
1161666121
535.14.1.6
52..441331
545334..6.
32.2.5366.
2321.44.32
.1514426.6
41.455.2..
0
0
0
1
0
0
18
24
1
1
0
0
0
0
0
46.321..11
33313.1.65
1161666121
535.14.1.6
52..441331
5453342.6.
32.2.5366.
2321.44.32
.1514426.6
41.455.2..
0
0
0
1
1
0
0
0
22
0
1
0
0
0
0
1
20
0
465321..11
33313.1.65
1161666121
535.14.1.6
52..441331
5453342.62
3262.5366.
2321.44.32
.1514426.6
41.455.2..
0
1
465321..11
3331321.65
1161666121
535.14.1.6
52..441331
5453342.62
3262.5366.
2321.44.32
.1514426.6
41.455.2..
0
0
14
0
1
1
0
0
0
0
0
0
12
0
0
1
0
16
1
0
1
1
0
0
1
15
14
0
0
0
1
0
0
0
0
0
0
0
0
0
0
4653214.11
3331321.65
1161666121
535.1461.6
521.441331
5453342.62
426225366.
2321644532
.1514426.6
41.455.2..
0
0
0
1
0
0
0
0
0
14
4653214.11
3331321.65
1161666121
535.1461.6
521.441331
5453342.62
426225366.
2321644532
.151442646
41.455.2..
0
0
0
0
0
0
0
15
0
1
0
0
0
0
0
0
1
0
0
0
0
0
12
0
1
0
1
0
1
0
0
0
0
0
0
0
0
0
0
0
0
0
0
0
0
0
11
1
4653214.11
3331321.65
1161666121
535.1461.6
521.441331
5453342.62
426225366.
2321644132
.151442646
412455.2..
0
15
11
0
0
0
15
1
0
0
1
0
