OK 1
1
1
1
1
1
1
0
1
1
2
1
1
0
...............
........1......
...............
1..............
..............2
........2......
......3........
...............
.........6.....
...............
...............
.......4.......
...............
5....4...3.....
...............
1
1
0
0
1
1
1
1
1
1
207
1
1
1
0
3
1
0
1
1
1
1
1
0
1
3
1
1
5
1
1
0
1
1
1
1
4.......7......
.1......12.....
.6......3......
1.....6.......2
.....3........2
.......22..5...
7..7..3....1...
.....7.........
.........6.....
.3.7........5.6
.............4.
4...3..4.......
.........3.....
5...14...3.....
...............
1
1
8
1
1
1
1
1
1
1
1
1
1
0
1
1
1
0
178
4.......7.....6
.1.....112....4
.6......3......
1.....6.......2
7....3........2
......322..5...
7..7..3.1..1...
....57.........
.........6.....
.377........566
......5.....54.
4...3..4.......
......2..3.....
5...14...3.....
..............3
1
1
1
0
1
1
1
1
0
171
1
1
8
1
1
1
0
1
0
1
1
163
1
0
1
1
0
160
0
1
1
0
1
158
0
158
1
0
10
0
0
1
156
1
0
1
1
1
1
1
4.7.....7.....6
71.....1126..34
56......3......
1...2.6.......2
7....3........2
1.....322..5..6
74.7..351.41..4
....572.5......
......1..6..1..
3377........566
62..6.5..4..54.
4..73..43..2...
......2..3.....
5...14...3....7
....6.1.......3
0
12
0
1
11
1
1
1
0
11
10
1
0
0
1
1
1
143
1
1
0
1
1
0
0
1
1
1
0
1
1
0
13
1
1
0
1
1
14
1
0
0
0
1
0
1
1
1
17
1
0
0
1
1
0
0
1
0
0
0
4.77....7.....6
71.....1126..34
5663...73....6.
1...2.6.......2
7...13747.6.4.2
1.4...322.35..6
74.7..351.41..4
....572.5......
......1..6..1..
3377...5....566
62..655164..54.
453732343..2...
..6...2.53...5.
5...14...31...7
....6.1.....133
1
1
4.77....7.....6
71.....1126..34
5663...73....6.
1...246.......2
7...13747.6.4.2
1.4...322.35..6
74.7..351.41..4
....57255......
......1..6..1..
3377...5....566
62..655164..54.
453732343..2...
..6...2.53...5.
5...14...31...7
....6.1.....133
0
0
1
0
0
0
1
0
1
1
118
1
0
1
4.77....7.....6
71.....11263.34
5663..473...56.
1...246.......2
7...13747.6.4.2
1.44..322.35..6
74.7..351.41..4
....57255......
......1..6..1..
3377...5....566
62..655164..54.
453732343..2...
..6...2.53...5.
5...14...31...7
7...6.1.....133
0
1
0
1
0
19
1
0
1
0
1
1
13
0
19
1
1
1
1
108
1
0
1
0
0
0
1
1
17
0
1
14
0
0
0
0
1
0
0
1
0
0
0
0
1
101
4.77....7..6..6
71.5...11263.34
5663..473...56.
1...246..5....2
7...13747.654.2
1.44..322235.66
74.7..351.41..4
7...57255......
.4....1..6..1.1
3377..15....566
62..655164..54.
453732343..22..
.46.2.2.53...5.
53..14.2.31...7
77..6.1.....133
1
1
99
1
1
0
1
0
0
18
1
0
1
16
0
1
0
95
0
20
0
1
0
0
95
0
0
0
0
0
0
1
1
21
0
0
0
93
1
0
0
1
1
1
1
1
0
22
1
0
0
0
0
0
0
1
1
0
1
1
1
0
0
1
0
0
81
0
1
0
80
1
0
1
0
79
0
0
1
0
0
1
0
0
0
0
0
0
77
0
1
0
0
0
21
1
0
76
0
0
1
0
0
1
1
0
1
0
4.77....7..6..6
71.5...11263.34
5663454737.356.
1...246..5.4.62
7.31132476654.2
1.44.5322235.66
74.7..351.41.44
7...57255.22...
24....14.63.161
3377.615....566
62..6551643.541
453731343.422..
.46.2.2.53.5754
53.214.2431...7
774.6.14....133
1
0
0
0
0
0
0
1
1
0
1
0
1
0
69
0
4.77....7..6.36
71.5...11263.34
5663454737.356.
1.4.246..5.4.62
7.3113247665452
1744.5322235.66
74.7..351.41.44
7...57255.22...
24....14.63.161
3377.615....566
62..6551643.541
453731343.422..
.46.2.2.53.5754
53.214.2431...7
774.6.14....133
0
1
0
0
0
68
0
0
0
0
0
68
0
20
0
0
0
0
1
1
0
0
28
0
1
24
0
0
1
1
22
63
0
0
0
1
0
0
0
0
0
0
62
0
0
1
0
0
0
0
61
0
0
61
0
0
0
0
0
0
0
0
0
0
20
61
0
0
0
29
1
0
1
0
0
1
0
0
0
0
0
0
0
0
0
0
58
4.77..5.7..6.36
71.5...11263.34
5663454737.356.
1.4.246..5.4.62
7.3113247665452
1744.5322235166
74.735351.41.44
7.2357255.22...
24....14.63.161
3377.615....566
62.36551643.541
453731343.422..
146.2.2453.5754
53.214.2431...7
774.6.14.61.133
0
4.77..5.7..6.36
71.5...11263.34
5663454737.356.
1.4.246..5.4.62
7.3113247665452
1744.5322235166
74.735351.41.44
7.2357255.22...
24....14.63.161
3377.615....566
62.36551643.541
453731343.422..
146.2.2453.5754
53.214.2431...7
774.6.14.61.133
58
0
0
1
0
0
23
57
0
1
0
1
0
1
1
0
26
0
0
0
1
0
0
53
0
0
1
30
0
0
0
0
1
0
1
1
51
4.77..7.7..6.36
71.5...11263.34
5663454737.356.
1.4.246..5.4.62
7.3113247665452
1744.5322235166
74.735351741.44
7.2357255.22...
24...414.63.161
3377.6151...566
62236551643.541
4537313433422..
146.2.245355754
531214.2431...7
774.6.14.61.133
0
21
0
0
0
4.77..7.7..6.36
71.5...11263.34
5663454737.356.
1.4.246..5.4.62
7.3113247665452
1744.5322235166
74.735351741.44
7.2357255.22...
24...414.63.161
3377.6151...566
62236551643.541
4537313433422..
146.2.245355754
531214.2431...7
774.6.14.61.133
1
1
0
0
0
0
0
0
0
0
0
30
0
0
0
1
0
0
0
0
1
0
4.77..7.75.6.36
7155...11263.34
5663454737.356.
1.4.2467.5.4.62
7.3113247665452
1744.5322235166
74.735351741.44
7.2357255.22...
24...414.63.161
3377.6151...566
62236551643.541
4537313433422..
146.2.245355754
531214.24313..7
774.6.14.61.133
0
0
0
47
0
0
1
0
0
0
1
4.77..7.75.6236
7155...11263.34
5663454737.356.
1.4.2467.5.4.62
7.3113247665452
1744.5322235166
74.735351741.44
7.2357255.22...
24...414.63.161
3377.6151...566
62236551643.541
4537313433422.4
146.2.245355754
531214.24313..7
774.6.14.61.133
0
1
0
0
1
0
0
25
0
0
44
0
0
29
4.77..7.75.6236
7155...11263.34
5663454737.356.
1.4.2467.5.4.62
7.3113247665452
1744.5322235166
74.735351741.44
7.2357255.22...
24...414.63.161
3377.6151...566
622365516437541
4537313433422.4
146.2.245355754
531214.24313..7
774.6.14.61.133
0
1
0
0
0
0
0
43
1
0
0
42
0
0
0
0
4.77..7.75.6236
7155...11263.34
5663454737.3563
1.4.2467.5.4.62
7.3113247665452
1744.5322235166
74.735351741.44
7.2357255.22...
24...414.63.161
3377.6151...566
622365516437541
4537313433422.4
146.2.245355754
531214.243134.7
774.6.14.61.133
0
0
0
0
0
1
0
0
1
0
0
0
1
0
0
4.777.7375.6236
7155...11263.34
5663454737.3563
1.4.2467.5.4.62
7.3113247665452
1744.5322235166
74.735351741.44
7.2357255.22...
241..414.63.161
3377.6151...566
622365516437541
4537313433422.4
146.2.245355754
531214.243134.7
774.6.14.61.133
0
0
0
0
0
0
0
0
0
0
0
0
1
0
0
26
0
22
4.777.7375.6236
7155...11263.34
5663454737.3563
1.4.2467.5.4.62
7.3113247665452
1744.5322235166
74.735351741.44
7.2357255.22...
241..414.63.161
3377.6151...566
622365516437541
4537313433422.4
146.2.245355754
531214.243134.7
774.6.14.61.133
0
0
0
0
1
0
0
0
0
0
0
0
0
1
0
0
27
0
0
38
0
0
26
0
0
0
1
0
0
0
24
1
0
0
0
0
0
0
0
0
0
1
27
0
0
0
0
0
4.777.7375.6236
7155..611263.34
5663454737.3563
1.4.2467.5.4.62
7.3113247665452
1744.5322235166
741735351741.44
7.2357255.22...
641..414.63.161
3377.6151...566
622365516437541
4537313433422.4
146.2.245355754
531214.24313437
774.6.14.61.133
0
0
0
0
0
0
36
0
1
0
0
0
0
4.777.7375.6236
7155..611263.34
5663454737.3563
1.4.2467.5.4.62
7.3113247665452
1744.5322235166
741735351741.44
7.2357255.22...
641..414.63.161
3377.6151...566
622365516437541
4537313433422.4
14622.245355754
531214.24313437
774.6.14.61.133
0
0
0
0
0
0
0
0
0
0
35
4.777.7375.6236
7155..611263.34
5663454737.3563
1.4.2467.5.4.62
7.3113247665452
1744.5322235166
741735351741.44
7.2357255.22...
641..414.63.161
3377.6151...566
622365516437541
4537313433422.4
14622.245355754
531214.24313437
774.6.14.61.133
0
0
0
0
0
0
0
0
32
0
1
0
0
0
0
0
0
0
0
0
34
0
0
0
34
0
4.777.7375.6236
7155..611263.34
5663454737.3563
1.472467.5.4.62
7.3113247665452
1744.5322235166
741735351741.44
7.2357255.22...
641..414.63.161
3377.6151...566
622365516437541
4537313433422.4
14622.245355754
531214.24313437
774.6.14.61.133
0
34
0
34
0
0
32
0
0
1
0
0
0
0
33
4.777.7375.6236
7155..611263.34
5663454737.3563
1.472467.5.4.62
7.3113247665452
1744.5322235166
741735351741.44
7.2357255.22...
641..414.63.161
3377.6151...566
622365516437541
453731343342264
14622.245355754
531214.24313437
774.6.14.61.133
0
0
0
0
0
1
0
1
0
26
0
0
0
0
0
0
0
0
0
1
0
1
0
0
0
27
0
0
0
0
0
30
4.777.7375.6236
7155..611263.34
5663454737.3563
14472467.5.4.62
7.3113247665452
1744.5322235166
741735351741.44
7.2357255.22..5
641.5414.63.161
3377.6151...566
622365516437541
453731343342264
14622.245355754
531214.24313437
774.6.14.61.133
0
0
29
0
0
0
0
0
0
0
0
0
0
0
0
0
0
0
30
0
0
0
