OK 1
1
1
2
1
1
2
1
1
1
1
2
1
1
1
1
0
0
69
1
0
1
1
0
0
1
1
4
1
1
1
1
1
1
1
1
1
0
1
0
1
0
1
0
0
1
0
0
0
5
0
1
1
0
4...141..
.2.4.1..2
5.5.1..2.
.33.1....
.4..1....
..2..34..
5..52..5.
.4.2....3
22.4....1
1
1
0
1
6
47
1
1
1
0
0
44
0
1
0
0
1
0
1
0
0
0
0
0
0
0
1
9
6
1
1
0
1
0
0
1
1
1
36
1
1
0
0
0
10
1
0
0
1
7
1
0
0
1
1
13
0
0
0
0
0
0
1
0
1
1
0
0
0
4.3.14112
.2.4.1..2
51531..2.
.33.1241.
24.41..14
.425.34.2
5..42.55.
.4.213.43
22.42.311
0
1
0
1
0
0
1
0
0
0
0
1
0
1
1
0
0
0
0
1
4.3.14112
.2.411..2
51531.32.
.33.1241.
24241..14
.425134.2
52.42.55.
.4.213.43
22.42.311
0
0
0
0
0
0
0
0
0
0
0
0
9
1
14
0
0
6
0
0
0
1
0
0
0
0
0
6
0
0
22
0
0
0
0
0
0
1
21
0
4.3.14112
.2.4112.2
51531.32.
.33.1241.
24241..14
.425134.2
52442.55.
.4.213.43
22.42.311
0
21
1
0
0
0
6
0
1
1
1
0
1
1
4.3.14112
.2.411222
51531.32.
.33.1241.
24241..14
.425134.2
52442.552
.4.213343
22.424311
0
0
0
0
1
0
0
0
0
0
0
17
1
0
0
0
1
0
0
17
1
0
0
0
0
0
0
16
0
0
0
0
0
1
0
1
15
0
0
0
4.3.14112
.2.411222
51531.32.
133.12414
24241..14
.425134.2
52442.252
.4.213343
22.424311
0
0
0
0
1
0
0
0
0
0
0
0
0
0
0
1
0
0
0
0
4.3.14112
.2.411222
51531532.
133.12414
24241..14
.425134.2
52442.252
.4.213343
22.424311
0
0
14
0
1
0
0
1
12
0
0
1
0
0
0
1
0
20
