OK 1
1
1
1
1
1
1
1
1
1
1
1
1
1
1
5
1
1
1
1
0
1
0
1
1
1
220
1
1
8
0
1
1
1
1
1
1
1
1
1
1
1
1
11
1
1
204
1
203
.......3.......1
...........1..1.
..........1.....
.3..........2...
1....1...1......
.....2....3.311.
..3.32..32......
1..........3....
..........2.2...
......2......2..
....1.......1...
..2........2....
.....3..3.2.....
1.....2.........
....13..........
1
0
1
15
0
12
1
1
1
1
1
1
1
19
1
0
193
0
1
1
1
190
1
0
1
17
1
1
1
1
1
1
1
0
21
0
1
19
0
1
1
0
22
180
0
1
1
0
0
1
1
0
1
1
1
0
1
23
172
0
22
1
0
1
1
0
1
1
22
.......3.......1
...2......21..1.
..2....2..1.....
.332.....3..2...
1....1...1....1.
..2..2....3.311.
3.3.322.32.1..1.
1..31......3....
..........2.2...
.1..2.2..3.2.2..
.3..1..2..1.12..
3.2..1...322....
.....3..3.2..23.
1.....2..1......
....13..3.1.32..
0
1
1
0
0
0
.......3.......1
...2......21..1.
..2....2..1.....
.332.....3..2...
1....1...1....1.
.12..2....3.311.
3.3.322.32.1..1.
1..31......3....
..........2.2...
.1..2.2..3.2.2..
.3..1..2..1.12..
3.2..1...322....
.....3..3.2..23.
1.....2..1......
....13..3.1.32..
1
1
166
0
1
0
1
1
29
1
1
0
1
160
0
.......3.......1
...2......21..1.
..2....2..1.....
.3322....3122...
1....1...1....1.
.12..2....3.311.
3.3.322.32.1..1.
13331....2.3....
..........2.2...
21..2.2..3.2.2..
.3..1..2..1.12..
3.2..1...322....
.....3..3.2..23.
1.....2..1......
....131.3.1.32..
1
1
28
158
1
1
1
0
0
0
0
1
1
0
1
1
29
1
0
0
0
0
29
0
0
0
1
1
1
0
1
1
...1...3.......1
...2......21.11.
..2..1.2..1.....
.3322....31221..
1....1...1....1.
.12..2....3.311.
3.3.322.32.1..12
13331....2.3....
..........2.2...
21.32.2..3.2.23.
.3..1..2..1.12..
3.2..1...322...3
..2..3..332..232
1.....2..1......
..3.131.3.1.32..
1
1
0
1
1
0
1
0
0
0
0
0
1
0
1
141
1
33
1
1
0
1
1
1
34
0
1
1
0
1
1
0
1
1
1
0
1
1
1
38
127
0
0
0
0
0
127
1
0
0
1
0
0
0
125
0
0
1
0
38
1
0
1
0
1
0
1
0
1
1
1
0
0
119
1
1
0
1
1
116
0
0
42
116
0
0
0
0
0
0
0
0
1
0
41
1
1
0
0
0
...13..3.......1
2..2..1.3.21.11.
..2..1.2131..11.
13322...131221..
1...13...1....1.
.12..2....32311.
3.3.322232.12.12
13331....223....
2.1..3....2123..
21332.21.322.233
333.1..2..1.12.1
332..1..2322...3
..23.3..332..232
13....2..1......
2.31131.3.12322.
0
44
0
0
1
1
1
0
0
0
1
1
0
0
0
108
1
0
1
106
0
0
0
0
0
0
0
0
1
0
0
0
0
0
0
1
0
0
1
1
0
49
103
0
1
1
0
0
0
0
1
46
0
1
1
0
49
99
1
0
0
1
1
0
1
...132.3.......1
22.2..113.21.11.
..2..1.2131..11.
13322...131221..
1...13...1....1.
.121323...32311.
323.322232.12.12
13331....223....
2.1..32...21231.
21332221.322.233
333.1..2..1.1231
332..1.12322...3
..23.3..332.2232
13....2.113.1...
2.31131.3.12322.
1
0
0
96
0
1
95
0
1
0
0
1
1
0
1
0
1
0
0
1
0
52
1
0
1
51
0
0
...132.32......1
22.2..113.21.11.
..2..1.2131.311.
133222..131221..
1...13...1....1.
.121323..132311.
323.322232.12112
13331....223....
2.1.132...212311
21332221.322.233
333.1..2..1.1231
332..1.12322...3
..23.3..332.2232
133...2.113.1...
2.31131.3312322.
0
1
0
1
0
0
50
0
1
0
0
1
0
0
53
84
0
0
0
0
0
0
84
...132.32......1
22.2..113.21111.
..2..1.2131.311.
133222..131221..
1...13...1.2..1.
.121323.3132311.
323.322232.12112
13331....223.3..
2.1.132...212311
21332221.322.233
333.1..2..1.1231
332..1.12322...3
..23.3..332.2232
133...2.113.1...
2.31131.3312322.
0
0
0
0
1
0
0
1
0
0
0
0
1
0
1
0
1
1
0
0
1
1
0
1
0
0
0
0
1
57
0
1
0
0
0
1
1
1
0
...132.32..1...1
2212..113.21111.
..2.1122131.311.
133222..131221..
12..13...1.2..1.
.121323.3132311.
323.322232.12112
13331....223.31.
2.1.132.3.212311
21332221.322.233
333.1.22..1.1231
332311.12322...3
..23.3..332.2232
133...2.11331.23
2.31131.3312322.
0
1
0
0
0
0
0
1
0
0
1
0
59
0
0
0
1
1
0
0
0
0
0
0
1
0
0
0
0
57
65
0
0
1
0
0
0
0
0
65
0
0
1
1
0
0
0
58
1
0
0
58
1
1
61
0
61
0
0
0
59
0
0
0
1
0
0
0
0
.3.132.32..1..31
2212..113.21111.
.12.11221313311.
133222..131221.2
12..13...112.11.
.121323.3132311.
323.322232112112
13331...2223.31.
2.1.132.3.212311
21332221.3221233
333.1.22..1.1231
332311112322...3
..23.3..332.2232
133...2.11331.23
2.31131.3312322.
1
0
1
1
0
0
1
0
1
0
0
0
0
0
0
0
0
55
0
0
1
.3.132.323.1..31
2212..113.21111.
.12111221313311.
133222..131221.2
12..13...112.11.
.121323.31323112
323.322232112112
13331..32223.31.
211.13223.212311
21332221.3221233
333.1.22..1.1231
332311112322...3
..23.3..332.2232
133...2.11331.23
2.31131.3312322.
0
0
0
0
0
0
0
0
1
0
0
61
0
0
0
0
0
0
0
0
0
0
0
0
1
53
.3.132.323.1..31
2212..113321111.
.12111221313311.
133222..131221.2
12..13...112.11.
.121323.31323112
323.322232112112
13331..32223.31.
211.13223.212311
21332221.3221233
333.1.22..1.1231
332311112322...3
..23.3..332.2232
133...2.11331.23
2.31131.3312322.
1
0
0
52
0
0
0
61
0
0
1
67
0
0
1
0
0
0
0
0
0
0
0
0
0
0
0
.3.132.323.1..31
2212..113321111.
.12111221313311.
133222..131221.2
12..13.1.112.11.
.121323.31323112
323.322232112112
13331..32223.31.
211.13223.212311
21332221.3221233
333.1.22..1.1231
332311112322.1.3
..23.3..332.2232
133...2.11331.23
2.31131.3312322.
0
0
51
0
0
0
0
0
0
0
0
1
0
0
0
0
0
1
0
0
50
0
67
1
0
0
0
0
0
0
0
0
0
0
0
0
0
0
0
1
0
0
0
0
0
0
67
0
0
63
0
0
0
0
0
0
0
0
0
0
0
63
.3.132.323.1..31
2212..113321111.
.12111221313311.
133222..131221.2
12..13.1.112.11.
.121323.31323112
323.322232112112
13331..32223231.
211.13223.212311
21332221.3221233
333.1.22.31.1231
332311112322.1.3
..23.3..332.2232
133..22.11331.23
2.31131.3312322.
0
0
1
0
47
47
0
0
0
1
0
0
0
0
47
0
61
0
0
0
0
0
0
47
0
0
0
0
0
1
69
0
64
0
61
0
0
0
0
0
0
0
0
1
0
45
0
0
0
0
0
0
0
0
0
0
0
0
0
0
0
0
45
0
0
0
0
0
0
0
0
0
61
0
0
65
0
0
0
0
0
0
0
0
0
0
0
0
1
66
0
0
1
0
0
0
0
0
0
0
0
0
0
0
0
43
0
0
0
0
.3.132.323.1..31
22121.113321111.
2121112213133112
133222..111221.2
12..13.1.112.11.
1121323.31323112
323.322232112112
13331..32223231.
211.13223.212311
21332221.3221233
333.1.22.31.1231
332311112322.1.3
2.23.3..332.2232
133..22.11331.23
2.31131.3312322.
0
0
0
0
0
0
0
0
0
0
0
0
0
0
0
0
0
0
0
0
43
0
1
.3.132.323.1..31
22121.113321111.
2121112213133112
133222..111221.2
12..13.1.112.11.
1121323.31323112
323.322232112112
13331..32223231.
211.13223.212311
21332221.3221233
333.1.22.31.1231
332311112322.1.3
2.23.3.2332.2232
133..22.11331.23
2.31131.3312322.
0
0
0
0
1
1
