OK 1
1
1
1
1
1
1
1
1
1
1
1
1
1
37
37
1
1
1
1
1
1
1
0
1
1
1
0
4
29
.4.2..1
......2
....3..
3....3.
3.1..34
.32.4.4
11..233
1
1
1
0
1
1
1
23
1
22
22
0
0
1
1
0
0
1
19
0
0
19
1
0
18
1
0
0
0
0
0
1
.412.41
....132
4.1232.
3....31
3314.34
.32.4.4
11.2233
0
0
7
1
1
0
0
0
0
0
0
0
0
0
7
0
0
1
0
1
0
1
1
0
0
0
1
0
8
11
0
1
10
9
0
0
0
0
12
0
0
1
.412.41
.4.4132
4.12323
34.3.31
3314234
.3214.4
11.2233
0
0
0
0
0
0
0
0
0
0
1
1
0
0
0
1
1
.412441
.4.4132
4112323
34.3234
3314234
.3214.4
11.2233
0
0
0
9
0
0
0
1
0
0
0
0
0
12
.412441
14.4132
4112323
34.3234
3314234
.3214.4
11.2233
0
0
10
1
.412441
14.4132
4112323
14.3234
3314234
.3214.4
11.2233
0
0
0
0
0
0
0
1
0
0
11
0
0
0
0
0
0
0
.412441
14.4132
4112323
14.3234
3314234
.3214.4
11.2233
0
0
0
0
0
0
11
0
0
0
11
0
0
