OK 1
1
1
1
1
0
1
1
2
0
1
1
1
1
1
3
79
1
1
1
1
75
0
0
1
1
1
0
0
1
1
1
1
0
.....2...
....1.52.
.5.......
.....1.4.
..45.3...
...4.2..1
...3.3..3
5..42....
.2.......
......1..
0
1
1
1
66
1
5
65
1
1
0
1
5
1
1
1
59
1
8
.....2...
....1.52.
.5...1...
3.2.51.44
..45.3...
...4.2..1
2..3.32.3
5..42..5.
.2.......
111...1..
1
0
1
1
55
0
0
0
0
6
0
0
1
0
0
0
0
1
1
1
0
1
1
1
1
1
1
0
10
1
0
0
1
0
0
45
0
1
0
45
0
1
0
1
1
.....23..
1..41.524
.521.1...
352.51144
..45533.2
1..4.2..1
2..3.32.3
5..42..5.
.2....5..
1113.51.2
0
1
0
.....23..
1..41.524
5521.1...
352.51144
..45533.2
1..4.2..1
2..3.32.3
5..42..5.
.2....5..
1113.51.2
0
1
0
0
0
.....23..
1..41.524
5521.1...
352.51144
..45533.2
1..4.2..1
2..3.3213
5..42..5.
.2....5..
1113.51.2
0
1
1
0
1
0
0
8
0
0
0
.....23..
1..41.524
552151...
352.51144
..45533.2
1..4.2..1
22.3.3213
51.42..5.
.2....5..
1113.51.2
0
1
0
0
1
1
0
1
0
0
0
0
7
33
0
0
0
0
1
0
.....231.
1..41.524
552151...
352.51144
..45533.2
1..4322.1
22.3.3213
51.42..51
.2...35..
1113.51.2
1
0
0
0
31
0
0
31
1
0
0
1
1
.....231.
1..41.524
552151...
352.51144
..45533.2
1..4322.1
22.343213
51.42..51
.2..435.4
1113.51.2
0
0
16
29
0
0
1
0
0
0
1
1
0
0
0
0
0
0
0
13
0
0
1
1
1
25
0
0
0
0
0
0
1
.....231.
12141.524
552151...
352.51144
..45533.2
1.1432221
22.343213
51.42..51
.2..435.4
1113551.2
0
0
15
1
0
0
0
0
23
1
0
1
0
0
1
1
0
0
0
0
19
0
0
0
0
0
0
0
0
0
1
0
0
.....231.
12141.524
55215123.
352251144
.545533.2
1.1432221
224343213
51.423.51
.2..435.4
1113551.2
0
0
0
1
0
1
18
0
0
0
1
1
0
1
0
0
0
0
14
0
0
11
0
.....231.
12141.524
552151235
352251144
.54553322
1.1432221
224343213
515423351
.2..435.4
1113551.2
0
1
0
0
1
0
0
0
0
14
0
0
0
0
1
0
0
0
0
0
0
0
0
0
0
0
0
0
0
0
0
0
1
0
0
0
1
0
0
0
1
0
0
1
0
0
0
19
0
0
1
0
0
0
11
11
1
0
0
0
0
19
0
0
20
11
0
0
0
0
0
