OK 1
1
1
1
88
1
1
1
85
1
1
1
1
1
2
1
1
0
1
1
1
4
76
1
1
1
73
1
3
1
0
0
1
1
6
1
1
1
1
1
65
0
1
1
1...52....
3.3....3..
.3.2.4..52
..4.4.....
.......1.3
....2.....
...15...1.
41.31..24.
..2..4....
1
0
0
0
1
61
1
1
1
1
1
1
1...52....
3.3....3..
.3.2.41.52
.24.4..1..
4......1.3
5...2.....
...1552.1.
41.31..24.
..2..4....
1
1
1
1
6
0
0
1
9
0
1
50
0
50
0
0
0
1
0
1
1
1
1
0
1
45
0
9
0
45
1
44
0
1.3.523.23
3.34..13.5
.3.2541352
.24.43.1..
42.....1.3
53..2.....
...1552.1.
41.31..24.
..2..4....
0
0
0
0
0
0
1
0
0
0
10
1
0
0
0
1
0
0
0
10
0
13
0
1
1
1
0
8
1
0
0
1
1
1
12
0
1
0
1
37
0
0
10
1
0
36
0
1.3.523.23
3.34..1345
.3.2541452
.24.43.1..
42....11.3
53.52...3.
.1.1552.1.
41.314.24.
.42..43...
1
35
0
1
0
0
0
1
1
1
1
0
0
30
1
0
29
123.523.23
3.34..1345
.3.2541452
.24.43.1..
42....11.3
532521543.
.111552.1.
41.314.242
.42..43...
0
0
0
1
1
0
1
0
0
0
0
0
0
1
0
1
0
0
0
123.523323
3334..1345
.3.2541452
.24.4321..
42..2.11.3
532521543.
.111552.1.
41.314.242
.42..43...
15
1
0
1
0
0
0
0
0
1
0
0
1
1
123.523323
3334.21345
.3.2541452
.24.4321..
42.52.1143
532521543.
.111552.1.
41.314.242
242..43...
0
0
1
20
0
0
0
17
0
0
1
0
0
0
1
0
0
0
0
0
0
0
0
0
0
1
0
0
0
1
0
123.523323
3333.21345
.3.2541452
.2454321..
42.52.1143
532521543.
.111552.1.
414314.242
242..43..3
0
1
0
0
0
0
0
0
0
123.523323
3333.21345
.3.2541452
.2454321..
42.52.1143
532521543.
.111552.1.
414314.242
242..43..3
0
0
0
1
0
0
0
11
1233523323
3333.21345
.3.2541452
.2454321..
42.52.1143
532521543.
.111552.1.
414314.242
242..43..3
0
0
0
0
14
0
0
0
0
1
0
0
16
0
0
0
0
1233523323
3333.21345
.322541452
.2454321..
42.52.1143
532521543.
.111552.1.
414314.242
242..43..3
0
0
0
0
0
0
0
0
0
1
1233523323
3333.21345
.322541452
52454321..
42.52.1143
532521543.
.111552.1.
414314.242
242..43..3
0
0
0
1
0
0
0
0
0
1
0
0
1
0
1
0
0
0
0
0
1
0
0
0
0
0
0
0
0
0
0
0
19
1
0
0
1
0
0
0
0
0
0
1
0
0
