OK 1
1
1
1
49
1
1
1
1
0
45
1
1
3
43
1
0
1
0
2
0
1
1
32..
..3.
....
....
..2.
..4.
2.4.
....
..4.
.1..
1..1
.4..
...2
0
1
1
1
36
0
1
32..
..3.
....
....
..2.
..4.
2.4.
....
..4.
.1.4
1..1
243.
2..2
0
0
35
0
0
1
0
1
0
3
0
33
0
1
0
0
0
0
1
0
0
0
5
0
1
32.4
..3.
..3.
...4
..2.
..4.
2.43
....
..4.
41.4
1..1
243.
2..2
0
1
6
0
5
1
1
0
1
1
0
1
0
0
0
5
1
0
0
1
0
1
0
5
1
0
0
0
1
1
1
0
0
0
0
0
1
0
0
1
0
0
0
1
0
0
0
1
0
0
0
8
15
0
15
32.4
3131
..34
.324
.424
.244
2.43
....
.244
41.4
1111
243.
21.2
0
0
0
8
1
0
15
32.4
3131
..34
.324
.424
.244
2.43
....
.244
41.4
1111
243.
21.2
0
0
0
1
0
14
0
0
0
0
0
0
1
1
0
12
0
10
1
0
0
8
0
0
12
1
0
0
0
0
0
32.4
3131
3.34
.324
.424
.244
2443
....
2244
41.4
1111
243.
21.2
0
0
0
0
0
1
0
0
0
0
0
0
0
32.4
3131
3.34
.324
.424
4244
2443
....
2244
41.4
1111
243.
21.2
0
1
1
0
1
0
1
0
0
11
0
1
0
0
