OK 1
1
1
1
1
1
1
2
1
1
0
1
1
1
1
0
1
1
0
1
1
1
0
0
0
1
0
0
1
1
0
0
1
3
0
1
0
0
0
4
1
1
0
0
0
3..45.3.
.3..4...
2311....
..1.2.55
4.341.21
....2...
0
3..45.3.
.3..4...
2311....
..1.2.55
4.341.21
....2...
0
3
3..45.3.
.3..4...
2311....
..1.2.55
4.341.21
....2...
0
1
0
0
0
1
0
0
0
0
0
0
0
1
1
0
0
1
1
0
1
7
1
0
1
6
0
0
3.54553.
.33.4...
23111...
2.1.2.55
44341221
5...2...
0
0
1
0
0
0
6
0
0
0
1
0
0
0
0
0
3.54553.
.33.4...
23111...
2.1.2.55
45341221
55..2...
0
0
0
0
0
18
0
1
0
7
1
0
0
0
0
0
7
0
1
0
3.54553.
.3344...
23111...
2.1.2.55
45341221
55.22...
0
0
0
0
0
0
0
1
0
0
0
0
0
0
0
1
0
0
0
0
0
0
0
1
1
0
0
1
0
0
0
0
0
0
7
0
0
0
0
5
0
0
1
9
0
1
