OK 1
0
1
......2.
........
........
........
........
........
1
1
1
1
1
1
.2....2.
1...3...
..3.....
........
........
.3......
1
1
0
2
1
1
0
0
0
1
1
1
1
1
0
1
0
3
1
1
8
0
0
1
0
0
0
31
0
1
0
1
0
1
1
0
8
0
0
0
0
8
1
0
27
1
0
1
1
0
0
1
0
0
0
7
1
23
23
0
23
0
1
1
0
1
8
20
0
1
0
1
0
0
18
1
0
0
0
0
0
0
2232312.
131132.1
..323...
.3.311.2
.1.1..2.
33.322..
0
1
17
10
1
0
1
0
1
11
1
1
1
2232312.
131131.1
..323.11
.32311.2
.1.1..2.
331322..
0
0
0
0
0
13
14
0
1
0
14
13
0
0
0
0
0
0
22323121
131131.1
..323.11
.32311.2
.1.1..2.
331322..
13
0
0
0
1
1
1
0
0
0
0
0
0
0
0
0
1
0
0
0
0
1
0
0
12
0
0
0
0
0
0
0
9
0
0
0
0
0
0
0
12
22323121
131131.1
1.323.11
232311.2
.1.1232.
331322..
