OK 1
0
1
1....
.....
.....
.....
.....
.....
.....
.....
.....
.....
1
1
0
1
1
1
0
1
3
44
0
0
1
0
1
0
1
0
1
40
0
0
0
0
1
1
0
1
1
0
1
1
0
1
1
1
1
0
0
0
0
7
1
1
1
0
0
0
32
0
10
1
0
0
0
0
0
0
1
0
1
0
0
0
1
0
0
0
1
1
0
0
0
0
1
0
0
1
1
1
1
0
0
1
0
1
0
1
1
23
0
0
0
1
1
1
0
0
0
1
0
10
0
21
1
1..11
.....
..21.
1..12
1111.
12221
112.2
111.2
1211.
21.2.
0
18
0
1
0
1
1
0
1
0
0
0
1
0
0
1
1
23
0
0
0
0
11.11
1.2..
2.21.
1..12
1111.
12221
11222
111.2
12112
21.2.
0
0
1
24
1
0
16
0
0
10
0
0
0
0
0
0
0
24
0
11.11
1.2.1
2.21.
1..12
1111.
12221
11222
111.2
12112
21.22
0
0
0
0
0
0
0
0
0
0
0
0
11.11
1.2.1
2.21.
1..12
1111.
12221
11222
111.2
12112
21.22
0
0
0
0
0
11.11
1.2.1
2.21.
1..12
1111.
12221
11222
111.2
12112
21.22
0
0
0
10
1
0
0
0
1
0
0
1
0
1
