OK 1
0
1
0
1
1
1
1
0
1
1
0
0
1
1
0
1
1
1
1
1
23..4....
....2..6.
.21......
.1......3
.5.3.....
0
0
0
1
1
0
1
0
31
0
1
23..46...
3...2..6.
.21......
.12.....3
.553.....
0
1
0
0
0
1
1
1
0
0
0
0
1
8
1
0
0
0
1
0
0
0
1
1
0
0
0
1
1
1
0
0
0
1
1
8
0
4
1
0
23.546..6
3.4.21.6.
.21.5....
.124134.3
.5565..33
0
0
0
0
0
0
0
0
1
0
0
0
0
3
0
0
23.546..6
3.4.21.6.
.21.5....
.124134.3
.5565..33
0
6
0
0
0
0
0
3
0
1
0
0
0
5
0
5
0
4
0
0
0
0
7
0
0
0
0
4
1
0
1
233546..6
3.4221.6.
.21.5....
.124134.3
.5565..33
0
0
0
0
0
1
0
0
0
1
0
1
0
0
0
0
0
0
0
0
0
0
0
0
0
0
0
0
