OK 1
1
1
1
1
1
1
1
1
34
1
1
0
1
0
1
3
31
1
1
1
0
1
0
1
0
0
0
1
25
1
0
.411.31
2......
..3.3..
4......
24222.2
3.1..4.
0
0
0
4
0
0
4
0
0
0
1
5
0
1
5
1
0
1
1
1
1
0
8
0
5
1
0
.411.31
2....2.
3.3.34.
4.1.2..
24222.2
311..44
1
1
1
1
0
14
0
0
0
0
0
1
0
0
6
0
0
0
0
6
.411331
2...222
3.3.34.
4.1.2..
24222.2
311..44
1
0
1
0
0
0
0
0
.411331
2...222
3.3234.
4.1.2..
24222.2
311..44
0
0
0
6
0
0
6
0
0
0
0
0
0
0
0
0
1
7
3411331
2...222
3.3234.
4.1.2..
24222.2
311..44
0
0
1
1
0
0
0
0
6
0
0
0
0
7
1
0
0
0
0
0
0
0
0
0
0
1
1
0
0
6
0
0
0
0
1
1
