OK 1
1
1
0
0
0
1
1
0
1
1
1
1
1
0
0
1
1
1
1
0
1
0
1
3
1
1
1
0
1
46
0
0
0
0
0
1
0
1
0
1
1
1
1
0
0
1
1
3
0
..4....
.......
211...2
4...3..
55.2...
1...5.1
1..2.41
1523.1.
1....3.
1
0
0
1
1
0
0
0
0
3
1
1
0
0
0
1
0
1
1
33
1
0
0
1
0
1
0
0
0
0
0
1
1
1
0
0
0
0
0
0
1
10
0
0
1
0
0
0
25
0
0
1
12
0
0
0
0
0
0
0
1
0
6
1
1
0
0
23
0
0
0
12
1
0
0
0
0
0
0
0
1
0
1
0
1
0
0
21
0
0
0
0
0
0
0
0
0
0
0
0
21
0
0
21
1
0
0
1
0
1
0
19
1
0
0
0
0
1
0
0
0
0
0
0
0
0
0
0
0
1
0
0
1
0
1
16
1
0
0
0
0
15
0
0
1
0
15
0
0
0
0
0
0
1
0
15
0
1
0
0
10
0
