OK 1
1
1
1
1
1
0
1
1
0
1
1
1
1
1
1
1
1
0
1
1
0
1
63
1
1
1
1
1
1
0
1
1
1
0
1
1
1
1
..5.4..2.
3..32....
..6.424.6
5..5.361.
.......2.
....2..24
2....6.1.
...31.52.
..4....54
1
1
1
0
0
49
1
1
1
1
1
1
0
1
0
1
..5442.2.
3..32.1..
..6.424.6
5..5.361.
....1..2.
..1.2..24
2....6.1.
...315524
264.6..54
1
0
1
..5442.2.
3..32.1..
..6.424.6
5..5.361.
..2.1..2.
..1.2..24
2....6.1.
..6315524
264.6..54
1
0
1
..5442.2.
3..32.1..
4.6.424.6
5..5.361.
..2.13.2.
..1.2..24
2....6.1.
..6315524
264.6..54
0
0
0
0
37
1
..5442.2.
3..32.1..
4.6.424.6
5..5.361.
..2.13.2.
..1.2..24
2....6.1.
..6315524
264.6..54
0
0
1
0
0
0
0
1
35
0
6
0
1
0
..544262.
3..32.1..
4.6.424.6
5..5.361.
..2.13.2.
..1.2..24
2.4..6.1.
..6315524
264.6..54
0
0
0
1
1
0
6
1
0
1
1
..5442624
3..32.1..
4.6.424.6
5..5.361.
..2.13.25
3.162..24
2.4..6.1.
..6315524
264.6..54
1
30
0
0
0
1
1
0
0
0
0
0
6
1
0
1
0
0
0
0
0
1
0
26
0
0
1
..5442624
3..32.132
4.62424.6
5..5.361.
..2.13325
3.162..24
2.4..6.1.
..6315524
264.6.554
0
0
9
0
0
0
13
1
1
0
0
0
11
0
0
1
24
0
0
0
0
0
0
0
1
0
8
0
1
0
1
1
0
0
0
0
0
1
0
1
0
0
0
1
0
10
21
0
0
0
1
0
21
0
0
0
0
0
0
0
21
1
0
0
0
0
1
0
0
1
0
0
0
0
1
1
0
0
0
13
0
1
0
0
0
0
10
0
0
1
6
0
0
1
0
0
1
0
1
0
0
0
0
0
0
1
1
0
1
0
0
3.5442624
3..323132
4.6242464
5..56361.
.12.13325
3.162.321
2.4.26.1.
536315524
264363554
1
0
0
1
0
0
11
0
0
0
0
0
0
0
0
1
0
1
0
1
0
0
0
0
9
0
0
1
0
0
12
0
0
355442624
3..323132
4.6242464
5..563611
.12.13325
3.1623321
2.4.2641.
536315524
264363554
0
0
0
0
0
0
0
1
16
0
10
0
