OK 1
1
194
0
1
1
1
2
1
1
1
1
1
1
1
185
1
1
1
1
1
1
1
1
1
0
1
1
1
1
1
1
171
0
1
0
1
169
0
0
1
1
1
1
1
1
1
0
1
162
1
1
1
160
1
1
1
0
1
1
0
1
1
.3.1..13.3..1..
..........2...4
.1...3....1....
.......1.13....
4...2...32.....
.........12....
...............
.....1.....2..4
...2...3.......
..1.......2....
......43...3...
...44.1..3.4...
.2..4.4.34.....
0
1
1
1
0
1
12
1
1
1
1
1
1
0
1
0
1
1
1
1
1
1
1
0
1
1
1
0
136
1
1
0
1
0
0
1
1
1
1
1
17
0
1
0
128
1
1
1
1
1
1
1
0
1
1
119
1
17
1
1
1
1
0
0
1
1
1
1
1
1
0
22
0
0
0
0
0
1
0
20
4331321323..1.2
......22..2...4
.1..4343..1....
.4.4..11.13.4.1
4...2.1.32.....
.1......412.331
...4......3....
33.1.1...1.2.24
..1242.3.2.....
..1..4...32.1..
.41..243...3...
.2.44.1..314..2
32..4.4.34..23.
1
1
1
0
0
0
1
0
0
0
0
1
0
1
0
1
0
104
0
1
0
1
1
1
1
0
0
0
25
0
1
0
0
0
1
0
1
1
1
0
1
0
1
28
92
0
0
1
1
0
0
0
1
0
0
0
1
1
24
4331321323.41.2
334...22..2..14
.1..4343..1....
.4.4..11.1344.1
44..2.1.32.....
21......412.331
3.24.....33....
3341.11..1.2.24
..1242.3.2.1...
..1..4..13231.2
.41.22431133...
.2444.1..314.42
32..4.4.34..23.
1
1
85
1
0
0
0
0
0
0
0
0
0
0
0
85
0
1
1
1
0
0
0
0
0
0
0
1
0
0
0
82
0
1
1
1
0
0
1
1
1
77
1
29
0
1
0
0
0
0
1
4331321323441.2
334...222.2.314
.1..43432.1....
.4.4..11.1344.1
441.2.1232.....
21.14...412.431
3.24..1..33..2.
3341.11..1.2.24
..124243.2.1...
..1.24..13231.2
.41222431133...
.2444.1..314.42
32..4.4.34..23.
1
1
1
0
0
0
0
0
1
0
0
1
0
1
1
1
0
0
0
0
1
0
0
0
1
1
1
0
1
62
0
0
1
0
4331321323441.2
334...222.24314
11..43432.1....
14.4..11.1344.1
44122.12321...4
21.14..3412.431
3.24..1..333.2.
3341.112.142.24
..124243.2.144.
..1.24..13231.2
.41222431133...
.2444.1..214.42
32..4.4134..23.
1
0
0
0
0
1
0
0
0
0
0
59
0
0
0
0
59
0
0
0
1
0
0
0
0
58
0
0
31
0
0
0
0
0
0
0
0
0
37
0
0
0
0
0
0
0
0
1
4331321323441.2
334...222.24314
11..43432.1....
14.43.11.1344.1
44122.12321...4
21.143.3412.431
3.24..1.1333.24
3341.112.142.24
..124243.2.144.
..1.24..13231.2
.41222431133...
.2444.1..214.42
32..4.4134..23.
0
1
0
0
0
0
0
0
0
0
0
0
0
1
0
1
54
0
0
0
0
1
0
1
0
0
0
52
0
0
0
0
0
1
34
51
0
0
0
0
0
1
0
1
1
0
0
48
0
0
0
0
0
0
0
0
35
0
0
0
0
0
0
0
41
0
1
0
0
1
0
0
0
0
0
0
0
46
0
0
46
0
0
0
37
0
0
0
46
0
0
0
1
0
0
0
0
1
0
0
0
0
0
0
0
0
0
4331321323441.2
334...222124314
11..43432313...
14.43.11.134441
44122312321...4
21.143.3412.431
3.24..141333.24
3341.112.142.24
..124243.241442
..1224..1323142
241222431133..3
.2444.1..214.42
32.34.4134..23.
0
0
0
1
1
4331321323441.2
3341..222124314
11..43432313...
14.43.11.134441
44122312321...4
21.143.3412.431
3.24..141333.24
3341.112.142.24
.1124243.241442
..1224..1323142
241222431133..3
.2444.1..214.42
32.34.4134..23.
0
0
36
0
42
0
0
0
0
1
4331321323441.2
3341..222124314
11..434323133..
14.43.11.134441
44122312321...4
21.143.3412.431
3.24..141333.24
3341.112.142.24
.1124243.241442
..1224..1323142
241222431133..3
.2444.1..214.42
32.34.4134..23.
0
0
0
0
0
1
0
1
0
0
0
0
43
0
39
0
0
0
0
0
0
1
0
1
0
37
0
43
37
0
0
0
0
0
0
0
0
0
0
0
0
0
0
41
4331321323441.2
3341.1222124314
11..434323133..
14.43.11.134441
44122312321..24
21.143.3412.431
3.24..141333.24
33414112.142.24
.1124243.241442
..1224..1323142
241222431133..3
.2444.1..214.42
32.34.4134.123.
0
0
1
0
1
0
0
0
0
0
0
0
0
0
0
1
0
37
0
0
0
0
0
0
0
0
34
0
0
0
44
0
42
0
1
4331321323441.2
3341.1222124314
11..434323133..
14.43.11.134441
44122312321..24
21.143.3412.431
3.24..141333.24
33414112.142.24
31124243.241442
.41224.21323142
241222431133.13
.2444.1..214.42
32.34.4134.123.
0
0
0
44
0
33
0
0
0
0
1
0
0
0
0
1
0
0
0
4331321323441.2
3341.1222124314
11..434323133..
14.43.11.134441
44122312321..24
21.143.34121431
3.24..141333.24
33414112.142.24
31124243.241442
.41224421323142
241222431133.13
.2444.1..214.42
32.34.4134.123.
0
0
0
0
0
43
0
0
0
38
4331321323441.2
3341.1222124314
11..434323133..
14.43.11.134441
44122312321..24
21.143.34121431
3.24..141333.24
33414112.142.24
31124243.241442
.41224421323142
241222431133.13
.2444.1..214.42
32.34.4134.123.
0
0
0
0
0
0
0
0
0
0
1
0
0
0
0
0
0
0
0
1
0
0
0
0
0
0
0
1
0
0
0
0
0
0
0
0
0
0
0
28
0
0
45
0
0
0
0
0
4331321323441.2
3341.1222124314
11..434323133..
14.43.11.134441
44122312321..24
21.143.34121431
3224..141333.24
33414112.142.24
31124243.241442
.41224421323142
241222431133.13
.2444.11.214.42
32.34.41343123.
0
45
0
44
0
39
0
39
0
0
45
0
0
0
0
0
0
0
0
0
0
0
28
0
0
0
28
0
0
4331321323441.2
3341.1222124314
11..434323133..
14.43.11.134441
44122312321..24
21.143.34121431
3224..141333.24
33414112.142.24
31124243.241442
.41224421323142
241222431133.13
.2444.11.214.42
32.34.41343123.
0
39
4331321323441.2
3341.1222124314
11..434323133..
14.43.11.134441
44122312321..24
21.143.34121431
3224..141333.24
33414112.142.24
31124243.241442
.41224421323142
241222431133.13
.2444.11.214.42
32.34.41343123.
0
0
0
0
0
39
0
0
0
0
28
0
1
0
0
0
27
0
0
1
0
0
0
4331321323441.2
3341.1222124314
11..434323133..
14.43.11.134441
44122312321..24
21.143.34121431
3224..141333.24
33414112.142.24
31124243.241442
.41224421323142
241222431133.13
.2444211.214.42
32.34.413431232
0
0
0
0
0
0
0
0
0
0
0
0
0
