OK 1
1
0
1
1
1
.....
.....
.....
.....
.....
.....
.....
..2.1
.....
.....
0
1
0
1
.3...
.....
.....
.....
.....
.5...
.....
..2.1
.....
.....
1
1
3
0
1
0
1
1
1
1
40
0
1
1
1
1
1
0
0
0
0
1
0
0
1
0
1
32
1
.3.1.
.4.2.
3...2
.4...
.....
15...
1.51.
1.2.1
.52.3
4....
0
0
0
0
0
0
.3.1.
.4.2.
3...2
.4...
.....
15...
1.51.
1.2.1
.52.3
4....
0
0
1
5
0
3
0
0
30
1
0
1
0
0
1
1
0
0
1
1
1
0
1
1
0
0
22
0
0
6
0
0
0
0
0
0
0
0
0
0
0
0
0
0
0
0
22
0
0
0
0
0
0
0
0
0
0
0
1
0
1
1
1
0
0
0
0
1
13.11
.4.2.
3.4.2
.4...
33...
15..5
15511
1.2.1
25223
44...
0
0
0
13.11
.4.2.
3.4.2
.4...
33...
15..5
15511
1.2.1
25223
44...
0
0
0
0
0
0
1
13.11
.4.22
3.4.2
.4...
33...
15..5
15511
1.2.1
25223
44...
0
0
0
5
0
1
0
13.11
24.22
3.4.2
.4...
33...
15..5
15511
1.2.1
25223
44...
0
0
0
0
0
9
0
1
0
0
5
0
0
0
7
0
0
5
0
0
1
