OK 1
1
1
1
1
1
0
1
1
1
1
1
1
1
1
1
1
1
57
..1.....1
.31.3....
.........
...2...2.
.1...2.11
.2.2.....
...1.2...
.........
1
8
1
1
0
0
1
1
1
1
1
1
48
10
1
1
1
1
11
1
1
9
0
1
1
0
.11.2...1
.31.3..3.
..31..3..
...2.3.2.
.1.2.2211
32.21....
...1223..
....322.3
0
1
1
0
1
1
36
0
0
0
12
.11.2.3.1
.31.3..3.
..31..3..
...2.3.2.
.1.222211
32.21....
.2.1223..
...3322.3
0
1
1
1
1
1
1
14
1
0
0
31
1
0
0
0
31
0
0
0
0
31
211.2.3.1
.31.3..3.
..31..33.
...2.3.2.
21.222211
32.211.3.
.2.1223..
...3322.3
0
1
0
14
1
0
0
11
0
0
1
1
0
0
11
0
0
0
0
1
0
1
0
1
0
0
0
1
0
1
0
0
12
1
0
0
1
0
25
0
25
1
0
1
0
18
0
1
0
0
0
1
0
1
0
0
0
1
0
0
1
0
0
0
22
0
0
0
0
211.23311
.31.3..32
..31..33.
...2.3.22
21.222211
32.21113.
3121223..
2.13322.3
1
0
0
0
0
0
0
0
21
211.23311
.31.3..32
..31.333.
...2.3.22
21.222211
32.21113.
3121223..
2.13322.3
0
0
1
0
0
1
19
0
211.23311
.31.3..32
3.31.333.
...2.3.22
21.222211
32.21113.
3121223..
2.1332223
0
1
0
0
0
0
0
0
0
1
0
0
0
0
0
0
0
0
0
0
19
211.23311
.31.3.132
3331.333.
...2.3.22
21.222211
32.21113.
3121223..
2.1332223
0
0
17
1
0
0
0
0
1
0
1
0
0
20
0
1
0
0
1
13
0
0
0
0
0
0
1
12
0
0
0
0
0
0
0
0
0
0
0
0
0
0
0
0
0
0
12
0
0
0
0
0
0
0
21
0
0
