OK 1
1
1
0
1
1
0
1
0
1
1
........
.1....4.
........
........
........
.....12.
....3...
........
.2......
.4......
1
72
1
1
1
1
1
0
1
4
0
1
1
1
0
1
1
1
1
0
1
1
1
1
0
1
........
.1..2.4.
..143...
4..2...1
33..42.4
....212.
....3.2.
......4.
.2......
24.1....
0
0
0
1
1
1
0
0
1
1
1
1
0
0
1
0
49
0
0
0
49
1
1
0
1
0
46
0
0
1
0
46
0
46
1
0
........
.1..2.4.
.3143..4
44.2..21
334.42.4
....212.
.2..322.
.1..2.4.
.24.....
2431....
1
44
1
0
13
1
0
7
0
.1......
.1..2.4.
.3143..4
44.2..21
334.42.4
...3212.
.2..322.
.1..2.4.
.24.....
2431...2
0
0
1
0
0
1
0
40
1
1
0
0
1
.1......
.1..2.4.
.3143..4
42.2.321
334.42.4
..13212.
.2..322.
.1..2.4.
.24...12
2431...2
0
1
0
0
0
8
0
0
0
1
0
0
1
9
1
34
0
1
10
0
0
0
0
33
0
0
33
0
9
0
1
1
0
1
0
0
1
10
0
0
0
1
1
28
0
0
0
0
1
27
0
19
27
0
0
0
0
0
0
1
0
0
.1......
.12.2.4.
23143..4
4212.321
334.42.4
2213212.
3223322.
.14.244.
.24..112
2431..42
0
1
0
0
20
0
1
1
.1.34...
.12.2.4.
23143.44
4212.321
334.42.4
2213212.
3223322.
.14.244.
.24..112
2431..42
0
0
.1.34...
.12.2.4.
23143.44
4212.321
334.42.4
2213212.
3223322.
.14.244.
.24..112
2431..42
0
0
1
0
0
1
0
0
0
0
0
.1.34...
.12.2.43
23143.44
4212.321
334.42.4
2213212.
3223322.
.14.244.
.24..112
2431..42
0
0
0
.1.34...
.12.2.43
23143.44
4212.321
334.42.4
2213212.
3223322.
.14.244.
.24..112
2431..42
0
0
0
0
0
0
0
0
0
0
15
0
1
1
0
0
0
0
0
0
1
13
0
0
0
0
15
1
0
0
0
19
0
0
0
0
0
0
1
0
0
0
0
0
18
0
0
18
0
1
13
0
0
14
17
0
0
1
0
0
0
0
1
21
0
1
0
0
16
1
0
0
0
0
0
13
0
0
0
0
1
0
0
0
13
0
0
16
0
0
21
0
0
0
0
1
0
0
0
0
0
1
0
0
0
0
0
0
0
