OK 1
0
0
1
1
0
0
1
1
1
1
1
0
1
0
1
1
1
0
1
1
1
36
0
1
1
1
1
0
0
0
0
1
1
1
1
0
0
0
1
0
1
0
5
0
1
28
0
0
1
5
0
0
1
0
1
0
25
1
0
0
1
1
1
1
21
0
1
0
1
1
1
0
0
0
0
0
0
0
0
1
1
0
1
0
0
0
0
0
6
0
0
0
0
16
0
1
0
1
0
1
0
0
0
0
1
0
0
0
0
0
1
0
9
1
0
1
0
0
1
0
0
1
0
0
0
0
.314.3
4.51.1
352112
134.34
12144.
.545.3
13252.
232.43
0
0
1
0
0
0
0
1
1
0
0
0
0
0
8
0
0
0
0
1314.3
4.51.1
352112
134.34
12144.
.54513
13252.
232.43
0
0
1314.3
4.51.1
352112
134.34
12144.
.54513
13252.
232.43
0
0
0
0
0
0
8
0
0
0
1314.3
4.51.1
352112
134.34
12144.
.54513
13252.
232.43
1
0
0
