OK 1
0
0
0
0
0
0
1
1
1
1
0
1
1
1
1
1
1
1
0
0
66
1
0
1
1
1
1
0
0
1
1
1
0
0
1
1
0
1
0
1
1
1
1
1
0
0
0
0
0
0
...8.
..5..
.....
..4..
4...2
.....
.....
.....
118..
43.2.
.13.3
.8...
.7.5.
.....
.672.
0
...8.
..5..
.....
..4..
4...2
.....
.....
.....
118..
43.2.
.13.3
.8...
.7.5.
.....
.672.
0
3
1
1
0
1
0
0
0
0
1
1
5
0
0
1
0
1
0
0
0
1
0
1
0
46
0
5
0
0
0
0
46
0
0
1
1
1
1
0
3
0
5
1
43
0
1
42
0
1
0
1
0
1
40
0
1
0
0
1
1
0
0
0
2
1
1
0
0
0
.488.
4157.
..25.
.14..
4...2
.....
..87.
...4.
11881
43.28
.13.3
.8.8.
.7.53
.6..3
5672.
0
0
1
1
34
1
0
2
0
4
0
1
1
0
31
0
0
0
0
0
2
0
1
0
0
0
0
0
4
0
1
0
0
1
1
0
0
0
0
1
0
0
0
1
0
.4884
4157.
.525.
.14..
454.2
1....
..87.
4.14.
11881
43.28
31313
.8.8.
.7.53
.6.43
5672.
0
0
1
1
0
0
0
0
25
0
6
0
1
24
0
0
24
0
0
0
0
9
0
0
1
0
0
10
0
0
0
0
0
1
0
0
0
0
.4884
4157.
5525.
.147.
454.2
1....
..87.
4214.
11881
43.28
31313
.8.8.
.7.53
.6.43
5672.
0
1
0
1
1
0
1
0
1
0
0
0
1
8
18
0
0
0
1
0
0
0
0
1
0
0
0
0
0
0
0
0
0
6
0
1
0
1
0
0
15
1
