OK 1
1
1
0
1
1
1
2
1
0
1
1
1
1
1
1
1
1
...5.....
.1.53....
.2..5....
.2..2...1
.4.......
3..5.1.3.
1
0
1
0
0
1
4
0
1
1
1
0
1
33
1
0
0
4
1
0
0
1
0
0
1
0
0
1
.4553..1.
41453....
.2.55....
.2.22...1
.43.5...2
3..5.1.3.
0
0
10
0
0
0
7
0
0
0
1
0
1
0
0
0
27
0
0
0
1
0
0
0
0
4
0
6
0
7
1
0
0
0
0
0
0
7
1
0
1
1
0
0
8
0
1
0
0
0
0
0
0
0
8
1
1
0
1
0
0
9
0
0
0
1
0
0
1
0
0
9
0
1
1
0
1
1
0
1
0
0
7
0
0
0
10
1
0
1
0
0
0
0
445533.11
414532...
52.555...
.2322.441
.4335..42
3335.1.3.
0
1
0
9
0
0
1
1
0
1
0
0
445533.11
414532...
52.555...
.23222441
.4335..42
3335.1.3.
0
0
5
0
0
7
0
0
0
0
1
0
1
1
0
0
1
0
0
0
0
1
1
0
0
0
0
0
0
0
0
0
0
0
0
3
0
0
0
1
0
0
1
