OK 1
1
1
1
0
1
1
2
0
1
1
0
1
1
0
0
241
1
1
1
1
0
1
1
1
3
0
1
1
1
1
1
1
1
1
1
1
1
1
4
1
1
1
1
1
1
1
0
1
6
218
1
4
1
1
1
..........2.7
4........1...
...4..5......
.............
..3..........
.............
6.......6....
.......2.....
2....6.....4.
......5......
......4.5....
....51.5.....
.............
........1....
..61........3
.3.......5.2.
.72..........
72...........
.....4...5..3
1
1
1
1
1
1
1
1
0
1
6
0
1
1
8
0
0
..........2.7
4........1...
...4..5......
.............
..3..........
.............
66......6....
.......2.....
2....6.....4.
......5......
..7...4.5....
.6..51.5.....
...2...1.....
........1.6..
.261........3
.3.......5.2.
.72.........6
72........4..
.....4...5..3
1
0
..........2.7
4........1...
...4..5......
.............
..3..........
.............
66......6....
.......2.2...
2....6.....4.
......5......
..7...4.5....
.6..51.5.....
...2...1.....
........1.6..
.261........3
.3.......5.2.
.72.........6
72........4..
.....4...5..3
0
204
1
1
202
0
1
1
1
199
0
1
0
0
0
0
0
9
1
1
1
1
1
1
1
0
0
10
0
0
1
1
191
1
11
1
0
6
..........2.7
4....1...1...
...4..5......
........1...5
..3..........
....7........
66.....16.2..
.......2.2...
2....6..6..4.
.6....53.....
..7...4.57...
.6..51.5.....
..72...1.....
........1.6..
.261.....4..3
.3.....2.5.25
.72.......3.6
72........4..
.....4...5..3
0
0
0
1
1
1
1
0
1
1
1
7
1
1
1
0
1
1
0
0
1
1
1
0
1
8
1
9
0
173
0
0
1
0
0
0
1
15
1
1
1
0
0
9
1
1
1
0
1
0
0
0
1
15
0
0
1
0
0
1
0
0
11
0
1
1
1
163
0
1
0
1
1
1
1
0
0
1
0
1
0
1
0
1
0
1
155
0
1
154
0
1
1
1
0
0
0
0
0
1
1
14
0
1
3.........2.7
4....1..11...
1..4..5......
5....4..12.55
4.3..3....4..
....7..1...6.
663...536.2..
...4...272.76
2...46..6..4.
.6..1.53.....
..7...4557...
.62.51.5..2.2
..72...1.....
..2...5.1.6.3
.2617....42.3
63...7.2.5725
.72.5....33.6
72...5..254..
....64.335..3
1
18
0
0
0
0
1
1
1
0
1
0
1
0
0
1
0
1
0
19
1
1
0
1
1
1
0
0
0
1
0
0
1
1
0
1
14
0
0
0
0
134
0
0
1
1
1
3.65..5...2.7
4....1..11...
1..4..5......
525..4..12.55
4.3..3....4..
...17..1...6.
663...536.2..
5..4...272.76
2...47..6..4.
.6..1753.....
..7...4557...
.62.51.5..232
..723..1.....
..2..55.1.6.3
.2617.2.24263
63.1.7.2.5725
.7245...433.6
72...5..254..
....64.3353.3
0
131
1
1
0
0
1
18
0
1
0
15
0
0
1
0
38
0
0
0
1
0
1
0
1
0
0
0
0
0
1
0
0
0
0
0
0
15
123
0
0
0
0
0
1
1
0
1
0
0
0
121
0
0
15
0
1
0
1
0
1
119
0
0
1
118
0
0
1
0
0
0
0
1
0
0
0
1
1
17
0
0
115
0
1
19
114
0
1
0
0
0
1
3.65..5...2.7
4....1..112..
1..4.45......
525..4..12.55
413..3....4..
...17..1...6.
663.6.536.2..
57.4...272.76
2...474.6.744
16..17535....
..7...4557.34
.62.5155..232
..723..1.4.2.
..2..55.1.6.3
.261772.24263
63.1.7.2.5725
.7245...433.6
72...5..254..
7.4364.3353.3
0
0
23
34
0
1
1
0
0
24
1
0
1
0
0
0
0
1
0
1
0
1
0
1
3.65..5...2.7
4.4..1..112..
1..4.45......
525..4..12.55
413..3....4..
...17..1...6.
663.6.536.2..
57.4...272.76
2...474.64744
16..175357...
..7.7.4557.34
.62.5155..232
..723..1.4.2.
6.2..5561.6.3
.261772.24263
63.1.7.2.5725
.7245...433.6
72...5..254..
7.4365.335333
0
0
0
0
0
1
0
0
18
0
1
0
0
103
3.65..5...2.7
4.4..1..112..
1..4.45......
525..4..12.55
413..3....4..
...17..1...6.
663.6.536.2..
57.4...272.76
2...474.64744
16..175357...
..7.7.4557.34
.62.5155..232
..723..1.4.24
6.2..5561.6.3
.261772.24263
63.1.7.2.5725
.7245...433.6
72...5..254.7
7.4365.335333
0
1
1
0
0
0
0
1
0
0
1
3.65..5...2.7
4.4.41..112..
1..4.45......
5256.4..12.55
413..3....4..
...17..1...6.
663.6.536.2..
57.4...272.76
2.4.474.64744
16..175357...
..7.7.4557.34
.62.5155..232
..723..1.4.24
6.2..5561.6.3
.261772.24263
63.1.712.5725
.7245...433.6
72...5..254.7
7.4365.335333
0
1
0
3.65..5...2.7
4.4.41..112..
1..4.45......
5256.4..12.55
413..3....4..
...17..1...6.
663.6.536.22.
57.4...272.76
2.4.474.64744
16..175357...
..7.7.4557.34
.62.5155..232
..723..1.4.24
6.2..5561.6.3
.261772.24263
63.1.712.5725
.7245...433.6
72...5..254.7
7.4365.335333
0
0
0
0
0
0
98
0
0
0
0
0
0
31
1
0
21
0
0
1
0
96
1
0
1
1
0
0
1
3.65..5...2.7
4.4.41..112..
1..4.45......
5256.4..12.55
413..3....4..
...17.11...6.
663.6.536.22.
57.4...272.76
2.4.474.64744
16..175357.7.
..7.7.4557.34
.62.5155..232
..723.51.4.24
6.2..5561.6.3
.261772.24263
63.1.71235725
.72453..433.6
72...5..254.7
7.4365.335333
0
0
1
27
1
0
0
22
0
3.65..5...2.7
4.4.41..112..
1..4.45......
5256.4..12.55
413..3....4.6
...17.11...6.
663.6.536.22.
57.4...272.76
2.4.474.64744
16..175357.7.
..7.7.4557.34
.62.5155..232
..723.51.4.24
6.2..5561.6.3
.261772.24263
63.1.71235725
.72453..433.6
725..5..254.7
7.4365.335333
0
0
0
24
0
0
0
0
3.65..5...2.7
4.4.41..112..
1..4.45......
5256.4..12.55
413..3....4.6
...17.11...6.
663.6.536.22.
57.4...272.76
2.4.474.64744
16..175357.7.
..7.7.4557.34
.62.5155..232
..723.51.4.24
6.2..5561.6.3
.261772.24263
63.1.71235725
.72453..433.6
725..5..254.7
7.4365.335333
91
0
1
3.65..5...2.7
4.4.41..112..
1..4.45......
5256.4..12.55
413..3....4.6
...17.11...6.
663.6.536.22.
57.4...272.76
2.4.474.64744
16..175357.7.
..7.7.4557.34
.62.5155..232
..723.51.4.24
6.2..5561.6.3
.261772.24263
63.1.71235725
.72453..433.6
725..5..254.7
7.4365.335333
0
1
1
0
0
0
1
0
0
0
0
1
0
1
1
0
0
0
1
0
0
0
1
0
1
0
17
1
0
0
0
0
0
0
0
0
0
0
81
1
0
0
1
0
0
0
0
0
0
3.65..55..2.7
4.4.41.6112..
1..4.45......
5256.4..12.55
413..3...44.6
..317.11...6.
663.6.536.222
5734...272776
2.4.474.64744
16..175357.77
..7.7.4557.34
.62.5155..232
5.723.51.4224
6.2..5561.673
.261772.24263
63.1.71235725
.72453..433.6
725..53.254.7
7.4365.335333
0
0
1
0
0
0
0
1
0
0
77
0
0
0
0
0
0
0
0
0
77
0
0
17
3.65..55..2.7
4.4.41.6112..
1..4.45......
5256.4..12.55
413..33..44.6
..317.11...6.
663.6.536.222
5734...272776
2.4.474.64744
16..175357.77
..7.7.4557.34
.62.5155..232
57723.51.4224
6.2..5561.673
.261772.24263
63.1.71235725
.72453..433.6
725..53.254.7
7.4365.335333
0
77
0
0
0
1
0
0
76
0
26
76
3.65..55..2.7
4.4.41.6112..
1..4.45......
5256.4..12.55
413..33..44.6
..317.11...65
663.6.536.222
5734...272776
2.4.474.64744
16..175357.77
..7.7.4557.34
.62.5155..232
57723.51.4224
6.2..5561.673
.261772.24263
63.1.71235725
.72453..433.6
725..53.254.7
7.4365.335333
0
0
0
0
1
0
0
0
0
1
0
0
0
0
0
0
0
0
0
0
1
0
0
1
0
0
0
0
0
1
0
23
0
0
0
0
0
73
1
0
0
0
0
1
0
0
0
0
0
0
1
0
0
0
0
0
0
0
0
0
3.65..55..2.7
4.4.41.6112..
1..4.45......
5256.4..12.55
413..33..44.6
..317.11...65
663.6.536.222
5734..6272776
2.47474.64744
16..175357.77
..7.7.4557.34
.62.5155..232
57723151.4224
6.2525561.673
.261772.24263
63.1.71235725
.72453..433.6
725..53.254.7
7.4365.335333
71
0
0
0
0
0
0
0
1
0
3.65..55..2.7
4.4.41.6112..
1..4.45......
5256.4..12.55
413..33..44.6
..317.11...65
663.6.536.222
5734..6272776
2.47474.64744
16..175357.77
..7.7.4557.34
.6225155..232
57723151.4224
6.2525561.673
.261772.24263
63.1.71235725
.72453..433.6
725..53.254.7
7.4365.335333
0
0
0
0
0
0
0
0
1
0
0
0
1
0
0
0
0
1
19
0
1
30
0
0
0
0
0
0
22
66
0
0
0
0
0
0
66
3.65..55..257
4.4.41.6112..
1..4.45..2...
5256.4..12.55
413..33..44.6
..317.11...65
663.6.536.222
5734..6272776
2.47474.64744
16..175357.77
..7.7.4557134
.6225155.2232
57723151.4224
6.2525561.673
.261772.24263
63.1.71235725
.72453..433.6
725..53.254.7
7.4365.335333
0
0
0
0
0
0
0
0
0
0
0
1
0
0
0
0
1
0
0
0
1
0
0
0
0
26
1
0
1
0
0
62
0
0
0
0
0
0
0
0
0
62
3.65..55..257
4.4.41.6112..
1..4545..2...
5256.4..12.55
413..33..44.6
..317.11...65
663.6.536.222
5734..6272776
2.47474764744
16..175357.77
7.7.7.4557134
.6225155.2232
57723151.4224
6.25255614673
.261772.24263
63.1.71235725
.72453..433.6
725..53.254.7
7.4365.335333
0
1
0
0
0
0
0
0
0
0
0
0
0
1
0
0
0
20
0
3.65..55..257
4.4.41.6112..
1..4545..2...
5256.4..12.55
413..33..44.6
..317.11...65
663.6.536.222
5734.16272776
2.47474764744
16..175357.77
7.7.7.4557134
.622515522232
57723151.4224
6.25255614673
.261772.24263
63.1.71235725
.72453..433.6
725..53.254.7
7.4365.335333
0
1
0
0
0
0
1
0
0
0
0
0
26
0
22
0
0
0
0
1
3.65..55..257
4.4.41.6112..
1.24545..2...
5256.4..12.55
413..33..44.6
..317.11...65
663.6.536.222
5734.16272776
2.47474764744
16..175357.77
7.7.7.4557134
.622515522232
57723151.4224
6.25255614673
.261772.24263
63.1.71235725
.72453..433.6
725..53.254.7
7.4365.335333
0
0
59
0
0
0
22
1
0
1
0
18
26
0
0
0
33
0
0
0
0
0
21
57
3.65..55..257
4.4.41.6112..
1.24545..2...
5256.4..12.55
413..33..44.6
..317.11...65
663.6.536.222
5734.16272776
2.47474764744
16..175357.77
7.7.7.4557134
7622515522232
5772315114224
6.25255614673
.261772.24263
63.1.71235725
.72453..433.6
725..53.254.7
7.4365.335333
0
0
32
1
0
0
0
0
0
0
0
0
0
0
0
1
3.65..55..257
4.4.41.6112..
1.24545..2...
5256.4..12.55
413..33..44.6
..317.11...65
663.6.536.222
5734.16272776
2.47474764744
16..175357.77
7.7.7.4557134
7622515522232
5772315114224
6.25255614673
.261772.24263
6321.71235725
.72453..233.6
725..53.254.7
7.4365.335333
0
1
1
0
0
0
0
0
0
0
0
1
1
0
0
1
0
23
0
0
0
0
0
0
0
33
0
0
23
23
1
1
0
31
50
0
0
21
1
0
0
0
0
0
0
0
1
0
3.65..55..257
4.4.41.6112..
1.245453723..
5256.4..12.55
413..336.4446
..317.11...65
663.6.536.222
5734.16272776
2.47474764744
16..175357.77
7.747.4557134
7622515522232
5772315114224
6.25255614673
.261772.24263
6321.71235725
.72453..233.6
725.653.254.7
7.4365.335333
0
0
0
0
0
0
0
0
0
1
3665..55..257
4.4.41.6112..
1.245453723..
5256.4..12.55
413..336.4446
..317.11...65
663.6.536.222
5734.16272776
2.47474764744
16..175357.77
7.747.4557134
7622515522232
5772315114224
6.25255614673
.261772.24263
6321.71235725
.72453..233.6
725.653.254.7
7.4365.335333
48
0
0
0
0
0
1
1
19
0
0
0
0
1
0
0
0
0
