OK 1
1
1
1
1
1
1
1
1
1
1
1
0
1
1
59
1
1
0
1
1
3
0
1
1
1
1
0
1
0
1
0
1
0
1
1
0
1
0
0
1
1
1
1
1
1
1
0
1
0
5
1
1
1
1
1
1
1
0
34
47..8.5.
.6...5.3
6.7....9
7...8523
.4131971
7..1...2
...1.6.9
5..39.16
6.6.8.23
1
1
0
0
0
0
0
1
0
1
1
1
0
1
1
28
0
1
1
0
0
0
0
1
0
1
0
0
0
26
1
0
0
1
0
0
1
1
23
0
0
0
0
0
0
1
22
0
1
0
0
0
0
0
0
0
1
1
0
7
0
19
1
1
0
0
0
1
1
0
0
7
0
1
0
0
0
0
0
0
1
0
0
1
6
0
0
0
0
0
0
0
0
1
1
0
0
0
15
0
1
1
10
0
0
1
13
0
1
0
0
1
1
1
0
0
1
0
0
0
0
0
0
0
0
7
0
0
8
0
0
0
1
0
7
0
0
9
0
0
0
0
0
1
0
0
0
0
0
0
0
1
0
0
8
0
0
0
8
0
0
0
0
0
47638.59
.69.5523
6.775499
671.8523
64131971
724199.2
.8652659
57239916
6.618223
0
0
10
0
0
0
0
0
1
0
0
4
0
0
0
0
0
0
0
7
0
0
0
