OK 1
1
1
1
0
1
1
1
1
1
....1..
.......
....1..
.......
.34....
..23.1.
.3.....
0
....1..
.......
....1..
.......
.34....
..23.1.
.3.....
1
1
3
39
1
1
38
1
0
1
0
1
1
1
0
1
1
0
4
1
0
1
1
1
0
0
1
1
0
0
0
12
43.41.2
.....4.
..1.12.
...413.
.342..1
.423.1.
33...3.
0
0
0
0
6
1
0
0
0
0
0
0
0
0
43.41.2
.....4.
..1.12.
...4131
.342..1
.423.1.
33...3.
1
8
0
0
0
1
0
1
1
0
0
1
0
0
0
0
0
0
0
0
0
0
8
0
1
0
0
0
0
1
0
0
1
0
0
0
9
0
0
0
1
0
0
0
1
0
0
0
6
0
0
1
0
0
0
0
0
0
0
0
0
0
0
0
1
0
0
1
1
0
0
1
0
0
9
7
0
0
0
0
0
0
0
0
43.4122
.214.4.
131412.
33.4131
.342.21
.42331.
333..3.
0
0
0
0
1
0
0
0
7
