OK 1
0
90
1
1
1
1
1
1
1
1
1
1
1
1
1
1
1
0
0
1
1
0
1
1
0
1
3......4..
..1....4..
...2.2....
.......3..
..4....1..
..3.4..3..
........3.
.2........
.11..3.1..
1
6
1
4
1
1
1
0
0
0
0
67
1
0
1
1
0
1
1
0
0
0
1
9
1
1
1
0
0
0
1
1
1
0
1
0
0
1
1
0
34...3.41.
..1.2..42.
3.32.2....
..1.4..33.
4.4....1..
..3.4..3.3
.4...4..3.
.2.1......
.114.3.1..
1
1
0
6
0
1
53
1
1
0
0
1
1
1
12
0
0
6
1
0
1
0
1
7
0
12
0
0
0
0
1
0
1
0
0
1
0
0
1
0
13
1
1
0
1
1
0
0
0
0
15
0
1
0
0
1
0
0
0
1
0
0
0
0
0
0
1
16
1
34
0
1
0
0
0
0
0
33
0
1
1
0
0
0
0
9
0
0
32
0
1
1
1
17
30
1
0
1
18
17
0
0
1
1
19
0
18
0
0
0
0
0
0
1
0
1
0
0
1
0
1
1
0
0
1
0
0
20
0
1
1
0
0
17
0
1
344313241.
.21121242.
3.32.24114
.213424331
4.4.4.31.1
2.334.13.3
4411.44331
2241434..1
4114.341..
0
0
0
0
1
18
0
0
0
0
344313241.
.21121242.
3.32.24114
3213424331
4.4.4.31.1
2.334.13.3
4411.44331
2241434..1
4114.341..
1
0
0
0
0
0
0
0
0
0
0
0
0
7
0
344313241.
.21121242.
3.32.24114
3213424331
4.4.4.31.1
2.334.13.3
4411.44331
22414344.1
4114.341..
0
0
1
6
0
1
0
344313241.
.21121242.
3.32.24114
3213424231
4.4.4.31.1
2.334.13.3
4411444331
22414344.1
4114.341..
0
24
0
0
0
344313241.
.21121242.
3.32.24114
3213424231
4.4.4.31.1
2.334.13.3
4411444331
22414344.1
4114.341..
16
1
0
0
0
0
0
0
0
0
0
6
0
0
0
0
0
0
0
0
0
0
0
0
0
0
0
0
24
0
0
0
0
0
1
0
15
0
0
0
0
0
0
0
24
19
1
0
0
0
0
0
14
0
0
14
0
0
0
0
1
0
0
0
14
14
0
0
