OK 1
1
1
0
1
1
0
1
0
1
1
0
0
0
1
0
0
1
0
0
0
1
38
0
1
0
1
1
1
1
0
0
0
1
.2...
.....
.....
....1
.41..
1...5
.5..5
4223.
.....
0
0
1
0
1
4
0
1
0
30
1
1
1
1
0
0
1
1
1
0
1
0
0
0
1
1
0
0
0
0
0
12
.2...
1....
23...
4.1.1
.41.4
1.5.5
.54.5
42235
..1.3
0
1
0
1
1
1
.23..
1....
23...
4.1.1
14114
1.525
.54.5
42235
..1.3
0
0
0
0
18
0
0
8
0
1
1
.23.3
1....
23...
4.1.1
14114
1.525
.54.5
42235
..1.3
0
0
0
0
0
0
0
1
1
0
0
0
0
0
1
0
0
0
6
0
0
0
1
0
0
1
0
0
0
0
0
0
8
0
0
523.3
13...
232..
4.1.1
14114
1.525
.54.5
42235
..1.3
0
1
0
7
0
0
6
0
0
1
0
0
0
0
0
0
0
0
0
0
5
0
0
7
0
4
0
0
0
1
0
0
7
0
0
0
0
0
