OK 1
1
1
1
1
86
1
1
1
1
1
1
0
1
1
1
1
1
1
1
1
73
1
1
0
9
1
0
1
1
0
0
1
1
0
1
67
1
1
1
1
1
1
1
0
1
..11..1.2
.........
22.2.2.21
2.1......
.2.......
1.11..112
..11.2...
.2.2..1.2
.2....2..
..1.....1
0
0
15
1
0
0
15
0
1
1
..11..1.2
........1
22.2.2121
2.1......
.2.......
1.11..112
..11.2...
.2.2..1.2
.2....2..
..1.....1
0
0
1
0
15
0
1
1
17
1
18
55
1
18
1
1
1
0
0
51
0
0
0
1
0
0
0
0
1
21
0
0
1
48
1
0
22
1
0
0
1
1
0
1
0
1
1
0
0
1
0
0
0
1
25
1
0
0
1
0
0
0
0
0
0
1
0
26
1
1
0
1
0
1
0
1
0
0
0
1
1
0
0
0
0
0
1
1
1
0
0
1
0
0
1
0
0
0
0
1
0
28
0
0
1
27
0
0
0
1
0
0
0
..11..122
.2111...1
2222.2121
221...212
122112111
11111.112
12112221.
.2122.1.2
12.2..21.
1.11....1
0
1
0
0
1
0
1
23
0
0
1
0
0
1
0
38
22
0
0
0
..11..122
12111...1
222212121
221...212
122112111
11111.112
12112221.
.212221.2
12.2..21.
1.11..2.1
0
0
0
0
0
0
0
0
22
0
..11..122
12111...1
222212121
221...212
122112111
11111.112
12112221.
.212221.2
12.2..21.
1.11..2.1
0
22
1
0
21
1
0
0
0
0
0
0
1
0
0
1
0
0
0
0
0
0
32
1
1
0
0
0
0
0
0
1
1
0
0
37
0
0
1
1
0
0
1
0
0
0
1
15
0
15
0
41
0
0
0
1
0
1
0
0
0
35
0
2.11..122
12111.221
222212121
221..2212
122112111
11111.122
12112221.
1212221.2
1212..211
11111.2.1
0
0
0
2.11..122
12111.221
222212121
221..2212
122112111
11111.122
12112221.
1212221.2
1212..211
11111.2.1
0
0
13
0
13
0
0
0
0
0
0
0
0
0
0
0
0
0
0
1
0
0
0
12
0
1
0
0
0
0
0
0
0
0
0
0
0
0
0
0
0
1
0
2.11..122
121112221
222212121
221..2212
122112111
11111.122
12112221.
1212221.2
12121.211
11111.2.1
0
11
2.11..122
121112221
222212121
221..2212
122112111
11111.122
12112221.
1212221.2
12121.211
11111.2.1
11
0
0
0
0
0
0
0
0
