OK 1
1
0
1
1
1
1
1
1
1
1
1
1
1
1
1
1
4
1
1
1
1
..3...4.2.
..........
3....4....
......1...
..........
..........
.55.......
.4..32....
....3....1
...21.5..4
1
1
0
1
1
1
0
1
0
1
5
76
0
1
1
1
5
0
1
1
6
1
1
1
1
1
1
1
1
1
0
1
.53.5.4.24
...3.12.11
3..4345...
..2..31...
..1..1.4..
...2......
.555......
.4..32....
..5.3....1
...2145..4
1
1
1
9
0
1
0
1
0
1
10
1
1
0
1
0
0
1
1
1
0
0
1
0
0
0
0
1
0
10
1
0
1
1
0
0
1
0
1
0
0
0
0
1
1
1
.53.534.24
.143.12.11
3..4345245
.52..31...
..1.41.4..
...2......
.555..22.3
.4..32.45.
155.34.5.1
..121452.4
0
0
0
1
1
0
42
1
0
.53.534.24
.143.12.11
3..4345245
.52..31...
..1.41.44.
...2......
.555.322.3
.4..32.455
155.34.5.1
..121452.4
0
0
0
0
0
1
0
14
41
0
1
1
0
0
0
0
0
.53.534.34
.143.12.11
3..4345245
.52..31...
..1.41.44.
...2......
1555.322.3
.4..32.455
155.34.5.1
..121452.4
0
0
1
1
0
.53.534.34
.143.12.11
32.4345245
.52..31...
..1.41.44.
...2..2...
1555.322.3
.4..32.455
155.34.5.1
..121452.4
0
1
0
1
0
0
12
0
11
0
1
1
1
0
1
0
0
.53.534.34
.143.12.11
3244345245
.52..31...
..1.41.44.
...25.24..
1555.322.3
.4..32.455
155.34.5.1
.4121452.4
0
0
0
0
0
1
0
34
1
0
1
0
0
1
1
0
0
0
30
0
18
0
0
30
0
1
0
0
0
0
1
0
0
0
1
1
0
0
1
0
0
0
1
0
0
0
0
0
0
1
0
0
0
0
1
1
1
23
0
0
0
0
0
11
0
0
0
0
0
0
0
1
0
0
0
0
0
0
0
1
0
0
19
1
0
1
0
0
0
0
0
0
0
0
0
0
0
0
13
0
0
20
0
0
1
0
0
13
0
0
0
1
0
0
0
0
0
0
0
18
0
0
0
0
0
0
0
0
0
0
0
0
0
18
0
18
0
0
0
0
0
0
0
1
0
0
0
0
0
0
0
0
0
0
18
.514534134
5143112552
3244345245
.525.31.35
..1.41344.
...25224..
1555.322.3
341.32.455
1554345511
44121452.4
18
0
0
13
0
0
18
15
1
1
0
0
0
13
0
0
0
0
0
0
0
0
0
0
0
0
0
0
0
0
16
0
13
16
0
0
0
1
0
0
0
0
0
0
0
0
0
15
0
0
