OK 1
1
1
2
0
1
1
0
1
1
0
1
1
1
1
0
1
1
1
1
1
1
0
0
1
1
1
0
0
0
0
1
0
0
1
8
0
0
0
0
1
0
...212..2.
3.133.....
..11.....1
332.....2.
..11....2.
...1.....2
0
1
39
0
1
0
1
6
0
9
0
0
8
1
1
1
10
0
0
0
0
0
0
0
1
0
0
0
0
1
0
0
0
0
1
0
0
0
8
1
0
0
0
0
0
0
0
0
0
1
1
0
16
0
1
0
0
0
0
1
1
1
0
9
0
0
1
10
..1212..23
3.1331....
..11..2331
3322..222.
.11111.12.
...1....32
0
0
0
0
0
0
1
0
0
0
0
1
0
0
0
0
0
0
0
10
0
1
0
0
0
1
1
0
0
0
0
0
1
0
0
0
11
0
1
0
11
0
0
11
1
0
0
0
8
1
0
..1212..23
3.13311...
..11..2331
33221.222.
.11111.12.
1111..3332
0
0
1
0
0
0
13
1
0
0
0
0
0
19
1
13
1
0
0
1
0
0
0
9
0
15
13
0
0
0
0
1
0
0
..1212..23
3.13311.21
..11.22331
33221.222.
.11111112.
1111.33332
0
..1212..23
3.13311.21
..11.22331
33221.222.
.11111112.
1111.33332
0
1
0
0
0
0
