OK 1
1
1
1
1
1
1
44
1
0
0
1
0
1
42
1
1
40
0
1
1
3
0
0
1
0
37
1
1
0
0
0
0
1
3.114.4...
.3..4.....
.3.5......
.44...1..2
.12.....2.
0
1
0
1
0
1
1
0
0
0
0
1
1
0
0
0
29
1
1
0
1
0
0
0
1
1
0
3
26
0
1
3.154.4...
.3..4....5
.315......
.444.31..2
2124.13.22
1
0
3.154.4...
.3..4....5
.315......
.444231..2
2124.13.22
1
1
0
0
0
1
0
0
0
0
0
0
1
20
0
0
20
0
0
0
0
0
0
1
1
0
0
0
1
0
3.114.4..5
331.453..5
.315......
.444231.12
2124.13.22
1
7
0
0
0
0
0
1
0
1
0
0
0
1
3.114.43.5
3312453..5
.315......
.444231.12
2124213.22
0
1
14
0
0
0
1
0
0
3.114.43.5
33124533.5
5315......
.444231.12
2124213.22
1
10
1
0
0
1
0
0
12
0
1
0
0
0
1
0
0
0
0
0
0
1
1
0
0
0
0
0
5
0
0
0
1
0
0
0
0
0
0
10
0
0
0
0
0
0
1
0
10
0
7
0
31114.43.5
33124533.5
5315.....3
2444231.12
2124213.22
0
0
10
