OK 1
1
1
1
1
1
1
1
1
2
1
1
..........
..6.......
......5...
..........
...4......
....2...1.
..........
.....3....
.....4...5
........3.
1
1
1
1
1
87
0
0
1
1
1
2
84
1
1
1
1
1
1
1
1
1
6
0
1
1
1
1
6
1
1
0
1
1
7
1
69
0
0
0
1
1
1
1
0
1
0
1
1
0
0
1
1
1
1
0
1
1
0
1
1
1
0
1
....42....
.56....55.
2.5...5533
.36...1.4.
1..4......
3..121.41.
13.6.4..3.
...153.5.4
216..464.5
11....1232
0
0
1
1
0
0
1
9
1
0
1
0
1
1
0
1
46
1
0
0
1
0
0
1
11
9
0
0
0
....424...
.56.1..55.
2.5..15533
.36...1.4.
1.34.6..3.
353121.41.
1316.4..3.
...153.5.4
216..464.5
11....1232
1
0
7
1
42
0
0
0
42
1
0
1
0
10
0
0
0
1
1
0
0
0
0
1
0
0
38
0
1
....424...
.5621..55.
2.5..15533
.36..41.4.
1.34.63.3.
3531213414
1316.41.32
...153.5.4
216..464.5
11....1232
0
0
0
1
7
0
0
0
1
....424...
.5621..55.
2.5..15533
.36..41.4.
1.34.63.36
3531213414
1316.41.32
...153.5.4
216.2464.5
11....1232
0
0
0
0
0
0
0
1
34
1
0
0
0
34
1
0
1
0
0
0
1
0
0
1
0
1
0
0
0
0
0
0
0
0
0
0
1
0
0
0
0
0
0
1
0
1
0
....424...
65621..55.
2.53.15533
136..41.4.
1.34.63.36
3531213414
1316.41.32
...1534564
216.2464.5
11...31232
1
0
0
0
0
9
0
0
0
1
1
0
0
1
....424..5
65621..55.
2.53.15533
136..41.4.
1.34.63.36
3531213414
1316.41132
..61534564
216.2464.5
115..31232
1
0
1
0
0
0
0
0
0
1
0
10
1
0
1
16
1
0
1
0
0
0
0
1
0
0
0
0
0
....424.25
65621..55.
2.53.15533
136..41.4.
1.34.63.36
3531213414
1316.41132
.361534564
216.2464.5
115..31232
0
0
1
0
0
0
0
1
0
0
0
0
0
0
0
0
0
0
0
1
0
0
1
0
0
0
1
19
0
0
1
0
0
0
18
0
0
0
1
0
18
....424325
656212.55.
2653.15533
136..4163.
1.34.63.36
3531213414
1316.41132
.361534564
216.246455
115..31232
0
1
0
0
17
0
0
0
0
0
0
1
0
0
0
0
17
0
1
0
0
0
0
0
0
1
0
17
0
0
1
0
1
0
0
1
0
0
0
0
0
18
16
0
0
0
0
0
0
0
0
1
....424325
656212555.
2653.15533
136.44163.
1.34.63.36
3531213414
1316.41132
.361534564
516.246455
115..31232
....424325
656212555.
2653.15533
136.44163.
1.34.63.36
3531213414
1316.41132
.361534564
516.246455
115..31232
0
0
0
0
0
0
0
0
0
16
0
1
0
0
12
0
0
0
0
0
0
1
