OK 1
1
1
1
0
0
1
1
1
0
0
54
0
1
0
1
1
1
0
0
1
0
1
1
0
1
4
0
1
0
1
44
0
1
1
1
5
0
0
4
0
0
1
......
4..5..
.2113.
..51.5
......
...32.
33....
.2..4.
.....2
.12.14
1
0
6
5
0
1
1
1
1
0
6
0
1
0
1
1
33
1
1
0
1
1
1
0
1
.1....
4..5.2
52113.
5.51.5
.3531.
41.32.
334...
.25.4.
...3.2
.12.14
0
0
0
0
0
1
0
1
0
1
0
0
1
0
1
1
0
1
0
1
0
0
0
0
0
0
1
1
0
0
0
19
0
1
1
8
0
17
0
0
6
1
0
1
0
0
0
0
0
9
1
0
1
0
0
6
14
0
0
.1.431
4555.2
521132
5.51.5
135312
41.321
3341..
325.4.
1..322
.12.14
0
0
0
1
0
0
0
1
0
0
0
0
0
1
1
0
0
7
0
1
1
0
0
0
0
.12431
4555.2
521132
5.51.5
135312
413321
3341..
32554.
12.322
.12.12
0
1
1
0
0
0
0
0
12
0
0
0
0
0
.12431
4555.2
521132
5.51.5
135312
413321
3341..
32554.
12.322
312.32
0
0
0
0
0
0
0
9
0
0
0
0
0
1
1
0
1
0
11
0
7
0
0
0
0
0
0
12
0
0
0
0
412431
4555.2
521132
5.51.5
435312
413321
3341.5
32554.
12.322
312.32
0
0
0
7
0
0
0
0
12
0
0
