OK 1
1
0
1
1
1
1
1
1
0
0
1
1
1
..........
.........4
.2........
..........
....25....
..........
...3......
.....5...1
..........
..........
1
1
1
1
1
1
1
1
86
1
1
...3....4.
.........4
.2.3......
......61..
2...25....
......2...
...3......
.....5...1
..........
..6....4..
1
0
1
1
1
1
1
1
0
0
3
1
0
0
0
0
1
...3.2..4.
.........4
.2.3....1.
.5....61.1
2...25....
......2...
...3......
....452..1
.........4
6.63...4..
1
1
1
72
0
1
1
1
0
1
1
68
1
1
1
0
6
1
1
0
1
1
1
0
1
1
0
0
1
0
1
1
1
0
1
0
1
54
...3.2..4.
1.4.22.2.6
52.3...316
4525..61.1
2...25..3.
.4..262.4.
..43......
16..452.61
.........4
6.633..4..
0
0
1
0
...3.2..4.
1.4.22.2.6
52.3...316
4525..61.1
2...25..3.
.4..262.4.
..43......
16..452461
.........4
6.633..4..
0
1
1
10
1
0
11
0
1
49
0
0
1
1
0
1
0
1
1
1
...352..4.
1.4.22.216
52.3..6316
4525.66131
2...25..3.
34..262.4.
..43....6.
162.452461
...3.....4
6.6331.4..
1
...352..4.
1.4.22.216
52.3..6316
4525.66131
2...25..3.
34..262.4.
..43....6.
162.452461
..43.....4
6.6331.4..
0
0
1
41
0
41
0
1
0
1
1
0
1
9
1
1
0
0
35
1
0
1
0
14
0
9
0
14
0
1
0
11
0
0
1
0
0
9
0
1
15
1
1
0
0
8
0
1
1
0
0
1
1
1
0
0
0
0
10
1
1
12
0
1
1
0
0
0
1
0
0
17
1
0
1
0
0
0
1
0
0
1
0
0
0
0
0
0
1
0
1
1
0
0
13
1
0
0
0
0
0
0
0
1
0
0
0
0
0
0
0
16
0
0
1
0
0
15
0
0
0
0
0
0
0
6523525242
124.225216
52.3.26316
4525466131
2...25363.
34.2262145
5343.6..6.
1622452461
614331.544
6.6331.42.
0
16
0
0
1
0
1
15
0
0
0
0
1
0
15
0
0
1
12
0
1
13
1
0
0
0
12
0
0
6523525242
124.225216
52.3226316
4525466131
2...253631
3432262145
5343.62.6.
1622452461
614331.544
6.6331.42.
0
0
0
0
0
0
0
0
0
12
12
0
1
6523525242
124.225216
52.3226316
4525466131
22..253631
3432262145
5343.62.6.
1622452461
614331.544
6.6331.42.
0
0
14
11
0
0
15
0
11
0
0
0
11
1
0
0
0
0
0
0
1
0
0
1
0
0
0
0
0
0
0
0
0
0
1
0
0
9
0
0
0
0
0
0
0
13
0
0
0
0
0
9
0
1
0
0
0
0
0
0
0
0
0
0
1
16
0
0
0
