OK 1
1
0
0
1
1
1
1
1
1
1
1
0
1
0
1
1
1
1
0
0
1
1
1
0
1
1
1
1
1
1
1
1
.............
.............
........1.3..
...4...7...1.
............8
....7.......1
...58........
..2..........
..7.......2..
......3...3..
...3.......1.
.............
............6
...2.....3.4.
..5..........
............6
0
1
.............
.............
........1.3..
...4...7...1.
............8
....7.......1
...58........
..2..........
..7.......2..
......3...3..
...3.......1.
.............
............6
...2.....3.4.
..5..........
.....5......6
1
1
0
1
0
0
0
1
180
1
1
0
1
1
1
1
1
1
1
4
172
1
1
1
1
1
1
3
1
165
1
1
1
1
0
0
1
1
1
0
1
0
1
1
0
1
0
1
1
1
4
1
1
1
1
1
1
1
1
1
0
1
1
1
1
9
141
1
1
1
0
0
1
1
1
1
1
1
0
1
8
1
1
132
..54..2......
.3...63.83...
........1.3..
...4...7..112
.4.7....3.8.8
.5..773.1...1
...58.2.....5
322.8...1....
867....1..2..
......3...3.6
..43...7..51.
..65..8....2.
...8..722.6.6
...2....73346
.65.36......7
..1435.6...66
0
0
0
1
1
0
1
1
1
1
0
0
0
..54..2......
.3...63.83...
........1.3..
..24...73.112
.4.7....3.8.8
.5..773.1...1
...58.2.....5
322.8.8.1....
867....1..2..
....1.3...3.6
..43...7..51.
..65..8....2.
...8..722.6.6
...2....73346
.65.36......7
.41435.6...66
1
0
..54..2......
.3...63.83...
........1.3..
..24...73.112
.4.7....3.8.8
.5..773.1...1
...58.2.....5
322.8.8.1....
867....1..2..
....1.3...3.6
..43..87..51.
..65..8....2.
...8..722.6.6
...2....73346
.65.36......7
.41435.6...66
1
0
0
0
0
0
1
0
1
0
1
1
0
1
1
1
1
1
0
1
1
0
116
1
1
0
0
0
0
1
0
0
0
0
0
0
1
112
0
1
..54..2......
.3..563.83...
........153.1
..24...73.112
.4.7....3.888
.5..773.1...1
...58.2..6..5
322.8.8.1....
867....1..23.
4...1.3...3.6
..43..87..51.
..65..8....22
.7.8..72236.6
.212..5.73346
.65.361.....7
.4143516...66
0
1
18
0
0
0
1
0
0
1
0
0
1
0
107
0
1
0
0
0
0
0
1
0
0
1
0
104
0
0
1
1
1
0
1
1
1
0
98
0
1
0
1
0
1
0
0
0
14
1
0
0
0
0
96
1
0
0
1
0
1
0
0
1
1
0
0
0
0
0
1
0
0
0
91
..54.62......
43..563.83...
5.....8.153.1
6.241..73.112
84.7....3.888
.5..773.1.3.1
.7.58.2..63.5
322.8.8.1.4..
867.4..1..23.
4..41.3...3.6
..43.58714513
..65..8.7..22
27.8..72236.6
.212..5.73346
565.361.....7
.4143516...66
0
0
1
0
0
0
16
0
0
90
1
1
15
1
1
0
0
15
1
1
0
0
85
0
85
0
1
0
1
83
1
0
0
0
1
0
0
0
81
..54.62......
43..563.83...
5.....85153.1
6.241..73.112
8477....3.888
.5..773.1.3.1
.7.5842.763.5
322.8.8.1.4..
867.4..1.523.
4..41.3...386
..43358714513
..65..8.74.22
27.85.72236.6
.212..5.73346
565.361.....7
74143516...66
1
0
18
0
1
0
0
0
0
1
1
0
0
1
0
1
0
0
0
1
0
1
0
1
0
0
75
0
0
0
0
..54.62......
43..563.83...
5.6...8515331
6.241..73.112
8477...53.888
.5..773.1.3.1
.7.58426763.5
322.8.8.1.4..
86724..1.523.
4..41.3...386
..43358714513
..65..8.74.22
27.85272236.6
.212..5.73346
565.361.....7
74143516...66
1
0
16
0
0
0
1
1
1
0
0
0
1
1
0
0
1
0
0
0
15
0
1
0
0
0
1
0
0
0
0
0
0
0
1
0
0
1
0
0
1
22
0
0
0
0
0
0
16
66
0
1
0
1
0
1
..54.62.7....
43..563.83...
5.6...8515331
6.241.573.112
8477...53.888
.5.4773.1.381
.7.58426783.5
322.8.8.154..
86724.71.5238
4..41232..386
2843358714513
..65..8.74.22
27.85272236.6
.212..5.73346
565.361.....7
74143512.2.66
0
1
0
0
0
0
0
0
0
0
0
0
0
1
1
0
0
1
1
0
0
21
0
0
1
58
0
1
0
0
1
0
0
0
0
7.54762.7....
43.5563.83...
5.6...8515331
6.2411573.112
8477...53.888
75.4773.1.381
.7.58426783.5
322.8.8.154..
86724.71.5238
4..41232..386
2843358714513
..65..8.74422
27.85272236.6
.212..5.73346
565.361...7.7
74143512.2.66
0
17
56
1
0
22
0
0
1
0
0
0
17
0
0
0
1
54
0
1
0
0
0
0
0
53
0
0
7.54762.7....
43.5563.83.4.
556...8515331
6.2411573.112
8477...53.888
75.4773.1.381
37.58426783.5
322.8.8.154..
86724.71.5238
4..41232..386
2843358714513
..65..8.74422
27.85272236.6
.212..5.73346
565.361...7.7
74143512.2.66
0
0
1
1
0
18
0
0
0
0
0
17
0
52
0
1
1
0
0
0
0
50
0
7354762.7....
43.5563.83.4.
556...8515331
6.24115733112
8477...53.888
75.4773.1.381
37.58426783.5
322.8.8.154..
86724.71.5238
4..41232..386
2843358714513
..65..8.74422
27.85272236.6
.212..5473346
565.361...7.7
74143512.2.66
0
1
22
0
1
0
0
0
0
1
0
0
0
0
18
0
0
0
22
0
0
0
1
0
0
0
0
0
21
0
0
0
1
0
0
46
0
46
0
1
24
0
0
45
0
0
0
0
1
0
1
0
43
0
0
0
0
0
0
0
0
43
0
0
0
1
0
0
0
0
0
0
0
0
0
17
7354762.7....
43.5563.83.4.
5562..8515331
6.24115733112
8477..2536888
75.4773.1.381
37.58426783.5
322.8.8.154..
8672437155238
4..41232..386
2843358714513
..65238574422
27.85272236.6
.212..5473346
565.361...7.7
74143512.2.66
0
0
0
1
1
1
0
0
40
0
1
19
0
0
0
0
0
0
0
0
0
0
0
0
0
0
0
0
0
0
0
0
0
0
0
0
0
0
0
0
0
0
0
1
0
0
0
21
0
0
0
0
0
0
0
38
0
1
37
0
0
0
0
0
1
0
0
0
0
0
0
0
0
0
0
0
36
0
1
0
21
0
0
0
735476247....
43.5563.83.4.
5562.28515331
6.24115733112
8477..2536888
75.4773.1.381
37.58426783.5
322.8.8.154..
8672437155238
4..41232.5386
2843358714513
..65238574422
27.85272236.6
22126.5473346
5654361...787
74143512.2.63
0
0
0
35
0
0
0
0
0
0
0
0
21
0
0
1
0
0
0
17
0
0
0
0
0
0
1
0
0
0
35
0
0
26
0
0
0
0
0
0
0
0
735476247....
43.5563.83.4.
5562.28515331
6.24115733112
8477..2536888
75.4773.1.381
37.58426783.5
322.8.8.154..
8672437155238
4..41232.5386
2843358714513
..65238574422
27.85272236.6
22126.5473346
5654361...787
74143512.2.63
0
0
35
0
0
0
0
0
0
21
0
0
0
0
0
0
0
21
0
0
0
1
1
0
19
