OK 1
1
1
1
1
2
1
1
1
1
1
1
0
1
1
0
1
36
.5.62..
..5....
...3...
1....46
11.2...
.31....
.......
0
1
1
1
1
1
0
0
1
0
1
1
1
1
0
1
26
0
0
0
0
1
1
0
24
.5.62..
5.5...1
...3.6.
1...346
11425..
4316...
.545..4
0
0
1
1
0
1
1
0
0
0
1
1
1
1
1
1
0
0
3
0
0
1
0
0
1
0
9
14
0
1
.526221
5.51..1
5..3.6.
1..6346
11425.1
4316125
.5452.4
1
0
5
0
12
0
0
6
1
0
5
1
0
1
1
0
1
0
1
0
0
1
1
0
0
9
7
0
0
0
0
0
0
0
1
0
0
1
0
1
0
6
1
0
0
0
0
1
0
6
0
0
0
0
1
0
0
0
1
0
0
1
0
0
0
0
0
0
0
0
0
0
0
0
1
0
0
0
0
4
1
0
0
1
0
4
1
0
0
4
0
0
0
0
0
7
