OK 1
1
1
1
1
1
1
2
1
1
1
1
1
1
1
1
88
1
1
1
1
1
6
1
1
1
1
1
0
0
1
8
0
1
9
0
1
1
1
1
73
1
0
1
1
.33..1....
....32.3..
13.1.3.13.
..12......
.1...2..1.
.3..1..1..
.....2...2
.2...1..2.
.2....1.33
..........
1
1
1
0
1
0
1
66
1
1
1
1
63
1
0
0
1
1
0
1
1
0
0
1
0
15
1
0
56
0
1
0
1
18
54
0
1
1
0
18
1
1
0
1
0
1
1
0
0
0
0
19
1
0
0
0
1
0
18
0
45
1
0
1
1
0
0
0
1
0
21
0
0
0
18
0
0
0
0
21
1
0
0
0
0
0
0
0
0
0
1
1
0
0
0
20
39
1
0
0
1
0
0
0
0
0
0
0
0
0
0
0
1
21
0
0
0
1
0
0
1
1
0
0
0
0
0
1
0
0
0
0
0
0
0
23
1
0
0
33
0
0
33
1
1
0
1
23
0
22
0
0
1
0
0
0
1
0
.331313223
..1332.31.
13.133.11.
1.12.2.133
.12..2.31.
23211211.2
23.2.2.2.2
3223.1.122
22.2..1.33
123313.223
0
26
0
0
1
23
27
0
24
0
0
0
0
1
0
0
0
0
.331313223
..1332.31.
13.133.11.
1.12.21133
112..2.31.
23211211.2
23.2.2.2.2
3223.1.122
22.2..1.33
123313.223
0
0
0
1
0
0
1
1
1
0
23
0
0
0
0
1
0
1
0
22
0
1
0
1
.331313223
3.1332.312
13.133.11.
1.12.21133
112..2131.
23211211.2
23.2.212.2
3223.1.122
2232..1.33
1233132223
0
20
0
0
1
0
26
0
0
0
1
0
0
0
1
0
0
0
.331313223
3.1332.312
13.133.11.
1.12.21133
1121.2131.
23211211.2
23.2.212.2
3223.13122
2232..1.33
1233132223
0
0
0
18
0
1
0
0
0
0
0
0
0
0
0
0
0
1
0
0
0
0
0
1
0
0
0
0
0
0
0
0
1
0
0
0
0
1
0
0
0
0
0
0
15
0
0
28
1
0
0
0
0
30
0
1
0
1
0
0
13
