OK 1
1
1
1
1
1
1
2
1
1
0
1
1
1
1
1
1
1
1
0
0
1
1
1
55
1
1
53
1
52
0
0
.......2.
3...2....
....211..
.2.12..3.
2..3...32
.2.3.....
......1..
1...31...
1
1
1
0
1
.....2.2.
3...2....
....211..
.2.12..3.
2..3...32
.2.3.....
.3....1..
1..131..2
1
0
8
1
1
1
44
1
1
..1..2.2.
3...2....
....211..
.2212..3.
2.13...32
.2.3.....
.3....1..
12.131.32
0
1
0
1
9
0
9
0
0
13
41
1
1
1
1
0
1
1
1
0
0
0
0
1
1
1
1
1
1
0
.31..232.
3.3.22.13
..122111.
.2212..3.
2113...32
1223.....
.3...31..
12.131.32
0
1
0
0
0
15
1
1
27
1
0
0
1
.31..232.
3.3.22.13
.2122111.
.2212..3.
2113...32
1223.3...
.3...3131
12.131.32
0
1
0
0
0
0
1
0
0
0
0
0
1
0
0
0
.31..2321
323.22.13
.2122111.
.2212..3.
2113...32
1223.3...
.3...3131
12.131.32
1
0
1
0
0
0
1
1
0
0
0
0
1
0
1
0
0
18
1
0
1
1
0
0
17
1
0
16
0
0
.31..2321
323222113
.2122111.
32212..3.
2113...32
12231323.
13..13131
12.131.32
0
1
15
0
15
0
0
19
0
0
15
0
0
21
15
0
0
19
0
1
0
0
1
0
0
1
0
12
0
0
0
0
0
0
0
0
12
0
0
0
19
12
0
0
0
0
0
0
12
0
0
0
0
0
1
0
0
0
0
1
0
0
0
0
0
0
0
0
1
0
0
0
0
0
0
0
0
0
0
20
0
0
0
0
0
0
0
0
0
25
0
0
0
0
0
0
0
25
11
0
0
0
0
0
0
0
0
0
0
0
0
0
0
0
0
.311.2321
323222113
12122111.
32212..31
2113...32
122313221
131.13131
12.131.32
0
0
0
1
10
0
0
1
9
0
0
1
0
0
25
0
0
0
0
0
0
0
