OK 1
1
1
0
0
1
1
1
1
0
1
....4....
.........
...2....6
.1.4.....
.........
.....1...
....3....
1
1
0
1
1
1
1
1
0
1
1
0
1
0
2
1
46
1
1
0
0
1
0
1
0
0
1
1
6
1
1
1
1
1
0
0
0
1
0
1
0
0
3
1
1
1
0
1
0
2
1
1
1
0
0
1
30
0
0
1
0
0
0
1
0
1
1
3
0
0
9
0
1
0
1
31..442..
44.2..1..
1..2612.6
21.4....6
.4.6566..
43.2111.4
51113.54.
0
1
0
9
24
1
1
0
1
23
0
0
4
0
0
31..442..
44325.1..
1..2612.6
21.4....6
.4.6566..
43.2111.4
51113.54.
0
1
0
0
0
0
0
0
0
0
22
1
1
0
0
0
0
0
0
20
1
0
20
1
31..442..
44325.1..
15.2612.6
21.4..5.6
.456566..
43.2111.4
51113.545
1
31.6442..
44325.1..
15.2612.6
21.4..5.6
.456566..
43.2111.4
51113.545
1
0
17
0
1
7
1
5
1
0
0
0
0
1
0
0
0
0
0
0
0
1
13
13
0
0
0
0
13
0
1
0
0
0
1
0
0
0
1
0
0
0
0
0
1
0
0
0
6
0
1
0
0
0
0
1
0
1
0
0
0
0
0
1
1
1
0
0
0
0
0
0
1
0
7
0
0
0
1
0
0
8
7
0
1
0
0
0
0
0
0
0
0
0
0
