OK 1
1
1
1
1
0
1
1
0
1
1
0
1
1
1
1
1
1
0
0
0
0
1
1
1
1
1
1
0
1
1
1
1
5
0
0
1
4
1
1
1
1
1
0
0
0
1
1
1
1
......4..
....3233.
..36.5..2
......6.1
24.434...
.5.5.5.1.
.6...5...
.511.51.5
......4..
....2....
1
1
1
1
1
6
0
1
0
1
1
0
0
0
0
0
0
1
1
6
1
1
0
1
0
1
0
0
46
1
0
1
45
1
1
0
1
0
0
0
0
43
1
0
43
1
0
0
0
0
1
0
0
0
1
9
0
0
10
0
1
1
0
0
......4..
5.4.3233.
.336.5..2
1....1621
24.434...
.5154531.
3654152..
5511251.5
2...344.3
....2....
0
0
0
1
1
0
10
38
0
0
1
1
0
0
0
0
1
0
0
0
0
1
5
0
1
1
0
0
34
0
0
1
0
9
0
1
1
.....24..
5.423233.
.336.5.62
132..1621
24.434...
.5154531.
36541522.
551125165
2...344.3
....2...4
0
0
11
0
0
0
0
1
1
0
1
0
0
30
0
1
0
1
1
1
0
0
0
0
0
0
0
0
0
1
0
0
0
0
13
1
0
24
0
0
0
0
0
0
0
0
0
1
0
0
1
0
8
0
1
0
1
0
0
0
0
0
1
1
18
0
1
0
1
0
0
0
17
0
0
....224..
524232336
4336.5662
1322.1621
243434...
.51545316
36541122.
551125165
2254344.3
14..211.4
0
0
0
0
1
13
....224..
524232336
4336.5662
1322.1621
243434...
.51545316
36541122.
551125165
2254344.3
14..21134
0
0
0
0
0
0
0
0
0
0
0
0
0
1
0
0
0
....224..
524232336
4336.5662
1322.1621
243434.1.
.51545316
36541122.
551125165
2254344.3
14..21134
0
0
0
0
0
8
0
0
1
0
0
1
13
0
0
13
0
14
0
0
0
0
0
0
0
0
8
13
0
1
0
0
1
0
6
0
0
0
1
0
1
0
1
1..5224.2
524232336
433635662
1322.1621
243434.1.
151545316
365411223
551125165
2254344.3
14..21134
0
9
0
0
1..5224.2
524232336
433635662
1322.1621
243434.1.
151545316
365411223
551125165
2254344.3
14..21134
0
0
9
0
1
0
0
0
0
6
0
0
12
