OK 1
0
0
0
1
0
1
1
1
1
41
1
1
1
1
0
2
1
1
5
0
0
0
1
3
1
0
1
0
0
1
1
1
1
1
31
0
....2
.21.2
.....
.122.
.2..1
12...
.....
1..2.
...1.
1
1
8
1
1
0
0
9
1
1
1
11
....2
.21.2
.....
.122.
.21.1
1221.
.11.2
1..2.
...11
0
0
0
1
1
1
11
1
1
1
1
1
14
1
0
15
0
1
0
1
0
1
0
0
1
0
1
0
0
0
0
0
0
1
0
18
0
0
15
0
0
0
0
0
0
0
1
0
0
0
0
16
0
11
...12
.21.2
.2.2.
.1221
22111
12211
211.2
1112.
22111
0
0
11
...12
.21.2
.2.2.
.1221
22111
12211
211.2
1112.
22111
0
0
0
0
0
0
11
1
1
0
0
0
0
0
1
0
0
0
9
0
9
0
0
0
0
0
0
0
16
1
0
0
21
0
1
1
6
1
0
16
0
0
6
0
11.12
.2112
.2.2.
11221
22111
12211
21112
1112.
22111
0
0
1
