OK 1
1
1
0
..........
..........
..........
..........
......1...
..........
..........
..........
..........
...1......
1
0
1
0
1
1
1
1
1
3
1
1
90
1
1
1
1
1
0
1
1
1
1
1
0
0
1
.......25.
2..3......
.4.2.....3
.......2..
......1..1
3...5....2
..........
......5...
3.5..4..3.
...1..4...
1
1
78
1
1
1
76
1
1
1
1
1
1
.......25.
2.1331....
.4.2.....3
.....2.24.
......1..1
3...3....2
..........
...3..5...
3.5..44.35
...1..4..3
1
1
0
0
0
0
1
0
1
0
.......25.
2.1331...4
54.2.....3
.....2.24.
......1..1
3...3....2
......4...
...3..5...
3.5..44.35
...1..4..3
1
1
0
0
1
1
0
1
1
1
61
1
60
0
0
1
1
.......25.
2.1331...4
5422..4..3
....42.243
..4...13.1
3..53....2
.....14...
...3..5...
3.52.44.35
...1..44.3
0
6
0
1
0
1
1
0
0
0
0
0
1
0
1
0
1
0
0
1
1
0
0
.......25.
2.1331...4
5422..4..3
....42.243
..4...13.1
3..53....2
.....14.5.
41.31.5..2
3352.44.35
.2.1..44.3
0
0
25
0
7
0
1
0
10
0
0
1
0
1
0
0
0
1
1
18
0
0
12
0
1
0
45
0
0
17
1
0
0
10
0
14
1
0
0
0
0
1
1
0
9
0
0
0
0
0
0
0
0
10
0
0
0
15
21
0
15
1
0
0
0
0
0
12
0
15
1
41
1
0
0
0
0
.....1.25.
2.1331...4
5422..4.43
....425243
..44.113.1
33.533.512
.....14.52
41.3145..2
3352.44.35
.2.1..44.3
0
0
1
0
1
0
0
20
0
0
10
1
0
0
0
12
0
1
0
9
1
0
0
0
0
0
0
0
.....1.25.
2.1331...4
5422..4.43
....425243
..44.113.1
33.533.512
.3...14252
41.3145..2
3352.44.35
.2.1..4433
1
0
16
18
1
0
0
0
12
14
0
0
0
0
0
0
1
0
0
0
1
0
0
0
0
0
14
0
1
1
0
0
0
0
0
0
0
0
0
0
1
0
0
1
0
13
0
0
1
17
0
0
0
12
0
13
0
1
0
0
0
12
0
0
1
0
0
0
0
9
0
0
0
0
0
0
0
0
9
0
0
0
1
1
0
0
13
0
0
0
0
0
0
11
1
0
0
14
0
0
0
0
0
0
0
13
0
0
.....14254
2.1331...4
2422..4343
....425243
44444113.1
33.533.512
43...14252
41.3145..2
3352.44.35
22.1..4433
0
0
0
1
0
0
12
0
0
0
0
.....14254
2.1331...4
2422..4343
....425243
44444113.1
33.533.512
43...14252
41.3145.22
3352.44.35
22.1..4433
0
0
15
1
0
0
1
0
0
0
0
1
1
0
0
0
0
0
17
0
0
0
0
.....14254
2.1331...4
2422..4343
....425243
44444113.1
33.533.512
43.5.14252
41.3145.22
3352.44.35
22.1.44433
0
0
0
0
0
1
.....14254
2.1331...4
2422..4343
....425243
44444113.1
33.533.512
43.5.14252
41.3145.22
3352.44.35
22.1.44433
