OK 1
1
1
2
1
1
1
1
0
1
1
0
1
1
1
1
0
1
0
1
0
1
2
1
1
1
1
0
1
..2.1...
32.1...7
...3...1
.5.7....
.....1..
3.......
2.......
..53....
2...14.2
0
1
1
1
1
0
0
1
..2.1...
32.1...7
...3...1
.567....
.....1..
3..51...
2.......
..53...5
2...14.2
1
1
1
0
1
..2.1...
3221...7
...3...1
.567....
.....1..
3.351..3
2.......
..53...5
2..514.2
1
1
4
0
1
1
0
0
1
0
0
1
0
0
1
1
0
1
1
0
1
0
0
35
1
0
0
0
0
35
0
1
34
0
1
0
0
0
1
1
0
0
31
1
0
0
1
0
0
0
0
30
1
0
0
1
28
0
0
28
0
0
0
1
0
0
27
0
0
1
1
26
0
1
0
0
1
1
0
0
1
1
0
1
0
0
1
0
1
0
7
1
1
1
10
1
0
1
1
0
0
0
0
1
0
0
0
10
1
0
0
1.221357
122133.7
7.136131
.567742.
..4.21..
3.3517.3
2.7..47.
6.534425
233514.2
0
0
0
0
0
0
18
0
1
0
17
1
0
1
0
0
0
0
0
0
11
0
0
0
0
0
0
0
0
1
0
0
0
0
16
1.221357
122133.7
7.136131
.567742.
..4.21..
3.3517.3
2.7..474
66534425
233514.2
4
1.221357
122133.7
7.136131
.567742.
..4.21..
3.3517.3
2.7..474
66534425
233514.2
0
0
16
0
0
0
1.221357
122133.7
7.136131
.567742.
..4.21..
3.3517.3
2.7..474
66534425
233514.2
0
0
0
1
15
0
0
0
0
0
0
0
0
0
1
1.221357
122133.7
7.136131
.567742.
..4.21..
3.3517.3
2.74.474
66534425
233514.2
0
0
1
0
15
1
0
1
0
0
0
0
0
1
0
0
0
0
7
0
0
0
0
1
0
0
0
0
12
0
1
0
0
0
0
9
0
0
0
0
0
0
1
