OK 1
1
1
1
1
1
1
1
1
47
1
1
1
0
1
0
0
1
0
1
41
1
0
0
1
39
0
39
1
1
1
0
1
1
1
1
8
1
0
1
31
1
1
0
6
1
0
0
0
10
0
1
...1.3
..1...
2.211.
.332.2
.1.3..
....3.
.23.12
.1.323
3322.2
1
1
0
0
1
12
1
0
0
1
1
...1.3
331...
2.211.
233222
31.3..
....3.
.23312
.1.323
3322.2
0
0
0
0
0
...1.3
331...
2.211.
233222
31.3..
....3.
.23312
.1.323
3322.2
0
1
0
0
20
0
1
1
1
14
0
...1.3
331...
2.211.
233222
31.322
..223.
.23312
.1.323
3322.2
0
...1.3
331...
2.211.
233222
31.322
..223.
.23312
.1.323
3322.2
0
0
0
0
0
0
0
0
17
0
1
16
0
0
0
0
...1.3
331...
2.211.
233222
31.322
1.223.
.23312
.1.323
3322.2
0
1
...1.3
331...
2.211.
233222
31.322
1.223.
.23312
.13323
3322.2
0
0
0
0
0
0
8
0
0
0
0
1
0
17
14
0
0
0
0
0
1
0
8
1
1
1
0
1
8
0
20
0
0
0
0
11
0
11
0
0
0
1
0
1
0
1
10
0
1
0
0
0
0
9
0
0
0
0
0
0
0
9
0
0
22
0
9
