OK 1
1
1
1
1
2
0
0
1
1
0
1
1
1
....1.............
.2................
................1.
..2...............
..................
..2...............
.2................
..................
..................
..1.....2.........
1
1
2
0
1
1
1
0
1
1
1
4
1
1
8
1
1
0
1
163
1
1
6
1
1
7
0
1
1
1
1
..1.1...........3.
.2.............3..
................1.
..2..32...2....1.2
.......3.......3..
212...3...........
.2......3.........
..................
..........1.......
..1.....2....2....
1
0
0
0
1
1
11
1
0
..1.1...........3.
.2.............3..
................11
..2..32.3.2....1.2
.......3.......3..
212...3.2.........
.2......3.........
..................
..........1.......
..1.....21...2....
1
0
1
1
1
1
147
0
1
1
1
1
0
1
0
15
0
1
0
12
141
0
0
1
0
1
0
1
0
1
14
1
1
1
0
1
..1.1...........3.
.2......2......3..
.2.2.....3......11
..2..32.332....1.2
..3.2..3.......3..
212...3.2.........
.2...3..3.........
............33....
.3...2....1...2..1
..1..11.211..2....
43
0
1
1
1
..1.1...........3.
.2......2......3..
.2.2.....3......11
..2..32.332....1.2
..3.2..3.......3..
212...3.2.........
.2...3..3.........
..1.........33....
.3...2....1...2..1
..1..11.211..2...1
0
1
0
1
0
0
15
0
0
0
0
0
0
1
0
131
0
0
131
0
1
0
1
0
0
0
0
1
1
19
1
0
1
20
1
0
17
125
0
0
1
0
1
0
0
18
1
1
..131...........3.
.2..1...2......3..
.2.2.31..3......11
..2..32.332....112
.33.2..33.3....3..
212...3.2.........
.2...3..3.........
..1.........33....
33...2...31...22.1
..1..11.211..2...1
0
0
0
0
1
0
0
0
0
0
1
0
0
0
0
0
0
1
1
0
1
117
0
37
0
0
1
1
0
0
0
0
24
1
1
113
1
0
0
1
..131...3.......3.
.21.1...21.....3..
.2.2.31..3......11
..2..32.332....112
.33.2..33.3....3..
2121..3.21..1.....
.2...3..33......3.
..1.........331...
331..2...31...22.1
..1..11.211..2...1
0
1
1
1
0
1
1
0
0
46
0
42
0
35
42
0
0
1
0
0
0
1
0
34
45
0
1
0
45
0
0
1
0
0
..131...3.......3.
.21.1...21.....3..
.2.2131..3......11
..2..32.332....112
.33.2.133.3....3..
2121..3.21..1.....
.2...3..331.....3.
..1.........331...
331..22..31...22.1
..1..11.211..22..1
0
1
0
0
1
42
1
0
1
1
1
1
0
0
41
0
1
102
0
0
1
0
1
1
0
0
0
1
1
0
0
0
0
0
1
0
0
0
1
0
37
0
1
0
0
0
0
0
95
0
0
0
0
1
0
1
0
0
0
24
1
0
0
0
1
0
0
1
0
1
0
0
0
0
26
1
35
0
0
0
0
1
0
1
1
37
0
1
27
0
0
1
30
1
37
0
0
0
28
0
0
1
0
0
0
1
0
1
0
0
1
1
32
0
35
1
0
0
0
0
1
0
31
0
0
29
0
0
0
0
1
1
0
29
..131..2313....33.
.21.1..221....33..
22121312.3.32..311
..22132.332....112
.33223133.33.2.3..
2121333.21.31.....
32...3..331.3..33.
.112.3......3311..
331..22..31...2211
..1..11.211..22..1
0
0
0
0
0
0
1
1
0
1
1
0
0
1
0
0
0
0
0
0
0
34
0
0
0
0
0
41
1
1
0
..1311.2313...333.
.21.1..221....33..
22121312.3.32..311
..22132.332....112
.33223133.33.2.33.
2121333.21.31.....
32.2.3..331.3..33.
.112.3......3311..
331..22..31...2211
..1..11.211..22..1
0
1
0
0
0
1
0
0
0
0
0
0
0
0
0
1
..1311.2313...333.
.21111.221....33..
22121312.3.32..311
..22132.332....112
.33223133.33.2.33.
2121333.21.31.....
32.2.3..331.33.33.
.112.3......3311..
331..22..31...2211
..1..11.211..22..1
0
0
0
0
0
0
0
32
0
42
0
0
0
1
0
43
0
1
0
0
0
0
43
0
1
0
0
0
0
0
0
1
0
43
0
0
0
0
0
0
1
0
0
38
..131122313...333.
.21111.221....33..
2212131233.32..311
..22132.332....112
.33223133.33.2.33.
2121333.21.31.....
32.2.3..331.33.33.
.112.3.....13311..
331..22..31...2211
..1..11.211..22..1
0
0
0
0
0
0
1
0
0
0
1
0
0
1
0
0
0
0
..131122313...333.
.21111.221....33..
2212131233.32..311
..22132.332....112
233223133.33.2.33.
2121333.21.312....
32.2.3..331.33.33.
.112.3.....13311..
331..22..31...2211
..1..11.211..22..1
0
0
0
33
1
0
0
1
0
0
0
0
0
0
0
0
0
45
1
0
..131122313...333.
.21111.221....333.
2212131233.32..311
..22132.332....112
233223133.33.2.33.
2121333.21.312....
32.2.33.331.33.33.
.112.3.....13311..
331..22..31...2211
..1..11.211..22..1
0
1
0
0
0
0
0
0
0
0
29
0
0
0
1
0
0
0
35
0
0
1
61
0
1
0
0
0
0
0
0
0
0
21
0
0
36
0
0
.2131122313...333.
.21111.221....333.
2212131233.32..311
2222132.332....112
233223133.33.2.33.
2121333.21.312....
32.2.33.331.33.33.
3112.3.....13311..
331..22..31...2211
..1..11.211..22..1
0
0
38
1
1
0
0
0
0
0
0
0
0
36
0
0
1
0
0
.1131122313...333.
.21111.221....333.
2212131233.32..311
2222132.332....112
233223133.33.2.33.
2121333.21.312....
32.2.33.331.33233.
311223.....13311..
331..22..31...2211
..1..11.211..22..1
0
0
21
1
0
0
.1131122313...333.
.21111.221....333.
2212131233.32..311
2222132.332....112
233223133.33.2.33.
2121333.21.312....
32.2.33.331.33233.
311223.....13311..
331..22..31...2211
2.1..11.211..22..1
0
0
38
0
0
0
0
0
0
1
0
0
0
0
0
0
0
0
.1131122313...333.
.21111.221....333.
2212131233.32..311
2222132.332....112
233223133.33.2.33.
2121333.21.312....
32.2.33.331.33233.
311223.....13311..
331..22..31...2211
2.1..11.211..22..1
0
1
1
0
1
0
0
0
0
0
0
0
0
0
54
0
0
0
0
0
1
0
0
0
0
0
0
0
1
0
0
0
0
0
39
0
0
0
41
0
0
0
0
0
1
0
51
0
0
0
0
1
0
0
49
0
42
0
0
0
0
0
0
0
39
0
1
0
0
0
0
0
0
0
21
0
0
0
0
1
0
20
0
0
48
