OK 1
63
1
1
1
1
1
1
1
1
1
1
4
1
1
1
1
0
0
0
1
1
0
1
1
1
1
1
1
0
0
0
1
1
0
0
0
0
0
1
10
1
1
0
1
0
0
0
1
0
1
0
1
1
1
.......
13.1...
.2.2..3
113.2.2
3...233
..1232.
21..222
3..3...
3113...
1
0
0
0
0
1
0
1
1
1
1
1
0
1
26
1
1
0
0
1
1
23
1
.......
13.1..3
22.23.3
113.212
3131233
..1232.
213.222
31.31..
3113...
0
0
0
0
0
0
0
1
16
0
1
0
0
1
0
0
1
20
0
.3.....
13.1..3
22.23.3
113.212
3131233
..1232.
213.222
31.31..
311333.
0
0
0
1
0
20
1
0
0
12
0
1
0
.33....
13.1..3
22.23.3
111.212
3131233
..1232.
213.222
31.31..
311333.
0
0
0
0
1
0
0
18
1
1
19
12
0
0
12
17
1
0
0
0
0
14
0
0
0
0
0
.331...
13.1..3
22323.3
111.212
3131233
..1232.
213.222
32.31..
311333.
0
0
0
19
0
0
1
0
0
0
0
1
0
0
.331...
13.13.3
22323.3
1112212
3131233
..1232.
213.222
32.31..
311333.
0
12
0
0
1
0
0
0
0
0
0
0
0
0
0
0
0
1
13
1
12
0
0
0
12
0
0
0
1
0
1
16
0
0
0
0
0
0
11
0
0
0
0
0
0
0
0
0
0
0
0
0
0
0
0
1
0
0
0
0
0
0
1
