OK 1
1
1
1
1
1
1
138
1
0
1
1
1
1
1
1
1
131
1
1
0
1
1
1
1
1
1
0
5
1
4
1
1
1
0
1
1
117
1
116
0
1
0
1
1
1
0
1
111
1
1
109
1
1
0
1
0
1
12
1
0
1
103
1
1
101
0
1
0
1
1
1
1
1
0
0
13
1
0
0
0
1
0
1
0
0
0
1
0
0
91
..31...2...
..11.411...
.....3.31.3
2......22.4
.2.2..31...
14.2......2
1......3...
.3.2.2..2..
44..3.2.223
.1.3..4....
4221.......
3.2...1....
....14414..
0
0
1
90
1
1
0
..31...2...
..11.411...
.....3.31.3
2......22.4
.2.2..31...
14.2......2
1......3..3
.3.2.2..2..
44..3.2.223
.1.3..4....
4221.......
342...1....
....144144.
1
87
0
..31...2...
..11.411...
.....3.31.3
2......22.4
.2.2..31...
14.2......2
1......3..3
.3.2.2..2..
44..3.2.223
.1.3..4.3..
4221.......
342...1....
....144144.
0
17
87
0
1
1
0
1
0
1
0
1
1
0
1
0
1
1
1
0
0
0
0
1
20
0
1
0
1
0
0
1
1
1
1
0
0
0
1
0
0
0
18
0
0
0
1
0
0
1
0
14
1
0
0
1
0
1
1
0
0
1
0
67
1
0
1
0
1
0
1
1
1
0
1
0
1
0
1
0
60
1
0
0
0
1
0
0
0
0
1
0
0
58
1
0
1
1
0
1
1
0
1
54
1
0
0
27
1
0
0
0
0
0
27
0
0
0
0
0
0
0
0
0
0
1
0
0
0
0
1
1
1
1
0
0
1
0
0
0
1
0
0
1
3.3124.2.3.
..11.411...
42...3331.3
2.312112234
.222..31..2
14.2.241..2
1.44.433..3
.342.22.21.
44.33121223
21.3.1433.2
4221321..2.
342..11333.
3..2144144.
1
0
0
1
30
0
0
0
0
0
43
0
0
0
0
0
1
0
1
0
0
0
42
0
1
27
0
1
1
0
27
0
0
0
40
0
31
0
0
40
0
0
0
0
0
1
0
0
1
0
1
1
0
0
1
0
1
0
0
22
0
0
1
0
0
0
0
0
0
1
1
1
33
0
0
0
0
25
33
0
1
0
1
0
0
0
22
0
0
0
0
0
0
0
28
0
0
1
0
0
0
1
26
0
0
0
30
0
0
30
0
0
0
1
29
0
0
0
0
0
29
0
0
0
0
0
26
29
0
0
0
0
0
0
29
0
0
0
0
3.312442.3.
..11.411..3
422.1333123
24312112234
.222.431..2
14.2.241.22
1.44.433..3
4442.22.213
44433121223
2113.1433.2
42213214.2.
34213113333
3..2144144.
0
0
0
0
0
0
0
0
0
32
20
0
0
0
0
1
1
0
1
0
0
0
0
1
0
0
0
0
1
0
0
0
0
27
1
0
0
0
24
0
24
0
0
0
0
1
0
0
0
0
0
0
0
1
0
0
0
0
0
0
0
0
1
22
0
3.312442.3.
.211.411..3
422.1333123
24312112234
.222.4313.2
14222241.22
1.442433..3
4442.22.213
44433121223
2113.1433.2
42213214.24
34213113333
3..21441441
0
0
0
0
30
0
0
0
0
28
22
1
0
0
1
0
0
0
0
21
0
0
0
3.312442.3.
3211.411..3
422.1333123
24312112234
.222.4313.2
14222241.22
1.442433..3
4442.22.213
44433121223
2113.1433.2
42213214.24
34213113333
3..21441441
0
36
