OK 1
1
1
0
1
1
........
........
........
......3.
...1.3..
........
........
........
........
....1...
0
1
1
1
1
1
1
1
1
1
0
0
1
1
1
1
1
63
1
1
1
1
1
1
1
0
56
3
0
4
1
0
0
0
1
1
0
53
1
0
1
1
50
1
1
11
1
0
0
0
0
1
1
1
11
0
1.62....
5....62.
..1.2116
..51143.
43.1.3.4
....1...
...6....
24.1.3.5
.6.16...
.5.41.55
1
1
1
7
1
6
1
1
0
1
1.62...2
5..1.62.
..1.2116
..51143.
43.1.3.4
.4..1...
..36....
245113.5
.6.16...
.5.41.55
0
38
1
1
0
1
0
0
0
0
1
1
0
1.62...2
5..1.62.
..122116
..51143.
43.1.4.4
.4..1...
..36..4.
24511355
.6.16...
.5.41.55
1
0
0
1
1.62...2
5..1.625
.1122116
..51143.
43.1.4.4
.4..1...
..36..4.
24511355
.6.16...
.5.41.55
0
33
1
0
1
1.62...2
5..1.625
.1122116
..51143.
43.1.4.4
.4..1...
3.36..4.
24511355
.6.16...
.5.41.55
0
1
0
0
1
0
6
0
1
0
0
0
0
0
14
1.62...2
5..1.625
.1122116
..51143.
43.134.4
.4..1...
3.36..4.
24511355
.6.16.4.
.5.41.55
1
0
0
0
0
0
0
0
1
1
27
1
0
0
0
0
0
0
0
1
1
0
25
0
0
0
0
0
9
0
0
0
1
0
0
1
0
0
0
0
0
0
1
0
0
0
0
1
0
7
1
0
22
1
0
0
0
0
0
1362...2
5..1.625
.1122116
..51143.
43.13464
14..13..
3.36214.
24511355
.6.16.41
15.41.55
0
0
0
1
0
0
1
1
0
0
0
0
0
0
0
0
0
1
0
0
0
0
0
8
9
1
0
0
1
0
0
0
19
0
0
19
0
0
1
0
0
0
0
1
0
0
9
0
0
0
1
1
0
0
0
0
8
0
0
1
0
0
0
0
1
0
1
0
15
0
0
0
0
0
9
0
0
1
0
0
0
0
0
0
14
0
0
1
9
0
1
10
0
0
0
0
0
0
0
0
