OK 1
1
1
1
1
0
0
2
41
1
1
1
38
1
1
0
1
0
0
6
35
1.21.....
........2
..2......
..2.....1
...2.2.1.
0
0
1
1
1
8
1.21...2.
.2......2
..2......
1.2.....1
...2.2.1.
1
0
1.21...2.
.2......2
..2......
1.2.1...1
...2.2.1.
0
1
30
1
1
1
0
1
1
25
1
1
0
1
0
1
22
0
0
11
0
0
1
0
0
12
0
0
21
0
1
1
19
1
1
1
0
0
1
0
17
0
0
0
17
1
0
0
0
0
17
0
1
0
0
1
0
0
0
16
0
1
1
1
1
0
0
14
0
1
0
0
0
0
0
0
0
0
0
12
0
1
1
0
0
0
0
0
0
0
0
0
0
0
1
0
0
0
0
0
1
0
19
0
0
0
0
1
0
0
1
0
0
0
8
0
19
1
0
0
0
0
8
0
1
0
0
0
12212212.
1221222.2
..2.11111
112.12111
1122.2212
1
0
0
0
0
20
1
0
0
