OK 1
0
1
125
1
1
0
1
1
1
1
1
0
1
1
1
115
1
1
0
1
1
3
1
1
109
0
1
1
0
1
1
1
0
1
1
1
1
0
0
1
4
0
5
1
98
1
1
1
0
1
0
94
0
0
1
1
1
91
1
1
1
0
0
88
0
1
0
1
0
86
1
1
1
.....5.7.24.3.
5.4..52.5..46.
..7.7....32..5
167.2.........
41.35..3......
4.5..6.21.....
7.3.......56..
......4.7..16.
.2...3..4.....
1
1
1
0
0
1
1
79
1
7
1
1
0
1
75
0
1
0
5
0
0
0
1
1
1
0
1
0
0
0
0
1
0
0
1
0
0
1
0
1
0
1
0
0
11
0
9
0
0
0
0
0
1
1
0
0
1
0
65
0
1
7
64
0
1
1
0
0
11
0
0
1
1
9
0
1
1
1
10
0
1
1
8
1
..6.55.7.24.33
5.4.652.54646.
7.7.7...232..5
167.2.3.2.4...
41435..36..5..
445.16.21..3.4
763.....2.563.
..142.4.7..16.
723..3.7416.1.
0
0
0
0
0
0
1
0
1
53
1
0
10
0
0
11
0
0
15
0
0
1
0
1
50
0
0
50
11
0
0
1
0
0
10
0
0
0
1
0
1
0
0
0
1
0
1
0
1
1
0
0
0
15
0
1
0
1
13
0
1
0
0
11
0
0
11
42
12
0
0
11
0
1
0
0
0
0
0
0
41
0
0
0
12
0
0
14
0
0
0
11
0
0
0
0
0
0
0
0
0
0
1
13
0
0
1
0
0
1
0
1
0
0
13
10
10
..6.55.7.24.33
5.476527546467
767.7.5.232.65
16722.3.2.4.2.
41435..36..51.
445.16521..314
7637....2.563.
.5142.4471.16.
723.13.7416.1.
0
38
0
0
38
0
0
0
1
0
0
0
0
13
..6.55.7.24.33
5.476527546467
767.7.5.232.65
16722.3.2.4.25
41435..36..51.
445.16521..314
7637....2.563.
.5142.4471.16.
723.13.7416.1.
0
0
0
0
0
0
0
0
0
0
0
1
0
0
0
0
0
10
..6.55.7.24.33
5.476527546467
767.7.5.232.65
16722.3.2.4.25
41435..36..51.
445.16521..314
7637....2.563.
.5142.4471.16.
723.13.7416.1.
0
0
1
0
0
0
0
0
0
0
0
1
0
1
0
0
0
0
0
14
16
0
0
0
0
0
0
1
0
0
0
0
12
0
0
14
0
0
0
..6.55.7224.33
5.476527546467
767.7.5.232.65
1672223.2.4.25
41435..36..51.
445.16521..314
7637..1.2.563.
.5142.4471.16.
723.13.7416.1.
0
11
1
0
0
1
0
0
0
0
0
9
0
0
0
1
0
0
0
0
0
14
12
0
0
13
0
0
0
0
0
0
0
0
1
0
0
1
0
0
0
0
0
0
0
0
..6.55.7224.33
5.476527546467
767.7.5.232.65
1672223.2.4.25
41435..36..51.
445216531..314
7637..1.2.563.
.5142.4471.16.
723.13.7416.1.
0
1
0
0
0
0
0
0
0
0
13
0
0
0
0
32
0
0
0
..6.55.7224.33
5.476527546467
767.7.5.232.65
1672223.2.4325
41435..36..51.
445216531..314
7637..1.2.563.
.5142.4471.16.
723.13.7416.1.
0
0
0
0
8
0
0
0
0
0
0
0
1
0
0
0
0
0
0
0
0
0
0
0
0
