OK 1
1
1
1
1
1
1
3
1
1
1
1
1
3
1
1
1
1
1
........2...........
....................
....................
..2.2.......1......3
....................
....................
....................
....................
.........1..........
.........3..........
.2..................
....................
...............3....
....................
.1.............23...
.........3..........
.1....1.............
1
1
1
1
1
1
0
319
0
1
1
1
1
1
314
1
1
0
1
0
1
1
1
1
11
1
1
........2..3......1.
.........2..........
....................
..2.2..3....1......3
........2...........
....................
...........1.23.....
..2.................
.........1..........
....1....3..........
.23.........3...1...
.2..................
....2..........3....
....................
.1.........1...23...
.........3.3........
.1....11............
1
12
1
0
1
304
1
1
0
0
1
1
13
301
1
1
1
0
0
1
........2..3......1.
.........2..........
......3.............
..2.2..3.1..1......3
........2...........
................1...
...........1.23.....
..2.....1.....3.....
..2......1..........
....1....3..........
.23.........3...1...
.2..2...............
....2..........3....
......2.............
.1.........1...23...
.........3.3........
.1....11.........3..
1
........2..3......1.
.........2..........
......3.............
..2.2..3.1..1......3
........2...........
................1...
...........1.23.....
..2.....1.....3.....
..2......1..........
....1....3..........
.23.........3...1...
.2..2......2........
....2..........3....
......2.............
.1.........1...23...
.........3.3........
.1....11.........3..
1
1
1
1
1
1
1
1
1
1
1
1
0
1
1
1
1
1
1
1
1
1
1
1
23
1
1
1
1
1
1
1
0
1
1
1
1
0
1
28
1
1
1
0
0
0
24
1
1
1
1
1
31
1
1
1
1
32
1
1
0
0
1
0
0
1
0
28
1
1
1
1
1
1
1
0
1
0
0
1
1
0
1
37
0
0
1
1
1
1
1
0
1
0
0
0
1
0
0
39
0
1
37
1
0
1
40
1
1
0
0
1
41
224
1
1
39
0
0
1
0
1
0
39
0
1
0
1
1
219
0
1
1
0
1
39
216
0
216
0
1
42
0
....33..21.3..3...1.
21......32.1231.1...
....133......3.133..
..2.2.33.11.12..2..3
.23..1.22.3.3....1..
................111.
..23.......1.23.....
1.2.....1.1...3.1...
..2...3.21.3........
...213.22323..33....
.23......2..3.2.11..
32..2.1...32...2.2..
....223..1.3...3....
...1112.3..122..3..2
.1..1..2...1...23...
2.1.2...23.32...2..3
.11..211.....2.323..
1
0
....33..21.3..3...1.
21......32.1231.1...
....133......3.133..
..2.2.33.11.12..2..3
.23..1.22.3.3....1..
................111.
..23.......1.23.....
1.2.....1.1...3.1...
..2...3.21.3........
...213.223232.33....
.23......2..3.2.11..
32..2.1...32...2.2..
....223..1.3...3....
...1112.3..122..3..2
.1..1..2...1...23...
2.1.2...23.32...2..3
.11..211.....2.323..
0
1
0
0
1
....33..21.3..3...1.
21......32.1231.1...
....133......3.133..
..2.2.33.11.12..2..3
.23..1.22.3.3....1..
................111.
..23.......1.23.....
1.2.....1.1...3.1...
..2...3.21.3........
...213.223232.33....
.23......2..3.2.11..
32..231...32...2.2..
....223..1.3...3....
...1112.3..122..3..2
.1..1..2...1...23...
2.1.2...23.32...2..3
.11..211.....2.323..
1
0
0
1
1
0
210
0
0
0
1
0
40
0
1
1
0
0
0
0
1
0
1
1
204
1
0
42
1
0
0
0
0
0
1
1
0
1
50
1
1
1
0
1
1
1
50
0
1
0
1
1
1
190
1
1
1
1
52
0
0
0
0
0
1
53
1
0
1
54
0
0
1
1
1
0
3...33.121232.3...1.
21......3221231.1...
....133..32..33133..
.22.2.33.11112..2..3
.23331.2213.3...21..
................111.
2.23.......1.23.....
1.2.3...1.11..3.1...
..2.1.3.21.3.2..3...
...213.223232.33....
.23.1....2..3.2.11..
32..231...32.3.2.2..
1...223..1.3...3....
.1.1112.32.122..3..2
.12.1..2...1...23...
211.2...23232.3.2..3
3111.211....22.323..
0
0
1
58
0
1
1
0
0
0
178
1
0
0
0
55
0
0
0
1
3..333.121232.3...1.
21......3221231.1...
....133..32..33133..
.22.2.33.11112..2..3
.23331.221323...21..
................111.
2.23.......1.23.....
1.2.3...1.11..3.13..
..2.1.3.21.332..3...
...213.223232.33....
.23.1....2..3.2.11..
32..231...32.3.2.2..
1...223..1.3...3....
.1.1112.32.122..3..2
.12.1..2...1...23...
211.2...23232.3.2..3
3111.211....22.323..
0
0
0
1
59
0
1
175
1
174
3..333.121232.3...1.
21......3221231.1...
....133..32..33133..
.22.2233.11112..2..3
.23331.221323...21..
................111.
2.23....1..1.23.....
1.2.3...1.11..3.13..
..2.1.3.21.332..3...
...213.223232.33....
.23.1....2..3.2.11..
32..231...32.3.2.2..
1...223..1.3...3....
.1.1112.32.122..3..2
.12.1..2...1...23...
211.2...23232.3.2..3
3111.2112...22.323..
0
3..333.121232.3...1.
21......3221231.1...
....133..32..33133..
.22.2233.11112..2..3
.23331.221323...21..
................111.
2.23....1..1.23.....
1.2.3...1.11..3.13..
..2.1.3.21.332..3...
...213.223232.33....
.23.1....2..3.2.11..
32..231...32.3.2.2..
1...223..1.3...3....
.1.1112.32.122..3..2
.12.1..2...1...23...
211.2...23232.3.2..3
3111.2112...22.323..
0
0
1
0
1
0
1
62
1
170
0
1
52
169
1
0
0
168
32.333.121232.3...1.
21......3221231.1...
....133..32..33133..
.22.2233.11112..2..3
.23331.221323...21..
................111.
2.23....1..1.23.....
1.2.3...1.11..3.13..
..2.1.3.21.3323.3...
...213.223232.33....
.23.1....2..3.2.11..
32..231...32.3.2.2..
1...223..1.3...3....
.1.1112.32.122..3..2
.1211..2.2.1..223...
211.2...23232.3.2..3
3111.2112..122.323..
0
1
0
1
1
0
1
1
0
1
1
1
0
1
0
0
61
160
0
55
1
0
0
0
55
1
1
0
0
1
0
0
0
1
1
0
1
0
0
56
0
0
1
1
0
56
0
0
0
32.333.121232.3...1.
21......3221231.1...
.2..133.332..33133..
.22.2233.11112..2..3
.23331.221323..321..
............3.2.111.
2123....1..1.23.....
1.2.3..31.11..3.13..
1.2.1.3.21.3323.3...
2..213.223232.33....
.23.1....2..3.2.11..
32..231...32.3.2.2..
1...223..113...3....
.1.1112.32.122.33..2
.1211..2.2.1..223...
211.2.2223232.3.2..3
3111.21121.122.323..
0
0
32.333.121232.3...1.
21......3221231.1...
.2..133.332..33133..
.22.2233.11112..2..3
.23331.221323..321..
............3.2.111.
2123....1..1.23.....
1.2.3..31.11..3.13..
1.2.1.3.21.3323.3...
2..213.223232.33....
.23.1....2..3.2.11..
32..231...32.3.2.2..
1...223..113...3....
.1.1112.32.122.33..2
.1211..2.2.1..223...
211.2.2223232.3.2..3
3111.21121.122.323..
0
0
56
154
0
0
0
154
1
1
0
32.333.121232.3...1.
21......3221231.1...
.2..133.332..33133..
.22.2233.111122.2..3
.23331.221323..321..
............3.2.111.
2123....1..1.23.....
1.2.3..31.11..3.13..
1.2.1.3.21.3323.3...
2..213.223232.33....
.23.1....2..3.2.11..
32..231..132.3.2.2..
1...223..113...3....
.1.1112.32.122.33..2
.1211..2.2.1..223...
211.2.2223232.3.2..3
3111.21121.122.323..
0
0
0
0
0
0
0
0
69
1
1
0
0
0
0
1
0
58
1
0
70
32.333.121232.3...1.
21......3221231.1...
.2..133.332..33133..
.22.2233.111122.2..3
.23331.221323..321..
............3.2.111.
2123....1..1.23.....
1.2.3..31.112.3.13..
1.2.1.3.21.3323.3...
2..213.223232.33....
.23.1....2..3.2.11..
32..231..13213.2.2..
1...223.3113...3....
.1.1112.32.122.33..2
.1211..2.2.1..223...
211.2.2223232.3.2..3
3111.21121.122.323..
0
1
1
32.333.121232.3...1.
21......3221231.1...
.2..133.332..33133..
.22.2233.11112222..3
.23331.221323..321..
............3.2.111.
2123....1..1.23.....
1.2.3..31.112.3.13..
112.1.3.21.3323.3...
2..213.223232.33....
.23.1....2..3.2.11..
32..231..13213.2.2..
1...223.3113...3....
.1.1112.32.122.33..2
.1211..2.2.1..223...
211.2.2223232.3.2..3
3111.21121.122.323..
0
59
0
1
0
0
1
0
1
1
0
0
0
0
0
0
60
0
0
1
64
0
1
32.333.121232.31.21.
21......3221231.1...
.2..133.332..33133..
.22.2233.11112222..3
.23331.221323..321..
............3.2.111.
2123....1..1.23.....
1.2.3..31.112.3.13..
112.1.3.21.3323.3...
2..213.223232.33....
.23.1....2..312.11..
32..231..13213.2.22.
1...223.3113.3.3....
.1.1112.32.122.33..2
.1211..2.2.1..223...
211.2.2223232.3.2..3
3111.21121.122.323..
0
0
0
0
142
1
0
1
0
0
64
0
0
1
1
0
0
1
0
63
1
0
1
137
63
137
32.333.121232.31.21.
21......3221231.1...
.2..133.332..33133..
.22.2233.11112222..3
.23331.221323..321..
..........2.3.21111.
2123....1..1.23.....
1.2.3..312112.3.13..
112.1.3.21.3323.3...
2..213.223232.33....
.23.1.1..2..312211..
32..231..13213.2.22.
1...223.3113.3.3....
.1.1112.32.122.33..2
.1211..2.2.1..223...
211.2.2223232.3.2..3
3111.21121.122.323..
1
0
32.333.121232.31.21.
21......322123121...
.2..133.332..33133..
.22.2233.11112222..3
.23331.221323..321..
..........2.3.21111.
2123....1..1.23.....
1.2.3..312112.3.13..
112.1.3.21.3323.3...
2..213.223232.33....
.23.1.1..2..312211..
32..231..13213.2.22.
1...223.3113.3.3....
.1.1112.32.122.33..2
.1211..2.2.1..223...
211.2.2223232.3.2..3
3111.21121.122.323..
0
136
0
1
0
0
0
1
0
0
1
0
0
133
1
0
1
65
1
0
1
1
0
1
0
1
1
1
0
0
1
1
84
0
0
66
0
1
0
0
0
1
0
1
0
0
0
1
0
0
0
0
0
1
0
122
0
0
0
1
0
0
85
0
68
0
0
0
0
0
0
0
122
0
1
0
0
0
0
1
0
0
86
32.333.121232.31.21.
21...3..322123121...
22..1331332..33133..
.22.2233.11112222..3
323331.221323.2321..
..........223.21111.
2123....12.1.23.....
1.2.3..312112.3.13..
112.1.3.21.3323.3...
2..213.223232.333...
.2331.12.2.1312211..
32..231..13213.2.22.
12..223.3113.3.3.2..
.1.1112.32.122.33..2
.1211..2.2.1..2232..
211.2.2223232.332..3
3111.211212122.323..
0
120
0
1
0
0
0
0
32.333.121232.31.21.
21...3..322123121...
22..1331332..33133..
.22.2233.11112222..3
323331.221323.2321..
..........223.21111.
2123....12.1.23.....
1.2.3..312112.3.13..
112.1.3.21.3323.3...
2..213.223232.333...
.2331.12.2.1312211..
32..231..13213.2.22.
12..223.3113.3.3.2..
.1.1112.32.122.33..2
.1211..222.1..2232..
211.2.2223232.332..3
3111.211212122.323..
0
0
0
0
87
0
32.333.121232.31.21.
21...3..322123121...
22..1331332..33133..
.22.2233.11112222..3
323331.221323.2321..
..........223.21111.
2123....12.1.23.....
1.2.3..312112.3.13..
112.1.3.21.3323.3...
2..213.223232.333...
.2331.12.2.1312211..
32..231..13213.2.22.
12..223.3113.3.3.2..
.1.1112.32.122.33..2
.1211..222.1..2232..
211.2.2223232.332..3
3111.211212122.323..
0
1
0
0
0
0
70
1
0
0
0
0
1
0
0
118
0
1
70
0
0
87
0
118
1
1
0
0
117
0
0
0
0
0
0
70
1
0
0
1
0
1
1
0
0
1
114
0
0
0
0
114
1
0
0
1
0
0
0
0
0
0
0
32.333.121232.31.21.
21...3..322123121...
22..13313322.33133..
.22.2233.11112222..3
323331.221323.2321..
....1.....223.21111.
2123....12.1.23.....
1.2.3..312112.3.13..
112.1.3321.3323.3...
2..213.223232.333...
.2331.1232.1312211..
32..231..13213.2.22.
121.22333113.3.3.2..
.1.1112.32.122.33..2
.1211..222.1..2232..
211.2.2223232.332..3
3111.211212122.323..
0
0
1
0
0
0
1
112
0
0
0
0
0
0
0
1
0
0
73
111
0
1
90
110
0
0
0
1
0
0
1
68
0
0
0
1
0
0
1
0
1
0
0
0
0
1
0
0
1
0
1
0
0
1
0
0
1
0
0
103
0
0
0
0
1
0
1
0
1
0
1
0
68
0
0
0
1
0
0
0
0
100
1
0
0
0
0
0
1
0
1
94
1
80
0
1
0
1
0
1
93
0
71
1
0
0
0
71
0
0
0
0
0
0
1
1
0
0
0
0
0
0
90
0
1
0
1
1
0
1
0
0
0
0
0
0
86
0
0
98
0
0
0
0
0
0
0
0
0
32.3332121232331321.
21..23..3221231213..
22..13313322.33133..
.22.2233.11112222..3
323331.221323.23213.
...21..1..223.21111.
2123....12.1.233...2
1.223..312112.3.13..
11211.3321.3323.3..3
2..2132223232.333...
.233121232313122112.
321.231.313213.2.22.
121.22333113.3.1.2..
21.1112.32.122233..2
.1211..222.1.32232.3
211.2122232321332..3
3111.21123212213231.
0
1
0
0
0
0
0
0
0
0
85
0
1
0
0
0
0
0
0
0
0
0
0
0
0
0
0
0
0
84
0
1
0
0
0
0
0
0
0
0
0
0
0
0
1
0
1
81
0
0
1
0
0
0
0
0
80
0
0
0
1
1
78
0
0
0
0
0
78
0
0
1
77
0
1
76
1
32.3332121232331321.
21..23..3221231213.1
22..13313322.33133..
.22.2233.111122221.3
3233313221323123213.
1..211.1..223.21111.
2123....12.1.233...2
1.223..312112.3.13..
11211.3321.332333..3
2..2132223232.333...
32331212323131221122
3213231.313213.2.22.
121.22333113.3.1.22.
21.1112.32.122233..2
.1211..222.1.32232.3
211.2122232321332..3
3111.21123212213231.
0
0
0
0
0
0
0
0
0
0
0
0
75
0
0
0
0
0
0
0
0
0
0
0
32.3332121232331321.
21..23..3221231213.1
22..13313322.33133..
.22.2233.111122221.3
3233313221323123213.
1..211.1..223.21111.
2123....12.1.233...2
1.223..312112.3.13..
11211.3321.332333..3
2..2132223232.333...
32331212323131221122
3213231.313213.2.22.
121.22333113.3.1.22.
21.1112.32.122233..2
.1211..222.1.32232.3
211.2122232321332..3
3111.21123212213231.
0
0
75
0
0
0
0
0
32.3332121232331321.
21..23..3221231213.1
22..13313322.33133..
.22.2233.111122221.3
3233313221323123213.
1..211.1..223.21111.
2123....12.1.233...2
1.223..312112.3.13..
11211.3321.332333..3
2..2132223232.333...
32331212323131221122
3213231.313213.2.22.
121.22333113.3.1.22.
21.1112.32.122233..2
.1211..222.1.32232.3
211.2122232321332..3
3111.21123212213231.
0
32.3332121232331321.
21..23..3221231213.1
22..13313322.33133..
.22.2233.111122221.3
3233313221323123213.
1..211.1..223.21111.
2123....12.1.233...2
1.223..312112.3.13..
11211.3321.332333..3
2..2132223232.333...
32331212323131221122
3213231.313213.2.22.
121.22333113.3.1.22.
21.1112.32.122233..2
.1211..222.1.32232.3
211.2122232321332..3
3111.21123212213231.
0
0
0
0
0
0
0
0
0
75
0
0
0
0
0
0
0
0
0
0
0
75
0
0
1
0
0
0
0
74
0
0
0
0
74
0
0
86
0
0
0
0
1
1
72
0
0
0
0
86
1
0
0
71
0
0
0
0
0
0
1
0
0
0
0
0
1
0
0
69
0
0
69
0
69
0
0
0
0
0
0
0
0
0
0
0
0
0
32.3332121232331321.
21..23..3221231213.1
222.13313322.33133..
.2212233.111122221.3
3233313221323123213.
1..211.1..223.21111.
2123....12.1.2331..2
1.223..312112.3.13..
11211.3321.332333..3
2..2132223232.333...
32331212323131221122
3213231.313213.2.22.
121.22333113.3.1.22.
21.1112.32.122233..2
.121131222.1.3223213
211.2122232321332..3
3111.21123212213231.
0
0
0
0
0
0
101
69
0
0
0
0
0
0
87
0
0
0
0
1
0
0
0
1
0
0
0
0
0
0
0
0
0
0
0
0
67
0
0
0
0
83
0
0
67
0
0
0
102
0
0
1
84
0
0
0
0
0
0
32.3332121232331321.
21..23..3221231213.1
222.13313322.33133..
.2212233.111122221.3
3233313221323123213.
1..21121..223.21111.
2123....1211.2331..2
1.223..312112.3.13..
11211.3321.332333..3
2..2132223232.333...
32331212323131221122
3213231.313213.2.22.
121.22333113.3.1.22.
21.1112.32.122233..2
.121131222.1.3223213
211.2122232321332..3
3111321123212213231.
0
0
0
0
0
0
0
0
66
0
66
0
0
0
0
1
0
65
0
84
0
0
88
0
65
0
65
0
0
0
0
0
0
0
0
0
0
0
0
0
0
1
89
0
84
0
0
0
64
1
0
1
62
0
0
0
0
0
0
0
0
0
0
0
62
0
1
0
0
0
0
0
0
1
0
0
0
60
0
0
0
0
0
0
0
0
0
0
0
0
0
90
0
60
0
105
60
0
0
90
0
0
0
0
0
0
0
0
0
0
0
0
0
0
60
0
0
0
0
0
0
0
1
59
0
0
32.3332121232331321.
21..23..3221231213.1
222113313322.33133..
.2212233.11112222123
32333132213231232132
13.21121..223.21111.
2123....1211.2331..2
13223..312112.3.13..
11211.3321.332333..3
2..2132223232.333...
32331212323131221122
3213231.313213.2.22.
121.22333113.3.1222.
21.1112232.122233..2
.121131222.1.3223213
211.2122232321332..3
3111321123212213231.
0
0
59
0
0
1
0
0
