OK 1
1
1
.......
.......
..1....
....1..
.......
.......
.......
1
1
0
1
1
1
1
1
0
1
6
0
0
1
0
.2...12
.......
..1..1.
..1.1..
2..1...
.......
....2..
1
1
1
1
1
1
10
0
1
7
1
11
1
1
0
1
0
22..112
.....2.
..1.11.
221.1..
2..1.1.
.....1.
1...221
1
10
0
1
1
1
0
1
13
0
0
0
0
13
23
1
0
0
0
1
0
0
14
1
0
0
1
0
0
1
0
1
0
18
1
1
18
15
1
0
1
0
0
0
0
1
15
0
0
0
0
0
15
1
1
19
0
13
0
0
0
0
0
0
13
0
0
1
0
0
0
0
0
0
0
0
0
0
0
0
0
0
0
0
0
0
0
0
0
1
12
0
0
0
0
0
0
1
0
0
1
0
0
0
0
0
20
0
0
11
1
0
0
0
0
21
0
0
0
0
21
0
0
0
0
10
0
0
0
0
0
1
0
0
0
0
9
0
