OK 1
1
1
0
1
1
1
1
44
0
1
0
1
.....
.....
.....
..1.1
..2..
....4
..4..
..1..
.4...
...5.
1
1
1
1
4
0
1
1
1
1
34
0
1
2
0
10
1
0
0
0
.....
.....
...23
..1.1
.22..
...54
..41.
.11..
.4.34
2.55.
0
1
0
0
9
.....
.....
...23
..1.1
.22..
..554
..41.
.11..
.4.34
2.55.
0
1
0
0
1
0
0
1
8
0
29
0
0
1
1
1
0
0
0
0
0
0
1
0
1
0
0
1
0
0
0
7
0
4
0
0
23
0
0
1
0
0
0
0
0
1
0
6
0
1
8
1
0
0
0
1
0
0
0
4
1
0
0
1
0
1
0
0
0
...1.
5....
5.223
.21.1
22222
.5554
.3411
.111.
.4.34
23555
0
0
0
1
...1.
5....
5.223
.21.1
22222
25554
.3411
.111.
.4.34
23555
0
0
1
0
0
0
0
0
0
1
0
0
5
0
1
0
0
1
0
0
1
0
1
0
0
4
0
3
0
0
0
0
9
7
0
1
0
0
0
1
0
0
0
0
1
0
0
0
