OK 1
1
1
43
1
1
0
1
1
0
40
1
1
0
0
39
1
1
0
1
2
.....
.....
...1.
.....
.1...
....1
.2.2.
..111
.....
0
1
1
1
0
.....
.....
...1.
.....
112..
....1
.2.2.
..111
.....
0
1
0
1
1
1
1
0
0
1
1
1
10
0
7
1
1
1
25
0
12
0
0
1
0
0
1
1
22
1
1
1
0
20
0
1
0
0
0
0
16
.12.2
2....
..21.
121..
112..
...11
.2122
.1111
112.1
0
10
0
1
0
0
1
0
1
17
1
0
17
0
1
1
0
0
1
0
0
0
13
0
0
0
14
0
0
1
0
0
1
1
0
0
0
1
0
0
0
.1212
22..2
..21.
121..
11222
2..11
12122
21111
11221
0
18
0
1
0
9
1
0
0
0
0
1
0
0
0
1
20
0
0
0
0
0
0
0
0
0
20
0
1
1
0
1
0
0
0
1
0
0
19
1
0
0
5
21212
22122
..21.
121.2
11222
22.11
12122
21111
11221
0
0
0
21
0
0
0
0
1
1
0
0
0
0
0
0
