OK 1
1
1
1
0
1
1
1
1
1
1
0
1
1
0
1
1
0
1
0
1
1
0
36
1
0
1
1
1
1
1
0
1
5
31
0
1
0
1
0
1
6
0
1.2....1
..2..3..
.3..2...
1.2.2223
.12.1...
13...3.3
1
1
1
1
1
0
0
0
0
1
0
0
0
1
1
1
1
0
0
19
0
0
0
0
1
13
0
1.23...1
.22..313
13222...
1.2.2223
.12.12.1
13..23.3
0
0
0
0
1.23...1
.22..313
13222...
1.2.2223
.12.12.1
13..23.3
0
1
1
16
0
1
1
0
0
0
0
0
1
7
1
0
0
0
0
14
0
0
0
0
1
1
0
0
0
11
0
0
0
0
0
0
0
0
0
0
0
0
0
1
0
12
0
0
0
0
0
0
1
0
0
0
0
1
1
0
0
0
0
0
0
0
0
0
0
0
0
0
0
1
0
0
0
0
0
0
0
0
4
0
1
0
1
0
0
17
0
