OK 1
1
1
1
1
1
0
1
1
1
1
1
1
1
79
1
1
1
0
1
1
1
0
2
0
1
1
1
1
1
1
1
26.3.....4
.124.....1
.1.33...5.
...4.6....
..........
...6......
.1.3......
....2....3
.5.....6..
1
1
6
67
1
0
0
1
1
1
1
1
5
0
1
1
0
3
60
1
1
1
0
0
1
1
1
1
0
1
0
0
0
0
52
0
0
1
0
0
21
1
0
1
0
1
26.34....4
.124.615.1
.1433...53
6..4.6..6.
.......14.
.2.6..4..3
.1.3.3...6
....2.1..3
552.6.36..
1
1
0
0
0
26.34....4
.124.61541
.1433...53
6..4.6..64
.......14.
.2.6..4..3
.1.3.3...6
....2.1..3
552.6.36..
0
1
1
0
0
1
0
0
0
1
1
0
1
0
0
10
0
0
0
0
42
1
0
11
0
1
0
15
0
1
0
1
1
0
12
0
0
1
0
0
0
37
0
0
1
1
1
0
262343...4
.124.61541
51433...53
664466..64
...2.6.14.
12.6..4..3
.1.3.3...6
.1..2.1..3
55266.361.
0
1
0
1
0
1
0
0
0
33
0
0
1
1
0
1
1
1
1
27
0
13
0
0
0
0
0
0
1
1
0
262343.254
5124.61541
51433...53
664466..64
..5266114.
12.64.4..3
.1.3.3..26
.1..2.1523
55266.361.
1
0
1
0
0
0
1
1
1
0
0
0
0
0
0
11
2623435254
5124461541
5143321.53
6644665.64
..5266114.
12.64.4..3
.1.3.3..26
.1..2.1523
55266.361.
0
0
1
6
0
0
0
0
0
0
0
6
0
5
0
1
0
0
0
0
2623435254
5124461541
5143321.53
6644665.64
..5266114.
12.64.4..3
.1.3.3.426
.1..2.1523
552661361.
0
1
0
0
0
0
1
0
0
0
0
1
2623435254
5124461541
5143321.53
6644665.64
..5266114.
12.64.44.3
.113.34426
.1..2.1523
552661361.
0
5
0
0
1
0
0
0
0
1
0
0
0
0
0
15
0
0
0
0
0
0
0
10
0
0
0
14
0
0
0
0
1
16
0
0
2623435254
5124461541
5143321.53
6644665.64
..52661144
12.64.44.3
.113234426
.1..2.1523
552661361.
0
0
0
1
0
0
12
0
0
9
0
1
0
0
11
0
0
0
1
0
1
0
0
0
0
0
0
1
1
0
0
1
0
0
0
10
0
0
0
0
1
11
2
0
0
16
0
1
0
0
14
