OK 1
1
1
1
1
0
1
1
0
1
0
1
1
0
0
1
1
1
1
0
1
1
0
0
1
1
7
1
1
1
1
0
1
...213.
.......
.3.13.1
..22...
.121.12
22...13
.......
.2.2...
1
1
0
1
1
1
0
7
1
1
0
29
0
1
0
0
0
0
8
0
1
0
1
1
0
1
1
0
0
25
...2133
.1.3.2.
33.13.1
..22...
.121.12
222..13
..3....
32122.2
0
0
...2133
.1.3.2.
33.13.1
..22...
.121.12
222..13
..3....
32122.2
1
10
0
0
1
0
1
0
1
1
0
0
10
21
1
0
0
0
1
0
11
0
0
0
0
19
1
0
17
0
0
1
10
1
0
0
0
0
0
17
1
0
0
0
0
1
1
0
0
15
0
0
17
...2133
11.3222
33133.1
..222.1
.121.12
221..13
.231.23
32122.2
0
0
0
0
1
0
17
12
1
0
0
0
0
0
0
0
0
0
0
1
0
0
1
0
0
12
0
0
0
0
0
0
0
0
0
0
0
0
11
0
0
...2133
1123222
3313311
..222.1
.121.12
221..13
3231223
32122.2
0
0
0
0
0
1
20
10
1
0
0
1
9
0
9
0
0
0
1
0
0
0
0
0
16
.2.2133
1123222
3313311
..222.1
1121.12
2211.13
3231223
32122.2
0
0
.2.2133
1123222
3313311
..222.1
1121.12
2211.13
3231223
32122.2
0
0
8
0
0
