OK 1
1
1
1
1
0
1
1
0
1
1
1
1
0
1
0
2
0
0
0
0
1
3
0
1
35
0
1
1
1
0
0
1
1
0
0
2
0
0
2
1
0
0
1
0
6
29
1
1
12.2.1..
2.44523.
...3....
.13..5..
.1545...
2.21....
0
1
5
0
0
0
0
0
1
12.2.1..
2.44523.
...3....
.13..5..
.1545..5
2321....
0
1
0
0
0
1
23
0
0
23
0
0
0
5
1
0
0
0
0
0
1
1
0
1
0
1
1
1
1
0
1
0
1
1
1
1222.3.1
2.44523.
5333....
.132.522
.1545.55
2321.442
0
0
0
0
1222.3.1
2.44523.
5333....
.132.522
.1545.55
2321.442
0
0
0
0
0
0
0
13
1
0
1
1
0
0
0
0
12
0
0
12
0
0
0
0
0
1
7
0
0
0
1
6
10
0
0
1
1
0
1
0
0
0
0
0
0
0
0
1222.331
2.44523.
533322.2
.132.522
.1545.55
23214442
0
1222.331
2.44523.
533322.2
.132.522
.1545.55
23214442
0
0
0
0
0
0
1
1
0
1
0
0
0
7
0
0
0
0
