OK 1
1
1
62
0
1
1
1
1
1
1
1
1
1
1
1
0
1
1
50
0
1
1
0
1
0
1
0
1
1
0
0
1
1
1
1
1
..132...
.1.1.3.1
...1..23
.3......
3...3...
..1.1.1.
..1.11.2
.3..2..2
1
0
0
1
12
0
1
0
0
0
0
1
..132...
.1.1.3.1
...13.23
.3......
3...3...
.11.121.
..1.11.2
.3..2..2
0
..132...
.1.1.3.1
...13.23
.3......
3...3...
.11.121.
..1.11.2
.3..2..2
1
13
0
1
0
8
1
1
19
0
0
34
0
0
1
1
20
0
32
1
0
0
16
0
32
1
1
10
0
20
0
1
0
1
1
18
1
0
0
15
0
0
1
0
0
0
0
0
0
0
11
15
1
0
1
1
0
0
8
1
0
0
0
0
1
25
0
25
0
16
0
25
1
0
1
0
1
0
1
0
1
1.132..1
1131.3.1
3.213.23
.33.3...
33113...
311.121.
211211.2
.3222..2
0
0
1
1
1
0
0
18
1
0
1
0
0
1
0
0
16
0
0
0
15
1.132..1
1131.3.1
3.213323
.33.3.2.
33113.2.
31121212
211211.2
.3222.32
0
0
1
0
0
0
0
1.132..1
1131.3.1
3.213323
.33.3.2.
33113.2.
31121212
211211.2
13222.32
0
0
0
0
0
19
0
0
0
0
0
0
0
0
0
1
0
1
1
0
0
0
0
0
10
0
0
0
16
0
10
0
0
0
0
0
0
6
1
0
0
0
1
0
0
0
19
0
0
0
0
0
0
0
0
0
0
1
0
0
0
0
0
0
0
0
0
0
0
0
12132..1
1131.331
3.213323
.3323.2.
33113.22
31121212
21121132
13222332
0
0
0
0
3
0
0
