OK 1
0
1
1
1
0
1
1
1
1
1
1
................
.1....1.........
................
...2........2...
....2...........
........1.......
................
................
3.2..2..........
................
1
1
1
5
1
1
1
0
1
3
1
0
1
.1.2............
.1....1..3......
................
...2........2...
....2...........
........1.......
.2........1.....
..3..1..........
3.2..2..........
................
1
1
.1.2............
.1....1..3......
................
...2........2...
...32...........
........1.......
.2........1.....
..3..1..........
3.2..2..........
.2..............
1
1
1
1
1
1
1
1
1
1
0
1
1
0
0
6
0
1
0
1
.1.2............
.1...11..3......
..............2.
.2.2..2.1..22...
...322..........
......1.1.......
.2........1.....
..3..1.....3....
3.21.2.1.3......
.2....1.........
1
0
1
.1.2............
.1...11..3......
..2...........2.
.2.2..2.1..22...
...322..........
......1.1.......
.2........1.....
..3..1.....3....
3.21.2.1.3......
.2....1.3.......
1
1
13
0
1
1
1
1
0
1
1
0
1
1
0
1
117
1
1
1
1
1
114
1
1
1
1
1
18
0
1
0
0
18
3132..2.........
.1...111.3......
..2...2.......2.
.2.2..2.1.122.1.
...3221...3.....
2.....1.1.......
.21.3...3.1..3..
..3.31.....3....
3121.2.1.3......
.2....123.....1.
0
0
1
0
1
1
1
105
1
0
1
1
0
1
16
0
0
0
1
0
0
0
0
100
0
21
0
0
1
99
0
1
1
0
0
1
1
1
1
95
1
0
0
1
1
0
3132..2......1..
.1...111.3...3..
..2.3121......2.
.2.2..2.1.12221.
...3221...3.....
2.....121..3....
.2133...311..3..
.31.31.3..13...1
3121.2.1.3......
.2.1.3123.2...1.
0
1
0
1
0
0
1
0
0
0
1
88
1
87
87
0
0
0
1
3132..2....3.1..
.1...111.3...3..
..2.3121...1..2.
.2.2..2.1.12221.
...3221...3..2..
2.....121..3....
.2133..2311..3..
.31.3133..13...1
3121.2.1.3......
.2.1.3123.2...1.
0
1
23
0
0
86
0
0
1
0
1
0
0
0
0
1
1
0
82
1
1
0
1
79
0
1
1
0
0
0
0
32
0
0
0
0
1
0
0
1
1
1
0
0
1
1
0
0
1
0
1
1
69
1
0
37
0
1
0
0
26
68
1
0
0
68
0
31323.2.1..3.1..
.1.2.111.3...3..
..2.3121.1.1..2.
.2.2..231.12221.
...3221..33..2..
21.1..1213.3.2..
.2133..2311..3..
331.31331.133..1
31211231.3....2.
.221.3123.211.1.
0
0
0
0
1
0
1
0
1
0
1
0
37
65
1
0
1
0
0
0
1
0
0
62
0
0
0
0
62
0
1
1
0
0
0
0
0
0
0
0
0
0
0
0
31323.2.1..3.1..
.1.22111.3.2.3..
..2.3121.1.1..2.
.2.21.231.12221.
...3221..33..2..
21.1..1213.3.22.
.2133..2311..3.3
331.313312133..1
31211231.3.3..21
.221.3123.211.1.
0
1
0
1
1
0
0
0
0
0
0
0
1
0
0
0
1
34
31323.2.1..3.13.
.1.22111.3.2.3..
..2.3121.1.12.2.
.2.21.231.12221.
...3221..33..2..
2121.21213.3.22.
.2133..2311..3.3
331.313312133..1
31211231.3.3..21
1221.3123.211.1.
0
0
1
0
32
0
0
0
0
0
1
1
1
0
0
0
32
0
0
0
37
0
0
1
0
0
0
50
0
1
1
31323.2.12.3.13.
.1.22111.3.223..
..2.312131.12.2.
.2.21.231.12221.
...3221..33.221.
2121.21213.3.22.
22133..2311..3.3
331.313312133.21
31211231.3.3..21
1221.3123.211.1.
0
0
31323.2.12.3.13.
.1.22111.3.223..
..2.312131.12.2.
.2.21.231.12221.
...3221..33.221.
2121.21213.3.22.
22133..2311..3.3
331.313312133.21
31211231.3.3..21
1221.3123.211.1.
0
39
0
31323.2.12.3.13.
.1.22111.3.223..
..2.312131.12.2.
.2.21.231.12221.
...3221..33.221.
2121.21213.3.22.
22133..2311..3.3
331.313312133.21
31211231.3.3..21
1221.3123.211.1.
0
0
0
0
0
0
1
0
0
0
1
0
0
0
0
0
46
0
0
0
0
0
0
0
0
0
0
0
0
0
0
1
0
1
0
0
1
0
0
0
0
43
0
0
1
1
0
0
31323.2.12.3313.
.1.22111.3.223..
..2.312131.12.2.
12321.231.12221.
...32211.33.221.
212122121323.22.
22133..2311..3.3
331.313312133.21
31211231.3.3..21
1221.3123.211.1.
0
1
36
0
0
0
1
0
1
0
0
0
0
0
0
0
40
0
1
0
0
0
0
1
0
43
38
0
31323.2.12.33133
.1.22111.3.223..
2.2.312131.12.2.
12321.231.12221.
.3.32211.33.2212
212122121323.22.
22133..2311..3.3
331.313312133.21
31211231.3.3..21
1221.3123.211.1.
0
0
0
0
0
0
1
1
0
0
0
0
0
0
37
0
44
36
0
36
0
0
36
0
0
0
0
0
0
0
37
0
0
0
0
0
0
0
0
0
1
45
0
0
0
0
0
37
0
0
31323.2.12133133
.1.2211123.223..
2.2.312131.12.2.
12321.231.12221.
.3.32211.33.2212
212122121323.22.
22133..2311..323
331.313312133.21
31211231.3.3..21
1221.3123.211.1.
0
45
35
1
0
0
34
0
0
0
0
0
34
0
34
0
0
1
0
1
0
1
0
33
1
0
33
0
0
0
0
0
0
0
0
45
0
0
0
0
1
0
0
0
0
1
0
45
0
31323.2112133133
.1.22111231223..
2.2.312131.12.2.
12321.231.12221.
.3232211.33.2212
212122121323.22.
22133..2311..323
331.313312133.21
31211231.3.3..21
1221.3123.211.1.
0
0
31323.2112133133
.1.22111231223..
2.2.312131.12.2.
12321.231.12221.
.3232211.33.2212
212122121323.22.
22133..2311..323
331.313312133.21
31211231.3.3..21
1221.3123.211.1.
0
0
0
0
32
1
0
1
0
0
1
0
0
31323.2112133133
.1.22111231223..
2.2.312131.12.2.
12321.231.12221.
.3232211.33.2212
212122121323.22.
221332.2311..323
331.313312133.21
31211231.3.3..21
1221.3123.211.1.
0
0
0
0
0
0
0
1
0
0
0
0
1
0
0
0
31323.2112133133
.1.22111231223..
2.2.312131.12.2.
12321.231.122213
.3232211.33.2212
212122121323.22.
221332.2311..323
331.313312133.21
31211231.313..21
1221.3123.211.1.
0
0
1
31323.2112133133
.1.22111231223..
2.2.312131.12.2.
12321.231.122213
.3232211.33.2212
212122121323.22.
221332.2311..323
331.313312133.21
31211231.313..21
1221.3123.211.1.
0
0
0
0
0
0
1
47
0
0
0
0
47
0
0
0
28
0
0
0
28
0
0
47
0
0
28
0
0
28
0
0
0
0
47
0
0
0
0
28
0
0
0
1
0
0
47
0
1
0
0
0
0
0
