OK 1
0
1
1
1
1
0
1
1
1
0
1
1
........
4.3.....
2....5..
....2.5.
..3.43..
1
1
0
1
3
1
0
0
0
0
0
3
1
1
1
0
0
0
1
0
1
1
0
0
22
1
1
1
1
0
5
0
0
0
0
0
19
0
1..4..52
413.....
2...152.
32.32.5.
133.43..
1
1
0
0
1
17
1
0
16
0
1
5
0
0
6
0
0
4
0
1
0
0
0
1
1
1
11
0
0
0
0
0
0
1
0
5
13.45152
41325...
244.152.
32.32.5.
1335432.
0
0
0
0
1
0
1
0
0
1
0
1
0
0
8
0
0
0
0
0
0
0
13445152
41325...
244.152.
32532.5.
1335432.
0
1
0
1
0
1
8
1
0
7
6
0
0
1
0
0
1
0
0
0
0
5
0
0
1
0
0
4
0
53445152
413221.5
244.152.
32532.5.
13354322
0
0
5
1
0
0
0
8
4
