OK 1
1
1
1
1
1
1
0
1
1
1
0
48
1
0
1
1
1
1
1
1
1
1
1
1
1
0
1
4
0
0
0
1
1
0
34
1
1
1
0
1
0
0
1
1
0
29
1
1
.6..2.2
2452.43
...2..3
.11452.
1.15..6
....36.
4.2..1.
5...613
0
1
5
26
1
1
1
1
1
0
0
1
1
165.2.2
2452.43
.3.2.43
.11452.
1.15..6
4...36.
4.21.1.
5...613
1
0
1
0
0
0
0
0
1
0
0
5
0
1
1
0
0
16
0
0
0
0
1
1
0
0
0
0
1
0
0
0
0
0
0
0
0
0
0
0
13
0
7
1
0
0
0
0
0
0
0
0
1
0
0
0
0
1
0
0
0
0
1
0
0
0
11
1
0
0
1
0
0
0
0
0
0
6
0
1
0
0
9
0
0
0
0
0
0
0
0
1
1
1
0
8
0
0
8
1
0
0
0
0
0
165.2.2
2452543
6342.41
.114521
1215126
4.2.365
4121116
55.1613
0
1
1
0
0
0
0
0
0
0
0
0
0
0
0
0
165.2.2
2452543
6342.41
.114521
1215156
4.2.365
4121116
55.1613
0
1
0
1
0
0
0
0
0
0
0
14
1
0
4
0
