OK 1
1
1
1
1
1
1
1
..........
..........
..........
...3....3.
1.....2...
...1......
..........
.........2
1
1
1
1
0
0
1
1
0
1
1
69
1
6
0
68
1
1
1
1
1
0
0
1
63
0
1
0
0
1
1
1
0
1
1
9
0
1
0
0
1
10
25
0
0
9
24
....31.3..
1.2.2.2...
....1.....
.313...13.
1....12...
.1.1....3.
.....3....
3.33..2..2
1
0
10
0
1
8
0
1
23
0
0
1
1
0
0
0
0
1
0
0
22
1
0
....31.33.
1.2.2.2...
.2.31...2.
33132..13.
1....12...
.1.1..2.3.
.....3....
3.33..2..2
0
0
0
10
1
0
0
0
0
0
1
0
1
0
0
13
0
1
44
0
1
1
1
0
...131.332
122.2.2...
.2.31.2.2.
33132..13.
111..12...
.1.1..2.3.
.....31...
3.33..2..2
0
0
0
13
0
1
14
0
0
0
0
0
0
0
0
13
0
0
21
0
0
0
13
0
0
23
0
21
0
0
13
0
0
1
1
0
1
22
0
20
1
0
0
1
0
0
1
14
0
.21131.332
122.222...
.2.31.232.
33132..13.
111..12...
.1.1..2.3.
.....31...
3333..22.2
0
20
0
1
0
1
0
0
0
0
0
0
17
1
0
0
1
0
1
0
0
0
0
18
0
0
0
15
0
1
0
0
0
0
17
0
0
0
0
0
1
0
1
1
0
0
0
0
1
1
0
0
0
12
0
0
0
1
1
0
0
20
0
0
0
221131.332
122.2222.3
121312232.
331322.13.
1113.12.3.
.1.1.12.32
.3...31...
3333.322.2
0
0
0
0
0
1
0
1
0
0
0
0
0
21
221131.332
122.2222.3
121312232.
331322.13.
1113.12.3.
.1.1.12.32
.33..31...
3333.322.2
0
15
0
0
0
0
1
0
1
22
0
0
0
0
0
22
0
0
19
0
0
0
22
1
0
0
0
0
0
0
0
0
8
