OK 1
1
0
0
1
1
1
1
1
1
2
0
1
0
1
0
1
2
0
0
0
1
1
1
2
0
0
0
0
1
0
1
0
0
0
1
0
1
3..41.....
.3353....5
452..2....
4.1.4...4.
.......2..
1
0
0
1
3
0
1
4
0
4
0
1
1
0
1
0
0
0
0
6
3.5414....
23353...15
452..2.1..
4.1.4...4.
...5...2..
0
0
0
0
1
26
1
0
0
0
1
5
1
1
1
1
0
1
0
0
0
1
0
6
1
0
1
0
0
0
0
0
0
0
0
0
1
0
1
1
0
0
0
1
1
0
3.5414..3.
23353..515
452.42215.
44144..541
4.35...252
0
1
0
6
0
0
3.5414..3.
23353..515
452.42215.
44144..541
4.35...252
0
1
0
1
0
0
0
0
0
1
0
0
1
0
1
0
0
10
0
0
0
11
1
0
0
0
0
0
0
0
1
0
1
0
1
0
10
0
0
0
0
6
0
0
0
0
1
0
1
1
0
0
0
0
1
0
