OK 1
1
1
1
1
1
0
3....
.....
.....
.....
.....
...2.
.....
...1.
31...
.....
1
44
1
0
43
1
1
0
0
0
0
1
0
0
1
1
1
0
4
38
1
0
0
1
1
1
0
1
1
1
1
1
1
1
1
1
0
28
1
0
1
0
1
0
0
1
1
1
1
0
3...3
1...1
.2311
.133.
2..2.
12.2.
11.1.
.121.
21.2.
11.33
0
0
1
1
0
0
0
0
1
0
0
0
1
0
1
1
0
0
3...3
1.2.1
.2311
.133.
21.2.
12.2.
1121.
3121.
21.2.
11.33
0
15
0
1
0
16
0
0
0
0
0
0
1
3.2.3
1.2.1
.2311
.133.
21.2.
12.2.
1121.
31212
21.2.
11.33
0
0
0
12
0
0
0
15
0
12
0
0
0
0
15
0
0
0
0
0
0
1
1
0
0
0
0
0
9
1
0
0
0
1
1
0
0
0
0
0
1
0
0
1
9
0
0
1
0
0
0
0
0
8
0
1
0
0
0
0
0
0
0
1
0
0
0
312.3
12211
.2311
31333
21.22
12.21
11211
31212
2112.
11.33
0
312.3
12211
.2311
31333
21.22
12.21
11211
31212
2112.
11.33
0
0
0
0
0
0
1
1
