OK 1
1
1
1
1
60
1
0
1
3
1
1
1
1
0
1
1
1
0
1
1
50
1
1
1
1
1
1
46
0
1
1
1
1
1
0
0
0
4
0
0
0
0
1
0
1
0
0
1
0
1
1
.......1
244..234
.1.334..
....1.14
3..114.4
1..3.24.
.3.3....
......2.
0
0
0
0
1
.......1
244..234
.1.334..
....1.14
3..114.4
1..3.24.
.313....
......2.
0
1
1
1
1
1
1
0
1
1
1
1
1
0
0
0
0
0
13
0
0
1
0
0
0
0
1
1
11
0
0
0
0
0
0
0
0
0
0
10
0
0
0
0
0
0
0
1
1
1
0
0
0
324....1
2444.234
.13324.3
.44.1.14
3..114.4
1.13.24.
.313....
23..112.
1
0
0
0
0
0
7
0
0
11
0
0
1
0
0
0
0
0
0
0
1
0
0
0
13
0
0
0
1
0
0
0
1
1
1
324.22.1
2444.234
.13324.3
.44.1.14
331114.4
1313.24.
.313....
23..112.
0
0
1
0
0
12
18
0
0
0
0
13
0
0
0
0
9
0
0
0
0
324.22.1
2444.234
.13324.3
.44.1.14
331114.4
1313.24.
.313....
23..1121
0
0
0
1
13
0
0
0
0
0
0
0
0
0
12
324.22.1
2444.234
.13324.3
.44.1.14
331114.4
1313.24.
.313....
23.31121
0
0
8
0
0
17
0
0
0
0
0
0
0
1
0
0
0
9
7
0
1
0
0
0
0
0
0
0
0
1
0
1
0
0
8
15
1
0
0
7
