OK 1
1
1
1
1
1
1
1
1
0
56
0
1
1
54
0
54
0
0
1
1
1
1
5
1
1
0
.....13..
.2.3.....
...1...3.
...111...
12.......
.3.....2.
3........
1
1
1
.....13..
.2.3.....
...1...3.
...111...
12.2..1..
.3....12.
3........
1
1
5
1
1
0
1
1
0
40
1
0
1
0
1
1
0
1
1
0
1
.....13..
.23321.12
..312..3.
2..111...
12.22.1..
13....12.
3.2..3..1
1
0
1
1
0
0
1
29
.....13..
.23321.12
..312313.
2..1113..
12.22.1..
13.2..12.
3.2..3..1
1
0
1
1
0
0
10
1
0
0
0
0
1
1
0
0
1
0
0
0
0
1
0
0
0
22
0
0
0
1
0
0
0
1
0
1
1
1
1
0
0
0
1
0
0
0
0
1
16
0
0
0
0
1
0
0
.1...13.2
.23321.12
.23123131
2.11113..
12122.121
13.22.121
3.2213221
0
0
0
15
0
0
0
0
.1...13.2
.23321.12
.23123131
2.11113..
12122.121
13.22.121
3.2213221
0
15
0
.1...13.2
.23321.12
.23123131
2.11113..
12122.121
13.22.121
3.2213221
1
0
1
0
0
0
0
0
0
0
1
0
0
0
0
0
12
0
1
0
0
0
0
0
0
12
1
0
0
0
1
0
1
312..13.2
.23321.12
.23123131
2111113..
12122.121
13122.121
312213221
1
0
9
0
9
0
0
312..13.2
.23321.12
223123131
2111113..
12122.121
13122.121
312213221
0
0
0
0
1
0
0
0
0
0
0
8
0
0
0
0
0
0
312..13.2
.23321.12
223123131
2111113..
12122.121
131222121
312213221
0
0
0
0
0
0
0
0
0
0
11
0
23
1
0
0
8
