OK 1
1
53
0
1
1
0
1
1
0
1
1
1
47
1
1
1
1
1
0
1
41
1
1
....2.
.1....
...3..
..2..1
14..1.
...542
31....
......
..3.5.
0
1
1
0
38
1
1
0
1
1
0
0
0
0
0
0
1
0
1
32
1
1
1
1
1
9
1
0
1
1
...52.
.1.4..
...3..
5123.1
14..1.
5.1542
21.21.
34..1.
.53.5.
0
0
0
26
0
0
0
0
1
1
0
0
0
1
0
0
0
1
15
0
0
0
0
1
0
0
0
0
1
0
0
1
.1.52.
.1.4..
...3..
512341
141.1.
5.1542
21.21.
34111.
.5335.
0
.1.52.
.1.4..
...3..
512341
141.1.
5.1542
21.21.
34111.
.5335.
0
0
0
0
0
0
0
0
1
0
1
0
0
0
0
0
0
0
0
1
0
0
.1.52.
.1.4..
...3..
512341
141.1.
5.1542
21.21.
341111
253352
1
0
1
0
0
0
0
1
0
1
0
4
.1552.
.1.4..
...3..
512341
141.1.
521542
211211
341111
253352
1
0
0
0
0
0
0
0
0
8
0
0
0
.1552.
.1.4..
3..3..
512341
141.1.
521542
211211
341111
253352
0
.1552.
.1.4..
3..3..
512341
141.1.
521542
211211
341111
253352
0
0
0
0
0
5
0
0
0
0
0
0
0
0
0
16
0
1
0
1
0
0
0
0
0
0
0
0
0
0
0
12
0
0
1
11
0
0
16
0
0
0
1
10
