OK 1
1
1
1
1
0
1
1
1
35
1
0
1
1
0
0
1
1
0
1
0
30
0
5
1
0
1
1
0
0
5
0
0
1
0
0
8
1
0
3.22...
3..13..
.33....
.2...1.
1....22
13.2..1
0
0
0
0
1
1
0
0
0
0
1
0
1
1
1
0
0
0
0
0
0
0
0
1
0
0
0
1
6
0
10
3.22...
33.13..
.333...
.23.312
1....22
13.2.11
0
10
0
0
0
0
7
1
0
0
0
0
0
1
0
1
0
0
1
3.22...
33.13..
.333...
.23.312
1...222
13.2.11
0
0
0
0
0
1
0
0
10
0
0
1
9
0
0
0
9
0
0
0
1
0
0
0
0
0
9
1
0
0
9
0
1
0
0
0
0
0
0
3.22...
33.13..
.333...
.23.312
1...222
1322.11
0
0
0
0
0
0
0
1
0
1
0
0
1
0
0
0
0
0
0
7
0
0
5
0
7
1
0
0
0
3322...
33.13..
.333...
123.312
1.3.222
1322.11
0
9
1
10
