OK 1
1
1
0
..........2.......
..................
..................
..................
..................
..................
..................
..................
..................
..................
........1.........
..................
..................
..................
1
1
1
1
0
0
1
1
1
1
0
1
0
1
4
1
1
0
4
1
1
1
1
0
1
1
1
1
0
1
1
1
1
227
1
1
1
0
1
.....4....2...4...
............1.1...
........1.....2.2.
...............4..
..................
......3..3........
.........4........
4.....2...3.......
...2........4.....
..4...4...........
3.......12........
.3.2.1............
3.................
3......3..........
0
1
6
1
1
1
1
1
0
1
0
0
1
1
0
215
1
0
1
213
1
1
1
1
1
1
1
1
1
11
0
0
1
1
1
202
1
1
14
1
1
1
1
1
0
1
0
0
0
0
0
1
0
1
1
1
0
1
0
1
190
1
0
1
1
1
0
0
0
0
0
14
187
0
1
1
1
1
15
1
1
0
0
0
19
1
1
1
1
1
1
0
0
1
0
0
1
18
0
174
0
1
173
0
43...4.4..2.4.4...
........2...111...
...1....1344.32.2.
.........3..3..4..
1........41.......
.1..4.3.232.2....2
........44.2......
4.....33113.13..2.
...2........41....
..4..44..233..114.
3.....3212.....2..
4312.1.3...3......
3....3.1...4......
3......3...3.2.3..
0
1
1
1
1
0
1
0
1
0
0
0
25
1
1
1
1
1
43...4.4..2.4.4...
..4.....2..2111...
...1....1344.32.2.
.3.2...4.3..3..4..
1.1......41.......
.1..4.3.232.2....2
........44.2.1....
4.....33113.13..2.
...2........41..4.
..4..44..233..114.
3.....3212..1..2..
4312.1.3...3..3...
3....3.1...4......
3......3...3.233..
0
0
0
1
43...4.4..2.4.4...
..4....32..2111...
...1....1344.32.2.
.3.2...4.3..3..4..
1.1......41.......
.1..4.3.232.2....2
........44.2.1....
4.....33113.13..2.
...2........41..4.
..4..44..233..114.
3.....3212..1..2..
4312.1.3...3..3...
3....3.1...4......
3......3...3.233..
0
0
0
161
0
0
0
0
1
43...4.4..2.4.4...
..4....32..2111...
...1....1344.32.2.
.3.2...4.3..3..4..
1.1......41.......
.1..4.3.232.2....2
........44.2.1....
4.....33113.13..2.
...2..1.....41..4.
..4..44..233..114.
3.....3212..1..2..
4312.1.3...3..3...
3....3.1...4......
3......3...3.233..
1
0
1
1
1
1
0
0
156
0
0
1
1
1
0
153
0
1
1
22
1
0
0
23
0
0
151
1
1
43...4.4..2.4.4...
..4..3.32..2111...
...14...1344.32.2.
.3.2...4.3..3..4..
1.1......41.......
.1..4.3.232.2.3..2
........44.2.1....
4.1...33113.13..2.
...2..1.....41..4.
..4..44..233.3114.
3...2.3212..1..2.2
4312.1.34..33.3...
3....3.1...4......
3.2..3.3...3.233..
1
1
0
1
0
0
0
0
0
1
1
0
0
0
25
0
1
24
1
1
0
143
1
0
0
1
36
1
140
0
0
0
43...4.4..2.4.4...
..4..3.32..2111...
...14...1344.32.2.
.3.2...4.3..3..4..
1.1......41.......
.1..4.3.232.1.3..2
........4432.1....
431...33113.13..2.
...2..1.....41..4.
..4.444..233.3114.
3...2.3212..1..2.2
4312.1.342.3323...
32...3.1.314..1...
3.2..3.3...3.233..
0
0
0
26
1
1
1
0
1
0
0
1
1
0
1
1
0
37
0
0
0
1
1
0
43...4.4..2.4.4...
.24..3.32..2111...
...14...1344.32.2.
.342...4.3..3..4..
1.1......41.......
.1..4.3.232.1.33.2
..1.2...4432.1....
431...33113.13..2.
...22.1.1...41..4.
..4.444..233.3114.
3...2.3212..1..2.2
4312.1.342.3323...
32...3.1.3142.1...
3.2..3.3...3.233..
0
0
1
1
0
1
0
1
29
1
0
1
0
0
1
125
0
1
40
124
0
0
43...4.4..2.4.4...
.24..3.32..2111...
...14...1344.32.2.
4342...4.3..3..4..
1.1......41....3..
.1..4.31232.1.33.2
..1.2...4432.1.3..
431...33113.13..2.
...22.1.1..141..4.
..4.444..23333114.
3...2.3212..1..242
4312.1.342.3323...
32...3.1.3142.1...
3.2.23.3...3.233..
1
1
0
0
1
0
121
0
0
0
31
1
0
0
1
0
0
0
43...4.4..2.4.4...
.24..3.32..2111..3
...14...1344.32.2.
4342...4.3..3..4..
1.1...3..41....3..
11..4.31232.1.33.2
..1.2...4432.1.3..
431...33113.13..2.
...22.1.1..141..4.
..4.444..23333114.
3...2.3212..1..242
4312.1.342.3323...
32.4.3.1.3142.1...
3.2.23.3...32233..
1
1
0
1
31
1
0
31
0
43...4.4..2.4.4...
.24..3.324.2111..3
...14...1344.3232.
4342...4.3..3..4..
1.1...3..41....3..
11..4.31232.1.33.2
..1.2...4432.1.3..
431...33113.13..2.
...22.1.1..141..4.
..4.444..23333114.
3...2.32123.1..242
4312.1.342.3323...
32.4.3.1.3142.1...
3.2.23.3...32233..
0
1
0
0
0
1
114
0
0
1
1
112
0
1
0
0
43...4.4..2.4.4...
.243.3.324.2111..3
...14...1344.3232.
4342...4.33.3..4..
1.1...3..41....3.1
11..4.31232.1.33.2
..1.2...4432.1.3..
431...33113.13..2.
...22.1.14.141..4.
..4.444..23333114.
3...2.32123.11.242
4312.1.342.3323...
32.4.3.1.3142.1...
3.2.23.3...32233..
1
0
0
0
32
0
110
0
0
1
0
1
0
1
0
33
0
0
0
0
1
43...4.4..2.4.4...
.243.3.324.2111..3
...14...1344.3232.
4342...4.33.3..4..
1.1...3..41....3.1
11..4.3123221.33.2
..1.2...4432.1.3..
431...33113.13.32.
..12231.14.141..4.
..4.444..23333114.
3...2.32123.11.242
4312.1.342.3323...
32.4.3.1.3142.1...
3.2.23.3..432233..
0
1
0
0
1
43...4.4..2.4.4...
.243.3.324.2111..3
...14...134443232.
4342...4.33.3..4..
1.1...3..41....3.1
11..4.3123221233.2
..1.2...4432.1.3..
431...33113.13.32.
..12231.14.141..4.
..4.444..23333114.
3...2.32123.11.242
4312.1.342.3323...
32.4.3.1.3142.1...
3.2.23.3..432233..
0
0
1
103
0
0
34
33
0
0
0
0
0
0
1
0
102
0
0
0
0
0
35
0
1
34
0
0
0
0
0
1
0
0
0
0
0
0
0
0
1
0
0
0
0
43...4.4..2.4.4..2
.243.3.324.2111..3
...14...134443232.
4342...4.33.3..4..
1.1...3..41....3.1
11..4.3123221233.2
..1.2...4432.1.3..
431...33113.13.32.
..12231.14.141..4.
.44.444..23333114.
3..22.32123.11.242
431221.342.3323...
32.4.3.1.3142.1...
3.2423.3..432233..
99
0
0
0
1
0
0
0
36
0
0
1
0
1
0
1
1
1
1
0
93
0
1
38
0
0
0
1
0
1
39
0
0
0
0
0
0
1
0
0
0
0
0
90
0
0
1
1
1
0
0
0
0
0
0
0
0
0
0
87
0
87
0
1
86
0
0
0
0
0
0
40
0
0
0
86
1
0
0
0
0
0
1
1
0
1
83
0
1
41
0
0
0
1
1
53
0
434..4.4..2.4.4.22
.243.3.324.21114.3
2.314...134443232.
4342.144.33.3..4..
111..23..41..4.3.1
11..4.3123221233.2
..1.22.34432.1.3.1
431...33113.13.32.
..12231.14.141..43
.44.444..23333114.
3..22.32123311.242
4312213342.33232..
32.443.1.3142.1...
3.2423.3..432233..
0
0
0
1
0
0
0
0
0
0
0
0
0
1
54
79
1
0
0
0
0
0
0
0
1
0
0
0
0
0
0
0
1
0
0
0
1
0
0
75
0
1
0
1
0
0
0
0
55
0
0
0
0
0
41
1
1
0
0
0
0
0
0
0
0
0
0
0
434..434..2.4.4.22
.243.3.324.2111413
2.3144..1344432322
4342.144333.3..4..
111..23..41..4.311
11..4.3123221233.2
..1.22.34432.1.3.1
431...33113.13.32.
3.12231.14.141..43
.44.444..23333114.
3..22132123311.242
4312213342.33232.3
32.443.1.3142.11..
3.2423.3..432233..
1
1
0
0
1
0
0
0
0
0
58
0
1
0
0
67
0
0
67
434..434..2.414.22
.243133324.2111413
2.3144..1344432322
4342.144333.3..4..
111..23..41..4.311
11..4.3123221233.2
..1.22.34432.113.1
431...33113.13.32.
3.12231.14.141..43
.44.444..23333114.
3..22132123311.242
4312213342.33232.3
32.443.1.3142.11..
3.2423.3..432233..
0
0
0
0
434..434..2.414.22
.243133324.2111413
2.3144..1344432322
4342.144333.3..4..
111..23..41..4.311
11..4.3123221233.2
..1.22.34432.113.1
431...33113.13.32.
3.12231.14.141..43
.44.444..23333114.
3..22132123311.242
4312213342.33232.3
32.443.1.3142.11..
3.2423.3..432233..
1
0
1
1
0
64
0
0
0
0
0
0
0
64
0
1
1
0
0
0
59
0
0
0
0
0
0
63
0
1
0
0
43
0
0
0
434..434..2.414.22
.243133324.2111413
2.3144..1344432322
4342.14433333..4..
111..23..41.34.311
11..4.3123221233.2
..1422.34432.113.1
431...33113213.32.
3.12231.14.141..43
144.444..23333114.
3..22132123311.242
4312213342.33232.3
32.443.1.3142.11..
3.2423.3..432233..
0
0
0
0
62
0
0
0
1
0
0
0
0
0
61
0
0
0
0
434..434..2.414.22
.243133324.2111413
2.3144..1344432322
4342.14433333..4..
111..23..41.34.311
11..4.312322123312
..1422.34432.113.1
431...33113213.32.
3.12231.14.141..43
144.444..23333114.
3..22132123311.242
4312213342.33232.3
32.443.1.3142.11..
3.2423.3..432233..
0
0
0
0
0
0
1
0
434..434..2.414.22
.243133324.2111413
2.3144..1344432322
4342.14433333..4..
111..23..41.34.311
11..4.312322123312
..1422.34432.113.1
431...33113213.32.
3.12231.14.141..43
144.444..23333114.
3..22132123311.242
4312213342.33232.3
32.443.1.3142.11..
3.242333..432233..
0
1
44
0
0
0
0
0
1
58
434..434..2.414.22
.243133324.2111413
2.3144..1344432322
4342.14433333..4..
111..23..41.34.311
11..4.312322123312
..1422.34432.113.1
431...33113213332.
3.12231414.141..43
144.444..23333114.
3..22132123311.242
4312213342.33232.3
32.443.1.3142.11..
3.242333..432233..
0
0
0
0
1
0
0
0
434..434..2.414.22
.243133324.2111413
2.3144..1344432322
4342.14433333..4..
111..23..41.34.311
11..4.312322123312
..1422.34432.113.1
431...33113213332.
3.12231414.141..43
144.444..23333114.
3..22132123311.242
4312213342.33232.3
32.443.1.3142.11.2
3.242333..432233..
0
0
62
57
0
1
0
0
0
0
44
434..434.12.414.22
.243133324.2111413
2.3144..1344432322
4342.14433333..4..
111..23..41.34.311
11..4.312322123312
..1422.34432.113.1
431...33113213332.
3.12231414.141..43
144.444..23333114.
3..22132123311.242
4312213342.33232.3
32.443.1.3142.11.2
3.242333..432233..
0
0
0
0
0
44
0
0
0
0
1
0
0
0
55
1
0
434..434.12.414.22
.243133324.2111413
2.3144..1344432322
4342.14433333..4..
1111.23..41.34.311
11..4.312322123312
..1422.34432.113.1
431...33113213332.
3.12231414.141..43
144.444..23333114.
3..22132123311.242
4312213342.33232.3
32.443.1.3142311.2
3.242333..432233..
1
0
0
0
0
0
0
0
0
0
1
1
0
0
0
0
0
48
0
0
0
0
0
0
1
51
0
0
0
0
0
0
0
0
1
0
0
434..434.12.414.22
.243133324.2111413
2.3144..1344432322
4342.14433333..4..
1111.23..41.34.311
11..4.312322123312
..1422.34432.113.1
431...33113213332.
2.12231414.141..43
1444444..23333114.
3..221321233112242
4312213342.33232.3
32.44321.314231142
3.242333..432233..
0
50
0
0
0
0
1
0
0
1
0
0
0
0
0
0
0
0
0
0
0
48
0
0
1
63
0
1
0
1
0
0
0
47
434..434.12.414.22
.243133324.2111413
2.3144..1344432322
4342.14433333..4..
1111.23..41.34.311
11..4.312322123312
..1422.344321113.1
431.3.33113213332.
2.12231414.141..43
1444444..23333114.
3..221321233112242
4312213342233232.3
32.44321.314231142
3.242333..432233..
0
1
0
1
0
0
0
0
46
1
0
0
1
0
0
1
47
0
0
0
0
0
0
0
49
44
0
0
1
0
0
0
0
0
0
0
0
0
1
0
0
0
0
0
1
0
0
0
1
0
0
0
41
0
0
0
0
0
0
49
0
0
0
0
434..4341123414.22
.243133324.2111413
2.3144..1344432322
4342.14433333..4.4
1111.23..41.34.311
11..4.312342123312
..1422.344321113.1
431.3.33113213332.
2.12231414.141.243
1444444..23333114.
3..221321233112242
4312213342233232.3
32.443212314231142
3.242333..4322334.
1
0
65
0
0
0
0
0
0
0
0
0
0
0
0
0
0
0
0
0
0
1
39
0
0
39
0
434..4341123414.22
.243133324.2111413
2.3144..1344432322
4342.14433333..4.4
1111.23..41.34.311
11..41312342123312
..1422.344321113.1
431.3.33113213332.
2.12231414.141.243
1444444..23333114.
3.3221321233112242
4312213342233232.3
32.443212314231142
3.242333..4322334.
0
0
0
