OK 1
1
1
1
1
1
0
1
0
1
......
......
...2..
.....1
..62..
..3..4
......
.....1
......
0
47
......
......
...2..
.....1
..62..
..3..4
......
.....1
......
1
1
0
1
1
0
1
3
1
0
1
3
1
0
39
1
0
0
0
0
1
1
1
1
0
0
1
1
1
0
1
0
0
0
0
1
1
1
0
1
1
0
1
0
0
0
25
0
1
0
1
0
1
1
21
0
0
21
0
0
1
0
0
0
1
1
1
4
0
1
1
0
8
0
0
0
0
4
1
0
0
0
0
8
0
0
0
0
0
1
0
0
0
0
0
1
0
10
0
0
0
15
0
0
0
0
8
0
0
6
0
0
0
0
0
1
0
0
0
0
0
15
0
0
0
1
0
0
0
0
0
0
.153..
5..32.
1.6212
..5341
43624.
6644.4
34235.
.4.411
26.422
0
0
0
1
0
1
0
0
0
0
0
1
0
0
1
0
0
10
0
0
0
0
0
7
0
0
0
1
0
0
10
0
1
1
6
0
0
10
0
1
8
61532.
5..32.
136212
..5341
43124.
6644.4
342353
.42411
266422
0
0
0
0
9
