OK 1
1
1
1
1
2
1
..........
...2...31.
.2........
..........
..........
..........
..........
.........1
..........
..........
95
1
1
94
1
1
1
0
2
1
0
1
1
1
1
1
1
1
1
0
1
1
1
1
1
0
1
1
1
1
0
1
1
1
1
1
1
1
0
1
0
1
1
1
5
65
0
1
0
1
0
1
5
0
0
0
0
1
1
1
1
0
1
0
0
0
1
5
0
0
10
1
0
1
0
0
1
0
0
1
1
0
1
1
8
0
1
51
0
1
1
0
12
49
1
12
0
1
1
0
1
46
1
0
1
0
1
0
0
0
1
1
8
1
1
0
0
1
0
0
25
0
0
0
0
0
1
0
0
0
0
1
1
0
0
1
1
1
0
0
0
0
1
0
1
1
0
3434531.34
15.2.5.311
.212.5.3.3
4464364664
.46.1.2.21
6...4.2...
5.2.66.22.
.55.36.4.1
.3.3325.26
6.2..2.65.
1
1
0
0
0
3434531.34
15.2.5.311
.212.5.313
4464364664
.46.112.21
6...4.2...
5.2.66.22.
.55.36.4.1
.3.3325.26
6.2..2.65.
1
0
0
0
0
10
0
19
1
0
0
0
31
0
0
31
0
0
0
3434531.34
1532.5.311
.212.5.313
4464364664
.46.112.21
6...4.25..
5.2.66.22.
.55.36.4.1
.3.3325.26
6.2..2.65.
0
0
0
0
0
0
1
1
0
1
0
0
0
0
0
0
0
11
0
0
3434531.34
1532.5.311
.212.5.313
4464364664
.46.112.21
6.6.4.25..
5.2.66.221
.55.36.4.1
.3.3325.26
622..2.65.
0
0
1
15
0
0
0
0
1
0
13
0
0
8
0
0
3434531.34
1532.5.311
.212.5.313
4464364664
.46.112.21
6.6.4.25..
5.2566.221
.55.36.4.1
.323325.26
622..2.65.
0
0
26
0
1
0
1
0
0
3434531.34
1532.5.311
2212.51313
4464364664
.46.112.21
6.6.4.25..
5.2566.221
.55.36.4.1
.323325.26
622..2.65.
0
0
1
0
1
0
5
0
0
0
1
0
0
0
0
1
13
0
0
0
0
0
0
0
0
1
0
0
0
0
0
0
0
0
0
0
3434531.34
1532.5.311
2212651313
4464364664
.46.112.21
6.6.4.25..
5.25666221
.55.36.4.1
.323325426
622.12.65.
0
1
0
1
0
6
1
0
0
0
0
0
0
0
1
0
17
0
0
0
0
0
0
0
5
0
13
1
0
0
0
1
0
0
0
0
0
0
13
0
0
0
0
0
0
0
0
0
0
0
0
0
0
0
1
1
0
0
0
0
0
0
3434531.34
1532251311
2212651313
4464364664
.46.112621
6.6.4625..
5525666221
.55.36.4.1
.313325426
622.12.65.
0
0
0
0
0
0
0
0
0
0
0
0
0
0
0
0
0
0
0
6
0
0
0
0
0
3434531.34
1532251311
2212651313
4464364664
.46.112621
6.6.4625..
5525666221
.55.36.4.1
.313325426
622.12.65.
