OK 1
1
1
0
1
...............
.....1.........
...............
...............
...............
...............
...............
..........2.1..
...............
1
1
130
1
1
1
0
1
1
1
1
1
1
1
1
1
119
1
0
..6....4.......
.....1.........
4..2....3......
4.....3........
......65.72....
......1........
...3.......1...
..........2.1..
...............
1
1
116
0
1
..6....4.......
.....1.........
4..2....3......
4.....3........
......65.72....
......1....7...
...3.......1.7.
....1.....2.1..
...............
1
4
0
0
1
1
1
0
1
110
0
0
1
1
1
5
107
0
0
1
1
1
3
1
1
1
1
1
1
0
1
98
0
1
0
1
1
0
1
95
1
6
94
0
1
9
1
1
0
92
0
6
1
1
1
0
0
1
11
0
1
0
0
0
1
0
0
1
1
1
1
83
1
1
0
0
0
6
0
1
..6.13.4.4....7
516211......12.
4.32..533......
4...2.3.2.....7
......65.72...2
.1..6214.4.76..
...31.....51.7.
67..12...12.1.1
.......63.54...
0
0
0
7
0
0
7
1
1
1
14
1
0
0
1
0
0
1
1
16
0
1
1
0
0
71
0
0
0
71
1
1
0
1
68
1
0
0
1
0
0
0
1
0
66
0
0
0
1
1
14
0
0
9
64
0
0
1
0
1
1
..6.13.414.1..7
516211.65...12.
4.321.533......
4.7.2.3.2....67
..7.2.65.72...2
.1..621414.76..
...313.2..5167.
67..122..12.1.1
.6235.663.54...
0
0
0
0
0
0
0
0
1
1
0
1
1
19
0
0
0
0
0
1
1
1
0
0
1
1
0
0
0
1
1
0
1
1
0
0
1
0
0
1
0
0
0
1
0
0
1
0
0
1
0
0
0
0
1
49
0
0
0
0
49
1
0
1
0
1
11
0
0
0
0
17
1
0
0
1
0
1
1
0
0
19
1
0
12
.56.13.414412.7
516211.65...12.
4.321.533.7....
4.7.2732227..67
.27.2165.723.42
.1..6214147763.
.5631352..5167.
67.1122..12.1.1
.6235.633.54..7
0
1
0
0
41
0
0
0
0
13
0
0
0
1
0
0
10
0
0
40
1
0
1
1
0
1
0
0
.56.13.414412.7
516211.65.7.12.
4.321.533.7....
4.7.27322276.67
.27.2165.723.42
.1466214147763.
.5631352..5167.
67.1122..12.1.1
.6235.633.54..7
0
10
0
1
0
0
14
0
1
1
0
19
0
0
0
0
0
0
0
0
0
0
12
0
0
0
0
0
0
1
0
0
0
0
12
0
1
0
0
0
0
0
0
0
0
0
0
0
0
0
0
10
0
0
1
0
20
0
.56.132414412.7
516211.65.7.12.
4.321.533.7..1.
4.7627322276.67
.27.2165.723.42
.1466214147763.
.5631352..5167.
67.1122.712.1.1
.6235.633.54..7
0
0
10
34
0
10
34
0
0
15
0
0
0
0
0
0
0
1
0
0
0
0
0
1
0
12
0
1
1
0
0
0
0
1
0
0
0
0
0
0
0
0
0
0
20
1
0
0
0
0
0
0
0
30
0
0
14
0
0
0
0
30
0
30
0
0
0
0
0
15
0
0
0
0
0
0
1
0
0
0
13
29
0
0
0
0
0
21
0
0
0
0
1
0
28
0
0
0
0
1
0
0
1
14
0
1
11
0
0
0
0
0
0
.56.132414412.7
516211.65.7512.
4.321.533.7..14
4.7627322276467
.2532165.723.42
.1266214147763.
.56313521.5167.
67.1122.71211.1
56235.633.54327
0
1
0
0
0
0
1
0
0
0
1
.56.13241441247
516271.65.7512.
4.321.533.7.214
4.7627322276467
.2532165.723.42
.1266214147763.
.56313521.5167.
67.1122.71211.1
56235.633.54327
0
0
.56.13241441247
516271.65.7512.
4.321.533.7.214
4.7627322276467
.2532165.723.42
.1266214147763.
.56313521.5167.
67.1122.71211.1
56235.633.54327
0
0
0
0
0
0
0
0
23
1
22
0
0
0
0
0
0
0
0
0
