OK 1
1
1
0
1
0
0
1
1
1
1
1
1
0
1
0
1
0
1
1
1
....4........
.7.1.........
.4..........5
.............
.....5...3...
........1....
1..8.....3...
.............
.....6.......
1
1
1
0
1
0
1
1
0
1
1
0
0
1
1
1
1
94
0
2
1
1
1
0
92
1
91
0
1
1
1
1
1
1
0
1
1
83
0
2
1
83
1
9
0
1
81
0
0
0
..4.4....6...
57115........
.4.6.6......5
.2.753..1....
.....5...3...
..75....1....
1..8.1...3..5
..8....7.....
.1.5.66..528.
0
1
0
0
1
4
79
1
0
1
0
1
..4.4..5.6...
57115........
.4.6.6..6...5
.2.753..1.2..
.....5...3...
..75....1....
1..8.1...3..5
4.8....7.....
.1.5.66..528.
1
76
1
0
1
8
0
1
73
0
0
3
1
1
0
0
0
1
1
0
1
0
1
1
1
1
1
1
0
0
1
0
5
1
1
8.4.4..5.6...
57115.8..8.7.
.4.6.66.6...5
.2.753..122..
..4..5..13...
..75.8..1.44.
1..8.13..3365
4.8.6..7.....
.125166..528.
0
1
8.4.4..5.6...
57115.8..8.71
.4.6.66.6...5
.2.753..122..
..4..5..13...
..75.8..1.44.
1..8.13..3365
4.8.6..7.....
.125166..528.
1
58
0
0
0
0
1
10
1
0
0
0
56
1
1
0
0
0
14
8.4.42.5.6...
57115.8..8.71
.4.6766.6..35
.2.753..122..
..4..52.13...
..75.8..1.44.
1.68.13..3365
4.8.6..7.....
.125166..528.
0
1
0
6
53
0
0
1
1
8
51
0
1
1
1
1
0
1
0
0
1
0
0
0
0
8.4.42.516...
57115.8..8.71
.4.6766.66.35
.2.753..122..
..4.652.13...
..75.8..1.44.
1.68613..3365
4.856..7..4..
3125166..528.
0
1
0
1
0
1
0
11
1
1
1
0
0
0
0
0
1
0
0
1
0
0
0
15
1
0
0
1
0
0
0
0
0
1
0
1
1
0
0
0
8.4.42.516..2
57115485.8771
.4.6766.66.35
.2.753.7122..
..46652.13.61
..75.8..1.44.
1.68613..3365
43856..7..4.3
3125166..528.
0
1
0
1
1
0
0
0
0
15
1
0
0
0
0
0
8.4.42.516..2
57115485.8771
.4.6766.66.35
.2.753.7122..
..46652.13.61
.275.8..1344.
1.68613..3365
43856..74.4.3
3125166..528.
1
0
1
0
0
0
0
15
0
1
0
1
1
30
0
0
1
0
0
15
0
0
0
1
0
0
0
10
0
1
0
0
8.4.42.516..2
57115485.8771
24.6766.66.35
.2.753.8122..
..46652.13461
.27548.71344.
1.68613..3365
43856..7414.3
3125166..528.
0
0
0
29
1
0
8
0
10
0
0
0
0
0
0
0
0
0
0
0
1
0
0
10
0
0
10
0
0
0
0
0
0
1
0
0
0
0
0
1
0
11
28
0
0
12
0
0
0
0
0
0
0
0
0
0
1
0
0
0
0
0
0
13
0
0
0
0
0
12
0
28
0
1
1
0
1
26
0
12
8
1
0
13
0
1
9
0
0
8
0
9
0
0
12
0
0
0
0
1
0
0
1
0
1
0
0
0
1
0
0
12
1
0
0
1
0
0
22
0
0
0
0
0
1
0
0
0
0
0
0
0
0
21
0
0
0
1
0
1
0
0
1
0
0
7
0
0
