OK 1
1
1
0
1
1
1
.....3..
........
..1.1...
.2..3...
........
........
0
1
42
1
1
1
1
1
1
37
.....3..
......2.
..1.1.4.
.2..31..
1.......
....2.5.
0
0
0
1
1
1
1
1
1
1
0
31
0
3
0
0
1
0
1
29
0
1
0
..3..3..
..4.5.2.
.31.1.4.
.2..311.
1...2...
.4.52.53
0
0
1
0
0
27
0
1
0
1
1
0
1
1
1
0
0
0
1
0
0
0
0
21
0
1
0
1
0
1
0
0
0
1
17
1
1
0
1
0
1
1233.3..
..4.512.
53151.42
.2343113
125.2.44
34.52.53
0
0
0
0
0
0
0
1
0
0
0
1
0
0
0
1
1
0
12
0
12
0
0
0
8
0
0
0
10
1
0
1
1
7
0
10
1233.3..
..4.112.
53151342
12343113
12552.44
34.52.53
0
0
0
0
1
123313..
..4.112.
53151342
12343113
12552.44
34.52.53
0
0
0
0
1
9
0
10
0
0
0
1
0
0
0
0
0
0
0
0
1
0
0
1
0
7
0
0
1
0
0
0
0
0
7
0
7
0
