OK 1
0
1
1
1
1
1
1
1
1
1
42
0
0
1
1
......53..
5.1.......
...42.3...
..1.3.....
..6.......
0
1
1
1
3
1
1
0
35
1
34
1
0
1
0
0
0
2
32
0
8
1
1
0
1
0
0
0
0
1
1
0
1
1
0
0
0
1
0
.....65316
531241....
.5.42.3.24
..163.....
526.......
0
0
1
0
0
0
.....65316
531241....
.5.42.3.24
.1163.....
526.......
0
0
3
0
0
5
0
0
5
0
4
1
0
0
0
1
0
1
0
0
0
0
0
0
0
0
25
0
0
5
0
0
0
0
0
0
0
0
0
0
0
0
3
0
0
0
0
0
0
0
5
0
0
0
0
.....65316
531241....
.5542.3.24
.1163.....
526.......
0
1
0
1
0
0
4
0
5
0
0
0
1
0
0
0
1
0
0
0
0
1
0
0
0
0
0
1
0
0
0
0
0
1
6
0
0
0
0
0
0
7
0
0
1
0
0
0
1
0
0
5
0
0
0
5
1
0
0
1
1
0
0
0
1
7
0
0
6
