OK 1
1
0
0
1
1
1
1
0
1
1
1
1
3
1
1
0
1
45
1
1
1
1
42
1
0
1
4
0
1
0
0
1
7
1
0
1
1
0
7
..12..3
.2.3...
41.....
....244
.4..34.
14...3.
......4
331...1
0
0
1
7
0
1
33
1
1
0
1
7
0
1
0
30
0
1
..12..3
.2.3...
41....2
.1..244
243134.
14...3.
.4....4
331...1
0
0
29
1
0
28
0
0
0
0
28
1
1
0
1
1
6
0
0
..12..3
.223...
41....2
.1..244
2431344
14..43.
.4....4
331.1.1
0
1
1
0
0
1
1
0
1
0
0
0
0
9
1
0
0
0
0
0
0
7
0
0
0
21
0
1
0
0
1
0
0
1
0
1
..12..3
1223...
41...42
31..244
2431344
142.43.
144..24
331.1.1
0
0
0
18
0
..12..3
1223...
41...42
31..244
2431344
142.43.
144..24
331.1.1
1
0
13
0
1
0
0
0
1
0
..122.3
1223..4
41.4.42
31..244
2431344
142.43.
144..24
331.1.1
0
9
0
1
1
14
1
0
13
..122.3
1223..4
41.4.42
3112244
2431344
142.43.
144..24
331.1.1
0
0
1
1
0
8
0
0
1
0
1
0
0
0
0
11
0
0
11
0
0
0
0
0
0
0
0
0
0
1
1
0
0
1
0
8
0
0
0
0
