OK 1
.......
.......
.......
.......
.......
.......
0
1
1
1
1
2
1
1
1
1
1
1
1
0
1
31
1
1
1
0
0
1
1
1
0
0
0
26
1
1
6
1
1
23
1
0
7
1
1
1
0
0
0
1332.3.
212....
....3.2
3.21.1.
3.1..11
32..22.
1
0
0
1332.3.
212..2.
....3.2
3.21.1.
3.1..11
32..22.
0
0
1
1
0
7
18
0
1
0
17
1
0
1
0
10
0
0
16
0
0
0
10
0
0
9
0
1
15
0
0
0
0
0
15
1
1232.3.
212.22.
221.3.2
3.21.1.
3.1..11
31..22.
0
1
0
1
0
0
0
1
0
9
13
0
0
0
0
9
13
0
0
1
0
8
0
0
1
0
0
0
0
11
0
14
0
0
0
0
0
0
1
10
0
1
9
0
9
0
9
0
0
0
123223.
212.22.
2211322
3.23.1.
3313211
31..22.
0
0
0
0
0
0
1
1
0
0
15
0
0
0
0
0
0
0
7
0
0
0
