OK 1
1
1
0
1
0
1
1
0
0
1
1
0
1
1
1
1
0
1
1
1
0
1
70
0
1
1
68
1
67
0
0
1
1
1
0
0
1
0
0
.5..3..4.1..
.....3..5...
..11...2....
..31...4....
..6..3......
22.........6
..2.5.3.....
1
0
1
.5..3..4.1..
.....3..5...
..11...2....
..31...4....
..6..3..1...
22.........6
..2.5.3.....
1
1
1
1
0
1
0
0
5
1
0
59
1
1
.5..3..4.1..
..3..3..5...
..11...24..3
..31..34....
..6..3..1...
22.........6
..235.3..4..
0
1
56
0
0
1
1
0
0
0
1
0
1
0
1
7
0
0
0
1
1
1
0
0
0
1
0
0
0
0
0
0
1
1
4
1
0
0
0
1
22
1
65..3..4.1..
4.36.3..5...
..11..524..3
..31..343.1.
..66.31.1...
224......436
3.235.3..4..
0
45
0
1
1
0
0
0
1
0
0
0
1
0
1
1
1
1
1
1
1
0
0
1
1
0
0
0
0
1
0
0
32
1
1
1
0
0
1
0
0
0
0
29
0
0
0
0
29
0
65..3264.15.
4.3663.25.23
.411..524..3
.531..34321.
.266.3151...
224..15..436
3423513..4..
0
1
0
1
0
0
1
1
1
0
0
0
65..3264.15.
4.3663325.23
.411..5242.3
.531..34321.
.266.3151...
224..15.5436
3423513..43.
0
1
0
0
0
0
0
1
0
0
24
0
1
0
0
0
1
0
0
1
0
0
0
0
0
0
1
0
0
1
0
0
1
1
65..3264.15.
4.3663325.23
.4111.5242.3
.5314.34321.
.26533151...
2243615.5436
3423513..43.
0
1
19
0
0
0
0
0
0
0
0
0
0
0
0
0
0
10
0
1
0
0
0
0
0
0
0
0
1
0
1
0
0
0
0
0
0
0
0
0
0
0
0
0
0
0
10
1
0
10
0
0
65..3264.15.
4.3663325.23
.411165242.3
.5314334321.
126533151...
2243615.5436
34235136.43.
0
0
11
0
0
0
0
0
0
0
1
0
15
0
0
0
18
0
15
0
0
0
65..3264.15.
4.3663325.23
.411165242.3
.5314334321.
126533151..1
2243615.5436
34235136.43.
0
0
65..3264.15.
4.3663325.23
.411165242.3
.5314334321.
126533151..1
2243615.5436
34235136.43.
0
1
1
0
0
10
0
1
0
0
0
0
