OK 1
1
1
194
1
1
1
1
1
1
1
1
1
1
185
0
1
1
2
1
3
1
1
1
1
1
1
1
1
1
1
1
1
1
0
1
1
1
1
1
0
1
1
1
1
1
1
160
0
1
1
0
1
0
157
1
1
0
0
1
7.....2....9..
........19...9
......7..3..4.
..6.....6.2..3
.........2.3..
....98..2....3
45..17........
..........6...
..............
....5....6....
..5.21..3.2...
....395......1
..58......4.42
...5....1.....
1
1
0
3
1
1
150
1
1
7
1
1
7
1
1
0
1
1
1
0
6
1
0
7
0
0
1
1
1
1
0
1
1
136
0
1
1
1
1
1
1
8
1
1
128
1
1
127
0
1
0
1
1
0
1
0
0
5
1
0
1
7.....2.38.9..
47....6.19...9
......7.63..4.
..6.....642..3
2.....7.3223.5
....98..2....3
45..17.......9
9....5....6...
.8.....6......
.8..52.1.6..6.
..5221..362.3.
...93954.....1
1.58.....44442
...5.2..1..1..
0
1
1
0
122
1
0
1
1
1
118
0
1
1
1
0
1
0
1
0
1
1
1
1
1
7.....2.38.9..
47....6.197..9
......7.63.44.
..6..1.9642..3
2.....7.3223.5
.56.98..2...83
45..17.......9
9....55...6...
.8.....69.....
.8..52.1.6..6.
..5221.2362.3.
6..93954.....1
1.787.2..44442
...5.2.61..1..
1
1
0
1
0
0
106
0
1
7
0
105
0
1
0
1
0
1
1
1
1
1
1
0
1
97
0
0
1
1
1
0
1
12
1
0
0
0
7...3.2.38.9.5
47....6.197..9
......7.63.444
..6..1.9642..3
2.....7.3223.5
.56.98..2...83
45..17.5.76..9
9..2.55...6...
.8....1694....
.8..52.1.6.268
..5221.2362636
6..93954....31
1.787.2..44442
...512.61.81.3
1
0
0
1
90
0
0
1
0
0
1
0
0
1
1
7...3.2.38.9.5
47....6.197..9
....1.7.63.444
..6..1.9642..3
2.....7.3223.5
.56.98..2.6.83
45..17.5.76..9
9..2.55...6...
.8....1694....
.8..5271.6.268
..5221.2362636
6..93954...531
1.787.2..44442
...512861.8183
0
0
1
1
1
1
0
1
82
1
1
0
0
2...3.2.3839.5
47....62197..9
....1.7.63.444
..6..1.9642..3
2.....7.3223.5
.56.98.52.6.83
454.17.5.766.9
9..2.55...6...
.8....1694...3
.8..5271.6.268
..5221.2362636
6..93954...531
1.787.2..44442
...512861.8183
0
0
12
0
0
0
1
1
1
78
0
0
17
1
1
1
0
0
0
12
75
1
0
1
0
0
0
0
1
72
0
1
0
1
1
1
0
0
0
0
1
1
0
1
0
12
0
0
1
0
1
0
0
15
0
0
0
0
1
0
0
66
0
0
0
0
1
1
1
0
1
0
0
2..23.2.3839.5
67....62197.39
....1.7.63.444
.76..1.9642..3
2...9.77322375
.56.98952.6.83
45481725.766.9
9.12.55...6...
.8..511694..83
.8..5271.6.268
..5221.2362636
6..93954.64531
12787.2..44442
..151286138183
1
13
2..2372.3839.5
67....62197.39
....1.7.63.444
.76..1.9642..3
2...9.77322375
.56.98952.6.83
45481725.766.9
9.12.55...6...
.8..511694..83
.8..5271.6.268
..5221.2362636
6..93954.64531
12787.2..44442
..151286138183
0
0
12
0
0
1
1
1
0
0
0
0
59
0
0
1
0
20
0
0
0
0
58
0
1
0
0
0
0
0
2..2372.3839.5
67....62197.39
....1.7.636444
.76.21.9642..3
2...9.77322375
.56.9895296.83
45481725.766.9
9.12.55...6..2
.8..511694..83
.8..5271.6.268
..5221.2362636
6..93954.64531
12787.2..44442
..151286138183
0
0
14
2..2372.3839.5
67....62197.39
....1.7.636444
.76.21.9642..3
2...9.77322375
.56.9895296.83
45481725.766.9
9.12.55...6..2
.8..511694..83
.8..5271.6.268
..5221.2362636
6..93954.64531
12787.2..44442
..151286138183
1
0
0
2..2372.3839.5
67....62197.39
...61.7.636444
.76.21.9642..3
2...9.77322375
.56.9895296.83
45481725.766.9
9.12.55...6..2
.8..511694..83
.8..5271.6.268
..5221.2362636
6..93954.64531
12787.2..44442
..151286138183
0
0
56
1
0
2..2372.3839.5
67....62197.39
...6197.636444
.76.21.9642..3
2...9.77322375
.56.9895296.83
45481725.766.9
9.12.55...6..2
.8..511694..83
.8..5271.6.268
..5221.2362636
6..93954.64531
12787.2..44442
..151286138183
0
0
0
0
0
0
0
13
0
1
0
0
0
1
1
0
0
0
2882372.3839.5
67....62197.39
...6197.636444
.76.21.9642..3
2...9.77322375
.5659895296.83
45481725.766.9
9.12.55...6..2
.8..511694..83
.8..5271.6.268
..5221.2362636
6..93954.64531
12787.2..44442
..151286138183
0
0
1
14
2882372.3839.5
67....62197.39
...6197.636444
.76.21.9642..3
2...9.77322375
.5659895296.83
45481725.766.9
9.12.554..6..2
.8..511694..83
.8..5271.6.268
..5221.2362636
6..93954.64531
12787.2..44442
..151286138183
0
0
0
0
0
0
51
0
0
0
0
14
51
0
1
1
0
0
0
0
0
0
0
0
1
0
1
0
48
0
0
14
0
0
0
48
0
0
0
0
0
0
0
48
0
0
0
0
0
14
0
0
1
0
0
1
1
0
0
1
0
1
0
0
0
0
14
0
14
0
1
0
0
0
0
0
0
0
1
0
0
43
0
0
0
0
0
0
0
0
0
0
1
1
2882372.383955
67....62197.39
...6197.636444
.76.21.9642..3
2...9.77322375
.5659895296.83
45481725.766.9
9.12.554..6362
48.4511694..83
.8..5271.6.268
..5221.2362636
6.393954564531
1278772..44442
5.151286138183
0
0
0
0
42
0
0
0
0
0
0
0
0
0
0
2882372.383955
67....62197.39
...6197.636444
.76.21.9642..3
2...9.77322375
.5659895296.83
45481725.766.9
9.12.554..6362
48.4511694..83
.8..5271.6.268
..5221.2362636
6.393954564531
1278772..44442
5.151286138183
0
22
0
0
0
0
0
14
0
42
0
0
42
2882372.383955
67....62197.39
...6197.636444
.76.21.9642..3
2...9.77322375
.5659895296.83
45481725.766.9
9.12.554..6362
48.4511694..83
.8..5271.6.268
..5221.2362636
6.393954564531
1278772..44442
5.151286138183
0
0
0
0
1
0
0
0
0
0
15
0
0
0
0
0
1
1
23
0
0
0
2882372.383955
67....62197.39
...6197.636444
.76.21.9642..3
2...9.77322375
.5659895296.83
45481725.766.9
9.12.554..6362
48.4511694..83
.8..5271.6.268
..522182362636
6.393954564531
1278772.544442
56151286138183
0
0
0
15
0
0
0
0
0
0
0
19
0
0
0
0
39
2882372.383955
67....62197.39
...6197.636444
.76.21.9642..3
2...9.77322375
.5659895296.83
45481725.766.9
9.12.554..6362
48.4511694..83
.8..5271.6.268
..522182362636
6.393954564531
1278772.544442
56151286138183
0
0
0
0
39
2882372.383955
67....62197.39
...6197.636444
.76.21.9642..3
2...9.77322375
.5659895296.83
45481725.766.9
9.12.554..6362
48.4511694..83
.8..5271.6.268
..522182362636
6.393954564531
1278772.544442
56151286138183
0
39
2882372.383955
67....62197.39
...6197.636444
.76.21.9642..3
2...9.77322375
.5659895296.83
45481725.766.9
9.12.554..6362
48.4511694..83
.8..5271.6.268
..522182362636
6.393954564531
1278772.544442
56151286138183
0
0
0
1
0
0
0
15
1
2882372.383955
67....62197.39
...6197.636844
576.21.9642..3
2...9.77322375
.5659895296.83
45481725.766.9
9.12.554..6362
48.4511694..83
.8..5271.6.268
..522182362636
6.393954564531
1278772.544442
56151286138183
1
15
2882372.383955
67....62197.39
...6197.636844
576.21.9642..3
2...9.77322375
.5659895296.83
45481725.766.9
9912.554..6362
48.4511694..83
.8..5271.6.268
..522182362636
6.393954564531
1278772.544442
56151286138183
0
0
2882372.383955
67....62197.39
...6197.636844
576.21.9642..3
2...9.77322375
.5659895296.83
45481725.766.9
9912.554..6362
48.4511694..83
.8..5271.6.268
..522182362636
6.393954564531
1278772.544442
56151286138183
0
1
24
0
18
2882372.383955
67....62197.39
...6197.636844
576.21.9642..3
2...9.77322375
.5659895296.83
45481725.766.9
9912.554..6362
48.4511694..83
.8.25271.6.268
..522182362636
6.393954564531
1278772.544442
56151286138183
0
1
0
0
0
0
0
0
0
0
1
0
0
0
18
0
0
20
0
0
0
0
0
16
0
0
0
0
1
0
23
0
0
1
0
0
0
1
0
1
2882372.383955
67.4..62197.39
..76197.636844
576.21.9642..3
2...9.77322375
.5659895296.83
45481725.766.9
99121554..6362
48.4511694..83
.8.25271.6.268
..522182362636
6.393954564531
1278772.544442
56151986138183
0
0
0
0
1
32
0
0
0
0
0
20
32
1
0
0
0
1
0
16
31
0
1
2882372.383955
67.4..62197.39
1176197.636844
576.21.9642..3
2...9.77322375
.5659895296.83
45481725.766.9
99121554..6362
4884511694..83
.8.25271.6.268
..522182362636
6.393954564531
1278772.544442
56151986138183
0
0
0
0
0
0
16
0
0
30
0
1
0
0
0
0
16
0
0
0
1
24
28
0
1
0
0
0
0
0
16
28
1
27
0
0
0
0
0
0
24
0
19
0
0
1
0
1
0
26
0
0
0
0
0
0
0
0
16
0
0
24
0
0
0
0
0
0
1
0
0
0
0
0
0
16
0
0
0
0
0
0
0
0
19
0
0
