OK 1
1
1
1
1
1
1
1
1
1
1
1
69
0
1
1
1
1
0
65
0
1
1
1
1
1
1
1
1
1
1
0
0
1
1
56
0
1
0
1
0
1
1
1
1
0
1
0
0
1
1
1
1
0
0
0
0
0
0
1
0
0
0
0
46
0
1
0
0
45
0
0
2.2.1.2.1.
1212.111..
..221..2..
.1...1....
2..2.1.1..
1.2..2....
.121......
111.22..21
0
0
1
0
1
0
1
0
0
0
1
0
18
0
0
0
41
0
0
1
1
0
1
1
1
0
1
0
0
0
0
0
1
0
0
212.1.2.1.
12121111.1
..221..2.2
.1...11..1
2..221.1..
1.2..2....
.121.12...
111.221.21
0
0
19
0
0
0
35
0
0
1
0
0
1
1
1
0
1
0
0
0
0
1
0
0
0
0
0
0
0
1
1
1
0
0
0
0
1
0
1
0
0
0
0
1
0
1
0
0
0
0
24
0
1
0
0
0
0
0
0
0
0
0
1
0
0
21
0
1
0
0
0
0
0
34
0
0
0
0
1
0
0
0
0
0
20
1
0
0
0
1
0
0
0
0
0
1
0
0
0
0
35
1
0
0
28
0
0
1
0
0
0
0
0
0
0
1
0
0
0
0
0
0
28
0
1
29
1
0
0
0
0
0
0
0
0
0
0
1
0
0
14
0
0
0
0
0
14
0
1
0
0
0
0
0
2121122211
1212111111
.2221122.2
.11.1111.1
2122211121
1.22.2221.
.121.121.2
111.221.21
0
0
0
29
0
