OK 1
1
1
1
1
1
1
0
1
1
3
1
1
0
1
..........
..........
..1.......
..1...2...
.....1....
..2.......
......1.1.
.........2
...1..2...
..........
1
1
1
1
1
0
0
1
0
7
1
1
1
1
1
1
1
1
1
1
1
0
15
1
1
1
14
71
0
1
1
1
1
1
0
1
66
1
0
0
1
1
0
0
0
1
0
1
1
60
0
0
0
0
0
0
1
1
23
1
1
1
1
1
1
0
0
53
1
1
51
1
50
0
0
0
27
1
0
28
0
1
0
0
0
1
25
1
1
0
0
0
1
1
1
0
0
1
42
0
42
1
28
1
0
1
0
1
1
0
0
1
0
0
33
0
1
0
0
0
0
1
0
38
0
0
1
0
0
0
38
0
0
0
0
1
0
1
30
1
0
0
0
1
1
0
1
1
0
0
1
0
0
0
0
32
1
1
0
2.12..2112
.122.1212.
..122121..
..12212.11
.21.11.2.1
.2211...11
2..1.1111.
1.212.1.22
.2212222.1
211211221.
0
0
1
0
1
0
0
0
0
0
0
0
0
29
0
0
0
0
0
1
0
0
0
37
0
0
0
0
0
0
0
0
0
1
0
0
35
1
0
0
0
0
0
0
0
0
0
0
26
0
0
0
0
1
0
0
0
0
0
0
0
0
0
0
0
0
0
0
26
1
0
0
0
0
26
0
2.12..2112
2122.1212.
11122121..
..12212.11
.21.11.2.1
22211...11
2..1.1111.
1.21211.22
.2212222.1
211211221.
0
0
0
0
1
0
0
0
0
0
0
0
0
0
35
0
0
0
1
36
0
1
0
1
0
0
0
0
0
37
0
0
0
0
0
0
0
37
0
1
22
0
1
0
0
0
0
38
0
1
0
0
42
1
0
20
0
0
2212..2112
2122.12122
11122121..
..12212111
.21211.211
22211...11
2.11.1111.
1.21211.22
.2212222.1
211211221.
1
0
0
0
0
19
0
1
43
0
2212..2112
2122.12122
11122121..
..12212111
.21211.211
22211...11
2.11.1111.
1.21211222
12212222.1
211211221.
0
18
0
1
2212..2112
2122.12122
11122121..
..12212111
.21211.211
22211.2.11
2.11.1111.
1.21211222
12212222.1
211211221.
0
17
0
0
40
0
0
0
1
0
1
0
0
0
0
0
40
0
0
0
0
0
1
15
0
1
14
0
0
0
0
41
0
45
0
0
22121.2112
2122.12122
11122121..
..12212111
221211.211
2221112.11
2.11.1111.
1.21211222
12212222.1
211211221.
0
0
14
0
0
0
45
0
0
0
1
0
14
0
0
1
13
