OK 1
1
1
1
1
0
1
1
1
1
0
1
1
1
0
1
0
5
44
1
1
42
1
1
0
1
6
0
1
0
1
0
6
1
1
0
1
1
1
1
1
1
1
0
1
1
0
0
0
28
1
0
10
27
1
0
0
0
0
1
14
1
2.3...2
...1...
1112133
.11...2
23313.3
1.3.212
..223.3
2...3.2
1
1
0
0
12
0
1
0
0
12
11
0
12
1
0
0
0
0
20
2.3...2
...1...
1112133
.1111.2
23313.3
1.3.212
31223.3
2...3.2
0
0
20
0
0
0
1
0
223...2
...1...
1112133
.1111.2
23313.3
1.3.212
31223.3
2...3.2
1
0
11
223...2
...1...
1112133
.1111.2
23313.3
1.3.212
31223.3
2...3.2
1
1
0
0
12
0
0
0
0
0
1
0
0
12
223...2
...11.1
1112133
.1111.2
23313.3
1.3.212
31223.3
2...3.2
0
223...2
...11.1
1112133
.1111.2
23313.3
1.3.212
31223.3
2...3.2
0
1
10
1
1
223...2
...11.1
1112133
.1111.2
23313.3
1.3.212
31223.3
2.3.3.2
0
0
0
0
12
0
0
0
1
0
0
1
223...2
..311.1
1112133
.1111.2
23313.3
1.3.212
31223.3
223.3.2
0
0
0
1
0
13
0
1
0
0
0
1
0
0
0
0
0
1
0
10
1
0
0
1
0
0
0
0
0
0
0
6
1
0
0
0
0
0
0
17
0
0
13
0
1
223.3.2
.3311.1
1112133
.1111.2
23313.3
1.33212
31223.3
223.3.2
0
0
0
0
0
0
0
1
0
0
0
0
0
0
0
0
0
0
0
6
0
0
0
