OK 1
1
1
...1.....
.2.......
.........
.........
.........
.........
.........
1
1
1
...1.....
.2......1
.........
.........
.........
...1.....
.........
0
1
0
58
1
1
1
1
1
1
1
0
1
1
1
1
1
1
46
1
1
1
0
0
1
1
0
1
1
1
1
1
0
1
1
0
37
0
37
0
1
0
1
1
1
1
33
1
1
2.11..2.2
22..11.21
..22.21..
12..12.22
.2.1.1.1.
.2.1.11..
.11......
0
1
31
1
1
0
0
1
0
0
0
1
1
0
0
1
0
0
0
0
0
1
0
0
0
19
0
0
0
1
0
24
0
0
0
0
0
0
20
1
0
1
0
0
1
0
0
21
0
0
0
1
22111.2.2
22..11.21
..22.2111
12..12122
.2.1.1.12
.2.1211.2
211.1..12
0
21
0
0
22
0
0
0
0
0
0
0
0
0
0
0
21
0
0
0
0
1
1
0
0
0
22
0
0
0
0
1
0
1
0
0
0
0
0
1
1
0
0
1
24
0
0
0
15
0
1
0
1
0
2211122.2
22..11.21
..2212111
121112122
.221.1212
.2.121112
211.1..12
0
1
25
0
0
26
1
0
0
0
0
26
0
0
1
0
0
10
0
0
0
0
0
0
1
0
9
0
9
0
0
0
0
0
0
1
0
0
0
0
0
9
0
