OK 1
1
0
0
1
0
1
1
0
1
1
1
0
1
0
0
0
1
1
0
1
0
1
1
1
1
1
1
4
0
1
0
1
82
1
1
1
0
0
1
1
0
0
1
0
1
1
0
.....
...32
..21.
.3.1.
...1.
.....
....3
.3...
.....
....1
...1.
2....
.32..
..2..
.....
...3.
222..
1....
..13.
.2..3
0
1
0
75
0
75
0
1
0
1
0
1
0
1
0
0
0
1
1
0
1
0
0
9
1
0
0
11
1
.....
...32
..21.
.3.1.
...1.
.3...
...33
.3...
.....
.2..1
...13
2....
.32..
..2..
.....
..33.
222.1
1....
2.13.
.21.3
0
0
68
0
1
0
0
0
0
1
0
66
1
.....
...32
..21.
.3.1.
...1.
.3...
...33
.3...
.....
.2.21
...13
22...
132..
..2..
.....
..33.
222.1
1....
2.13.
.21.3
65
1
....3
...32
..21.
.3.1.
...1.
.3...
...33
.3...
.....
.2.21
...13
22...
132..
..2..
.....
..33.
222.1
1....
2.13.
.21.3
0
0
0
0
0
0
0
1
11
1
1
0
0
61
0
0
0
0
61
0
1
0
0
1
1
58
0
0
0
13
0
0
1
1
0
0
1
0
57
0
....3
...32
..21.
.3.1.
...1.
.3...
..233
.3.2.
.....
.2.21
3..13
22...
132..
..2..
..2..
..33.
222.1
1.22.
2.13.
.2113
0
1
0
0
1
1
0
1
....3
...32
..21.
33.1.
...1.
.3...
..233
.3.2.
.....
.2.21
32.13
22...
132..
..2..
..2..
..331
222.1
1.22.
2.13.
.2113
0
1
0
1
0
1
16
1
0
0
0
0
20
0
0
1
15
..1.3
.1232
..21.
33.1.
...1.
13...
..233
.3.23
.....
.2.21
32.13
22...
132..
..2..
..2..
..331
222.1
1.22.
2.13.
.2113
1
..1.3
21232
..21.
33.1.
...1.
13...
..233
.3.23
.....
.2.21
32.13
22...
132..
..2..
..2..
..331
222.1
1.22.
2.13.
.2113
0
0
0
15
0
0
48
0
..1.3
21232
..21.
33.1.
...1.
13...
..233
.3.23
.....
.2.21
32.13
22...
132..
..2..
..2..
..331
222.1
1.22.
2.13.
.2113
0
0
1
1.1.3
21232
..21.
33.1.
...1.
13...
..233
.3.23
.....
.2.21
32.13
22...
132..
..2..
..2..
..331
222.1
1.22.
2.13.
.2113
1
0
0
1
0
1
16
1
0
1
0
0
0
1
1
41
0
0
1
0
0
1
18
0
0
1
0
0
1
0
1
1
1.1.3
21232
1.21.
33.1.
.3.12
13.2.
..233
13.23
....3
.2.21
32.13
22...
132..
..2..
.12..
.1331
22231
1.22.
2.13.
22113
0
0
19
1
1
0
0
0
1
0
0
1.1.3
21232
1.21.
33.1.
.3.12
13.2.
..233
13.23
....3
.2.21
32.13
22...
132..
..2.1
.12..
.1331
22231
1322.
2.13.
22113
0
1
0
0
21
1
1
1
0
0
0
1
0
1
0
0
0
0
23
0
1
0
22
30
0
0
24
0
0
0
24
0
1
0
29
1
0
0
1
0
0
24
28
1
0
24
0
0
0
28
0
0
24
28
1.1.3
21232
13213
33.1.
.3.12
13.2.
..233
13.23
....3
.2121
32.13
221..
132..
..231
.12..
.1331
22231
13223
2113.
22113
0
0
0
0
0
1
0
1
0
0
0
0
0
0
0
0
0
0
0
0
1
25
0
0
0
0
1.1.3
21232
13213
33.1.
.3.12
13.2.
3.233
13.23
....3
.2121
32.13
221..
132..
.1231
.122.
.1331
22231
13223
2113.
22113
1
0
0
0
0
1
0
1
0
0
23
0
1
0
0
0
0
0
0
1
0
0
0
0
0
0
0
1
0
0
0
