OK 1
1
1
1
153
1
1
1
150
0
1
1
1
1
1
2
1
1
144
1
1
1
1
1
1
1
1
1
1
0
0
1
1
1
0
1
1
6
1
1
4
1
0
1
127
0
0
1
1
1
1
1
0
0
0
1
1
0
1
1
0
1
0
1
0
0
0
1
1
1
1
0
11
0
1
111
1
1
1
1
1
1
...4.......12
3.2..4...21..
.5..1...2....
45.4......4..
..........4..
.224...3.5...
.4.13..4.4.13
3..1..5.152..
..2.......1.4
531..5..4...1
311....1.....
.3....3..23..
1
1
1
0
0
0
0
0
0
1
1
0
1
0
1
1
0
97
0
1
0
1
0
0
15
1
0
94
1
0
1
0
1
1
0
10
1
0
0
1
1
0
87
1
0
86
1
85
1
17
0
0
1
0
12
0
0
1
0
1
0
0
18
0
12
81
1
0
1
0
0
1
1
1
0
77
...4..4.3..12
3.2..4...21..
.5.413..2....
45.4...42.4..
..3234.3.54..
.2241..355...
14.131.414.13
31.1..5.1524.
1.25.334..1.4
531..5..4..31
3115...1...5.
23....3..23..
0
18
0
32
1
20
0
0
29
1
0
1
0
0
0
0
...4..4.3..12
3.2..4...21..
.5.413..2....
45.4...42.4..
..3234.3.54..
.2241..355...
14.131.414.13
31.1..5.1524.
1.25.334..1.4
531..5..41.31
3115...1...5.
23....35.23..
12
75
0
0
1
1
0
0
0
1
0
...4..4.3..12
3.2..4...21..
.5.413..2....
45.4...42.44.
..3234.3.54..
.2241..355...
14.131.414.13
31.1..5.1524.
1.25.334..124
531..5..41.31
3115...1...5.
23....35.23..
1
1
0
0
0
0
0
1
0
0
0
1
0
0
1
28
0
0
1
1
67
0
0
0
0
0
0
16
0
0
1
0
0
0
0
1
0
0
0
0
1
0
1
1
0
0
0
1
1
0
0
0
0
0
1
0
0
1
0
...4..423..12
3.2..4..221..
45.413..22.2.
452434242.44.
4.3234.3.54..
.22414.355...
14.131.414.13
31.1..551524.
1.25.334..124
531..5..41.31
3115..21..25.
23....35.23..
0
0
0
0
0
0
19
0
0
0
14
1
0
0
20
0
0
0
0
1
1
0
0
1
1
0
0
17
0
0
0
0
0
0
19
0
0
0
0
0
...4..423..12
3.2..4..221.5
454413..22.2.
452434242.44.
5.323443.54..
.22414.355...
14.131.414.13
3151..551524.
1.25.334..124
531..5..41.31
3115..21..25.
23....35.23..
0
0
1
0
0
0
1
1
26
0
17
1
0
18
1
0
0
1
18
49
49
0
0
0
0
26
0
0
1
0
0
20
0
0
0
0
0
3..4..423..12
3.2..4..22115
454413.42242.
452434242.445
5.323443.54..
222414.3551..
14.131.414.13
3151..551524.
1.25.334..124
531..5..41.31
3115..21..25.
23....35.23..
0
18
1
0
0
0
0
1
0
3..4..423..12
3.2..4..22115
454413.42242.
452434242.445
5.323443.54..
222414.3551..
14.131.414.13
3151..551524.
1.25.334..124
531..5..41.31
3115..21..25.
23....35.23..
0
0
0
0
0
1
27
1
0
0
0
0
0
1
0
3..4.4423..12
3.2..4..22115
454413.42242.
452434242.445
5.323443.54..
222414.3551..
14.131.414.13
31514.551524.
1.25.334..124
531..5..41.31
3115..21..25.
23....35.23..
0
0
0
0
0
20
1
0
1
0
1
0
0
0
0
0
0
0
0
0
0
1
0
0
0
0
1
0
0
1
23
0
20
0
1
0
0
0
1
24
0
1
0
0
1
0
1
0
0
0
1
14
0
0
0
0
0
0
1
0
0
0
3..424423.112
332..4..22115
454413442242.
452434242.445
5.323443.54..
222414.3551..
141131.414113
31514.5515245
1525.334..124
531..5..41.31
3115..214225.
23...335223..
0
0
0
0
0
0
12
0
0
1
3..424423.112
332..4..22115
454413442242.
452434242.445
5.323443.54..
222414.3551..
141131.414113
31514.5515245
1525.3344.124
531..5..41.31
3115..214225.
23...335223..
0
0
0
0
1
3..424423.112
332..4..22115
454413442242.
452434242.445
5.323443.54..
222414.3551..
141131.414113
31514.5515245
1525.3344.124
531..5..41.31
3115..214225.
23...335223..
0
22
0
0
1
0
0
0
0
25
22
3..424423.112
332..4..22115
454413442242.
452434242.445
5.323443.54..
222414.3551..
141131.414113
31514.5515245
1525.3344.124
531..55.41.31
3115..214225.
23...335223..
0
0
0
0
0
0
0
0
17
0
0
0
0
0
0
31
0
0
0
0
0
11
0
0
0
0
0
0
0
0
0
0
0
0
0
0
31
32
3..424423.112
332..4..22115
454413442242.
452434242.445
5.323443.54..
222414.3551..
141131.414113
31514.5515245
1525.3344.124
531..55.41.31
3115..214225.
23...335223..
0
0
1
0
0
1
30
0
0
11
0
25
0
0
0
0
0
16
0
0
0
0
0
0
31
1
0
0
26
0
0
0
0
0
1
0
0
0
0
0
0
10
0
0
0
0
0
10
