OK 1
0
1
0
1
0
1
...................
...................
...................
...................
...................
.................1.
...3...............
...................
...................
............2......
...................
0
1
1
1
1
1
1
1
1
1
0
1
1
1
1
1
1
1
1
192
1
1
1
1
4
0
1
1
1
0
1
1
0
1
1
1
0
0
1
1
0
1
1
0
0
1
1
0
0
1
1
1
1
1
0
170
0
1
1
1
0
0
0
1
13
1
0
..1..34..4.........
2...4....3.........
.2....4.3..........
.1......4.4.......4
..212..............
..14..4..........1.
...3......4.......3
1..4.3.....3.....3.
..4.1.2.....43.....
2.1.2....3..2...3..
.2...33.......4....
165
1
..1..34..4.........
2...4....3.........
.2....4.3..........
.1......4.4.......4
..212..............
..14..4..........1.
...3......4.......3
1..4.3.....3.....3.
..4.1.2.....43.....
2.1.2....3..2...3..
.2...33.......4....
0
1
0
0
1
1
0
1
0
1
9
1
1
1
0
1
0
0
0
0
0
0
1
0
1
0
1
0
1
1
1
1
1
0
1
1
1
0
1
1
0
1
1
1
0
1
1
142
1
0
14
1
0
1
1
0
0
0
0
18
140
0
1
0
1
1
1
19
0
0
0
1
0
1
0
0
1
1
1
21
0
1
1
0
1
0
1
0
131
21
1
0
130
1
0
0
1
0
0
1
1
0
1
0
126
1
1
0
0
0
0
1
0
1
122
0
1
1
0
0
1
119
0
1
0
0
0
1
0
..11.34..431...4...
2.234....3.......3.
.22.21423.142......
.1...4.24.4...4...4
42212...4.2..3.....
.1141.4..32......11
2..31.2...42.1..4.3
1..4.334...3.4.2.3.
1.4.1.2..1.143.....
2.1121...3..2...3..
.2.3.33.2...3.4.3..
0
1
118
1
1
1
0
0
1
0
0
1
1
0
1
0
0
1
0
0
0
0
1
..11.34..431...4...
2.234...23.2.....3.
.22.21423.142......
.1..44.24.4.2.4...4
422123..4.2..3.....
.1141.4..32......11
2..31.2...42.1..4.3
1..4.334...3.4.2.3.
1.4.1.2..1.1432....
2.1121...3..2...331
.2.3.3312...3.4.3..
0
0
0
0
110
0
0
0
1
1
108
0
0
1
1
..11.34..431...4...
2.234...23.2.....3.
.22.21423.142......
.1..44.24.442.4...4
422123..4.2..3.....
.1141.4..32......11
2..31.2...42.1..4.3
1.24.334...3.4.2.3.
1.431.2..1.1432....
2.1121...3..2...331
.2.3.3312...3.4.3..
1
0
0
1
1
0
..11.344.431...4...
2.234...23.2.....3.
.22.21423.142......
.1..44.24.442.4...4
422123..4.2..3.....
.1141.4..32......11
2..31.2...42.1..4.3
1.24.334..33.4.2.3.
1.431.2..1.1432....
2.1121...3..2...331
.2.3.3312...3.4.3..
0
..11.344.431...4...
2.234...23.2.....3.
.22.21423.142......
.1..44.24.442.4...4
422123..4.2..3.....
.1141.4..32......11
2..31.2...42.1..4.3
1.24.334..33.4.2.3.
1.431.2..1.1432....
2.1121...3..2...331
.2.3.3312...3.4.3..
0
1
1
0
0
1
1
0
101
0
1
0
1
1
28
0
1
97
0
0
30
0
1
1
0
1
0
1
1
0
1
0
92
1
0
1
31
0
1
0
90
1
0
0
30
1
0
0
1
0
1
0
0
1
0
1
33
0
1
0
1
1
0
0
0
32
0
31
83
0
0
.311.344.431..2441.
21234.4423.2.2...3.
.22.214233142......
.13.44124.44244.1.4
422123..4.2..3.....
.1141.42.32.....311
22.31.2...42.1.44.3
1.24.334..3334.2.3.
1.431.2..1.1432....
2.1121...31.2...331
.2.3.3312.323.413..
0
0
1
0
0
31
0
0
0
1
0
0
0
0
0
0
0
0
0
0
0
0
30
1
0
0
0
80
1
0
0
0
0
1
0
0
0
0
0
1
0
0
0
0
0
77
0
0
0
0
0
1
1
0
1
1
0
0
1
0
0
74
0
1
0
1
0
73
35
1
1
0
0
0
0
0
1
0
0
0
0
0
0
1
0
0
71
0
1
1
0
0
0
0
39
1
38
1
0
0
0
0
1
1
66
0
33
0
1
0
0
1
64
0
1
0
0
0
0
0
0
33
0
0
.311.344.431322441.
21234.4423.232.2.3.
422.214233142......
.13.44124.44244.1.4
422123..4.22.3...3.
11141442.32.1..3311
22.3122...42.1.44.3
1224.334.33334.2.3.
1.431.2.21.1432.32.
221121.3.31.2...331
.2.3.3312.323.413..
0
0
0
0
0
0
33
64
0
1
42
1
1
0
33
1
0
1
0
0
0
1
1
1
1
34
0
1
.311.344.431322441.
21234.4423.232.2.3.
422.214233142......
.13.44124.44244.1.4
422123..4122.3...3.
11141442.32.11.3311
22.3122...42.1.44.3
1224.334.33334.2.3.
1.431.2.21.1432.322
22112143.31.2...331
22.3.3312.323.413..
0
1
0
0
1
0
1
0
1
40
0
0
0
0
0
0
0
0
0
0
1
0
0
.311.3442431322441.
21234.44231232.2.3.
422.214233142......
.13.44124.44244.1.4
422123..4122.3...33
11141442.32.11.3311
22.31222..42.1.44.3
1224.334.33334.2.3.
1.431.2.21.1432.322
22112143.31.2...331
22.3.3312.323.413..
0
0
0
0
55
1
0
0
54
0
34
1
0
35
0
0
0
1
35
1
1
0
1
0
0
1311.3442431322441.
21234.44231232.2.3.
4222214233142......
.13.44124.44244.1.4
422123..4122.34..33
11141442.32.11.3311
22431222..42.1.44.3
1224.334.33334.2.3.
1.431.2.21.1432.322
22112143.31.2...331
22.3.3312.323.413..
0
0
0
0
36
1
1
0
0
40
0
0
0
37
0
0
0
40
1
0
0
0
0
0
0
0
0
0
1
38
0
0
0
0
0
1
0
1
0
0
0
0
0
40
0
0
1311.3442431322441.
21234.44231232.2.3.
4222214233142....1.
.13.44124.44244.1.4
422123..4122.34..33
11141442.32.11.3311
22431222.142.1.44.3
1224.334.33334.2.3.
11431.2221.1432.322
22112143.31.2...331
22.3.3312.3232413..
0
0
0
1
1
1
0
1
0
0
0
49
42
0
0
0
0
0
0
0
0
0
0
1
0
0
0
0
0
0
0
0
1
0
0
40
0
0
40
0
0
0
0
0
1
0
40
1
0
0
0
0
0
40
0
0
1311.3442431322441.
21234.44231232.243.
4222214233142....13
.13.44124.44244.1.4
4221231.4122234..33
11141442.32.11.3311
224312223142.1344.3
1224.334.33334.2.3.
11431.2221.1432.322
22112143.31.2...331
22.3.3312.3232413..
0
0
0
0
0
0
1
0
0
0
37
1311.3442431322441.
21234.44231232.243.
4222214233142....13
.13.44124.44244.1.4
4221231.4122234..33
11141442.32.11.3311
224312223142.1344.3
1224.334.33334.2.3.
11431.2221.1432.322
22112143.31.2...331
22.3.3312.3232413..
0
0
0
1
0
1
0
1
1
0
0
0
37
0
0
50
0
1
0
37
0
0
50
0
0
0
0
0
0
43
131113442431322441.
21234.44231232.243.
4222214233142....13
.13.44124244244.1.4
4221231.4122234..33
11141442.32.11.3311
224312223142.1344.3
1224.334.33334.2.3.
11431.2221.1432.322
22112143.31.2...331
22.3.3312.3232413..
0
0
0
1
0
1
0
0
43
1
0
1
0
0
1
0
1
0
0
0
33
0
0
0
0
0
43
33
0
1
0
0
0
0
0
0
0
0
0
0
0
39
0
0
1
0
0
32
131113442431322441.
21234.44231232.243.
4222214233142....13
.13444124244244.134
4221231.4122234.433
11141442.32.11.3311
224312223142.1344.3
1224.334.33334.2.3.
11431.2221.14322322
22112143.3112...331
22.313312.3232413..
0
0
0
32
0
0
0
0
0
0
131113442431322441.
21234.44231232.243.
4222214233142....13
.13444124244244.134
4221231.4122234.433
11141442.32.11.3311
224312223142.1344.3
1224.334.33334.2.3.
11431.2221.14322322
22112143.3112...331
22.313312.3232413..
0
0
32
0
0
0
