OK 1
1
1
1
1
1
1
1
1
1
1
1
1
0
1
0
1
3
1
1
40
1
1
38
0
0
1
0
..1.5.4
.2...43
36.1.6.
..2..15
..2..21
...6...
.......
..35...
1
1
5
35
1
1
0
1
33
0
1
0
0
0
0
0
5
1
5
1
1
0
0
29
1
1
0
1
1
1
8
0
0
1
1
0
1
1
0
0
1
1
1
1
0
0
1
0
1
9
0
0
1
0
0
1
0
0
0
17
0
1
0
0
1
15
0
0
0
1
0
0
0
1
1
1
..1.5.4
6215.43
3651466
6.22215
2225.21
.146542
16.12.5
16355.1
0
0
1
0
1
0
1
0
..1.5.4
6215343
3651466
6.22215
2225.21
.146542
16.12.5
16355.1
0
0
0
1
0
1
0
0
0
0
0
0
1
0
5
0
0
0
0
1
0
0
1
0
0
0
0
0
0
0
0
0
0
1
0
0
0
0
0
0
0
0
8
1
0
1
0
7
..125.4
6215344
3651466
6322215
2225.21
.146542
16212.5
16355.1
0
0
0
0
0
1
0
1
0
0
0
0
0
0
0
0
0
0
0
0
0
1
