OK 1
1
1
2
1
129
1
0
129
1
0
1
1
1
1
1
1
1
1
...........
7..4......1
..........7
...........
..1........
.2.........
......2....
......1...6
...........
.....5.....
...........
.....1.....
1
...........
7..4......1
..........7
...........
..1........
.2.3.......
......2....
......1...6
...........
.....5.....
...........
.....1.....
1
1
118
1
0
1
0
1
0
1
1
1
1
1
112
1
0
0
1
110
1
0
1
0
1
0
0
3
1
1
6
0
..126......
73.4.75...1
......4...7
...........
..1.2......
.233.......
.....42....
......1...6
...........
....45.4..4
...........
..2..1.....
1
1
1
0
1
1
1
1
100
1
1
1
1
1
1
1
0
1
1
0
1
1
1
0
1
1
88
0
1
1
1
0
1
1
1
0
1
0
1
0
1
0
1
1
0
1
1
1
0
0
1
8
0
0
1
0
..126..32..
73.4.75...1
.5.7..4...7
...5.55.7..
..1.2....2.
5233.......
..47.4215.1
......1..26
.3.71...3..
.2.745.4164
.....3..2.7
722141.6...
1
0
1
1
10
0
1
0
0
0
1
69
..126..32..
73.4.75...1
.5.7..4...7
...5.55.7..
..122..172.
5233.......
4.47.4215.1
......1..26
.3.71...3..
.24745.4164
.....3..2.7
722141.6...
1
0
1
1
12
1
0
4
1
1
0
1
1
0
0
1
0
0
1
1
1
1
0
1
0
1
1
0
0
1
0
1
0
1
12
51
1
1
1
0
0
0
0
0
0
1
0
0
1
0
1
0
1
0
0
0
0
1
0
1
1
0
0
0
1
0
0
0
1
0
7.126.33231
73.4.75.4.1
35.7.745.67
.1.5655.7..
.4122421725
5233..3...5
4.47.421531
3...4.1..26
63371...317
.24745.4164
..7.53..277
722141.6...
0
14
42
0
0
0
0
0
0
14
42
0
0
14
0
0
0
1
1
0
1
1
7.126.33231
73.4.75.4.1
35.7.745.67
.1.5655.7..
.4122421725
5233..3...5
4.47.421531
3...4711.26
63371...317
.24745.4164
..7.53..277
722141.6...
0
13
1
0
1
0
0
1
0
0
0
1
37
7.126.33231
73.4.75.4.1
35.7.745.67
.1.5655.7..
.4122421725
5233..3...5
4.47.421531
31..4711.26
63371...317
.24745.4164
..7.53..277
722141364..
0
13
0
0
0
1
0
0
0
1
0
1
0
0
0
0
15
0
12
0
1
0
1
0
0
0
33
0
0
33
1
0
0
7
0
0
0
1
31
7.126.33231
73.4.75.4.1
35.7.745.67
.1.5655.75.
.4122421725
5233.73...5
4.47.421531
312.4711726
63371...317
.24745.4164
..7.53.2277
722141364.1
0
15
1
0
0
0
1
7.126.33231
73.4.75.4.1
35.7.745.67
.1.5655.75.
.4122421725
5233.73...5
4.47.421531
312.4711726
63371...317
.24745.4164
..7.53.2277
722141364.1
0
0
0
7.126.33231
73.4.75.4.1
35.7.745.67
.1.5655.75.
.4122421725
5233.73...5
4.47.421531
312.4711726
63371...317
.24745.4164
..7.53.2277
722141364.1
0
0
31
7.126.33231
73.4.75.4.1
35.7.745.67
.1.5655.75.
.4122421725
5233.73...5
4.47.421531
312.4711726
63371...317
.24745.4164
..7.53.2277
722141364.1
0
0
15
1
0
0
1
0
0
1
7.126.33231
73.4.75.4.1
3577.745.67
.1.5655.75.
.4122421725
5233.73...5
4.47.421531
312.4711726
63371...317
.24745.4164
..7.53.2277
722141364.1
0
0
15
0
0
0
0
1
0
0
29
0
0
1
0
0
0
0
0
0
0
20
0
0
0
0
0
1
1
0
1
0
0
0
0
0
1
0
0
0
26
0
26
26
1
73126133231
73.4.75.4.1
3577.745.67
.1.5655.75.
.4122421725
5233.73...5
4.47.421531
312.4711726
63371...317
.24742.4164
..755352277
722141364.1
1
0
1
0
73126133231
73.4.75.4.1
3577.745.67
.1.5655675.
14122421725
5233.73...5
4.47.421531
312.4711726
63371...317
.24742.4164
..755352277
722141364.1
0
0
0
24
0
0
1
0
19
0
0
0
0
0
0
0
0
8
1
0
1
0
0
0
0
1
0
0
0
1
1
0
0
0
73126133231
73.4.75.4.1
35777745.67
.1.5655675.
14122421725
5233.73...5
4.47.421531
312.4711726
63371...317
224742.4164
.7755352277
722141364.1
0
1
16
0
0
0
0
0
0
0
0
0
0
16
0
0
0
1
0
0
19
0
0
73126133231
73.4.75.4.1
35777745.67
.1.5655675.
14122421725
5233.73...5
4547.421531
312.4711726
63371...317
22474244164
.7755352277
722141364.1
0
0
0
0
0
0
8
0
0
0
0
0
0
0
0
19
0
0
0
19
0
0
0
0
0
0
73126133231
73.4.75.4.1
35777745.67
.1.5655675.
14122421725
5233.73...5
4547.421531
312.4711726
63371...317
22474244164
.7755352277
722141364.1
0
0
15
0
8
19
0
0
0
19
0
0
0
0
0
19
19
1
0
0
0
0
0
0
0
0
