OK 1
0
1
1
0
1
1
1
1
1
1
3
0
1
1
1
1
1
1
0
1
4
1
1
1
1
1
1
0
1
1
0
1
0
1
1
0
0
1
0
1
1
0
1
1
0
1
1
1
1
1
1
1
0
1
..2..12..
53.2..3.5
4.21.....
...4.3.3.
3....5...
4....21..
45451..1.
.....3..5
.5.432...
....2....
1
1
1
55
0
1
1
8
0
8
1
1
0
51
0
1
9
0
0
1
0
1
0
8
48
1
10
0
47
1
10
0
0
1
0
0
0
0
10
46
1
1
1
0
1
0
44
0
1
0
1
0
1
0
0
0
0
1
12
1
0
0
0
0
1
0
0
9
1
0
1
0
1
0
1
0
1
0
0
0
0
14
1
0
0
0
1
0
0
0
1
0
0
0
0
9
0
0
0
0
0
0
0
0
1
0
1
1
1
1
0
0
0
28
0
2.2.312..
5312.5355
4.21.54..
135443335
3.2.45..5
4.4..213.
45451.41.
354..31.5
.5.43241.
..5.23424
0
1
1
0
26
0
1
1
0
0
0
2.2.312..
531255355
4.21.543.
135443335
3.2445..5
4.4..213.
45451.41.
354..31.5
35.43241.
..5.23424
1
0
1
1
0
0
1
0
0
1
0
0
0
0
0
0
0
0
0
10
0
0
1
0
20
0
0
0
0
0
1
0
0
0
0
18
0
1
0
0
0
0
0
16
0
0
19
0
0
0
0
0
0
0
0
10
0
0
0
0
19
1
0
0
19
0
0
1
0
18
0
1
0
0
0
17
0
1
16
2.2.312..
531255355
4421.543.
135443335
3.2445535
4.4.3213.
45451141.
354..31.5
351432415
3.5.23424
0
0
16
0
0
16
0
0
0
0
0
0
18
0
0
0
10
0
0
0
0
0
18
0
0
0
18
1
0
0
0
0
0
0
0
1
1
0
0
15
0
1
