OK 1
1
1
1
1
1
0
1
1
0
1
0
1
1
1
0
1
144
1
1
1
3
1
1
0
1
1
1
1
1
0
1
1
134
1
0
1
0
1
131
0
1
2
130
1
1
0
1
0
0
1
0
1
0
2
1
1
1
0
1
1
0
1
121
0
1
0
1
1
1
1
0
1
1
0
1
1
0
1
1
1
0
1
0
1
1
6
0
0
1
1
0
1
6
106
1
105
0
0
1
1
1
1
1
1
0
1
1
1
1
1
1
1
1
1
0
6
0
93
1
92
1
1
1
1
.....3.7.
...2.....
5.5.7..22
.82..4.2.
.3..8....
....1.6.6
.9.1.2.7.
2.6.4....
5.....58.
.7414.53.
.54.....8
56.6.11.3
83....1.1
.323.2...
3618...2.
9.5...741
7...4.9.5
0
0
89
.....3.7.
...2.....
5.5.7..22
.82..4.2.
.3..8....
....1.6.6
.9.1.2.7.
2.6.4....
5.....58.
.7414.53.
.54.....8
56.6.11.3
83....1.1
.323.2...
3618...2.
9.5...741
7...4.9.5
0
1
88
0
1
0
0
0
0
0
0
8
1
0
0
1
1
0
1
0
0
0
0
1
1
0
0
0
8
0
1
0
0
0
0
1
0
0
82
1
0
9
81
0
8
81
0
1
0
.....3.7.
1..2....6
5.5.7..22
.82.74.2.
.34.8....
....1.6.6
.9.1.2.7.
2.6.4....
5.....58.
.7414.53.
.54.....8
56.6.11.3
83.39.1.1
.323.259.
3618...2.
9.5...741
75..4.9.5
1
1
0
0
1
1
12
0
0
1
0
0
0
0
1
9
0
0
1
6
1
0
0
0
0
0
0
0
0
0
0
1
1
0
0
1
0
1
70
0
0
0
0
0
0
1
1
0
0
0
0
0
0
1
0
0
1
0
68
1
0
1
0
0
0
1
1
0
1
63
0
0
0
1
0
1
0
1
0
0
0
1
0
13
0
1
0
58
0
55...3.7.
18.2....6
5.577..22
.82.74.2.
.34186..9
.7651.6.6
.9.1.2.7.
2.6.4....
5.14..58.
274142532
.54.....8
567691113
83.39.1.1
.3234859.
3618...2.
925...741
75924.9.9
0
0
0
0
0
8
0
0
0
0
13
1
1
1
0
0
0
13
1
9
0
0
0
0
0
1
1
0
0
0
53
1
553..3.7.
18.2...26
5.577..22
.82.74.2.
.34186..9
.7651.676
.9.1.2.7.
2.6.44...
5.14..58.
274142532
3542....8
567691113
83.39.1.1
.3234859.
3618...2.
925...741
75924.9.9
0
0
0
1
52
553..3.7.
18.2...26
5.577..22
.82.74.2.
.34186..9
.7651.676
.9.1.2.7.
2.6.44...
5.14..58.
274142532
1542....8
567691113
83.39.1.1
.3234859.
3618...2.
925...741
75924.9.9
0
0
0
0
0
52
1
0
10
0
1
0
0
0
0
9
0
0
0
0
0
0
0
1
0
0
1
1
0
0
11
0
1
1
1
1
0
45
0
0
0
0
0
0
0
1
1
0
0
0
0
0
0
1
0
1
0
0
0
1
0
40
1
1
0
39
0
0
0
0
0
1
1
0
1
0
37
0
0
0
0
0
0
0
0
0
1
0
0
0
0
0
0
0
0
0
0
0
0
0
0
0
0
0
0
0
0
0
1
0
0
0
0
1
1
0
0
0
0
0
1
1
0
15
0
13
0
31
0
0
0
0
0
0
17
0
1
0
0
5538.3.74
18.2..626
5.5776.22
282474.2.
.34186..9
376517676
7981.2.7.
2.65448.4
5.14..586
274142532
15424.8.8
567691113
83.39.1.1
.32348594
361863.2.
925...741
759245919
1
16
0
1
14
0
29
0
5538.3.74
18.27.626
5.5776.22
282474.2.
.34186..9
376517676
7981.2.7.
2.65448.4
5.145.586
274142532
15424.8.8
567691113
83.39.1.1
.32348594
361863.2.
925...741
759245919
0
0
0
0
0
0
0
29
0
0
0
1
1
0
0
0
0
0
5538.3.74
18.27.626
5.5776.22
282474.2.
734186..9
376517676
7981.2.7.
2.65448.4
5.145.586
274142532
15424.8.8
567691113
83.39.1.1
.32348594
361863.2.
925...741
759245919
0
0
0
16
28
0
0
16
0
1
0
1
0
0
0
0
0
0
0
1
0
0
0
0
0
0
1
0
0
0
0
0
0
1
0
0
0
1
0
0
24
0
0
0
0
