OK 1
0
1
1
1
.........
.........
.........
..2......
.3.....2.
.........
.........
1
59
1
1
1
1
0
1
1
0
1
1
1
1
49
1
3
0
0
0
1
1
46
0
1
1
0
0
0
1
1
0
1
1
1
1
0
0
0
0
0
0
1
0
0
0
38
0
0
0
0
1
1
1
0
0
0
0
1
1
0
1
1
0
1
0
0
0
0
0
0
0
6
31
32165..5.
1...5.6..
2.4.6....
.222.6.55
.34.35.24
.3.664...
154.....3
0
10
0
13
1
0
0
0
0
0
0
5
0
0
1
0
0
0
1
0
0
0
7
0
1
0
0
6
0
0
0
0
0
8
10
0
0
0
1
0
0
0
0
32165..5.
1...5.6..
2.436....
.222.6.55
.34.35.24
.36664...
1546....3
1
0
1
32165..5.
11.25.6..
2.436....
.222.6.55
.34.35.24
.36664...
1546....3
0
1
6
0
0
5
0
7
0
1
1
1
22
0
0
1
0
7
0
9
0
0
1
0
0
0
0
0
0
0
0
1
0
20
0
1
0
0
0
1
0
0
8
0
0
7
0
0
0
32165.65.
11.25.6..
24436.1..
2222.6.55
334.35.24
.366641.4
1546....3
0
0
0
0
0
0
8
32165.65.
11.25.6..
24436.1..
2222.6.55
334.35.24
.366641.4
1546....3
0
0
0
0
0
7
0
0
0
6
0
0
0
0
0
0
0
0
0
9
1
