OK 1
1
1
2
0
1
1
1
1
1
0
0
0
0
47
1
1
0
1
1
..2.....2
1........
....2....
21...1...
1..1.12..
.........
1
0
5
1
1
0
1
0
0
0
0
0
..2.....2
1........
....2.1..
21...1...
1..1.12..
...1.2...
1
0
..2.....2
1........
....2.1..
21...1...
1..1112..
...1.2...
39
1
0
14
1
0
..2.....2
1.1......
....2.1..
21...1...
1..1112..
...1.2...
0
0
0
0
1
0
10
0
0
0
6
0
1
1
0
1
0
..22....2
111......
....2.1..
21...1...
11.1112..
...1.2...
14
0
0
0
0
0
0
0
1
1
0
1
0
13
0
14
0
0
0
1
1
0
31
0
0
1
0
0
0
0
0
0
0
0
0
1
0
0
0
..222...2
111.....1
....221..
211..1...
11.1112..
11.1.2...
0
1
1
1
0
1
1
0
0
0
0
19
25
1
1
1
0
0
0
0
1
0
1
..222...2
111.22..1
..1.221.1
111..1...
11.1112..
1121122..
1
1
1
0
1
1
0
0
0
12
1
0
0
0
0
0
0
0
0
1
1
0
0
0
0
0
0
0
0
0
1
1
23
0
0
0
18
0
0
1
0
1
0
24
0
0
0
0
7
0
11
0
0
0
0
0
0
1
0
0
6
0
0
0
0
1
20
0
0
0
0
0
0
0
1
0
0
0
0
0
