OK 1
1
1
1
1
1
.2......
.....4..
.2......
........
........
.......4
...3....
1
1
1
1
1
1
0
1
45
1
1
1
1
1
1
1
1
0
37
1
1
4
1
0
0
0
0
34
0
0
1
0
1
1
6
1
1
0
0
1
1
0
0
1
0
0
29
1
0
28
0
3
1
42....5.
.1..54..
12623.1.
.2.1.11.
55.6.431
45...2.4
...3..6.
1
0
27
42...45.
.1..54..
12623.1.
.2.1.11.
55.6.431
45...2.4
...3..6.
0
0
0
0
0
0
0
0
1
1
0
0
0
0
1
1
0
0
25
0
0
0
1
0
0
0
1
0
1
0
22
0
6
0
0
0
0
0
4
0
1
21
0
6
0
1
0
1
0
0
0
1
0
0
0
0
1
0
1
0
1
0
0
0
0
0
1
0
0
1
0
0
0
0
0
0
0
0
0
0
4
0
0
3
0
0
7
1
1
0
0
0
0
1
0
0
0
10
0
0
0
10
0
0
0
1
1
0
0
0
10
1
0
0
0
1
0
0
0
1
0
0
0
0
