OK 1
1
1
0
0
1
1
0
0
1
1
0
0
1
1
0
1
1
0
0
1
1
6
1
0
0
1
5
34
1
33
1
1
8
0
6
0
1
30
1
1
....1
.11..
.....
.....
2.2.2
1...2
1..1.
1.112
.2.2.
0
0
1
0
1
1
0
0
0
0
0
10
0
1
1
25
1
1
0
0
1
0
1
1
1
0
1
12
20
0
0
0
20
1
1
1
0
1
0
0
0
0
0
0
0
0
1
0
0
14
1
0
0
0
0
1
0
0
0
1
0
...21
.11..
2.211
121.2
222.2
1.112
1.21.
11112
.2221
1
0
...21
.11..
2.211
121.2
222.2
1.112
1.21.
11112
22221
0
0
0
0
0
0
1
1
0
1
0
0
0
0
0
0
0
0
0
0
0
1
0
0
0
0
0
16
0
1
0
0
16
8
0
8
0
0
0
.1.21
111..
2.211
121.2
222.2
11112
1121.
11112
22221
0
16
8
1
0
0
1
0
0
0
0
0
