OK 1
1
1
..................
..............3...
..................
...........2......
0
1
1
1
0
1
0
0
1
1
1
0
0
1
0
0
1
0
1
62
0
1
1
..............4...
5..5.2........3...
.63...........2..4
..5.....3..2......
1
0
1
0
0
1
0
0
1
1
1
1
0
1
0
0
4
1
0
0
0
2
1
1
1
0
1
1
0
0
1
3
1
1
0
0
0
1
0
0
0
1
1
1
0
43
0
1
6
0
1
1
0
0
0
0
1
0
0
0
0
0
0
0
1
0
0
0
1
0
0
0
0
0
0
1
1
3.1.66........4..1
5..5.2.1...4523.5.
.632.4.....3.321.4
1.55..54326263.1..
0
0
0
0
0
1
1
15
0
1
1
0
1
0
0
0
0
1
0
0
341.66......5.4..1
5655.2.1...4523.5.
.632.4.....3.321.4
1155..54326263.1..
0
1
0
0
0
0
0
0
0
0
31
0
0
5
0
0
1
0
1
1
0
1
0
0
0
0
0
0
1
0
0
1
0
0
0
0
0
0
0
0
1
0
6
1
0
4
0
0
0
0
0
341666..11..5.4..1
5655.2.1...4523.5.
.632.4.....36321.4
11555654326263.1..
0
0
6
0
0
1
0
0
1
0
0
10
0
0
0
9
0
0
0
0
0
0
1
0
0
0
6
0
0
0
0
0
0
0
0
0
341666..11..5.4..1
5655.2.16..4523.5.
.632.4.....36321.4
11555654326263.1..
0
0
1
0
0
0
0
0
10
0
1
0
1
0
0
0
6
0
0
0
0
0
0
341666..11..5.4..1
5655.2.16..4523.5.
.632.45....36321.4
11555654326263.1..
0
0
0
6
1
1
0
6
0
0
0
