OK 1
1
1
0
1
0
0
1
0
1
1
1
4
0
1
1
1
1
0
1
1
23
0
1
1
.1..3.
.4....
4..222
..31..
.111..
...4.5
1
0
0
1
1
1
0
0
19
0
0
1
1
0
0
0
1
0
1
0
0
1
14
0
0
0
14
0
14
1
0
3
0
0
0
1
1
1
0
0
213.31
444.31
41.222
5.31..
4111..
45.4.5
0
1
5
1
1
213531
444.31
41.222
5.314.
4111.3
45.4.5
0
0
0
0
0
1
1
0
1
1
1
0
0
1
0
0
0
0
0
0
0
0
4
0
0
213531
444.31
41.222
5.3145
4111.3
454425
0
213531
444.31
41.222
5.3145
4111.3
454425
0
0
0
0
0
0
0
1
0
1
1
6
0
0
1
0
1
0
0
0
0
0
0
0
6
2
0
0
0
213531
444531
41.222
523145
4111.3
454425
0
1
0
0
0
