OK 1
1
1
1
1
1
1
84
1
1
1
1
1
1
1
1
1
1
0
2
.........
..1......
2.1..23..
45.......
6..3.....
..1..2..2
.......1.
3.4......
.........
........3
0
74
1
1
0
1
1
0
0
1
1
1
1
0
1
0
1
1
1
1
0
0
.6..11...
..1..6...
2.1.1231.
45..3....
6..35....
..1..2.32
.......1.
344......
4......26
........3
1
1
0
1
1
1
1
1
0
1
1
1
1
1
1
1
1
0
7
0
0
4
48
0
0
1
1
1
1
0
1
0
0
1
1
1
0
0
1
0
0
1
1
1
39
1
1
0
1
0
1
0
0
0
7
0
0
1
1
0
1
1
0
0
0
0
0
1
0
0
0
7
0
0
0
1
0
1
0
1
29
0
0
0
6
0
0
0
0
0
0
0
1
0
0
0
0
0
1
1
1
26
0
0
.661111..
211166342
2.1.12314
45.13.3.4
6513563.5
251.22.32
.32.3..15
344...412
43.14.226
3..5....3
0
0
0
0
7
.661111..
211166342
2.1.12314
45.13.3.4
6513563.5
251.22.32
.32.3..15
344...412
43.14.226
3..5....3
0
7
0
0
0
0
1
0
1
8
25
0
0
1
25
0
0
0
13
0
10
.661111..
211466342
2.1.12314
45.13.3.4
6513563.5
251.22.32
532.3..15
344...412
43.14.226
3..5....3
0
1
0
0
1
0
0
0
0
0
1
0
22
0
0
1
1
0
1
0
0
0
1
0
0
0
0
1
0
0
0
0
.661111.6
211466342
221.12314
4521323.4
6513563.5
251322.32
532.3..15
344.6.412
43.14.226
3..5...53
0
0
9
0
0
0
0
0
0
14
0
0
0
0
0
18
1
0
0
0
0
0
0
0
0
0
0
0
14
0
0
0
.661111.6
211466342
221.12314
4521323.4
6513563.5
251322.32
532.3..15
344.6.412
43.14.226
3..5..253
0
0
0
6
0
0
0
0
0
.661111.6
211466342
221.12314
4521323.4
6513563.5
251322.32
532.3..15
344.6.412
43.14.226
3..5..253
0
0
0
0
1
0
0
0
1
0
0
0
1
0
0
0
0
1
0
0
15
0
0
11
0
0
0
0
0
0
0
0
0
0
0
0
.661111.6
211466342
221.12314
4521323.4
651356355
251322.32
532.35.15
344.3.412
43.14.226
3..5..253
0
1
0
0
0
0
0
8
15
0
5
.661111.6
211466342
221.12314
4521323.4
651356355
251322.32
532.35.15
344.3.412
43.14.226
3..5..253
0
.661111.6
211466342
221.12314
4521323.4
651356355
251322.32
532.35.15
344.3.412
43.14.226
3..5..253
1
11
0
0
0
0
0
0
0
0
0
0
0
0
