OK 1
1
1
38
1
1
1
1
1
0
0
1
0
1
1
1
0
1
1...
..55
....
.35.
....
....
143.
.1..
41..
5...
0
0
0
0
0
7
0
0
1
0
1
0
0
0
7
1
0
0
1.4.
..55
....
.35.
....
....
143.
.1.2
41..
5...
0
1
0
0
1
24
0
0
0
1
0
0
1
1
1.4.
..55
..5.
.35.
..5.
....
143.
.1.2
413.
5...
0
0
6
0
1
0
0
4
0
0
0
5
1.4.
..55
..5.
.35.
..5.
....
143.
.1.2
413.
52..
0
0
0
0
0
1
0
1
5
0
1
0
0
0
0
0
0
0
1
0
0
9
1
0
0
0
0
0
124.
..55
..5.
.35.
..5.
....
1435
.112
413.
52..
0
0
124.
..55
..5.
.35.
..5.
....
1435
.112
413.
52..
0
0
0
3
0
1
0
3
0
0
5
0
1
3
0
1
0
0
0
7
0
0
0
0
0
0
0
1
1
0
0
0
1
0
0
0
0
0
0
0
1
124.
..55
..55
.35.
..5.
....
1435
.112
5132
52..
0
1
0
5
0
9
