OK 1
1
1
1
1
1
1
1
0
1
1
1
1
1
1
1
1
1
1
1
0
1
1
1
0
0
11
0
1
0
0
34
0
1
1
0
0
1
1
0
0
0
1
0
1
0
1
1
0
1
0
1
0
1
1
14
0
17
25
0
0
1
1
0
1
0
0
1
1
0
0
20
1
0
0
0
1
1
1
1
0
20
0
0
18
20
1
1
21
0
0
0
16
0
0
0
0
1
1
0
0
0
0
2.122.2
2..11.1
22.2121
.11.212
1122.11
212.211
.2211.1
12211..
0
1
1
0
0
0
13
0
0
13
0
0
0
0
0
1
0
0
12
0
0
0
0
25
12
0
0
0
12
0
0
0
0
0
0
25
0
12
0
0
0
0
0
0
0
0
0
0
0
0
0
0
12
0
0
2.12212
2..11.1
22.2121
.111212
1122.11
112.211
.2211.1
12211..
0
0
1
0
11
0
1
0
10
0
10
0
27
0
19
0
0
0
0
0
0
0
0
0
0
0
0
0
0
0
10
0
0
0
0
0
1
0
0
