OK 1
0
1
1
46
0
1
1
0
1
43
1
0
1
3
42
1
0
1
3
1
0
1
.......2
...1..1.
........
........
..41.4..
..24....
1
0
1
0
39
1
1
1
1
1
1
0
1
0
3
1
1
1
0
0
1
0
1
1
0
0
1
6
0
1
1
1
23
0
1
22
1
1
0
21
0
0
0
0
0
0
0
21
0
1
7
1
0
1
0
1
0
0
0
0
0
0
1
0
0
6
.24..3.2
3.41.311
14.3131.
1.24.12.
..4424..
2224..31
0
1
0
0
0
0
0
0
0
1
0
0
0
1
1
0
0
0
1
0
1
0
0
0
0
6
1
0
0
0
0
14
0
1
0
.24..3.2
3.414311
11.3131.
1.34212.
1.4424..
2224.131
0
0
0
1
12
0
0
.24..3.2
33414311
11.3131.
1.34212.
1.4424..
2224.131
1
0
0
1
0
0
10
0
1
0
0
12
0
0
0
.24..3.2
33414311
11.31314
1.34212.
144424..
22242131
0
0
0
0
.24..3.2
33414311
11.31314
1.34212.
144424..
22242131
0
0
0
0
0
0
9
0
0
0
0
0
12
0
1
0
0
0
