OK 1
1
1
2
1
1
1
1
1
1
1
1
0
1
1
1
1
1
1
1
0
1
1
1
0
1
82
1
1
1
1
1
1
1
0
........3.
...41.....
..........
......4...
2.24.32..3
...4.....1
4..1....1.
...2..1...
...4.1..12
.....3..2.
1
76
1
1
1
0
0
1
1
1
1
0
1
1
1
10
1
1
0
0
1
1
1
1
1
1
0
0
......3.3.
..241.1...
4..2..3...
2.....4..2
2.24.42..3
.2.43..1.1
4..1....13
...22.1...
4..4.1..12
.....3..2.
0
0
0
1
1
1
1
0
......3.3.
..241.1...
4..2.333..
2..4..4..2
2.24.42..3
.2.43..1.1
4..1....13
..222.1...
4..4.1..12
.....3..2.
1
0
0
9
......3.3.
..241.1...
4..2.333..
2..4..4..2
2.24.42..3
.2.43..1.1
4..1....13
..222.1...
4..4.1..12
..1..3..2.
1
57
0
1
1
55
1
0
10
54
1
1
0
0
0
0
0
1
0
1
1
0
1
48
0
1
0
1
1
1
0
1
44
0
0
......3.3.
.2241.12..
4112.333..
24.4..4.22
2324142..3
.2423.3141
4..13...13
..222.1...
4..4.1..12
..1..31.21
1
0
0
0
1
16
0
1
1
0
0
0
0
0
0
......3.3.
.2241.124.
4112.333..
24.4..4.22
2324142..3
.2423.3141
4..13...13
.3222.13..
4..4.1..12
.11..31.21
0
0
0
1
0
0
1
38
0
1
1
0
0
0
36
0
0
0
0
1
0
0
0
0
0
0
0
1
0
0
18
0
0
0
0
0
13
0
0
0
0
0
0
1
1
32
..2.1.3.3.
32241.124.
4112.333..
24.4..4322
2324142.13
.2423.3141
4..13...13
.3222.13..
4..4.1.312
3113.31.21
0
0
1
0
1
0
30
1
1
1
..211.3.3.
32241.1244
4112.333..
24.4..4322
2324142.13
.242313141
4..13.1.13
.3222.13..
42.4.1.312
3113.31.21
0
0
0
0
1
0
0
0
0
0
0
0
1
..211.3.31
32241.1244
4112.333..
24.4..4322
2324142.13
.242313141
4..13.1.13
.3222.13..
4224.1.312
3113.31.21
1
1
0
0
0
0
23
0
0
21
0
22
0
0
1
1
0
0
22
0
1
0
21
0
0
1
0
0
0
0
0
0
0
0
0
0
0
0
0
0
0
..21123.31
32241.1244
4112.333..
24.41.4322
2324142.13
4242313141
4..13.1.13
.3222.13..
4224.13312
3113331.21
0
0
..21123.31
32241.1244
4112.333..
24.41.4322
2324142.13
4242313141
4..13.1.13
.3222.13..
4224.13312
3113331.21
1
19
0
0
0
0
1
0
1
0
0
0
0
0
0
1
0
17
0
0
0
0
0
0
0
21
0
0
0
0
0
0
0
0
0
0
0
1
.421123131
32241.1244
4112.333..
24.41.4322
2324142.13
4242313141
4..13.1.13
.3222.1331
4224.13312
3113331.21
0
1
22
15
15
0
15
0
15
.421123131
32241.1244
4112.333..
24.41.4322
2324142.13
4242313141
4..13.1.13
.322221331
4224.13312
3113331.21
1
0
0
22
14
0
1
0
0
0
0
1
0
0
0
0
0
0
0
0
0
1
24
0
0
0
18
0
0
0
0
0
18
0
0
.421123131
32241.1244
4112.3334.
24.41.4322
2324142.13
4242313141
4.213.1.13
.322221331
4224213312
3113331421
0
0
22
0
0
0
25
1
25
0
1
9
0
0
0
0
0
0
0
23
0
0
0
0
0
0
0
0
0
