OK 1
1
1
1
0
1
1
1
1
1
75
1
1
1
73
1
1
1
1
1
0
1
69
1
0
1
3
0
1
1
1
0
1
4
1
1
0
1
1
1
0
4
1
1
4
59
1
1
0
1
1
1
1
1
1
1
1
8
1
0
1
1
1
1
0
1
1
1
1
1
0
0
0
4.312231.
5.443...3
...311.4.
5.3545.55
31.......
.4..1.3..
2..425.2.
..4555...
....2.3.2
0
1
0
1
0
1
0
0
0
0
1
1
1
0
1
0
1
0
0
12
0
0
1
0
0
1
1
1
30
1
0
0
1
11
1
0
0
4.3122315
5.443.2.3
.1.311.42
5.3545.55
31..3.5..
34.21.3.4
2..425.2.
1.4555.51
4.4.2.3.2
0
0
0
0
1
1
0
1
12
0
1
0
0
1
1
0
0
4.3122315
5.443.2.3
.1.311142
5.3545.55
31..345..
34.21.3.4
2..425.2.
134555.51
414.2.352
0
0
12
1
0
15
0
0
1
11
0
1
0
0
1
0
0
0
0
12
0
0
1
1
1
0
0
0
0
0
14
1
12
0
0
1
0
0
0
1
0
0
1
0
1
8
0
0
0
0
0
13
0
4.3122315
5.4435213
.12311142
5.3545.55
313.342.3
343215324
2.3425.2.
134555.51
414.2.352
0
1
0
0
0
0
0
13
0
0
0
0
12
13
0
0
0
0
4.3122315
5.4435213
.12311142
5.4545.55
313.342.3
343215324
2.3425.2.
134555.51
414.2.352
0
1
13
0
0
0
0
0
0
1
0
0
12
4.3122315
5.4435213
.12311142
5.4545.55
313.342.3
343215324
2.3425.2.
134555.51
41412.352
0
0
0
0
0
12
1
0
0
0
4.3122315
5.4435213
.12311142
5.4545.55
313.342.3
343215324
2.3425.2.
134555.51
41412.352
4.3122315
5.4435213
.12311142
5.4545.55
313.342.3
343215324
2.3425.2.
134555.51
41412.352
0
1
0
1
0
1
0
423122315
5.4435213
.12311142
5.4545.55
313.342.3
343215324
2.3425.2.
134555151
41412.352
0
1
14
423122315
5.4435213
.12311142
5.4545.55
313.342.3
343215324
2.342542.
134555151
41412.352
0
0
9
14
0
7
15
1
0
0
0
1
0
0
0
0
0
15
0
0
0
0
0
0
423122315
5.4435213
.12311142
5.4545.55
313.342.3
343215324
2.342542.
134555151
41412.352
0
1
423122315
554435213
.12311142
5.4545.55
313.342.3
343215324
2.342542.
134555151
41412.352
0
1
0
0
0
0
0
0
0
0
0
0
