OK 1
1
1
1
1
0
1
1
0
1
1
1
1
1
0
1
45
0
1
1
1
1
1
1
1
1
0
0
1
39
0
1
1
37
1
1
0
1
0
1
5
1
1
2...35.
..5.2.4
1....51
214.3..
2..34..
5.2.3..
......1
4311...
0
1
0
0
1
0
5
0
1
1
0
0
6
0
1
1
1
1
1
1
0
0
0
0
1
0
0
6
0
2...35.
..5.2.4
13...51
214332.
2..34..
5.233..
.5....1
4311.44
0
0
0
0
0
1
0
0
0
2.5.35.
..5.2.4
13...51
214332.
2..34..
5.233..
.5....1
4311.44
0
0
1
0
0
1
0
0
0
8
0
0
1
0
0
0
0
1
0
10
0
6
0
0
1
0
0
0
1
0
0
0
0
0
0
0
0
0
7
0
0
7
8
0
0
9
1
0
0
0
0
0
0
0
2.5.355
..5.2.4
134..51
214332.
22.343.
5.233..
.51...1
4311.44
0
1
2.5.355
..5.2.4
134..51
214332.
22.343.
5.233..
.51...1
4311.44
0
0
6
1
0
0
6
0
0
7
0
0
0
0
0
6
0
0
0
6
0
0
0
0
0
0
7
0
0
8
9
0
0
0
0
0
9
0
0
0
0
0
1
0
0
0
0
0
0
0
0
0
