OK 1
0
0
1
1
1
1
51
0
1
1
0
1
0
0
1
1
1
1
1
1
2
0
1
2
0
0
...5..
...1..
.....6
......
...4..
..61.2
.25.3.
......
..3..5
1
1
0
1
1
1
1
36
0
0
2
0
0
1
0
0
1
1
0
0
1
0
1
1
1
1
0
.455.6
.3.16.
2....6
...5..
...445
..61.2
325.3.
.6.3..
353..5
1
0
0
0
6
1
26
0
1
0
0
0
1
0
0
1
0
0
8
23
1
0
22
.455.6
63.161
2....6
..455.
4..445
..6112
325.3.
.6.3..
353..5
0
0
1
0
1
1
0
0
1
1
0
0
0
18
.455.6
635161
2....6
.2455.
4..445
.36112
325.3.
.6.33.
353..5
1
0
1
1
16
0
0
1
0
0
1
8
0
1
13
0
0
0
0
0
0
0
0
.45566
635161
2....6
.24551
4.3445
336112
325.3.
.6.336
353..5
0
0
.45566
635161
2....6
.24551
4.3445
336112
325.3.
.6.336
353..5
0
0
0
0
1
0
0
5
0
0
12
0
1
0
0
0
11
0
0
0
0
0
0
0
0
1
0
0
0
0
0
0
0
0
0
0
0
0
0
0
0
1
0
4
1
0
0
0
0
0
8
0
.45566
635161
2...16
424551
4.3445
332112
32563.
.6.336
353..5
0
1
0
0
0
