OK 1
1
1
0
1
1
1
3
1
0
1
1
1
1
0
1
1
0
1
6
1
1
1
0
0
0
1
1
1
0
1
0
0
1
0
1
1
0
1
9
1
1
0
0
1
1
1
46
0
46
0
9
1
0
1
1
1
1
0
..1.112.
3.3.22..
...1...2
1.1.3.12
......11
31.33..3
.33.2...
..2..112
....1.1.
1
1
1
10
0
1
1
0
1
0
1
0
1
18
33
1
0
0
0
1
0
33
0
1
0
1
1
0
12
1
0
30
0
1
0
1
0
0
0
0
0
1
1
0
1
0
0
0
0
0
1
0
0
0
0
22
25
0
0
0
0
111.112.
3.3.223.
1.11..22
1.1.3112
.2.31.11
31.33..3
133.22..
332..112
21..1.1.
0
0
0
0
1
12
0
0
13
24
111.112.
313.223.
1.11..22
1.1.3112
.2.31.11
31.33..3
133.22..
332..112
21..1.1.
0
1
0
0
0
0
0
1
1
111.112.
313.223.
1.11..22
1.1.3112
.2.31.11
31.33..3
133122..
332..112
212.1.1.
1
0
0
0
0
0
22
1
1
14
20
1
25
0
0
0
0
0
0
0
19
1
0
0
0
0
1
0
0
0
0
0
1
1
0
0
1
0
0
0
0
0
0
1
0
0
0
0
1
0
0
0
111.1122
31322232
1.11..22
1.113112
32.31.11
31.33..3
133122..
332..112
212.1.1.
0
0
1
0
0
0
0
1
0
0
1
0
0
25
0
0
0
16
111.1122
31322232
1.11..22
1.113113
32331.11
31233..3
133122..
332..112
212.1.1.
0
111.1122
31322232
1.11..22
1.113113
32331.11
31233..3
133122..
332..112
212.1.1.
0
1
0
0
0
0
1
13
0
0
0
0
13
0
1
0
0
0
0
0
1
28
111.1122
31322232
1311.122
1.113113
32331.11
31233..3
133122.1
332..112
212.111.
0
0
0
0
0
0
0
0
0
0
0
17
