OK 1
1
1
1
1
0
1
1
0
1
....1.
...2..
.2....
.....1
......
..3..4
1
1
...31.
...2..
.2..3.
.....1
......
..3..4
1
1
0
1
1
1
1
4
1
1
1
0
19
0
1
1
...31.
45.2..
32..32
5.1541
..1.2.
.43..4
0
0
1
1
1
5
1
0
1
0
1
0
0
1
12
0
0
0
...31.
45.2.5
324132
5.1541
.51.2.
.43.24
1
11
1
0
1
9
0
1
1
0
0
0
1
1
1
0
0
0
0
0
0
6
1
0
0
1
0
0
0
1
0
4
0
0
0
7
0
1
7
0
0
6
0
0
0
0
0
124314
453415
324132
5.1541
.5132.
243224
1
0
0
0
0
0
0
0
0
0
1
0
0
8
0
0
0
0
0
2
0
1
0
0
0
0
0
0
0
0
0
124314
453415
324132
531541
15132.
243224
0
0
1
0
0
0
