OK 1
0
1
1
1
1
1
1
0
1
1
1
2
1
1
0
1
1
41
0
41
0
0
0
1
3
40
0
1
1
1
1
0
1
1
6
0
1
0
5
1
0
.4....
.1.22.
..2...
...3.2
11.32.
3..1..
.4.43.
3.24..
.....4
0
0
1
1
0
1
6
1
1
0
1
1
.4....
.1322.
..2...
...332
11.32.
31.11.
.4.43.
3.24..
4....4
1
0
1
0
0
1
0
0
1
9
1
1
0
0
1
0
0
0
1
1
0
0
0
1
0
0
0
10
0
0
0
0
0
1
0
0
0
1
0
1
0
1
0
.44.44
.1322.
..2...
3.3332
11.324
31411.
.4323.
3.24.2
4...44
0
0
6
19
0
1
0
0
0
.44.44
.1322.
..2...
3.3332
11.324
31411.
.4323.
3.24.2
4..344
0
0
0
0
1
0
0
0
0
0
1
0
0
1
0
1
0
0
0
0
1
0
0
0
1
0
14
0
0
0
11
0
0
0
0
1
1
0
0
12
0
0
0
0
12
0
0
0
0
1
0
0
0
0
0
0
0
0
0
0
0
0
1
0
1
0
0
0
0
0
1
0
8
1
0
14
0
0
1
1
0
