OK 1
1
1
1
1
1
0
1
0
1
0
1
1
82
1
81
1
1
4
1
78
1
1
5
1
1
1
0
1
1
1
1
1
2
1
1
0
1
65
..12.423..
.....2..2.
.1.......3
3...4.....
.23...2...
.32.11....
1......1..
2.3.......
...1..13..
1
64
1
0
..12.423..
.....2..2.
.1...3...3
3...4.....
.23...2...
.32.11....
1......1..
2.3.......
...1..13..
0
64
1
64
0
1
1
1
0
1
0
60
0
1
0
0
0
1
0
0
0
0
1
0
1
0
12
0
0
1
1
56
0
0
0
1
1
0
0
0
1
0
1
0
1
..12.42311
....22..2.
.1...3.4.3
32..4.4.1.
223.1.2...
.32.11....
1......13.
2.3.....4.
.2.1..13..
0
0
0
0
0
52
0
0
0
0
0
20
1
1
..12.42311
....22..2.
.1...3.4.3
32.44.4.1.
223.1.2...
.32.11....
1......13.
2.3.....4.
.2.1..13..
0
0
0
1
1
0
0
0
1
1
0
20
1
0
0
1
0
0
1
46
0
0
0
19
0
0
0
1
1
0
1
0
1
1
0
1
9
0
1
15
15
0
1
0
0
0
1
16
0
13
1
1
0
0
0
0
0
36
1
0
0
0
0
0
0
0
0
0
1
0
14
1
1
14
0
0
1
0
1
0
0
0
0
.412.42311
...222.222
.1323344.3
32.4444.1.
223.1.2.4.
.324114.4.
13.2...13.
2334..134.
.231..13..
0
0
0
0
0
13
1
1
1
0
0
0
0
0
1
1
.412.42311
2..222.222
.1323344.3
3224444.1.
223.1.2.4.
.324114.4.
13222..13.
2334..134.
.231..13..
0
0
0
27
.412.42311
2..222.222
.1323344.3
3224444.1.
223.1.2.4.
.324114.4.
13222..13.
2334..134.
.231..13..
0
0
.412.42311
2..222.222
.1323344.3
3224444.1.
223.1.2.4.
.324114.4.
13222..13.
2334..134.
.231..13..
0
0
21
0
0
1
0
1
15
0
0
21
0
0
0
0
0
0
0
0
1
1
0
15
0
0
0
0
0
1
0
0
0
0
0
0
0
0
1
0
0
0
1
0
12
0
0
1
1
0
0
.412.42311
2..222.222
11323344.3
3224444.1.
223.1.2.4.
.32411414.
13222..13.
2334.11334
42311.13..
0
0
0
0
1
0
14
0
0
0
10
0
16
0
0
1
0
0
0
0
0
0
0
0
1
12
0
0
19
15
0
0
12
0
22
0
0
16
0
15
0
0
0
0
0
0
1
12
0
18
0
0
2412.42311
2..222.222
1132334443
3224444.1.
223.112.4.
.32411414.
13222..13.
2334.11334
42311.13..
0
0
0
0
