OK 1
1
.........
.........
.........
.........
.........
.....1...
.........
1
1
1
1
1
1
1
1
1
1
1
4
1
0
0
0
1
0
1
1
1
0
1
........2
15....3.2
3..1..6..
...5.....
..322....
51...1...
..3......
0
0
1
1
1
2
1
0
1
0
43
1
0
0
0
0
1
0
1
0
1
1
0
1
1
0
0
1
1
0
1
0
0
1
1
0
0
0
0
0
0
32
0
0
1
0
0
1
0
1
30
0
0
1
1
1
1
1
0
1
0
1
0
1
0
0
24
0
1
1
0
0
0
0
0
.2..22.22
155212332
36.1.16..
2.15.632.
.532255..
5114.1.5.
..3..25.3
0
3
0
22
0
0
1
2
1
1
0
0
0
0
1
1
0
17
1
0
0
0
0
0
1
0
0
1
0
1
1
1
0
0
0
12
0
0
1
0
0
0
.2..22522
155212332
36.1366..
2415.632.
5532255.3
511421552
4.3.125.3
0
0
0
0
0
0
4
0
8
0
0
0
.2..22522
155212332
36.1366..
2415.632.
5532255.3
511421552
4.3.125.3
0
12
0
0
1
1
0
0
0
9
11
0
0
0
0
0
0
0
1
1
0
0
0
0
0
0
4
0
0
1
0
1
7
0
9
0
0
0
0
0
0
0
0
0
0
0
0
0
4
0
0
0
0
0
0
1
0
7
0
0
0
