OK 1
1
1
1
0
1
0
0
1
0
1
3
1
0
0
1
0
1
0
1
1
4
0
0
1
0
0
0
0
1
1
.2........
..22......
123.6.5.4.
...1..1...
1
.2........
..22......
123.6.5.4.
...1.51...
0
0
3
1
0
0
1
0
0
1
0
0
1
0
25
0
0
1
0
4
0
1
3
0
1
1
0
0
22
1
5
0
0
.2.1...5..
3.22...5.5
12326.5.4.
.3.1.51...
0
0
1
5
1
0
0
1
1
0
1
0
0
3
0
1
1
0
0
1
0
1
0
1
14
0
14
0
0
0
1
0
0
0
1
.2.115.562
34221.25.5
12326.5.4.
33.1.51.2.
0
0
0
0
0
12
0
12
0
0
0
1
0
1
0
0
0
0
.2.115.562
34221.25.5
12326.5.44
33.1.51.2.
1
0
10
0
0
0
6
1
0
1
0
.2.115.562
34221.25.5
12526.5344
33.1.51.2.
0
0
6
1
