OK
OK
OK
OK
OK
OK
OK
OK
OK
OK
,*Le\F
6=)C_
6BZPb#Yu
A6Hbv!n6'*
M2!rE7
SUuI54M.1og
a=P)lq=@
ffB5
u+CMR
uYAA4:h=
OK
OK
OK
OK
OK
OK
OK
OK
OK
OK
OK
OK
OK
OK
OK
OK
OK
OK
OK
OK
OK
OK
OK
OK
OK
OK
OK
OK
OK
OK
OK
OK
OK
OK
OK
OK
OK
OK
OK
OK
9)B"#X?1w
Oum=1ug4
S]o#;
\,:kX4FDJ48
9)B"#X?1w
Oum=1ug4
S]o#;
\,:kX4FDJ48
5%Om`NvISg(
Z_$b$-<3%oj
\CLXm
wT\RMDlc#s_
Ddv?l[2O(B[
Q\#$<.b#
fn6(5d
u\^O,?)q!
-HW"MC5L>/Y
-e5l8<eEM8T
;XJmHALR7;K
?6`iBn_a/YD
%.Auk6S_ZY
@0_e)"rq
bk[YM.*
ii[/r[.XY
t-vmt+CPvq
&$0$RUbbW<+
(pV*nHZ;>
88(q
>-YlI
@]@q%
A?qR/fj
DF"X0a
#iG-Pmq@4
&#01fD
*j(h9eB
<qu"IqE9
MhF;>kG
QAOte,n5&D>
ge;<kj8'k
h/C!<5+C
:uO)odB1C
>BN59*&
LJDF^L:c<
U1TB4F
OK
OK
OK
OK
OK
OK
OK
OK
OK
OK
OK
OK
OK
OK
OK
OK
OK
OK
OK
OK
OK
OK
OK
OK
OK
OK
OK
OK
OK
OK
OK
OK
OK
OK
OK
OK
OK
OK
OK
OK
OK
OK
OK
OK
OK
OK
OK
OK
OK
OK
OK
OK
OK
OK
OK
OK
OK
OK
OK
OK
OK
OK
OK
OK
OK
OK
OK
OK
OK
OK
OK
OK
OK
OK
OK
OK
OK
OK
OK
OK
OK
OK
OK
OK
OK
OK
OK
OK
OK
OK
OK
OK
OK
OK
OK
OK
OK
OK
OK
OK
OK
pQ4+
pQ4+
<)vQ#o2?+
G12U
L1]?nQ/Q]
d`v9m"S&Ws[
>:ZwuYmhU
K$S9v<.2:
=M=;s
wO-=]bD/
4[8UIc5-KC
:(<r<,m4q
Umpg$GT/T
hebE
svN=^6
SVwAr
8*e<F
?]_05=sc
$)5wIX
AoF0.X\
bh-I
/>fE
B5'bj0G
J0MO!AX
'1/w?'"1MCP
JWYG<`AT6
\jWsN+XJh=9
KiToMwT,l<e
!A]N
-6Ig
R;`_b
c!j\4s!@KQd
UC`2gj@,jl
Yb`NYhJf
SgGwXd3`PvA
!BZ.'J.
N-rXHB?CDD
dNhTM8SlI
,`TW6+
()FS)ZvJ
tWLY%\_B
1gjA]g>hJ.
44-6
r1GQlqfTp
_EQ]w
cuY8
hABrr-
pFO0E
?Uot
=QP?0uUYn
hndHn#
s#&s.AHCw5
cmYlY
-g1"3lp]U
okK%KE
E12A
=M!CU*cZLU.
C#Y/-`;,g
71`VTWl.j
FN0nW6L
`U'5:^L_!^>
;teje4Y
<ms_<A9ae>a
H"GCbLFAMQ
RY'PK
\c-#vsS#'Z
aB,uk
qVB6b7
'YM`
3Cnk@
mcXDg
-$P*;rdd
-q@/
?)#O2I3Ft#c
C/>4QN]
WW/4jH
am>]XqP`HK
bZmsa
gwR>\
_G$_
=t;_>n#]
F;roW)
XrS;r
]nb7_].
r)c[]&PZe
#o8@NI4a
(V\P\
3VgW
@Lb\FmW-
T5oV9sW
cjD=]=R
$[A/K=4k
V@:T88
nRGk?k%_1M
&F=oM
'*)W9&pjZX
;s$13o0*0
HNPXn3e
pR[?m-
hA3::t^
k=ZTaZ
pQ4+
OK
OK
YES
OK
NO
#o8@NI4a
(V\P\
@Lb\FmW-
T5oV9sW
cjD=]=R
YES
OK
NO
'*)W9&pjZX
;s$13o0*0
HNPXn3e
pR[?m-
YES
OK
NO
4[8UIc5-KC
:(<r<,m4q
hebE
svN=^6
YES
OK
NO
=QP?0uUYn
s#&s.AHCw5
YES
OK
NO
!A]N
-6Ig
R;`_b
YES
OK
NO
YES
OK
NO
'1/w?'"1MCP
JWYG<`AT6
YES
OK
NO
1gjA]g>hJ.
r1GQlqfTp
YES
OK
NO
$)5wIX
bh-I
YES
OK
NO
YES
OK
NO
JWYG<`AT6
YES
OK
NO
!BZ.'J.
N-rXHB?CDD
YES
OK
NO
V@:T88
nRGk?k%_1M
YES
OK
NO
N-rXHB?CDD
YES
OK
NO
<)vQ#o2?+
G12U
d`v9m"S&Ws[
YES
OK
NO
-$P*;rdd
-q@/
?)#O2I3Ft#c
WW/4jH
am>]XqP`HK
bZmsa
gwR>\
YES
OK
NO
_EQ]w
hABrr-
pFO0E
YES
OK
NO
;s$13o0*0
HNPXn3e
pR[?m-
YES
OK
NO
-6Ig
R;`_b
YES
OK
NO
=QP?0uUYn
YES
OK
NO
F;roW)
XrS;r
]nb7_].
NO
OK
NO
-6Ig
R;`_b
YES
OK
NO
YES
OK
NO
-$P*;rdd
-q@/
WW/4jH
am>]XqP`HK
bZmsa
gwR>\
YES
OK
NO
#o8@NI4a
(V\P\
T5oV9sW
cjD=]=R
YES
OK
NO
#iG-Pmq@4
&#01fD
*j(h9eB
<qu"IqE9
MhF;>kG
QAOte,n5&D>
h/C!<5+C
YES
OK
NO
#iG-Pmq@4
&#01fD
*j(h9eB
<qu"IqE9
QAOte,n5&D>
h/C!<5+C
YES
OK
NO
-e5l8<eEM8T
;XJmHALR7;K
?6`iBn_a/YD
YES
OK
NO
Z_$b$-<3%oj
\CLXm
wT\RMDlc#s_
YES
OK
NO
YES
OK
NO
>BN59*&
LJDF^L:c<
U1TB4F
YES
OK
NO
&$0$RUbbW<+
(pV*nHZ;>
88(q
>-YlI
@]@q%
YES
OK
NO
Z_$b$-<3%oj
\CLXm
NO
OK
NO
Z_$b$-<3%oj
\CLXm
NO
OK
NO
YES
OK
NO
,*Le\F
6=)C_
6BZPb#Yu
A6Hbv!n6'*
M2!rE7
SUuI54M.1og
_8=h
a=P)lq=@
ffB5
uYAA4:h=
YES
OK
NO
,*Le\F
6=)C_
6BZPb#Yu
A6Hbv!n6'*
M2!rE7
SUuI54M.1og
a=P)lq=@
ffB5
uYAA4:h=
,*Le\F
6=)C_
6BZPb#Yu
A6Hbv!n6'*
M2!rE7
SUuI54M.1og
a=P)lq=@
ffB5
uYAA4:h=
OK
