OK
OK
e#45Q%O+rT
wp<?PH
OK
OK
OK
OK
OK
OK
OK
OK
+M+r`Os'Nq
BZB)YL)R
CiWk#luT*u0
Om7HC
]plETw)
d]:S.m%;
oTE3d
+M+r`Os'Nq
BZB)YL)R
CiWk#luT*u0
Om7HC
]plETw)
d]:S.m%;
oTE3d
%a)PZY`
OK
OK
OK
OK
OK
OK
OK
OK
OK
OK
OK
OK
OK
OK
OK
OK
OK
OK
OK
OK
OK
#G(&[d9[-?B
5Rp0VL)*ne%
9l4SF%noF
`.fDQ
#G(&[d9[-?B
5Rp0VL)*ne%
9l4SF%noF
`.fDQ
FM,\'
O.2OQ[
oQli3':
t?=t-
R'UF
oNMn+6l8
,pLF"NX$1s
+lMud;
7KwK?s*JfF-
WwmFf>
dHu)u0^=!
#&mRk3iG
-O^RZ]dO
H9]tbr)7`g^
:JvnabC
;R]Fmwf[j\
#G(&[d9[-?B
5Rp0VL)*ne%
9l4SF%noF
`.fDQ
OK
5Rp0VL)*ne%
9l4SF%noF
`.fDQ
OK
5Rp0VL)*ne%
9l4SF%noF
`.fDQ
YES
OK
NO
5Rp0VL)*ne%
`.fDQ
YES
OK
NO
-O^RZ]dO
H9]tbr)7`g^
YES
OK
NO
YES
OK
NO
R'UF
YES
OK
NO
5Rp0VL)*ne%
YES
OK
NO
+M+r`Os'Nq
BZB)YL)R
CiWk#luT*u0
Om7HC
]plETw)
d]:S.m%;
YES
OK
NO
+M+r`Os'Nq
BZB)YL)R
CiWk#luT*u0
]plETw)
d]:S.m%;
C+Zp
e#45Q%O+rT
wp<?PH
OK
