OK 1
1
1
1
0
0
1
0
0
1
1
3
0
1
0
0
0
0
1
1
0
0
1
1
1
0
0
0
1
0
0
0
1
0
1
.1.31....4
....52....
1.2.1..4..
..........
4......1..
0
1
1
1
1
35
0
0
0
0
1
6
1
0
0
0
1
1
31
1
0
0
.1131....4
23.352....
1.2.11.4..
.2...2....
4.....51..
0
0
1
1
0
0
0
1
0
1
1
1
5
0
27
0
0
1
5
0
5
1
1
0
0
0
0
1
0
0
0
0
0
1
0
1
0
1
0
0
21
0
0
0
0
0
0
1
0
0
0
1
0
1
5
0
1
5
31131...14
235352.45.
1.2.11.4..
223..2.5.5
4..3.45135
0
0
0
0
6
0
0
0
0
0
8
0
0
0
1
0
1
0
0
0
0
0
0
0
6
0
1
0
1
0
0
0
0
31131...14
235352.45.
112411.45.
223..2.5.5
4..3.45135
0
0
0
0
1
13
0
0
8
0
9
0
0
0
0
0
0
0
0
0
0
0
0
0
0
