OK 1
1
0
101
1
1
0
1
0
99
1
0
1
1
1
2
0
1
1
1
1
3
0
93
1
1
1
1
0
0
1
0
88
0
1
1
1
0
1
1
1
1
1
0
1
3
1
1
0
1
1
0
0
1
1
5
0
1
1
1
1
0
0
1
1
0
0
0
1
1
0
0
5
1
0
0
0
0
0
1
66
0
1
0
1
......
......
.2378.
..2...
.5....
......
..64.3
4.6...
4.2.1.
876...
.2....
.3781.
.758..
.68..3
.7...5
2....7
14838.
0
0
1
0
0
64
0
0
0
1
1
1
0
1
1
1
1
6
1
1
0
0
1
0
4
8.....
7...8.
.2378.
4.2...
.5....
......
..64.3
4.6.2.
4.2.1.
876...
.2....
.3781.
2758..
.68..3
.7.345
2....7
14838.
0
0
1
56
1
0
0
0
6
0
0
0
1
0
0
0
1
0
1
0
0
0
1
0
0
1
0
0
4
1
0
1
6
1
1
0
8...5.
7...8.
.2378.
4.2.1.
.5....
38...7
..64.3
4.612.
4.2.1.
876...
.2....
.3781.
27588.
.683.3
175345
2....7
14838.
0
47
0
1
1
1
8...5.
7...8.
.2378.
4.251.
.5....
38...7
..64.3
4.612.
4.2.1.
876...
.2....
.3781.
27588.
.683.3
175345
2..6.7
14838.
0
1
0
1
0
0
0
1
9
0
1
0
1
0
41
1
0
1
0
8...5.
7...8.
.2378.
4.2515
.5....
38..77
..64.3
4.612.
4.2.1.
876.4.
.2...3
.3781.
27588.
1683.3
175345
2..6.7
14838.
1
0
0
1
1
0
0
7
0
0
1
6
0
1
0
11
0
0
36
0
0
7
8...57
7..18.
62378.
4.2515
.5....
38..77
..64.3
4.612.
4.2.1.
876.4.
.2...3
23781.
27588.
1683.3
175345
2..6.7
14838.
0
1
0
0
0
0
35
0
1
0
0
0
7
0
0
1
0
8..857
7.618.
62378.
4.2515
.5....
38..77
..64.3
4.612.
4.2.1.
876.4.
.2...3
23781.
27588.
1683.3
175345
2..6.7
14838.
0
0
0
0
34
0
1
0
8
0
0
0
0
0
0
0
0
7
33
0
33
0
0
0
0
0
0
0
0
0
0
0
0
0
0
10
0
0
0
8..857
7.618.
62378.
4.2515
.5....
38..77
..64.3
4.612.
4.2.1.
876.4.
.2...3
23781.
27588.
1683.3
175345
25.6.7
14838.
0
0
0
33
0
0
0
1
0
0
1
0
1
0
0
0
0
0
1
0
0
1
0
1
13
0
1
28
0
0
0
0
0
0
0
0
0
0
11
0
0
0
1
0
0
28
0
28
1
0
0
0
0
1
0
0
1
5
0
1
9
1
0
0
8..857
77618.
62378.
4.2515
.5....
38.777
..64.3
4.6125
4.2.1.
87624.
.21..3
237816
27588.
1683.3
175345
25.687
148381
0
0
0
1
0
0
0
0
0
0
0
0
0
0
0
0
0
0
0
0
1
0
0
0
7
23
0
0
0
0
1
1
0
0
0
0
22
