OK 1
1
1
70
1
1
1
1
1
1
1
4
........
....1.1.
........
........
........
..1.....
.2......
.2......
..3...13
1
0
64
........
....1.1.
........
........
........
..1.....
.2......
.2......
..3...13
1
0
5
1
0
62
0
1
3
1
1
1
1
1
1
1
0
0
1
1
1
1
0
1
1
0
1
0
6
0
1
0
0
49
0
1
1
8
0
0
1
1
1
0
1
0
0
1
0
0
0
1
0
1
0
1
1
0
1
1
0
1
1
1
1
0
33
1
1
0
0
1
0
0
0
0
0
0
1
0
0
1
0
0
1
0
29
0
0
0
0
0
0
13
1
0
0
1..21.2.
...11.13
3..1.3..
22121.21
.1232.13
32133..2
.2..3..3
22.....1
2.332113
0
0
0
1
0
1
0
27
0
0
1
1
0
17
0
0
0
0
0
25
0
0
0
16
1
0
25
0
0
0
0
1
18
1
1
16
0
0
1..21.21
...11313
3..133..
22121221
.1232.13
32133..2
.22.3..3
22...231
2.332113
0
18
0
1
1
0
1
0
1
0
0
0
0
0
0
20
0
1
1
0
1
0
0
0
1
0
17
1
0
0
1
1
1..21.21
.3.11313
3.11333.
22121221
.1232.13
321332.2
322.3..3
22...131
21332113
0
0
0
19
0
0
0
0
0
0
1
0
1
0
0
0
1.221.21
.3.11313
3.11333.
22121221
.1232.13
321332.2
322.3..3
221..131
21332113
0
0
1
0
0
19
1
0
0
0
0
0
0
0
0
0
0
1.221.21
13.11313
3.11333.
22121221
.1232.13
321332.2
322.3..3
221..131
21332113
0
0
0
21
0
0
13
0
1
1
0
0
0
0
0
0
1
0
0
20
0
0
19
0
1
0
0
0
0
0
0
0
1.221121
13.11313
3.11333.
22121221
.1232.13
321332.2
322.3.23
221..131
21332113
0
0
0
0
1
20
0
1
0
0
