OK 1
1
0
1
1
1
1
1
1
1
1
1
2
0
1
1
1
0
1
0
.1.2..
.3..22
441..5
..3...
15....
4.....
1
1
4
0
0
.1.2..
.3..22
441..5
5.3...
154...
4.....
1
0
0
0
0
0
1
0
0
0
0
0
.1.2..
.3..22
441..5
5.3...
154...
4...2.
0
0
.1.2..
.3..22
441..5
5.3...
154...
4...2.
0
0
3
.1.2..
.3..22
441..5
5.3...
154...
4...2.
0
0
1
0
0
0
1
0
0
8
0
1
0
5
0
0
3
0
6
0
0
1
3
0
0
0
0
0
0
0
0
0
1
0
5
0
0
0
0
0
1
.1.2..
.33322
441..5
5.1...
154.3.
4...23
1
0
5
0
4
0
0
6
0
0
0
1
0
0
5
0
0
0
0
0
6
0
1
6
0
1
0
4
0
0
0
5
0
0
1
0
0
0
0
0
