OK 1
1
1
43
1
1
41
0
0
1
1
0
.....
.....
.....
.....
1.3.1
.....
3....
....2
.....
0
1
.....
.....
.....
.....
1.3.1
.....
31...
....2
.....
1
1
1
0
0
3
.3...
.3...
.....
.....
1.3.1
.....
31.2.
....2
.....
0
1
1
1
13...
.3...
.....
..1..
1.3.1
.....
31.2.
....2
.....
0
1
6
1
1
0
1
0
5
1
1
1
0
27
0
1
0
0
26
1
0
0
0
9
0
0
1
24
0
1
0
1
13...
.3.11
....1
..1.3
1.3.1
1..3.
3122.
22.12
....3
0
1
0
0
0
1
1
1
0
0
0
0
1
1
1
1
0
0
0
0
1
0
0
15
1
0
1
0
1
14
13
0
1
0
1
0
8
1
1
0
1
0
0
1
0
0
0
0
0
0
0
0
0
1
0
0
0
0
0
0
0
0
0
0
0
0
10
0
0
0
1
9
1
0
1
0
0
0
0
1
0
0
1
0
1
0
0
13.2.
13311
33111
32113
1.3.1
13131
2122.
22212
11323
0
0
0
