OK 1
1
1
1
1
1
1
1
1
0
1
1
1
0
1
1
1
1
8
1
1
1
1
1
42
0
0
1
0
1
40
1
9
0
1
1
10
1
1
0
0
35
1
14
0
0
1
0
0
12
1
33
0
12
0
0
0
1
1
0
0
1
1
1
0
30
1
1
0
0
0
0
1
0
16
0
1
1
1
0
17
0
0
0
0
0
0
0
17
0
1
24
0
0
0
1
20
0
0
23
0
1
21
0
2..211
...11.
..211.
.1211.
1.2211
.11122
..11.2
122.1.
1222.2
..212.
1
1
0
0
0
2..211
2..11.
..211.
.1211.
1.2211
.11122
..11.2
122.1.
1222.2
2.212.
0
0
0
1
0
0
21
0
1
0
0
0
0
0
0
1
0
1
0
1
0
0
1
0
24
0
1
22.211
2..11.
12211.
.12112
122211
111122
2.11.2
122.1.
1222.2
2.212.
0
0
0
0
13
0
0
0
23
0
13
22.211
2..11.
12211.
.12112
122211
111122
2.11.2
122.1.
1222.2
2.212.
0
0
23
0
0
0
0
0
0
23
0
0
0
1
0
0
1
0
0
0
1
0
0
0
0
0
0
0
22.211
2..11.
12211.
.12112
122211
111122
2.11.2
122.1.
1222.2
2.212.
1
0
0
0
1
0
0
0
0
0
0
0
12
0
0
0
0
0
1
11
