OK 1
1
1
1
1
1
1
1
1
2
0
1
1
0
1
1
1
0
0
1
1
7
1
1
1
1
0
1
1
1
1
1
176
0
1
1
1
1
0
172
0
1
1
1
169
1
0
0
1
0
0
168
1
11
0
0
1
1
1
1
1
1
1
1
1
1
1
0
0
13
........3..
...2......2
22.....1...
....2.....1
.....1....2
.......11..
...........
..1.1....2.
...........
2.........1
.......3...
...1...1.1.
......3....
2...3.3..3.
2.......1.3
.....1.....
.33321..23.
..3..1....3
0
1
157
0
0
1
1
0
0
155
0
1
1
1
1
0
1
.......332.
...22.....2
22.....1...
....2.....1
.....1....2
.......11..
...........
..1.1....2.
...........
2........31
.......3...
...1...1.1.
......3....
2...313..3.
2.......1.3
.....1.....
333321..23.
..3.11....3
1
1
16
0
0
1
1
0
16
2......332.
...22.....2
22.....1...
....2.....1
...2.1....2
.......11..
...........
..1.1....2.
......1....
2......2.31
.......3...
...1...1.1.
......3....
2...313..3.
2.......1.3
.....1.....
333321..23.
..3.11....3
0
1
0
1
1
1
143
0
1
1
1
1
2....1.332.
...22.....2
22.....1...
...22.....1
...2.1....2
3......11..
...........
2.1.1....22
.1....1....
2......2.31
.......3...
...1...1.1.
......3....
2...313.33.
2......31.3
.....1.....
333321..23.
..3.11....3
1
1
1
1
1
1
0
0
0
0
1
0
1
1
0
0
130
1
1
0
0
1
127
1
1
125
0
125
1
1
1
122
0
0
0
0
1
0
0
0
0
1
25
1
1
1
0
1
0
1
1
115
0
1
0
0
1
28
0
0
26
0
1
1
0
1
1
0
0
1
1
29
0
1
1
0
0
1
0
0
105
0
0
1
0
0
0
1
1
0
0
0
1
0
1
0
0
32
0
0
0
1
31
2....12332.
...22.....2
22..3..1.2.
...22...1.1
2..231...32
3..1..211..
.1..1......
2.131..1.22
21....1.322
2.122232231
..1..2.3...
...1...1.1.
.3...13....
2...3131333
21.1.3.31.3
..3..1.2.21
3333212.23.
..3.11.33.3
0
1
35
0
2....12332.
...22..1..2
22..3..1.2.
...22...1.1
2..231...32
3..1..211..
.1..1......
2.131..1.22
21....1.322
2.122232231
..1..2.3...
...1...1.1.
.3...13....
2...3131333
21.1.3.31.3
..3..1.2.21
3333212.23.
..3.11.33.3
1
0
0
0
0
98
2....12332.
...22..1..2
22..3..1.2.
...22...1.1
2..231...32
3.11..211..
.1..1......
2.131..1.22
21....1.322
2.122232231
..1..2.3...
...1...1.1.
.3...13....
2...3131333
21.1.3.31.3
..3..1.2.21
3333212.23.
..3.11.33.3
0
1
32
97
0
0
0
1
0
34
1
1
1
0
0
1
0
0
0
0
0
0
37
0
0
0
1
0
0
0
0
91
0
0
0
91
2....12332.
...22..13.2
22..3..1.2.
...22...1.1
2..231...32
3.11..2113.
.1..1....1.
2.1312.1.22
21....1.322
2.122232231
..1..2.3...
...1...1.11
.3...13....
2...3131333
21.1.3.31.3
..3.31.2.21
3333212.23.
..3211.33.3
0
1
90
0
36
0
0
0
35
0
90
0
0
0
0
1
0
1
0
0
0
0
0
1
0
0
0
0
38
0
0
1
0
86
1
1
0
1
0
0
0
1
0
0
1
0
1
0
0
0
0
0
0
1
0
0
0
1
2.3..12332.
3..222.13.2
221.3..1.2.
...22...1.1
2..231...32
3.11..2113.
.1..1...31.
211312.1.22
21....1.322
2.122232231
3.1..2.3.1.
2..1.2.1.11
.3...13.3..
2...3131333
21.1.3.3113
..3.31.2.21
3333212.23.
..3211.3313
0
0
0
1
0
1
1
1
0
1
0
0
0
1
0
1
0
0
0
0
71
0
0
0
1
0
0
0
0
0
0
1
1
1
0
0
40
2.3.212332.
3..222.13.2
221.3..122.
.3.222..1.1
2..231...32
3.113.2113.
.1..1...31.
211312.1222
21..1.1.322
2.122232231
3.1..2.321.
2..1.2.1.11
.3...13.32.
2...3131333
21.1.3.3112
..3.3112.21
3333212.23.
..3211.3313
0
0
1
1
0
0
0
0
0
0
0
0
43
0
41
66
1
1
0
1
0
63
0
0
0
0
63
0
0
1
50
0
43
0
1
0
0
2.3.212332.
32.222.13.2
221.3..122.
.3.2222.1.1
2.1231...32
3.113.2113.
.1..1...31.
211312.1222
21.21.1.322
2.122232231
3.1..233213
2..1.2.1.11
.3...13.32.
2...3131333
21.1.3.3112
..3.3112.21
3333212323.
..3211.3313
1
0
0
0
1
0
0
0
44
0
0
0
0
0
0
0
45
0
1
0
0
0
0
0
58
2.3.212332.
32.222.13.2
221.3..122.
.3.2222.1.1
2.1231...32
3.11332113.
.1..1...31.
211312.1222
21.21.1.322
21122232231
3.1..233213
2..1.2.1.11
.3...13.32.
2...3131333
21.133.3112
..3.3112.21
3333212323.
..3211.3313
0
58
0
1
0
0
0
57
2.3.212332.
32.222.13.2
221.3..122.
.3.2222.1.1
2.1231...32
3.11332113.
.1..1...31.
211312.1222
21.21.1.322
21122232231
3.1..233213
2..1.2.1.11
.3...13.321
2...3131333
21.133.3112
..3.3112.21
3333212323.
..3211.3313
0
0
0
50
0
0
0
0
0
0
46
57
0
0
0
0
0
0
0
0
0
1
47
0
0
0
0
1
0
1
0
1
0
0
0
1
0
0
1
0
0
0
49
0
1
0
0
0
0
1
2.3.212332.
32.222.13.2
221.31.1223
.3.2222.131
2.12312..32
3.11332113.
.1..1...31.
211312.1222
21.21.1.322
21122232231
3.1..233213
23.1.2.1.11
.3...13.321
2...3131333
21.13313112
..333112.21
33332123231
..3211.3313
0
0
0
1
52
1
1
51
0
0
0
0
52
0
46
0
0
0
0
0
51
0
0
0
0
0
1
0
2.3.212332.
32.222.1322
221.31.1223
.332222.131
2.12312..32
3311332113.
.1..1...31.
211312.1222
21.21.1.322
21122232231
3.1..233213
23.1.2.1.11
.3...13.321
2...3131333
21.13313112
..333112.21
33332123231
2.3211.3313
0
1
0
0
0
0
0
0
0
0
0
0
0
0
0
0
0
0
0
1
54
0
0
0
0
0
0
43
0
0
0
0
0
0
0
1
0
1
0
0
0
0
0
0
1
40
0
53
0
0
1
2.3.2123321
323222.1322
221.31.1223
.332222.131
2.12312..32
3311332113.
.1..1...31.
211312.1222
21.21.1.322
21122232231
3.12.233213
23.132.1.11
23...13.321
2...3131333
21.13313112
..333112221
33332123231
2.3211.3313
0
0
0
0
50
1
0
0
38
0
0
0
38
1
0
0
0
0
57
0
0
0
37
0
0
0
0
0
1
0
0
0
1
0
35
0
0
51
35
0
1
0
0
0
0
0
0
0
2.3.2123321
323222.1322
221.3111223
3332222.131
2.12312..32
3311332113.
.1..1...31.
211312.1222
21221.1.322
21122232231
3212.233213
23.132.1.11
23...13.321
2...3131333
21213313112
..333112221
33332123231
2.3211.3313
0
0
34
0
0
0
0
1
0
33
0
0
0
0
0
0
0
0
0
0
0
0
0
1
0
0
0
0
1
61
0
0
0
0
0
2.3.2123321
323222.1322
221.3111223
3332222.131
2.123122.32
3311332113.
.1..1...31.
211312.1222
21221.1.322
21122232231
32122233213
23.132.1.11
23...13.321
2...3131333
21213313112
..333112221
33332123231
233211.3313
0
31
0
0
0
0
0
0
0
0
0
0
51
31
0
0
0
0
0
31
0
0
0
0
51
0
61
0
0
0
0
31
0
0
0
0
0
1
30
0
0
0
1
0
0
0
29
0
0
0
0
0
0
0
0
0
0
0
1
28
0
0
0
0
0
0
0
0
0
0
57
28
0
0
0
0
0
1
58
