OK 1
1
1
1
0
1
......
......
....3.
......
.....1
......
......
.1....
0
1
0
1
1
1
1
1
1
0
0
1
1
0
0
0
1
1
0
1
1
1
0
1
1
30
0
0
0
1
1
1.11..
..1...
221.3.
.4.4..
..1.21
....4.
33.2..
41..2.
1
1.11..
..1...
22123.
.4.4..
..1.21
....4.
33.2..
41..2.
1
0
0
1
1
1
1
1
0
0
0
21
0
1
20
1
0
19
1.11..
..1..3
22123.
.444..
2.1.21
.2314.
33.22.
411.2.
0
0
0
1
18
0
18
1
0
0
10
0
0
0
1
0
0
0
1
0
0
1
0
0
1
1
11
0
1
1
0
6
0
0
0
1
0
14
0
0
14
0
0
1
0
1
0
0
6
0
0
0
1
0
12
1
6
0
0
1.11..
1.1..3
221234
.4443.
2.1121
.23141
33322.
34122.
0
0
1
0
10
1
0
1
1
0
0
1
0
0
0
0
0
1311..
111.43
221232
.4443.
2.1121
.23141
33322.
34122.
0
0
9
0
0
0
0
9
0
0
13
0
0
0
9
0
0
0
0
0
9
0
0
0
6
