OK 1
1
.........
.......1.
.........
.........
.........
.........
.........
.........
.........
1
1
0
1
77
0
1
1
1
3
1
1
0
1
1
1
1
1
67
1
0
0
0
0
0
0
1
1
0
1
1
1
1
1
7
1
1
1
...2.....
4...3..1.
3313.344.
211..1..2
...4.....
..4..2...
......4..
........4
..4..2.3.
1
0
1
1
1
54
0
0
1
1
0
1
1
50
...2....3
4...3.11.
3313.344.
211..1..2
...4..4..
..4..2.3.
..4...4..
........4
..44.243.
0
1
49
0
0
1
1
1
1
1
1
0
0
1
0
42
1
...2..413
44..3.11.
3313.344.
211..1..2
..34.344.
..4..2.3.
..4..142.
........4
..44.243.
0
0
1
0
41
1
1
39
1
0
1
1
17
1
1
1
0
0
1
0
1
1
1
0
0
0
0
0
0
0
0
0
1
1
1
0
0
1
27
1
0
0
0
1
26
1
0
0
1
0
0
24
1
0
1
0
0
19
0
0
1
0
0
0
0
0
13
0
0
17
0
0
0
1
0
0
0
0
1
0
20
0
11
1
0
0
1
0
0
0
0
1
0
17
0
0
14
0
0
0
0
0
0
0
0
18
0
0
0
0
0
0
0
18
1
21
0
0
0
12
1
0
0
17
0
0
21
0
14
4..2.1413
44..3211.
331343434
211..1.32
1.3443444
..4312334
.34221422
34.2312.4
1.44.2431
0
17
0
0
0
0
0
0
17
0
0
0
0
0
0
17
1
0
0
0
1
0
0
0
0
1
14
1
0
13
0
0
0
0
0
0
1
1
0
1
0
0
0
0
0
0
10
4.1241413
44..3211.
331343434
2112.1.32
1.3443444
2.4312334
434221422
34.231214
1344.2431
0
0
0
0
0
0
1
0
0
0
0
0
0
14
0
0
16
0
4.1241413
44..3211.
331343434
2112.1.32
1.3443444
2.4312334
434221422
34.231214
1344.2431
0
0
0
1
9
4.1241413
44..3211.
331343434
2112.1.32
113443444
2.4312334
434221422
34.231214
1344.2431
0
0
0
0
0
9
0
0
18
0
0
17
0
0
