OK 1
1
0
1
1
1
1
1
1
1
1
1
92
1
1
1
1
0
0
89
1
1
1
1
1
1
83
1
1
1
1
3
1
1
0
78
1
4
1
1
0
1
1
0
1
0
0
72
1
1
0
1
1
1
1
1
1
1
0
1
1
1
1
1
1
6
64234.....
.......15.
.......5..
413...1.15
..2.14.446
.63.6...5.
.2...6222.
6..5323.2.
.53.....3.
...134....
0
0
1
1
0
1
0
1
1
7
1
1
0
0
0
0
0
0
0
0
0
0
0
0
1
53
1
1
64234....1
4.....615.
.....3.5..
413.141.15
..2.14.446
.63.66..5.
.2...6222.
6..5323.2.
.53..2..3.
...134....
1
0
1
49
1
1
47
0
0
1
0
1
0
0
1
45
0
1
1
0
9
64234....1
4.....6155
...623.5.3
4132141115
..2.14.446
.63.66..5.
.2...62224
6..5323.2.
.53..2..34
...134....
1
1
1
0
1
0
0
1
0
0
1
1
37
0
1
8
1
0
10
36
0
0
1
0
12
35
64234....1
4.....6155
.64623.5.3
4132141115
..2.14.446
.63.66..5.
.2.2362224
6..5323.2.
2532.2.534
..3134....
0
0
12
0
0
1
0
1
64234....1
4.....6155
.64623.5.3
4132141115
..2.14.446
.63.66..5.
.2.2362224
6..5323.2.
2632.2.534
..3134.6..
0
1
1
0
1
1
0
1
0
0
64234....1
4.....6155
.64623.5.3
4132141115
5.2.14.446
.63.66..52
42.2362224
6.45323.2.
2632.2.534
..3134.6..
0
0
64234....1
4.....6155
.64623.5.3
4132141115
5.2.14.446
.63.66..52
42.2362224
6.45323.2.
2632.2.534
..3134.6..
0
30
0
14
1
0
0
0
0
0
0
15
0
64234....1
4.....6155
.64623.5.3
4132141115
5.2.14.446
.63.66..52
42.2362224
6.45323.2.
2632.2.534
..3134.6..
0
0
64234....1
4.....6155
.64623.5.3
4132141115
5.2.14.446
.63.66..52
42.2362224
6.45323.2.
2632.2.534
..3134.6..
0
0
0
0
1
0
0
0
0
0
0
0
0
0
1
0
1
1
1
1
1
0
1
0
0
0
0
0
0
0
0
0
642345...1
4..3..6155
.64623.5.3
4132141115
5.2.143446
463.66..52
42.2362224
6.45323.2.
2632.2.534
113134.6..
1
0
0
0
1
0
9
23
0
0
0
0
0
0
0
1
0
0
0
0
0
0
0
1
642345.4.1
41.3..6155
.64623.5.3
4132141115
5.2.143446
463.66..52
44.2362224
6.45323.2.
2632.2.534
113134.6..
22
0
0
9
0
0
0
0
0
1
0
0
642345.4.1
41.33.6155
.64623.5.3
4132141115
5.2.143446
463.66..52
44.2362224
6.45323.2.
2632.2.534
113134.6..
0
0
21
0
12
0
0
0
1
0
9
0
0
0
1
0
0
0
0
0
0
9
0
0
0
0
0
0
0
0
0
20
0
20
0
0
0
0
20
0
0
0
0
9
20
0
12
0
0
0
0
16
20
642345.4.1
41.33.6155
.64623.5.3
4132141115
5.2.143446
463.66..52
44.2362224
6.45323.22
2632.2.534
113334.6..
0
20
642345.4.1
41.33.6155
.64623.5.3
4132141115
5.2.143446
463.66..52
44.2362224
6.45323.22
2632.2.534
113334.6..
0
12
0
0
1
0
0
0
17
0
0
20
0
0
0
642345.4.1
41.33.6155
.64623.5.3
4132141115
5.2.143442
463.66..52
44.2362224
6.45323.22
2632.2.534
113334.6..
0
0
0
1
0
0
0
11
0
0
0
0
0
0
0
0
0
11
0
0
0
0
0
0
0
0
0
0
16
