OK 1
1
1
........
........
.1......
........
........
........
........
.....1..
........
........
1
1
1
1
0
1
1
1
1
1
0
0
2
1
1
0
2
1
1
1
1
0
1
1
........
....2...
41...13.
.3..5...
......1.
....42..
........
....41..
......51
..2....3
1
1
4
1
1
17
1
0
1
0
1
0
0
0
1
0
1
0
1
55
1
17
1
5
1
1
1
1
1
1
1
1
0
0
0
0
1
1
0
1
1
1
1
1
0
1
0
0
0
0
0
8
0
0
0
0
0
0
0
39
0
0
1
38
1
0
0
0
0
0
5.2...4.
..3.2...
41.5513.
.3.35.35
......15
.41242..
..11.5.3
145.4154
.4....51
552...53
0
0
9
38
0
0
0
0
0
0
15
0
0
0
0
0
0
13
0
0
0
1
1
0
0
0
0
0
0
6
0
5.2...4.
..3.2...
41.55133
.3.35.35
......15
.41242..
..11.5.3
145.4154
.4...251
552...53
0
0
0
0
0
0
1
0
8
0
12
0
1
11
0
0
0
0
13
0
0
0
10
0
1
0
0
0
0
0
0
1
0
0
0
0
0
0
0
0
0
0
1
0
1
13
0
1
0
0
0
1
0
0
0
0
0
0
0
9
1
0
0
0
14
0
5.2...4.
..3.2...
41.55133
.3.35135
....4.15
.41242.5
2211.5.3
145.4154
.43..251
552...53
0
0
5.2...4.
..3.2...
41.55133
.3.35135
....4.15
.41242.5
2211.5.3
145.4154
.43..251
552...53
0
0
10
0
0
9
0
5.2...4.
..3.2...
41.55133
.3.35135
....4.15
.41242.5
2211.5.3
145.4154
.43..251
552...53
0
0
0
0
0
0
10
0
0
10
8
1
0
1
1
0
0
14
0
0
1
0
0
0
0
1
0
0
0
0
5.2...4.
..3.2...
41.55133
.3335135
....4215
341242.5
2211.5.3
145.4154
.43..251
552...53
0
0
0
0
0
0
1
12
0
0
0
0
0
0
0
0
0
0
0
0
0
0
0
0
0
8
0
0
10
1
0
12
0
0
10
0
0
10
1
0
0
0
0
0
0
0
0
0
14
0
