OK 1
1
1
43
0
1
0
1
1
1
1
1
0
1
1
1
1
1
0
0
33
1
0
0
0
1
1
0
1
0
1
5
0
1
1
1
0
1
1
1
0
24
0
1
0
1
7
1
0
0
22
0
22
0
1
1
1
0
1
1
1
14.32
...33
.31.2
424.1
....1
3.2.2
1.1.1
.32.1
14.13
0
7
1
1
0
17
0
1
16
0
0
0
1
15
0
1
14
0
7
0
0
1
0
0
1
0
1
8
1
0
0
0
0
0
0
1
1
1
0
0
8
0
0
0
0
0
0
14132
43433
.31.2
424.1
..1.1
32242
1.1.1
43211
14.13
0
0
0
0
0
0
0
14132
43433
.31.2
424.1
..1.1
32242
1.1.1
43211
14.13
0
0
8
8
1
0
0
0
0
14132
43433
.31.2
424.1
..1.1
32242
1.1.1
43211
14.13
0
9
0
0
0
0
0
0
0
8
14132
43433
.31.2
424.1
..1.1
32242
1.1.1
43211
14.13
0
0
0
0
0
0
0
1
0
0
0
0
0
0
0
0
0
0
0
8
1
0
0
