OK 1
0
0
0
0
0
1
1
1
1
1
0
1
0
1
64
1
63
1
0
0
1
1
0
1
60
1
1
1
1
0
0
1
1
1
1
1
1
0
1
1
1
1
1
1
0
47
1
1
45
1
0
0
44
0
1
0
1
0
0
1
0
1
40
1
39
0
0
.1.4...
1.....1
4.2.4..
31..224
21.3.1.
..23.3.
..4.1.1
4.32.2.
4.1.44.
....1..
0
7
0
0
.1.4...
1.....1
4.2.4..
31..224
21.3.1.
..23.3.
..4.1.1
4.32.2.
4.1.44.
....1..
0
1
0
0
1
0
1
1
0
1
0
0
10
1
1
0
0
35
0
0
0
1
7
34
0
0
0
34
1
0
1
1
0
0
1
32
1
0
0
0
0
.1.4...
1.....1
4.214.3
31..224
21.3.1.
1223.3.
..4.1.1
4.12.23
441.44.
...41..
0
32
1
12
1
30
0
1
0
0
0
0
1
0
1
1
0
0
9
28
0
0
28
0
0
0
0
0
0
1
1
0
0
1
1
0
1
13
0
0
1
.14413.
1.....1
4.214.3
312.224
2123.1.
1223232
.1421.1
4.12.33
441444.
...41..
0
1
21
0
0
21
0
1
0
0
0
0
0
0
0
0
20
1
0
0
0
0
20
0
1
0
0
0
0
.144131
1.....1
4.214.3
314.224
2123.13
1223232
21421.1
4.12.33
441444.
...41..
0
0
19
0
19
0
1
0
0
12
0
0
0
0
0
0
18
0
0
1
1
1
0
0
4144131
1.....1
4.214.3
314.224
2123113
1223232
21421.1
4.12332
441444.
...41..
4144131
1.....1
4.214.3
314.224
2123113
1223232
21421.1
4.12332
441444.
...41..
1
0
0
1
0
17
0
0
0
0
1
0
0
0
0
0
0
13
