OK 1
1
0
1
1
63
1
1
1
0
1
1
1
1
1
.....
.....
4....
33...
.....
.....
.....
..2..
....1
..5.3
...77
.....
..1..
1
0
1
.....
.....
4....
33...
.....
.....
.....
.52..
....1
..5.3
...77
.....
4.1..
1
1
0
0
1
0
1
1
0
1
1
0
0
1
0
0
.....
.....
4....
33...
.6...
3....
2....
.52..
....1
..563
6..77
..4.1
4.17.
1
0
1
1
0
0
.....
.....
4....
33...
.6...
3....
2....
.52..
4..51
..563
6..77
..4.1
4.17.
1
4
0
2
0
0
1
1
1
0
0
0
0
1
0
1
0
0
0
1
0
0
1
0
1
0
0
1
1
1
0
0
0
1
0
.....
...3.
4....
33...
.6...
3.3..
2.1..
75254
4.451
.7563
6.577
1.4.1
4.17.
0
0
1
1
7
0
0
0
0
0
1
0
0
0
1
0
0
1
.....
...3.
4....
33...
.6...
343..
231.3
75254
45451
.7563
6.577
1.4.1
4.77.
0
0
0
0
0
1
0
1
0
0
0
1
0
0
0
0
1
0
1
0
0
1
0
0
1
0
1
1
1
0
7
1
0
0
0
0
0
0
0
0
0
7
0
1
0
0
0
0
0
0
0
0
0
0
0
0
19
0
0
1
0
0
0
0
0
0
7
0
0
1
0
0
0
0
1
0
0
1
0
1
1
0
0
..6..
...33
43.1.
33326
.6.2.
343.1
231.3
75254
45451
.7563
65573
11451
4777.
0
0
0
..6..
...33
43.1.
33326
.6.2.
343.1
231.3
75254
45451
.7563
65573
11451
4777.
0
0
16
1
0
0
16
0
0
0
0
0
2
0
0
0
0
0
1
0
..6..
...33
43.1.
33326
.6.2.
343.1
231.3
75254
45451
.7563
65573
11451
4777.
0
0
0
