OK 1
1
1
1
77
1
1
1
0
1
0
...1....
........
.1......
.....2..
.....1..
........
...2....
........
........
.1......
1
2
1
1
0
1
1
1
0
0
1
67
0
0
1
1
1
...1....
........
.1.2....
..1..2..
1....1.1
..1.....
..12...1
.1...1..
........
.1......
1
1
1
14
...1....
........
.1.2....
..11.2..
1....1.1
.11.....
..12...1
.1...1..
.2......
.1......
0
1
1
0
0
1
0
1
6
1
1
1
0
1
1
1
1
0
52
1
1
0
1
0
0
1
0
1
49
1
1
12
...11..1
........
.122....
..1112..
12...1.1
.11...22
.212.1.1
212..1.1
.1......
.1.21.2.
0
1
0
1
1
0
1
0
43
0
0
43
0
0
1
0
0
1
0
0
0
0
1
1
25
0
0
1
0
...11..1
......1.
.1221...
..1112..
121.1121
.112.222
.21211.1
212..1.1
.1......
21.21.2.
0
0
26
38
1
1
0
1
0
0
0
...11..1
......1.
.1221.2.
..1112..
12121121
.112.222
.21211.1
212..1.1
21......
21.21.2.
1
1
1
0
1
0
1
0
0
1
1
1
23
1
1
0
23
0
0
0
1
1
0
1.211..1
...2..1.
11221.22
.111122.
12121121
.1122222
.21211.1
212111.1
21...1..
21.2112.
0
0
0
0
0
0
0
1
0
0
22
22
0
0
0
1
1
0
0
0
0
33
0
1
0
0
0
0
0
0
1
0
1
0
0
0
0
1
1
0
0
0
16
0
0
0
0
0
16
0
0
11211..1
2..2..1.
11221.22
.1111222
12121121
.1122222
12121121
212111.1
21...11.
2112112.
0
0
0
0
0
1
1
0
28
0
0
0
0
0
0
0
0
0
0
0
1
11211..1
2.22..1.
11221.22
.1111222
12121121
.1122222
12121121
21211111
21...11.
21121121
0
0
13
0
1
0
0
0
0
0
0
0
11211..1
2.22.11.
11221.22
.1111222
12121121
.1122222
12121121
21211111
21...11.
21121121
0
0
0
40
0
0
12
0
0
0
0
0
0
0
0
1
0
41
0
0
0
11211..1
2.22.111
11221.22
.1111222
12121121
.1122222
12121121
21211111
21...11.
21121121
0
0
0
0
0
0
0
0
0
0
0
28
0
0
0
28
0
0
41
0
0
0
0
0
0
0
0
0
0
0
0
0
11
0
0
0
0
11
0
1
0
11211..1
2.22.111
11221.22
.1111222
12121121
.1122222
12121121
21211111
21...11.
21121121
0
0
0
0
0
0
0
0
1
