OK 1
1
1
0
1
1
2
1
1
3
1
1
1
1
0
1
1
1
0
0
1
1
1
0
1
1
0
1
1
0
2
0
0
1
1
36
0
1
1
1
1
0
1
6
0
0
32
0
0
1
7
0
1
1
0
1
1
0
0
0
0
1
1
0
1
0
0
9
0
1
1
1
0
5
0
0
0
1
1
0
0
1
0
0
0
0
4
1
0
1
0
1
0
0
1
1
0
0
1
..2..21
2.111.2
.1..551
5.2....
3154225
5.31424
.533525
14..321
1
0
0
0
0
0
0
0
0
0
17
0
0
1
..24.21
2.111.2
21..551
5.2....
3154225
5.31424
.533525
14..321
0
0
..24.21
2.111.2
21..551
5.2....
3154225
5.31424
.533525
14..321
0
0
0
0
0
0
0
5
1
0
0
0
0
1
0
0
14
1
0
14
0
1
0
0
0
0
0
0
0
0
1
12
0
0
0
0
0
1
0
12
0
0
6
0
1
0
0
0
0
0
0
0
0
0
0
0
0
1
1
0
0
0
0
0
1
.424321
2.111.4
21..551
5.2.23.
3154225
5431424
4533525
14..321
