OK 1
0
0
1
62
1
1
1
1
2
59
59
0
1
1
1
1
2
0
1
1
1
1
6
0
1
1
0
1
0
1
1
1
0
1
4
44
0
1
8
43
0
0
1
1
0
1
1
0
39
1
0
0
0
0
0
1
1
12
1
1...2..
.....2.
2...211
1..3221
......1
..3.2.2
32111..
...2...
23..2.1
1
1
6
1...2..
.....2.
2.3.211
13.3221
......1
..3.2.2
32111..
...2...
23..2.1
1
1
0
1
0
0
0
1
0
0
0
0
0
1
0
1
0
1
1
0
0
0
0
28
0
1
0
1
0
0
0
27
0
13
0
1
0
0
0
0
0
0
1
26
0
0
1
0
0
0
0
0
1
0
0
0
0
0
1
1
13
0
0
0
16
0
0
1
0
0
0
1
1...2.1
...2.2.
213.211
13.3221
31.33.1
3.3.2.2
3211113
1212...
23..231
0
1
0
16
0
0
0
0
0
0
0
0
0
0
0
0
1
0
0
0
1
0
0
14
0
1
17
0
0
0
1
0
1
0
1
0
0
0
17
0
15
1
14
0
0
0
1
0
0
16
0
0
0
0
0
0
0
16
13
0
0
0
13
0
0
0
0
0
0
0
1
0
0
0
0
0
16
1
0
0
0
1
0
0
0
0
0
0
1
0
1.2.231
1.12123
213.211
1333221
31.33.1
3.3.2.2
3211113
1112.33
23.2231
0
0
0
20
1.2.231
1.12123
213.211
1333221
31.33.1
3.3.2.2
3211113
1112.33
23.2231
1
1
0
17
