OK 1
1
1
202
1
1
1
1
1
.................
...4.............
.................
......1..........
.................
.................
.................
.5.............2.
.................
........5..3.....
.................
.................
1
1
0
1
0
1
1
0
1
1
1
1
1
1
1
1
1
0
0
2
1
1
1
1
1
1
0
1
...........3.....
...41.34.......1.
...2.2...........
..1...1..........
....15...........
5.........235....
.................
253............2.
....1............
...5....5..3.1...
.................
.................
0
1
1
177
0
1
7
0
1
1
1
1
1
0
1
171
1
1
1
1
1
1
1
1
1
0
0
0
0
164
1
0
1
0
10
0
0
162
1
1
0
1
0
160
1
1
1
0
1
1
0
0
1
1
1
0
11
1
1
1
1
1
1
1
1
0
1
...........3.....
..241.344......1.
...252.321.....1.
..1..51.......34.
....15.....5.....
5...3....42353...
5...4...4.5......
253...4...51...23
....13.....4.....
...5.24.5..3.1...
.3...4..........1
1...........55...
0
0
0
0
1
146
1
145
0
0
0
1
1
1
15
0
1
0
1
1
0
0
1
0
0
1
1
136
1
1
1
1
0
1
17
1
1
0
1
0
1
1
1
1
15
1
0
...23.....53..1.4
3.241.34421....15
...252.321.....1.
..1..512......34.
.2..15.....5.....
5.443.4..42353...
5...4..24.5......
2533..41..51...23
.5..13.....4.1...
25.5.24.5..3.1...
33...4.......1..1
1...5.......55...
1
1
1
120
...23.....53..1.4
3.241.34421.1..15
...252.321.....1.
..1..512......34.
.2..15.....5...2.
5.443.4..42353...
5...4..24.5......
25332.41..51...23
.5..13.....4.1...
25.5.24.5..3.1...
33...4.......1..1
1...5.......55...
1
0
17
1
0
0
1
19
1
1
1
116
0
0
0
1
0
115
0
0
1
...23...3.53..1.4
3.241.34421.1..15
...252.321.3...1.
.11..512..5...34.
.2..15.....5...2.
5.443.4..42353...
5...4..24.5......
25332.41..51...23
.5..13.....4.1...
25.5.24.5..3.1...
33...4.......1..1
1...5...2...55...
0
1
0
0
1
0
1
1
1
1
0
109
0
0
109
1
21
0
1
1
1
1
0
0
0
0
0
0
...23...3153..1.4
31241.34421.1..15
..4252.321.3...1.
.11..512..5...34.
.2..152....5...2.
5.443.4..423533..
5...4..2435......
25332.41..51...23
.53.13.....4.1...
25.5.24.5..3.1...
332..4...35..1..1
1...5...2...55...
1
1
0
0
0
103
1
1
101
0
1
0
0
1
0
1
0
1
0
1
0
0
0
0
1
0
0
0
0
0
0
0
0
96
1
24
0
1
1
0
93
1
0
0
0
0
0
93
0
0
1
1
91
0
0
0
0
1
0
0
44.23...3153..1.4
31241.34421.1..15
..4252.321.3...1.
.11..512..532.34.
12..142....5...2.
54443.4..423533..
5...4412435......
25332.412.51...23
.53213..4..4.1...
2535.2415..3.1...
332..4.4.35..1..1
1...5...2.4.55...
0
0
0
1
0
0
1
23
0
0
1
0
0
0
24
0
0
0
1
0
1
1
1
0
1
0
0
1
0
1
0
1
1
0
0
0
0
0
0
0
27
0
1
0
0
0
0
0
0
1
0
1
0
0
1
0
0
0
0
0
0
0
0
27
77
0
44.23...3153..1.4
31241.34421.1..15
..4252.321.3...14
.11..5122.532.343
13..142....5..22.
54443.2..4235335.
5..544124351.....
25332.412.51...23
.532132.4..431...
2535.2415..3.1..1
3325.4.4.351.1..1
1...5...244.55...
0
0
0
0
0
0
0
0
1
0
0
1
1
0
0
1
0
0
0
0
0
0
0
1
0
0
0
0
1
71
0
0
0
0
1
0
0
0
1
0
0
0
0
0
31
0
0
0
0
0
1
1
0
0
0
44.23..13153..1.4
31241334421.1..15
.34252.321.3...14
.114.5122.532.343
13..142....5..22.
54443.23.4235335.
5..544124351....1
25332.412.51...23
.53213244..431...
2535.2415.13.1..1
3325.4.4.351.1..1
1..15...244.55.4.
0
0
0
0
0
31
0
0
0
1
31
0
0
0
0
0
0
66
0
0
0
66
0
0
0
0
0
1
0
0
0
0
1
64
0
0
25
64
0
0
0
0
31
0
0
0
0
0
32
64
0
0
0
0
1
32
0
1
0
0
0
0
0
0
0
44.23..13153..1.4
31241334421.1..15
134252.321.3...14
.114.5122.532.343
13..1423...5..22.
54443.23.4235335.
5.2544124351....1
25332.412.51.5.23
.532132443.431...
2535.2415.13.1..1
3325.4.4.351.1..1
1..15...244.55.4.
0
0
1
0
28
0
0
0
26
44.23..13153..1.4
31241334421.1..15
134252.321.3.3.14
.114.5122.532.343
13..1423...5..22.
54443.23.4235335.
5.2544124351....1
25332.412.51.5.23
.532132443.431...
2535.2415.13.1..1
3325.4.4.351.1..1
1..15...244.55.4.
0
1
0
0
1
44.23..13153..1.4
31241334421.1..15
134252.321.343.14
.114.5122.532.343
13..1423...5..22.
54443.23.4235335.
5.2544124351....1
25332.412.51.5.23
.532132443.431...
2535.2415.13.1..1
3325.414.351.1..1
1..15...244.55.4.
0
1
0
0
0
0
58
0
0
0
0
0
0
0
0
1
0
0
57
1
0
0
0
0
0
0
0
0
0
0
0
0
0
1
0
0
0
1
0
0
0
0
1
0
0
0
0
0
0
0
0
0
0
0
0
0
25
0
1
0
0
0
0
0
1
31
0
0
35
1
0
0
0
0
1
0
44.23..13153..1.4
31241334421.1..15
134252.321.343214
.114.5122.5322343
13431423.1.5..22.
54443523.4235335.
5.2544124351....1
25332.412.51.5.23
4532132443.431...
2535.2415.13.1..1
3325.414.351.11.1
1..152.4244.55.4.
1
0
0
1
0
0
0
0
0
47
0
0
1
0
0
0
0
0
34
0
0
0
0
32
44423..131534.1.4
31241334421.1..15
134252.321.343214
.114.5122.5322343
13431423.1.5..22.
54443523.4235335.
5.2544124351....1
25332.412.51.5.23
4532132443.431...
2535.2415113.1..1
3325.414.351.11.1
1..152.4244.55.4.
0
0
0
1
0
0
0
0
0
0
34
0
35
0
1
0
0
0
1
0
0
43
0
0
0
1
0
1
31
1
0
0
0
0
0
0
0
35
0
0
0
35
0
0
0
37
0
0
0
35
0
0
0
0
0
0
0
0
0
0
0
0
0
0
0
0
35
0
0
0
0
0
0
44423..131534.1.4
31241334421.1..15
134252.321.343214
.114.5122.5322343
13431423.155..22.
5444352334235335.
5.25441243512...1
25332.412.5125.23
4532132443.431...
2535.2415113.1.11
3325.414.351.11.1
1.4152.4244.55.4.
0
0
0
0
0
0
0
1
44423..131534.1.4
3124133442131..15
134252.321.343214
.114.5122.5322343
13431423.155..22.
5444352334235335.
5.25441243512...1
25332.412.5125.23
4532132443.431...
2535.2415113.1.11
3325.414.351.11.1
1.4152.4244.55.4.
0
35
0
0
0
1
38
0
0
0
0
1
0
0
0
0
0
0
0
0
37
0
0
0
0
0
0
38
0
0
0
0
0
36
0
0
0
0
1
0
0
0
0
0
0
0
39
0
0
0
44423..131534.1.4
3124133442131..15
134252.321.343214
.114.5122.5322343
134314231155..22.
5444352334235335.
5.25441243512...1
25332.412.5125.23
4532132443.431...
2535.2415113.1.11
3325.414.351.11.1
114152.4244.5554.
0
0
0
0
0
0
0
0
0
0
0
0
