OK 1
1
1
1
1
1
1
1
1
1
42
1
1
1
1
0
1
0
0
0
0
0
1
0
1
0
1
1
0
1
1
1
0
1
1
0
1
29
0
0
0
0
1
0
0
1
0
0
1
0
0
0
0
1
0
0
4
7
0
4...53
...2..
.13512
....5.
.3....
..433.
4.41..
2254.1
0
1
0
0
1
0
4...53
...2..
.13512
....5.
.3....
..433.
4.41..
2254.1
0
0
1
0
1
0
0
0
0
0
0
11
1
0
1
0
1
0
0
4
6
0
0
0
0
0
5
0
0
0
4
6
0
0
0
0
1
1
0
0
0
0
0
0
0
0
5
0
0
1
1
0
1
0
0
1
6
0
0
8
0
0
0
0
5
0
0
6
1
0
0
1
0
0
0
0
0
1
0
0
0
0
0
0
5
0
0
6
0
0
0
6
0
0
0
1
0
0
0
0
0
1
0
0
4...53
...2..
113512
.13.5.
.3.35.
.4433.
4.413.
225421
0
0
0
0
0
0
0
0
0
0
