OK 1
1
1
0
1
1
1
0
1
1
0
1
1
1
1
1
1
1
.....4.
.3....5
....2..
1135...
4......
.......
.......
..2....
...3...
.1..4..
1
1
0
1
1
1
0
0
0
0
1
1
1
.....4.
.3....5
....2..
1135.4.
41.....
4......
4......
..4....
...3..1
.1..4..
1
1
0
1
1
1
0
1
46
0
.3..24.
.3....5
....2..
1135.41
41....4
4.3....
4......
..4....
..53..1
.1..4..
1
1
1
1
1
1
1
0
1
1
0
9
0
.3..24.
.3...55
....2..
1135.41
41....4
1.3..5.
45...1.
..41.5.
..53.21
21..4..
0
0
1
1
6
0
1
1
0
1
1
1
0
0
13..24.
.3..255
....2..
1135241
413...4
153..5.
45.1.1.
4.41.5.
..53.21
21..4..
1
1
0
29
0
0
0
1
0
1
0
1
1
0
13..243
33..255
....2..
1135241
413..44
153.155
45.1.1.
4.41.5.
..53.21
212.4..
1
0
0
0
1
1
0
0
1
13..243
33..255
3...2..
1135241
413..44
153.155
45.1.1.
4.41.53
5.53.21
212.4..
12
0
1
0
1
0
1
0
0
0
1
0
8
0
0
0
0
10
18
0
0
0
0
0
1
0
1
0
0
0
0
0
1
1
0
1
0
0
0
0
0
0
0
0
1
0
0
0
0
0
0
0
0
0
0
1
0
1
0
0
11
0
13
0
0
0
11
0
0
0
0
1
0
10
1343243
334.255
35.221.
1135241
4133344
1534155
45.141.
4.41.53
5.53.21
212542.
0
0
1
0
9
0
0
0
0
1343243
334.255
352221.
1135241
4133344
1534155
45.141.
4.41.53
5.53.21
212542.
0
1
1
8
0
1
11
0
0
0
13
0
0
0
0
0
0
13
1343243
334.255
3522212
1135241
4133344
1534155
45.141.
4.41.53
5153.21
212542.
0
1
0
0
0
7
0
0
0
1343243
334.255
3522212
1135245
4133344
1534155
45.141.
4.41.53
5153.21
212542.
0
0
0
0
0
0
0
0
0
0
0
0
7
0
7
0
0
0
0
0
11
0
0
0
0
0
0
13
0
0
0
0
0
0
7
