OK 1
1
1
1
1
1
1
0
1
1
1
1
1
33
0
1
0
0
1
1
4
1
0
1
1
1
0
1
4
1
1
1
0
25
0
5
1
0
1
0
6
0
0
1
1
0
23
0
1
7
0
1
1
0
0
0
0
0
0
0
0
0
1
0
0
19
0
1
7
0
1
1
1
1
0
4
0
1
0
1
1
0
0
1
12
0
0
1
0
1
0
0
0
0
0
0
0
0
0
0
41.2123
112123.
.2.3..3
3221333
44.3.23
4.131.1
1
0
4142123
112123.
.2.3..3
3221333
44.3.23
4.131.1
0
0
0
0
1
0
4142123
112123.
.2.34.3
3221333
44.3.23
4.131.1
0
0
0
0
0
0
0
0
0
0
1
0
0
0
7
0
0
0
0
0
0
7
0
1
0
0
9
6
0
1
0
0
0
1
5
0
0
0
0
4142123
112123.
.2.34.3
3221333
4433223
43131.1
0
0
0
0
5
0
0
0
5
