OK 1
1
1
1
0
.................
.................
.................
.................
.................
.................
.................
.................
...........1.....
.................
.................
............2....
.................
.................
.................
1
1
1
1
1
1
1
1
246
1
0
1
1
1
5
1
0
1
240
0
0
0
1
1
1
1
1
1
1
1
1
1
8
1
1
1
1
1
1
1
0
1
1
1
1
1
219
1
1
1
0
1
1
1
..............2..
.1..1.....2.....1
.........2.......
.....1.........3.
...2.21.12.1.....
..2....3........2
.3..1............
....2...3..3....3
..3........13....
3.......1..21....
........1...2....
.....1......2...2
...331..2........
..3..............
..23.............
0
1
1
211
1
16
1
0
1
17
1
.............221.
.1..1....32.....1
.........2.......
.....1.........3.
...2.21.12.1.....
..2.1..3........2
.3..1............
....2...3..3....3
..3......2.13....
3.......1..21....
........1...2....
.....1......2...2
...331..2........
..3..............
..23............1
1
0
206
1
205
0
1
204
1
.............221.
11..1....32.....1
.........2.......
.....1.........3.
...2.21.12.1.....
..2.1..3........2
.3..1............
....2...3..3....3
..3..3...2.13....
3.......1..21....
........1...2....
.....1......2..12
...331..2........
..3.........3....
..23............1
1
18
1
1
0
1
20
1
1
1
1
1
1
22
....2........221.
11..1....32.....1
...1.....2.......
...3.1.........3.
...2121.12.1.....
..2.1..3........2
.3..1........1...
....2...3..3....3
..3..3...2.133...
3.......1..21....
........1...2....
.....1......2..12
...331..2....2.3.
..3.........3.3..
..23.2..........1
1
0
0
0
0
0
....2........221.
11..1....32.....1
...1.....2.......
...3.1.........3.
...2121.12.1.....
..2.1..3........2
.3..1........1...
....2...3..32...3
..3..3...2.133...
3.......1..21....
........1...2....
.....1......2..12
...331..2....2.3.
..3.........3.3..
..23.2..........1
1
0
191
1
1
0
1
1
188
1
0
1
1
1
0
1
183
1
182
1
26
181
1
0
1
1
1
1
0
176
0
0
1
1
0
0
1
0
0
1
0
1
32
0
..3.23.2.....221.
11..1....32.....1
...1.....2....1.1
...3.1......31.3.
...2121.12.1.....
..2.1..3........2
.3..1.1......1...
....2.2.3..321..3
..32.3...2.133...
3....1..1..31....
2..3.2..1...2....
.....1...3..2.112
...331..2....2.3.
.33....1....3.3..
1.23.2.........11
1
1
0
0
1
0
1
1
1
0
0
0
1
0
0
0
1
164
164
164
..3.23.2.....221.
11..1....321....1
...1.....21...1.1
...3.1......31.3.
...2121.12.1.....
.22.1..33.......2
.3..1.1.3....1...
.32.2.2.3..321..3
..32.3...2.133...
3....1..1..31....
2..3.2..1...2....
.....1...3..2.112
...331..2....2.3.
.33....1....3.3..
1.23.2.........11
1
0
1
..3.23.2.....221.
11..1....321....1
...1.....21...1.1
...3.1......31.3.
...2121.12.1.....
.22.1..33.......2
.3..1.1.3....1...
.32.2.2.31.321..3
..32.3...2.133...
3....1..1..31....
2..3.2..1...2....
.....1...3..2.112
...331..2....2.3.
.33..3.1....3.3..
1.23.2.........11
0
0
1
32
0
1
1
0
0
0
1
38
0
0
1
0
..3.23.2.....221.
11..1....321....1
...1.....21...1.1
...3.1..1...31.3.
...2121.12.1.....
.22.1..33.......2
.3..1.1.3....1...
.32.2.2.31.321..3
..32.3...2.133...
3....1..1..31....
2..3.2..1...2....
.....1..33..2.112
...331..2....2.3.
.33..3.1.3..3.3..
1123.2....1....11
1
1
0
0
1
0
0
1
1
0
1
0
0
0
1
1
0
0
1
1
1
1
145
1
1
0
1
1
0
1
1
1
0
1
0
1
136
0
1
33
0
0
1
33
0
0
0
134
0
0
0
33
0
134
1
0
1
0
1
0
0
0
0
0
47
0
1
1
0
0
0
0
35
1
1
127
0
0
1
1
1
0
1
1
0
0
1
0
1
0
0
0
0
1
0
0
1
0
0
47
0
1
0
0
0
0
0
1
0
1
0
0
0
1
0
0
1
1
0
0
1
0
0
1
0
0
0
0
0
0
0
1
0
0
0
1
112
1
0
0
1.322312.1.13221.
112.13..2321....1
.1.1.....21..31.1
312311..1...31.3.
...212131211..2.3
.22.12.33...2...2
23..1.1.3....11..
332.2.2131.321..3
..32.3.2.2.1333..
3....1.312.31..1.
2333.23.11332.1..
.2..11..33..2.112
2..331..21...2.32
.33..3.1.3..3.3..
1123.2....1121.11
0
1
0
1
110
0
0
1
0
0
0
0
0
56
1
0
108
0
0
108
1
0
1.322312.1.132211
112213..2321....1
31.1.....21..31.1
312311..1..231.3.
...212131211..2.3
.22.12.33...2...2
23..1.1.3....11..
332.2.2131.321..3
..32.3.2.2.1333..
3....1.312.31..1.
2333.23.11332.1..
.2..11..33..2.112
2..331..211..2.32
.33..3.1.3..3.3..
1123.2....1121.11
0
0
1
1
45
1
1
0
57
1
0
0
0
0
0
1
0
0
0
0
0
102
0
1
1
0
1
0
99
0
0
0
0
1
1
0
97
0
0
0
0
1
0
1
95
0
0
0
0
0
1
0
0
0
0
0
0
0
94
0
0
0
94
0
49
0
0
53
1
1
1
91
1
1.322312.11132211
112213..2321.2..1
31.11..23211.3121
312311..13.231.3.
.2.212131211..2.3
.22.12.332..2...2
23..1.1.3....11.3
332.2.2131.321..3
..32.3.2.2.1333..
3....1.312.31..1.
2333.23.1133211..
.2..11.333.322112
2..3313.211..2.32
.33..3.1.3..3.3..
1123.2.2..1121.11
1
89
1.322312.11132211
112213..2321.2..1
31.11..23211.3121
312311..13.231.3.
.2.212131211..2.3
.22.12.332..2...2
23..1.1.3....11.3
332.2.2131.321..3
..32.3.2.2.1333..
3....1.312.31..1.
2333.23.1133211..
.2..11.333.322112
2..3313.211..2.32
.33..3.1.3..3.3..
1123.212..1121.11
0
0
0
89
0
1
0
1
1
0
0
1
0
1
0
1
1
0
0
1
0
1
0
0
0
1
0
66
0
0
0
0
1
67
0
0
0
57
0
0
0
0
0
0
67
0
1
0
1
0
12322312.11132211
112213..2321.2..1
31.11..2321113121
312311..13.231.3.
.2.212131211.22.3
.22.12.332..2..32
23..1.1.3...311.3
33212.2131.3211.3
..32.3.2.2.1333..
3..2.1.3123311.1.
2333.23.1133211..
.2..11.333.322112
2..3313.211..2332
.33..3.1.3..3.3..
1123.212.11121.11
0
1
1
0
0
0
0
76
0
1
58
0
0
0
0
1
0
0
1
0
0
0
0
1
0
1
60
71
0
1
0
1
1
0
0
0
0
60
69
1
0
0
0
0
0
0
60
0
0
1
0
1
0
0
0
0
0
0
0
0
0
0
67
0
0
67
0
0
0
0
1
0
1
0
60
0
1
1
1
1
62
0
0
0
0
0
0
0
0
0
0
0
0
0
0
0
62
0
0
0
61
1
0
0
0
1
62
0
0
0
0
0
72
0
0
1
0
59
0
0
72
0
0
0
0
0
0
0
0
0
0
1
0
0
0
0
62
0
0
0
72
0
0
12322312.11132211
112213..2321.2..1
31.111.2321113121
312311.2132231.3.
.2.212131211.22.3
.22.12.3321.2.132
23211.1.32..311.3
33212.213123211.3
..323332.2.1333..
3..2.123123311.1.
2333.23.1133211..
.2.321.3331322112
2..33133211.12332
2332.3.1.3..3.3..
1123.212211121.11
0
1
1
56
0
0
0
0
0
0
1
55
0
0
0
0
0
0
55
12322312.11132211
112213..2321.2..1
31.111.2321113121
312311.2132231.3.
.21212131211.22.3
.22.12.332112.132
23211.1.32..31123
33212.213123211.3
..323332.2.1333..
3..2.123123311.1.
2333.23.1133211..
.2.321.3331322112
2..33133211.12332
2332.3.1.3..3.3..
1123.212211121.11
64
0
12322312.11132211
112213..2321.2..1
31.111.2321113121
312311.2132231.3.
.21212131211.22.3
.22.12.332112.132
23211.1.32..31123
33212.213123211.3
..323332.2.1333..
3..2.123123311.1.
2333.23.1133211..
.2.321.3331322112
2..33133211.12332
2332.3.1.3..3.3..
1123.212211121.11
0
0
0
0
0
0
0
0
0
1
0
0
0
0
0
54
0
1
12322312.11132211
1122131.2321.2..1
31.111.2321113121
312311.2132231.3.
.21212131211.22.3
.22.12.332112.132
23211.1.32..31123
33212.21312321113
..323332.2.1333..
3..2.123123311.1.
2333.23.1133211..
.2.321.3331322112
2..33133211.12332
2332.3.1.3..3.3..
1123.212211121.11
0
0
0
1
0
0
0
1
0
0
0
0
0
0
0
0
64
0
0
0
0
0
0
0
0
0
64
0
0
0
0
0
0
0
12322312.11132211
1122131.2321.2..1
31.111.2321113121
312311.2132231.3.
.21212131211.22.3
322.12.332112.132
23211.1.32..31123
33212.21312321113
..323332.2.13333.
3..2.123123311.1.
2333.23.1133211..
.2.321.3331322112
2..33133211.12332
2332.3.1.3..3.3..
1123.212211121.11
0
0
0
1
0
1
0
0
0
0
0
0
0
0
0
0
0
0
0
0
0
0
0
0
0
0
0
0
0
0
0
0
0
1
1
0
1
0
0
0
0
0
0
0
46
0
0
46
0
0
0
0
0
0
0
0
0
0
0
0
0
0
0
0
0
0
0
0
0
1
0
0
0
0
77
45
0
0
0
66
45
0
0
0
0
0
0
45
0
0
1
0
1
43
0
0
0
78
1
0
0
0
12322312.11132211
1122131.2321.2..1
31.11122321113121
312311.2132231.31
221212131211.22.3
322.12.332112.132
23211.1.32..31123
33212.21312321113
..323332.2313333.
3..2.12312331121.
2333223.1133211..
.2.321.3331322112
2.333133211.12332
23322311.3..3.3..
1123.212211121.11
0
12322312.11132211
1122131.2321.2..1
31.11122321113121
312311.2132231.31
221212131211.22.3
322.12.332112.132
23211.1.32..31123
33212.21312321113
..323332.2313333.
3..2.12312331121.
2333223.1133211..
.2.321.3331322112
2.333133211.12332
23322311.3..3.3..
1123.212211121.11
0
0
12322312.11132211
1122131.2321.2..1
31.11122321113121
312311.2132231.31
221212131211.22.3
322.12.332112.132
23211.1.32..31123
33212.21312321113
..323332.2313333.
3..2.12312331121.
2333223.1133211..
.2.321.3331322112
2.333133211.12332
23322311.3..3.3..
1123.212211121.11
0
0
0
1
79
0
0
0
0
0
0
0
0
0
0
0
0
0
0
0
41
0
0
79
0
0
1
0
0
0
0
12322312.11132211
1122131.2321.2..1
31.11122321113121
312311.2132231.31
221212131211.22.3
322.12.332112.132
23211.1.32.331123
33212121312321113
..323332.2313333.
3..2.12312331121.
2333223.1133211..
.2.321.3331322112
2.333133211.12332
23322311.3..3.3..
1123.212211121.11
0
0
0
1
0
0
0
0
0
0
0
0
0
0
69
0
0
0
80
0
0
0
1
0
0
0
69
0
0
0
0
0
0
0
0
68
0
0
0
0
0
0
0
0
0
0
0
0
0
0
