OK 1
1
1
1
1
1
1
1
1
1
1
1
0
1
1
0
0
1
1
1
0
0
1
1
0
4
1
25
0
0
0
1
.3...2.
.2.....
22..213
.111..3
.4.....
224.34.
1
0
1
0
1
0
1
0
0
0
0
20
1
0
0
0
1
9
0
0
0
0
0
0
0
0
0
18
0
1
1
13..32.
.2..2..
22..213
.111413
.42.3..
224.34.
0
1
0
0
17
0
13..32.
.2..2..
22..213
.111413
.42.3..
224.34.
0
13..32.
.2..2..
22..213
.111413
.42.3..
224.34.
0
0
1
5
1
0
0
1
0
1
0
0
1
0
0
1
0
0
0
1
0
0
0
13
0
0
0
0
0
0
0
0
13..32.
.23.2..
22.1213
.111413
.42.32.
224434.
0
1
0
0
0
0
0
0
11
1
1
0
0
0
0
1
0
11
0
0
0
0
13..32.
.23223.
22.3213
.111213
.42.32.
224434.
0
1
0
