OK 1
1
1
2
1
1
0
1
1
1
1
0
1
1
1
1
66
0
1
0
2
65
0
1
1
1
3
1
0
1
0
.1....8....
...........
..8.4......
..2...2..3.
.12..6.....
....2....84
....11.2.7.
1
1
1
0
1
0
1
1
1
1
1
6
.18.8.8....
.......5...
..834......
..2...2..3.
.12..67....
.1..24...84
...31112.7.
1
1
1
0
48
0
1
0
1
0
2
1
1
1
0
1
0
1
0
0
0
0
0
0
0
0
1
0
3
1
0
0
41
.18.8.8....
...6..35...
..8342....5
.32...2..3.
.12..67...3
.1.124..884
22.31112.7.
0
1
0
7
0
1
1
0
0
1
4
.18.8.8....
..46..358..
..8342..2.5
.32...2..3.
.12..67...3
.1.124..884
22.31112.7.
1
1
0
0
0
0
1
0
0
0
0
1
0
0
0
0
1
3
0
1
.18.8.8...5
4.46..358..
.78342..2.5
.32...2..3.
512..67...3
.1.124..884
22.31112.7.
0
1
0
1
1
0
0
32
0
0
0
1
1
16
0
1
.18.8.82..5
4.46..358..
.78342..2.5
.323..2.23.
512..67.2.3
.1.124..884
22.31112.7.
0
0
1
0
1
4
.18.8.82..5
4.467.358..
.78342..2.5
.323..2623.
512..67.2.3
.1.124..884
22.31112.7.
0
1
0
0
0
0
1
0
0
0
0
1
0
1
0
0
1
0
0
0
5
0
4
0
1
.18.8.827.5
4.467.358.6
.78342.12.5
.323..2623.
512..67.2.3
.1.124..884
22.31112.71
0
0
0
0
0
0
0
0
1
0
1
0
0
0
5
1
1
0
1
10
0
0
1
0
.1848.827.5
4.4678358.6
178342.12.5
.323..2623.
512..67.2.3
.1.124..884
22.31112.71
0
0
1
7
.1848.827.5
4.4678358.6
178342.12.5
4323..2623.
512..67.2.3
.1.124..884
22.31112.71
0
0
20
5
0
20
0
0
20
0
0
0
0
0
1
1
0
0
20
0
0
20
1
0
1
0
0
0
0
1
0
0
0
10
0
0
1
0
0
0
0
17
0
0
0
0
10
0
0
0
0
0
0
0
0
0
0
0
1
16
.1848.827.5
4.4678358.6
178345.12.5
43238.26237
512..67.233
.1.124..884
22.31112271
0
0
9
0
0
0
0
0
8
0
0
16
0
0
0
0
1
0
0
0
0
0
0
