OK 1
1
1
2
1
1
1
1
1
1
1
1
1
1
3
1
0
1
0
1
1
1
4
0
1
1
0
1
1
0
1
0
3
1
1
4
1
1
0
1
1
1
0
1
1
1
45
1
44
0
8
1
1
1
1
1
0
1
0
1
0
1
1
6
1
1
1
1
0
1
0
0
0
32
0
1
0
0
1
0
0
12
0
0
31
0
0
31
0
0
1
0
1
29
1
1
0
0
0
0
1
0
0
1
0
0
14
1
0
1
0
0
0
0
9
0
0
0
0
0
0
0
0
1
0
1
1
0
1
0
1
0
0
16
0
13
0
0
0
0
0
0
0
0
0
1
0
13
0
0
0
0
1
1
0
0
9
0
0
0
18
0
0
0
1
15
0
1
0
0
0
0
0
18
0
0
1
1
1
0
0
0
1
0
0
0
.24123.2
1.2.1324
32114221
43.33223
2.411222
3314.323
1213.142
.3.14342
42..2111
0
0
.24123.2
1.2.1324
32114221
43.33223
2.411222
3314.323
1213.142
.3.14342
42..2111
0
0
0
1
0
1
0
0
1
0
0
0
0
0
0
10
10
1
0
0
0
0
17
10
0
0
0
1
0
0
17
0
0
0
0
42412322
1.2.1324
32114221
43.33221
2.411222
3314.323
1213.142
.3.14342
42..2111
0
10
0
0
0
1
0
13
0
0
1
0
9
0
11
0
0
42412322
1.2.1324
32114221
43.33221
2.411222
3314.323
1213.142
13.14342
42..2111
0
1
8
1
0
0
8
0
0
