OK 1
1
1
1
1
1
........
1.......
........
........
......4.
........
........
........
.......2
..3.....
1
1
2
........
1.......
........
........
......4.
......1.
........
.....2..
.......2
..3.....
1
1
1
1
70
1
1
1
1
1
1
5
0
1
1
1
1
1
1
0
1
59
1
1
1
1
1
7
55
0
1
54
1
53
1
0
0
0
1
1
........
13.....3
..44.4.1
431....1
3.424.4.
....1.13
4.......
..4122..
.2.3...2
1.3.....
1
0
0
1
1
48
1
0
0
1
1
0
46
1
1
10
0
0
1
10
43
0
1
0
1
0
43
0
0
0
0
0
0
1
0
1
.3..4...
13.....3
..44.4.1
431...31
3.424.4.
.4..1113
4..32...
..2122..
42.3.1.2
1.3.1...
0
0
10
0
0
0
0
0
0
1
1
0
1
1
8
37
0
0
0
0
0
0
0
0
0
0
0
0
.3..4...
13.....3
2.4414.1
431...31
34424.4.
.4..1113
4..32...
..21224.
42.3.1.2
1.3.1...
1
0
0
0
0
10
0
1
0
0
0
0
9
0
0
1
0
1
0
1
0
0
0
1
1
0
1
11
1
0
1
30
.3..4...
132....3
2.4414.1
431...31
34424.4.
44311113
4..32.2.
..21224.
4243.132
1.3.1...
0
30
0
0
30
0
0
12
0
0
0
1
13
0
0
1
0
1
0
0
0
.3..4...
132....3
2.4414.1
431...31
34424.4.
44311113
4.33212.
..21224.
42433132
1.3.1...
0
0
0
0
1
0
0
1
15
.3..4...
132....3
2.4414.1
431...31
3442414.
44311113
4.33212.
..21224.
42433132
1.3.13..
0
0
15
0
1
1
1
23
0
0
0
0
0
0
0
0
0
23
0
0
0
0
1
0
0
0
0
0
0
0
0
0
0
0
0
1
0
0
1
0
0
0
0
0
0
0
0
0
11
0
0
0
0
1
0
0
0
1
0
0
0
0
0
0
0
0
0
0
1
0
0
0
0
0
19
0
0
0
0
0
1
0
0
0
0
0
0
0
0
0
1
1
0
0
0
0
0
0
0
0
