OK 1
1
1
2
0
46
0
1
0
1
1
0
1
43
1
1
1
1
1
1
1
0
1
0
0
1
1
1
0
3
0
0
1
32
0
1
1
0
0
1
1
0
1
0
1
1
0
1
1
1
1
0
0
1
0
0
0
1
0
7
.3..6.
.143..
5....4
..6.22
..5.1.
612.42
255116
24.11.
0
0
1
0
1
19
1
0
0
1
0
1
5
17
1
0
16
0
0
0
0
5
16
0
1
.3536.
.143..
5..5.4
6.6.22
.1541.
612.42
255116
24.11.
0
0
0
1
.3536.
.143..
5..5.4
6.6.22
.15411
612.42
255116
24.11.
0
1
0
1
1
0
0
1
0
0
0
0
1
5
0
0
5
0
0
1
0
0
1
0
7
0
0
5
9
0
1
0
0
0
0
1
0
0
0
0
0
0
3
0
0
1
0
0
1
0
9
0
0
8
0
0
0
1
0
0
0
6
3
0
9
1
1
0
0
0
7
1
