OK 1
1
1
0
1
1
1
1
1
183
..........
..........
..........
..........
..........
.........1
..........
..........
..........
..........
1.........
..........
.........2
..........
.........2
..........
...3......
1.....1...
..........
0
1
1
1
1
1
0
1
0
0
1
0
1
1
0
0
1
1
0
0
1
9
1
171
1
1
1
1
1
0
1
9
0
1
1
12
1
0
0
1
1
161
0
0
1
1
159
1
1
0
0
1
0
0
157
1
0
1
.1........
..........
........2.
..........
..........
.........1
2...1.....
12.1..1...
.....2...1
..1.......
131..22..2
1.2.....3.
.........2
3...1.1...
.2.2.....2
..........
.3.3......
1..1..1...
.2.......3
6
0
1
1
15
1
1
1
150
1
0
0
0
0
1
1
0
8
1
1
.1.......1
..........
........2.
..........
..........
......3..1
2...1....1
12.1..1...
.....2...1
.11.......
1312.22..2
122.....3.
.........2
3...121...
.2.2.....2
....3.....
.3.3......
1..12.1...
.2.......3
1
1
0
0
8
1
0
0
1
0
0
1
0
0
0
0
1
1
.1.......1
..........
........2.
..........
..........
......3..1
2...1....1
12.1..1...
.....2...1
.11.3...2.
1312222..2
122.....3.
.........2
3...121...
.2.2..2..2
....3.....
.3.3......
12.12.1...
.2.......3
1
1
0
1
0
.1.......1
..........
........2.
..........
......3...
......3..1
2...1....1
12.1..1...
.....2...1
.11.3...2.
1312222..2
122..3..3.
.........2
3...121...
.2.2..2..2
....3.....
.3.3......
12.12.1...
.2.......3
0
1
138
1
0
19
.1.......1
..........
...2....2.
..........
......3...
......3..1
2...1....1
12.1.31...
.....2...1
.11.3...2.
1312222..2
122..3..3.
.........2
3...121...
.2.2..2..2
....3.....
.3.3......
12.12.1...
.2.......3
0
1
0
1
1
0
0
0
1
1
0
1
0
1
1
1
0
1
1
1
0
1
1
0
0
0
1
1
0
0
0
125
0
1
0
1
123
1
0
1
1
0
1
0
0
0
28
1
0
0
0
1
1
0
1
0
1
1
0
0
0
1
1
.1.3...111
..........
2.32...12.
..........
..21..3..2
......3..1
2...1....1
12.1.31.3.
.....2...1
.1113...2.
1312222..2
122..3..3.
.........2
3..3121...
.2322.2..2
....3.....
.33323...3
12.1221...
.223..1..3
1
0
1
0
26
1
0
0
1
112
0
1
1
28
0
30
0
0
1
1
108
0
1
1
0
106
0
24
0
1
105
0
1
104
0
1
0
31
.1.3...111
......1...
2.32..312.
..........
..21..3..2
......3..1
2...1....1
12.1.31.3.
.....2...1
.1113...2.
1312222..2
122..3..31
3.2....1.2
3..3121...
.2322.2..2
...13.132.
133323...3
12.1221...
.223..1..3
0
1
0
0
1
0
0
1
1
1
1
0
98
0
0
0
0
0
0
0
33
1
0
1
1
0
0
0
1
0
0
0
0
1
0
0
0
1
1
0
0
28
1
0
1
0
1
0
0
1
0
0
1
0
1
0
1
1
0
30
0
0
0
1
0
0
0
36
11.3..1111
......1...
2.32..312.
.22.3...3.
..21..3..2
...3..3..1
2...11...1
12.1.31.3.
3....2...1
2111323.22
1312222..2
122..31.31
3.2...11.2
3..3121...
.2322.22.2
..313.132.
133323...3
12.12212.2
.223..1..3
1
0
0
0
84
0
0
1
0
83
0
1
1
0
0
1
0
1
1
0
79
0
0
0
1
0
78
0
1
0
1
1
0
0
0
1
1
0
11.3..1111
......1..3
2.32..312.
.22.3.3.3.
..21..32.2
..13..3..1
2.1.11...1
12.1.31.3.
3....22..1
2111323.22
13122223.2
122..31.31
3.2...11.2
3..3121.1.
.2322.22.2
..313.132.
133323.1.3
12.12212.2
1223..1..3
0
0
0
0
0
0
41
0
0
0
1
0
0
0
1
1
0
0
0
0
0
0
0
0
0
1
1
1
0
0
0
0
0
73
1
1
0
0
1
0
1
36
0
69
0
1
0
1
0
1
0
0
1
0
0
1
0
0
45
0
0
43
0
1
0
1
44
0
0
1
0
0
1
0
0
0
0
0
0
1
0
0
0
0
1
0
1
0
0
0
1
0
48
0
11.32.1111
..13..1..3
2.32..3123
.22.3.3.3.
2.21.13212
.113..3..1
2.1211.3.1
12.1.31.31
3....22..1
2111323.22
13122222.2
122..31231
3.2...11.2
3..3121.1.
32322122.2
..3133132.
133323.133
12.12212.2
1223..1.31
1
0
0
1
0
39
0
0
1
0
0
0
0
0
0
0
0
0
0
0
1
0
0
0
40
0
0
0
0
0
0
0
0
11.32.1111
..13..1..3
2.32.23123
.22.333.3.
2.21.13212
.113..3..1
221211.3.1
12.1.31331
3....22..1
2111323.22
13122222.2
122..31231
3.2...11.2
3..3121.1.
32322122.2
..3133132.
133323.133
12.12212.2
1223..1.31
0
0
0
1
41
0
53
0
1
42
52
1
0
0
0
0
1
0
0
51
0
0
0
51
1
1
0
1
0
0
48
0
0
0
0
0
1
0
0
0
0
0
0
0
43
0
47
0
0
0
0
0
0
0
0
0
0
0
0
0
0
0
0
0
0
0
0
0
47
0
0
0
0
0
47
0
0
1
0
0
51
0
1
0
0
0
51
0
0
0
0
0
43
0
0
0
0
0
0
43
0
0
0
11332.1111
2.13..1.23
2.32.23123
.22.333.3.
2.21.13212
.113..3..1
221211.3.1
1221.31331
3....22..1
2111323.22
13122222.2
122..31231
3.2...1112
33.3121.1.
32322122.2
..31331321
133323.133
12.12212.2
1223..1331
0
0
0
51
0
1
0
0
0
51
0
0
0
43
0
0
0
0
0
1
0
0
0
0
45
1
0
0
51
0
0
0
1
44
0
0
44
0
0
0
0
0
0
0
1
0
0
1
11332.1111
2.13..1.23
2.32.23123
.22.333.3.
2121.13212
.113..3..1
221211.3.1
1221.31331
3....22..1
2111323122
13122222.2
122..31231
3.2.2.1112
33.3121.1.
32322122.2
..31331321
133323.133
12.12212.2
1223..1331
0
0
0
0
0
1
0
52
0
0
0
0
0
0
0
0
52
11332.1111
2.13..1.23
2.32.23123
.22.333.3.
2121.13212
.113..3..1
221211.3.1
1221.31331
3....22..1
2111323122
13122222.2
122..31231
3.2.2.1112
33.3121.1.
32322122.2
..31331321
133323.133
12.12212.2
1223..1331
0
0
0
0
0
0
43
0
0
1
0
0
0
0
0
0
43
1
11332.1111
2.13..1.23
2.32.23123
.22.333.3.
2121.13212
.113..3..1
221211.3.1
1221.31331
3....22..1
2111323122
13122222.2
122..31231
3.2.2.1112
33.3121.1.
32322122.2
..31331321
133323.133
12.12212.2
1223..1331
0
0
0
0
0
0
0
0
43
0
0
43
0
0
0
0
0
52
0
52
