OK 1
1
1
0
1
1
1
1
1
1
0
0
1
1
2
1
1
1
6
1
3
1
0
1
1
1
4
0
1
4
33
0
0
4
0
0
......
...2.2
3.2.23
31....
.2...1
1...12
..3...
...2..
1
0
1
31
1
0
0
1
......
...2.2
3.2.23
31....
.23..1
113.12
..3...
...2..
0
0
......
...2.2
3.2.23
31....
.23..1
113.12
..3...
...2..
0
1
......
...2.2
332.23
31....
.23..1
113.12
..3...
...2..
1
1
1
1
0
1
0
0
1
0
7
1
0
0
0
0
1
25
0
1
1
0
0
0
1
0
1
0
0
0
1
1
1
0
0
0
20
0
0
0
1
0
0
0
0
0
0
1
0
0
...2..
...2.2
332223
31.112
.233.1
113.12
.223..
21.2.3
0
0
1
17
1
0
8
0
13
0
0
0
0
0
1
1
0
0
0
1
1
1
0
0
0
0
0
12
0
0
0
0
0
0
0
0
0
1
1
1
0
0
0
0
0
0
0
0
0
0
0
11
0
0
0
0
0
0
1
1
0
1
0
0
.312.2
..2232
332223
313112
.23311
113112
3223..
21.213
0
1
