OK 1
1
1
54
1
1
1
1
2
1
1
1
1
1
1
1
0
1
1
1
1
0
1
...3....
......2.
3...1...
322...1.
3...12..
..24....
.1..334.
0
39
1
1
0
0
0
1
8
1
0
1
0
35
0
0
1
0
1
0
1
33
.3.3..1.
.....42.
3...14..
322...1.
3...12..
..24.3..
.1.3334.
1
.3.3..1.
.....42.
3...14..
322...12
3...12..
..24.3..
.1.3334.
1
1
0
0
1
11
1
1
0
0
.3433.1.
.....42.
3...14..
3224.412
3...12..
..2433..
.1.3334.
0
0
0
0
0
1
0
.3433.1.
.....42.
3...14..
3224.412
3...12..
..2433..
.1.3334.
0
0
0
1
0
1
0
1
0
0
0
0
0
1
1
1
1
1
7
0
1
9
0
1
0
0
7
0
1
0
0
0
1
0
8
0
0
0
1
0
1
0
0
0
0
9
0
0
0
17
1
1
1
0
0
0
0
15
0
0
0
0
0
0
1
14
0
0
1
0
13
0
0
13
0
0
1
0
1
0
1
0
0
0
0
0
0
0
0
0
10
0
11
0
0
0
0
0
0
0
0
0
0
10
0
0
0
0
0
0
0
0
9
0
0
0
0
11
0
0
.343331.
.1..3421
3.32143.
32224412
3.441211
.42433.3
11.33342
0
0
.343331.
.1..3421
3.32143.
32224412
3.441211
.42433.3
11.33342
0
