OK 1
1
0
0
0
1
1
........
........
........
........
........
........
........
........
........
1.......
........
..3.....
........
........
........
1
1
0
1
1
1
2
0
0
1
1
1
1
1
1
0
0
1
1
1
1
0
1
1
102
1
0
2
1
1
1
1
1
0
2
1
1
1
1
1
92
1
0
1
0
1
0
1
1
1
1
1
0
1
1
1
0
0
1
1
0
1
6
......7.
15...4.3
..7...74
5.6.2...
........
..5..5..
...1.7.3
....4.7.
7361..45
12..4...
...43...
3.3..6..
.61..6..
...3..3.
.12..6..
0
1
0
0
0
1
4
1
0
1
1
1
1
1
0
1
......7.
15...4.3
..7...74
5.6227..
........
..55.5..
...1.7.3
4...4.7.
7361.345
12..4...
...43...
3.3..6..
.61..6..
.7.3..3.
112..6..
0
0
1
1
0
1
0
1
0
0
69
1
1
0
1
0
0
1
1
64
0
7
0
0
1
1
0
0
......7.
15...4.3
..7...74
5.622753
........
..55.5..
.5.1.7.3
4...4.7.
73611345
12..4.6.
.7.43..6
3.3..6..
.61.66..
1733..3.
112..6..
0
1
0
1
0
1
0
0
1
1
0
1
1
0
......7.
15...4.3
..7...74
5.622753
........
..55.5..
.5.1.7.3
4..74571
73611345
12..4.6.
.7.43..6
3.3..6..
.61.663.
1733.23.
112..6..
1
1
0
1
0
10
0
1
54
0
0
0
1
0
0
0
0
0
1
0
0
0
1
0
10
10
0
0
...4..7.
15...443
..7...74
5.622753
.......6
..55.5..
.5.1.7.3
4..74571
73611345
12..4.6.
.7.43..6
3.3.46.5
.61.663.
1733.23.
112..6..
0
0
0
0
0
0
1
0
0
0
52
1
0
1
0
0
0
1
0
0
1
0
0
1
0
10
0
1
1
0
0
0
0
1
1
0
0
1
12
1
...4..7.
15...443
..7...74
5.622753
74.....6
..55.5..
.5.1.7.3
41474571
73611445
125.4.6.
.3743..6
3.3746.5
.61.663.
1733.23.
112..6..
0
0
0
46
0
0
0
0
0
0
1
0
46
0
0
0
0
0
0
1
1
0
44
0
0
12
0
0
1
0
13
1
1
15
0
0
0
0
0
1
0
0
0
0
0
0
0
12
0
0
0
12
0
0
1
...4..7.
15...443
..72..74
5.622753
74.....6
.65545..
.5.1.753
41474571
73611445
125.4.6.
.3743..6
3.3746.5
.61.663.
1733423.
112..63.
0
0
1
39
1
0
13
0
1
0
0
0
0
1
0
0
1
0
1
36
0
0
0
5..4..7.
15...443
..72..74
5.622753
74.....6
.65545..
.5.14753
41474571
73611445
125.4.6.
.37433.6
3.3746.5
.61.663.
1733423.
112.763.
1
0
1
1
0
0
1
12
1
1
0
0
0
0
0
0
1
0
0
5..4..7.
15...443
..72..74
5.622753
74....66
2655452.
.5.14753
41474571
73611445
125.4.6.
.37433.5
3.3746.5
161.663.
17334236
112.763.
0
0
0
0
0
31
0
0
0
0
0
0
0
0
0
0
0
0
0
0
0
0
1
0
0
0
0
14
0
1
1
1
16
0
0
0
0
0
0
0
0
0
0
0
0
0
0
0
0
0
0
0
0
0
1
1
0
0
0
1
0
0
0
0
0
0
0
0
0
0
0
0
1
1
0
0
0
0
0
0
12
0
5..4..7.
15.55443
.472..74
5.622753
74....66
2655452.
.5.14753
41474571
73611445
125.436.
.3743375
3.3746.5
161.663.
17334236
116.7633
0
0
0
0
0
1
0
12
0
0
0
0
0
0
1
0
0
0
0
0
1
0
1
