OK 1
1
1
1
1
1
1
1
1
0
1
0
1
.2..2
.....
.....
.1...
.....
..3.2
1....
.22..
...3.
.....
0
41
1
1
39
0
1
1
0
1
1
0
1
1
0
34
0
0
0
0
0
1
1
0
.2.22
.....
.....
.1...
.....
3.3.2
1.1..
122..
21.32
..31.
1
0
1
.2.22
.....
.....
.1...
.....
3.312
1.12.
122..
21.32
..31.
4
0
1
0
0
1
0
1
1
0
0
1
0
0
1
25
0
0
0
0
0
1
0
.2322
..2..
.13..
.1...
.....
31312
1.12.
122..
21.32
2.31.
0
24
1
1
22
0
22
0
1
0
0
1
1
8
0
1
1
0
0
.2322
1.22.
.13..
.13..
...3.
31312
1.12.
122.1
21132
2.31.
0
0
1
0
0
0
0
0
1
0
1
0
1
0
1
0
8
0
0
1
0
.2322
1.22.
.133.
.13..
...3.
31312
1212.
122.1
21132
2.31.
0
1
0
1
0
0
1
13
0
0
0
0
0
9
0
0
0
1
1
0
0
0
0
1
0
0
0
16
0
0
0
1
0
10
1
0
0
17
0
0
0
0
0
1
0
0
1
0
0
0
15
0
7
0
0
1
0
0
0
0
