OK 1
1
1
1
1
1
1
1
1
1
2
1
1
1
1
0
1
1
1
1
1
1
1
1
0
1
1
1
1
1
1
1
1
1
...7....
.....7..
..6.11..
.8.3.81.
..32...2
.5.4....
..84.245
..8.3.54
77....56
1
1
5
1
1
0
41
0
0
0
1
0
1
0
1
1
1
0
1
5
1
1
0
0
35
0
1
1
0
34
0
0
34
...7..7.
.....7.3
..621111
.8.3781.
..32...2
.5.4..2.
5.84.245
..8.3.54
771.2356
1
6
0
1
0
0
0
0
0
1
0
0
0
...7..7.
.....7.3
..621111
.8.3781.
..328..2
.5.4..2.
5.84.245
..8.3.54
77132356
0
0
0
0
1
31
1
0
0
1
0
5
0
0
6
0
1
28
0
0
0
1
1
4
26
0
0
1
0
0
0
0
0
0
0
1
0
0
0
0
7
0
25
0
0
0
0
0
0
4
0
1
0
0
24
0
0
0
0
0
1
0
23
1
0
0
0
1
1
0
0
0
0
0
0
0
0
5
0
1
7
0
0
0
0
0
0
0
8
0
0
1
0
0
0
1
0
0
0
0
0
1
1
0
0
1
0
0
0
0
0
1
0
1
0
0
15
1
0
0
0
0
0
0
0
0
0
1
0
0
0
1
0
1
0
0
0
0
0
1
0
0
1
12
0
0
0
0
0
0
0
0
0
12
1
