OK 1
1
44
0
1
0
1
1
1
1
1
1
0
38
1
...3.
..5..
....2
.....
..51.
.....
.4...
.....
..1..
0
0
1
0
1
1
0
2
35
1
1
33
33
1
1
1
1
0
0
0
1
0
1
1
...3.
2.5.3
....2
.5...
.451.
.4...
.4...
.53.1
.412.
0
1
0
0
1
0
3
0
1
1
0
1
0
1
1
1
0
0
0
8
0
3
0
0
1
0
1
0
0
0
1
1
0
1
1
0
1
0
0
0
1
7
0
0
15
0
0
0
0
8
0
0
6
0
0
0
0
1
14
0
0
0
0
0
0
1
1
1
0
0
0
1
0
6
6
0
0
1
0
0
5
0
0
0
0
0
0
5
0
5
0
0
0
6
0
0
1
1
0
0
1
0
0
8
0
0
0
9
1
0
0
0
0
0
0
0
0
0
0
0
0
0
0
0
1
0
.553.
225.3
24522
.543.
44512
.4312
543..
55311
44121
