OK 1
1
1
1
1
1
1
0
1
1
1
1
1
0
0
1
0
1
1
0
1
0
0
1
0
1
0
155
1
0
1
0
1
1
1
4
1
0
1
1
1
1
1
1
1
0
147
....4.1..2.......4.
3.........1........
..2..1..1....3....2
..........4........
....2..............
.....4........1....
.....3.............
..2..4........1..1.
....34..3..1.......
0
1
0
1
1
0
144
1
0
1
0
0
1
1
1
1
138
1
1
1
1
0
1
1
11
1
0
1
0
1
9
0
1
0
1
1
0
1
0
126
1
1
0
1
1
122
0
0
11
122
0
1
0
0
121
0
0
1
12
0
0
0
1
1
1
0
0
14
1
1
115
0
0
0
1
1
0
1
1
0
0
0
112
1
1
0
13
0
0
0
0
0
1
0
1
108
.3..4211.2......34.
3.3....3..123......
4.2.41..1....3....2
.12.3213..42...2...
..1.2..43..3......2
1.12244.....1.1..1.
.....3..........32.
.32..41......31..1.
....344.31.1..4.4..
0
1
1
0
1
0
17
105
0
19
0
0
0
0
.3..4211.2......34.
3.34..13..123......
4.2.41..1....3....2
.12.3213..42...2...
..1.2..432.3......2
1.12244.....1.1..1.
.....3..........32.
.32..41......31..1.
....344.31.1..4.4..
0
0
.3..4211.2......34.
3.34..13..123......
4.2.41..1....3....2
.12.3213..42...2...
..1.2..432.3......2
1.12244.....1.1..1.
.....3..........32.
.32..41......31..1.
....344.31.1..4.4..
105
1
0
1
0
0
1
0
1
1
0
0
1
0
0
1
1
1
1
0
1
0
1
23
0
0
.3..4211.2......34.
3.34..13..123..1..3
4.2.412.11...3....2
.12.3213..42...2...
..1.2..432.3......2
1.12244.....1.1..1.
.....3.4........32.
.322.41......31..1.
..4.344.31.1.1414..
0
0
18
1
0
1
0
1
19
0
0
0
1
0
0
18
1
0
1
0
1
0
0
1
0
1
0
1
0
0
1
0
0
1
0
1
0
0
1
0
1
0
1
0
0
0
0
0
1
0
1
0
1
0
0
0
0
0
1
0
0
0
27
0
0
0
0
0
0
0
1
0
0
21
0
1
0
0
1
1
23
0
23
.3..4211.21..3..34.
3134..13..1232314.3
4.2.412.11...3....2
.12.32133.42.422..4
..1.2..432.3......2
1.12244..2.4131..1.
..1..31434......32.
.322.21......312.1.
..4.344.31.1.14144.
77
1
0
1
0
24
0
1
0
22
1
0
0
0
0
1
0
0
1
0
0
1
0
1
0
1
1
26
1
0
1
0
0
1
0
0
1
0
0
0
66
1
0
0
0
0
0
29
66
0
0
0
1
0
0
0
29
0
.3..4211.21..3..34.
3134..13.31232314.3
4.2.412.11...3..1.2
.12.32133.42.422..4
..1.2.3432.33.....2
1.12244..2.4131..1.
..1..31434...42.32.
2322.21......312.12
1.44344331.1314144.
0
0
28
1
0
0
1
1
64
0
0
1
0
0
0
0
1
0
0
0
0
25
1
0
1
0
0
0
0
1
0
59
0
0
29
1
.3..4211.21..3..34.
3134..13.31232314.3
412.412.11...3..1.2
.12.32133.42.422.44
211.2.3432.33.....2
1.12244..2.4131..1.
..1.331434...42.32.
2322.21.....4312.12
1.44344331.1314144.
0
59
0
0
59
0
0
0
0
59
0
1
0
0
0
0
.3..4211.21..3..34.
3134..13.31232314.3
412.412.11...3..1.2
.12.32133.42.422.44
211.2.3432.33.....2
1.12244..2.4131..1.
..1.331434...42.32.
2322.21....34312.12
1.44344331.1314144.
0
0
0
0
1
0
58
0
0
58
0
0
1
0
.3..4211.21..3..34.
3134..13.31232314.3
412.412.11...3..1.2
.12.32133.42.422.44
211.2.3432.33.....2
1.12244..2.4131..1.
..1.331434...42.32.
2322.21....34312.12
1.44344331.1314144.
1
0
0
0
1
0
0
1
1
0
56
0
1
1
0
0
1
0
0
0
1
0
0
0
0
0
0
0
.3..4211.21..3..34.
3134..13.31232314.3
412.412211.3.3..1.2
.12.32133242.422.44
211.2.3432133.3...2
1.12244..2.4131..1.
..1.331434...42.323
2322.21....34312.12
1.44344331.1314144.
0
1
0
0
0
0
0
0
0
0
0
0
0
0
.3..4211.21..3..34.
3134..13.31232314.3
412.412211.3.3..1.2
.12.32133242.422.44
211.2.3432133.3...2
1.12244..2.4131..1.
..1.331434...42.323
2322.21....34312.12
1.44344331.1314144.
0
0
52
0
0
1
0
0
1
34
1
0
0
33
1
0
48
1
0
1
0
47
0
0
0
0
47
1
0
0
0
0
0
0
.3..4211321..3..34.
3134..13.31232314.3
412.412211.313..142
.12.32133242.422.44
211.2.3432133.3...2
1.12244.12.4131..1.
..1.331434...42.323
2322.21....34312.12
1.4434433121314144.
0
1
0
0
46
0
0
46
0
0
0
0
0
1
0
0
0
0
1
0
35
0
0
0
1
0
1
0
0
42
0
1
0
0
0
0
35
1
0
0
1
36
0
0
0
0
1
0
0
0
0
0
0
0
1
0
0
1
0
0
0
36
0
36
0
0
1
0
0
36
0
0
1
35
0
.3..4211321..31.342
3134..1333123231443
412.412211.313..142
.12.32133242.422244
211.2.343213313...2
1.12244.1234131..1.
..1433143421.42.323
2322.21.2..34312.12
1.44344331213141442
0
0
35
0
0
35
0
0
0
0
0
.3..4211321..31.342
3134..1333123231443
412.412211.313..142
.12.32133242.422244
211.2.343213313...2
1.12244.1234131..1.
..1433143421.42.323
2322.21.2..34312.12
1.44344331213141442
0
0
0
1
0
34
0
