OK 1
1
1
68
1
1
1
1
1
1
1
1
1
1
1
1
1
1
1
1
1
1
0
0
1
0
1
1
1
1
0
1
1
1
1
0
1
1
7
1
1
1
1
0
0
1
0
0
0
1
11
1
1
0
0
0
35
0
0
35
0
0
0
0
0
7
0
1
1
1
0
1
0
0
0
0
1
9
0
0
8
0
0
0
1
0
29
.333.5142.
15..21.3..
1....4415.
..1345....
..22....31
1554..3354
1424.24.35
0
1
10
0
0
0
1
0
0
1
0
0
1
0
0
1
0
0
0
0
1
11
0
7
1
0
0
1
0
8
0
0
1
0
0
0
0
0
.333.5142.
155.21.3..
112..44153
..1345..3.
..22....31
15544.3354
1424.24.35
0
1
0
1
1
12
0
0
0
0
0
1
0
0
0
0
0
0
0
0
0
1
0
0
0
0
1
0
0
1
0
0
9
10
0
0
0
0
0
0
0
10
0
0
.333.51422
155.21.33.
112..44153
.21345.33.
..22....31
15544.3354
1424.24.35
0
0
0
.333.51422
155.21.33.
112..44153
.21345.33.
..22....31
15544.3354
1424.24.35
0
12
0
0
0
0
10
1
0
1
0
0
0
0
0
0
0
9
0
0
0
0
1
0
0
1
0
0
0
1
0
0
1
0
0
0
1
0
0
1
0
0
6
1
.333.51422
155.24.333
1123344153
.21345.33.
..22....31
15544.3354
1424.24.35
0
.333.51422
155.24.333
1123344153
.21345.33.
..22....31
15544.3354
1424.24.35
0
0
16
0
1
0
0
0
0
0
.333.51422
155.24.333
1123344153
.21345.33.
..22.3..31
15544.3354
1424.24.35
0
0
0
0
0
