OK 1
1
0
0
1
1
1
2
1
0
1
1
1
80
0
0
0
1
3
1
0
0
0
1
0
5
1
1
0
1
1
0
1
1
1
1
1
0
....33....2
...2..2....
..2........
...3.1.....
..3........
31...3.1...
...1.1..3..
.2.1..2....
0
69
0
1
0
0
1
1
1
66
1
0
65
1
1
63
0
0
0
0
1
1
0
1
0
1
1
0
58
1
1
1
0
1
1
1
1
1
0
0
1
1
1
1
0
0
0
0
1
1
0
1
1
0
0
0
1
0
44
1
1
0
0
0
1
0
0
0
1
0
1
0
1
1
0
0
0
1
0
1
17
0
0
1
0
0
1
0
18
0
0
1
34
0
0
1
0
0
0
0
0
1
1...33..1.2
2322.12321.
..21.32..21
1223.131..3
3232.1.2..2
313..3.12..
..31312331.
.231112..3.
1
0
1
0
0
0
0
1
0
0
1..133..1.2
2322.12321.
..21.323.21
1223.131..3
3232.1.2..2
313..3.12..
..31312331.
.231112.33.
0
1
0
0
0
0
1
27
0
0
0
0
0
0
0
0
21
0
0
0
0
1
0
0
1..133..1.2
2322.123211
..21.323121
1223.131..3
3232.1.2..2
3131.3.12..
..31312331.
.231112.33.
0
0
0
0
0
1
0
0
0
21
26
1
1
1..133..1.2
2322.123211
..21.323121
1223.131..3
3232.1.2.22
3131.3.12..
..31312331.
.231112.331
0
1
0
0
0
0
0
1
21
1..133..1.2
2322.123211
..21.323121
1223.131..3
3232.1.2.22
3131.3.122.
..31312331.
.2311121331
1
0
0
0
0
0
1
1
0
0
0
0
0
0
0
0
0
0
0
1
0
0
0
0
19
0
0
0
0
1
0
0
0
0
0
0
0
18
20
1
17
0
0
0
0
1
0
0
0
0
1
0
16
0
0
0
0
0
1
0
1
0
1
0
0
1
0
27
0
0
1
0
0
0
0
1
0
0
0
0
0
0
0
1
28
0
0
0
0
0
0
27
0
1
0
1
113133.11.2
2322.123211
.3212333121
12233131.13
323221.2.22
3131.331223
2131312331.
22311121331
0
0
0
0
113133.11.2
2322.123211
.3212333121
12233131.13
323221.2.22
3131.331223
2131312331.
22311121331
0
0
