OK 1
1
1
1
67
0
1
1
1
4
..........
..........
.....2....
...2.2...1
..........
..........
...2...1..
0
1
63
0
1
0
1
0
1
0
1
0
1
0
1
1
56
1
0
1
1
1
1
1
1
1
1
0
47
1
1
1
1
1
43
1
1
0
41
0
1
0
1
0
0
0
0
1
1
1
1
0
0
37
1
1
35
1
0
1
0
1
0
0
0
0
19
0
1
0
1
1
0
0
0
1
0
1
0
0
1
22
0
1
0
0
0
0
1221212.2.
11222...12
111222...1
1.221221.1
.21....12.
.122..2...
.1121.11.2
0
0
0
1
1
0
1
0
0
1
0
24
1
122121222.
11222...12
111222.2.1
11221221.1
.21....12.
11222.2...
.1121.11.2
0
0
0
0
0
0
26
0
0
0
0
20
0
0
0
0
20
1
0
0
0
0
0
19
0
0
0
1
122121222.
11222...12
111222.2.1
11221221.1
.21...212.
11222.2...
11121.11.2
0
0
18
0
0
0
1
1
0
0
16
0
1
0
0
0
1
0
0
0
29
0
0
0
0
0
0
0
0
0
0
0
0
0
0
0
0
0
29
14
0
0
0
0
0
0
0
0
0
1
0
0
0
0
0
1
0
0
0
0
0
0
0
0
0
0
0
0
0
12
0
0
0
0
0
0
0
0
0
0
0
0
0
0
0
0
1221212222
112222..12
11122212.1
1122122121
.21..1212.
11222.2...
11121.1122
0
0
31
0
12
0
0
0
12
1
11
0
0
0
0
1
