OK 1
1
1
1
1
1
2
1
1
1
0
1
1
1
1
1
1
1
0
0
1
1
115
0
1
1
1
0
0
1
1
0
1
1
1
1
1
2
1
1
1
0
0
0
1
1
1
0
1
1
0
0
1
4
1
1
0
1
5
0
1
1
1
1
1
1
1
1
0
0
0
1
1
6
1
0
1
1
1
0
0
1
1
1
1
1
1
0
0
1
0
0
1
..........
...1..77.7
.137....9.
....34.38.
.2..2....9
..2.2.5...
9..6..6...
..14.4..59
883..18...
.1..5.3..4
.4.9....62
...557..58
.942.3966.
1
0
1
1
1
0
1
1
0
1
1
0
1
1
1
1
0
1
0
0
0
1
8
0
0
0
1
0
1
0
1
1
63
1
0
1
0
1
0
0
1
1
0
7
1
0
1
58
0
0
1
0
0
0
0
1
0
1
0
0
1
0
1
0
53
0
0
53
0
1
0
10
0
1
1
0
0
0
9
1
0
0
..9.8.....
8..1..77.7
.137.99.9.
..2.343382
42..2..649
..212.518.
9..6.76...
.314.4.859
8838718...
.14.593..4
.4.95.7362
.9.5577458
.942.39669
1
1
0
49
0
0
0
0
1
0
0
0
0
0
1
0
0
0
0
0
0
1
0
8
0
0
1
0
0
1
1
0
0
44
0
0
..9.8..4..
8..1..77.7
.137.99.9.
..2.343382
42..2.1649
..2121518.
9..6576...
.31474.859
8838718...
.146593..4
.4.95.7362
.9.5577458
6942.39669
0
0
1
1
0
1
0
42
1
0
0
0
..9.8..4..
8..1..77.7
.137.99.9.
4.2.343382
42..2.1649
..2121518.
9..6576...
.31474.859
8838718.8.
.146593.54
.4.95.7362
.9.5577458
6942.39669
0
0
41
0
1
0
9
0
0
1
1
1
0
1
0
0
13
17
1
10
0
0
0
1
0
0
0
1
0
0
1
0
0
0
1
1
0
1
0
0
0
0
0
1
0
0
0
13
0
0
0
..9.8624..
81.1..77.7
.137.99.95
412.343382
42.8261649
..2121518.
9..6576...
.31474.859
883871878.
.146593.54
.4.95.7362
36.5577458
6942.39669
0
0
0
0
1
0
0
1
1
0
0
0
0
0
12
0
0
12
0
0
11
0
0
0
1
0
1
12
0
0
1
0
0
0
12
..9.86245.
81.1..7747
.137.99.95
412.343382
42.8261649
.32121518.
9..6576...
.31574.859
883871878.
7146593.54
.4.95.7362
36.5577458
6942.39669
1
0
0
27
0
0
0
0
0
0
0
0
1
0
0
0
13
0
0
0
1
0
1
26
0
0
12
0
0
0
0
0
0
0
0
0
0
0
26
0
0
0
1
0
0
0
0
0
0
12
..9.86245.
81.1..7747
.137.99.95
412.343382
42.8261649
.32121518.
9..6576...
.31574.859
883871878.
7146593.54
.499527362
36.5577458
6942.39669
0
0
0
0
0
26
12
1
0
0
0
0
0
0
0
1
11
12
0
1
0
0
0
0
0
0
13
0
0
0
0
10
0
10
1
0
0
0
0
0
0
0
0
24
0
0
10
0
0
0
12
0
0
13
24
0
0
0
11
0
0
0
0
0
0
1
0
1
1
0
24
0
0
0
0
..9.86245.
81.1.37747
.137.99.95
412.343342
42.8261649
.32121518.
96.6576...
.31574.859
883871878.
7146593.54
.499527362
36.5577458
7942.39669
0
0
0
0
24
0
0
0
0
0
0
0
0
0
0
