OK 1
0
1
0
1
1
0
1
0
..........
..........
.1........
3.......1.
..........
.....3....
1
1
0
1
1
........1.
..........
.1........
3....3.21.
..........
.3...3....
1
1
1
1
1
1
46
0
1
0
5
0
0
0
1
1
1
1
41
0
0
1
8
1
0
4
1
0
1
0
1
1
1
1
0
33
0
1
1
13
1
0
0
1
1
0
11
1
0
1
0
0
0
....22..1.
...3..2.1.
.1..131...
3212333213
11.3.31.11
13.223..11
0
0
26
0
0
0
0
0
0
0
0
1
1
0
....22..1.
...3..2.1.
31.1131...
3212333213
11.3.31.11
13.223..11
0
0
24
1
0
23
1
1
0
22
0
0
1
0
0
0
0
13
21
0
0
0
1
1
0
0
17
0
9
1
1
0
0
16
.3..22..1.
.333..2.1.
31.1131...
3212333213
12.3.31.11
1322231.11
0
0
0
0
19
0
.3..22..1.
.333..2.1.
31.1131...
3212333213
12.3.31.11
1322231.11
0
1
0
0
0
0
0
18
0
0
15
0
0
0
1
0
0
0
0
0
0
0
0
0
0
0
0
0
0
.3..22..1.
2333..2.1.
31.11312..
3212333213
12.3.31.11
1322231.11
1
0
15
0
0
16
.3..22..1.
23331.2.1.
31.11312..
3212333213
12.3.31.11
1322231.11
0
16
0
0
0
0
1
0
15
0
0
0
15
0
0
0
0
0
15
.31.22..1.
23331.2.1.
31.11312..
3212333213
12.3.31.11
1322231.11
0
18
0
1
231.22..1.
23331.2.1.
31.11312..
3212333213
12.3.31.11
1322231.11
0
0
14
1
0
0
1
0
0
1
0
0
1
0
0
0
231.22..12
2333112.1.
31.11312..
3212333213
12.3131.11
1322231.11
0
20
0
0
0
0
1
