OK 1
0
0
1
0
1
0
0
0
0
1
0
1
1
1
1
0
0
1
0
1
1
90
0
1
0
1
1
1
1
0
1
1
83
0
0
1
0
1
1
1
1
6
1
0
0
5
0
0
0
1
1
0
0
1
1
1
0
1
1
0
1
1
0
1
0
0
1
1
1
0
0
1
0
0
64
0
0
1
1
10
0
0
0
0
0
10
1
10
0
0
0
1
1
1
1
0
1
1
0
0
11
0
0
0
0
0
0
1
0
11
0
0
1
56
0
1
0
0
0
10
0
1
1
1
1
0
0
142.1.1...4...
4..2.3.132.4..
.23.311..2...2
2....12..2..3.
.3.2.3....3.14
..34144.44.4..
141.4.1.3.1..1
0
1
50
1
1
1
1
1
0
0
0
14231.1..44...
4..2.34132.4..
.23.3113.2...2
2..1.12..2..3.
.3.2.3....3.14
..34144.44.4..
141.4.123.1..1
0
11
0
0
0
1
0
1
1
1
0
0
1
0
1
0
1
0
0
0
0
0
0
1
0
1
0
1
1
18
0
14231.1.244...
4..2.34132.4..
123.3113.2..32
24.1412..2.43.
33.2.3....3.14
..34144.44.4.1
141.4.123.1..1
0
1
1
1
0
1
0
0
13
33
0
0
0
1
0
0
0
1
1
0
1
0
0
30
0
0
1
0
0
18
1
0
0
0
0
0
0
0
1
0
0
0
29
0
1
0
0
1
19
0
0
0
0
0
19
0
0
0
0
0
0
28
0
14231.1.244...
4..2.34132.4.2
12343113.21.32
24.1412..2.43.
3342231..33.14
.334144.44.4.1
141.4.123.1.31
0
0
28
1
0
0
1
0
0
1
14231.1.244...
4..2.34132.4.2
12343113.21.32
24.1412..2.43.
3342231..33.14
.334144.44.4.1
141.4.123.1.31
0
0
17
0
1
0
0
0
0
0
0
0
1
1
0
0
0
1
0
26
0
26
0
14
0
1
0
1
1
15
1
0
1
0
0
0
0
0
0
0
0
0
0
1
0
0
21
0
0
22
0
1
0
0
0
0
0
1
1
0
0
0
0
1
0
0
0
0
0
0
0
0
0
0
0
