OK 1
1
0
1
1
1
50
1
1
0
2
1
1
1
1
1
43
1
1
...1.2...
.1.......
.........
....2....
.11..12..
12.21....
1
0
0
0
...1.2...
.1.......
...1.....
....2....
.11..12..
12.21....
1
0
1
0
18
0
1
1
1
0
17
1
1
1
1
0
0
...1122.2
11.......
...1.....
.11.2....
.11..12..
12.21..2.
1
1
0
1
0
0
1
1
0
0
1
1
0
0
0
1..1122.2
11.......
..1122...
.11.2...1
.112.12..
12.211.2.
1
0
14
0
14
1
0
0
0
0
0
1
1
0
1
0
0
0
0
1
0
0
0
0
0
0
0
1
1
0
0
0
0
1
0
1
1
22
16
0
1
0
0
0
0
1
0
1
0
17
0
0
0
0
1
11.1122.2
11122....
.1112222.
211221.11
.112212..
12121112.
0
0
0
0
0
0
0
1
12
0
0
0
0
0
0
0
0
11
0
0
0
0
0
0
0
1
0
0
0
11.1122.2
111221...
.1112222.
211221.11
.112212..
121211122
0
11.1122.2
111221...
.1112222.
211221.11
.112212..
121211122
0
10
0
0
0
0
0
11.1122.2
111221...
.1112222.
211221.11
.112212..
121211122
0
0
0
0
0
1
1
0
0
0
0
1
0
0
0
18
0
0
8
0
0
0
0
8
0
0
0
1
0
0
1
