OK 1
1
1
0
1
1
1
1
1
1
1
1
1
59
1
1
1
8
0
1
1
55
1
1
1
1
1
1
1
1
0
1
1
0
1
1
0
1
......12..
..1.2...21
..11222.22
......1.1.
..1...11..
.122.21...
..2.1.2..2
0
13
0
0
0
0
43
1
0
13
1
1
0
......12..
..1.1...21
..11222.22
..1...1.1.
..1...11..
.122.21..1
..2.1.2..2
1
0
16
1
0
0
1
0
0
0
1
0
0
1
0
1
1
35
......12.1
..121...21
1.11222.22
..12..1.1.
..1...11..
2122.212.1
..2.1.2..2
0
1
0
1
0
0
0
0
1
32
0
0
0
0
1
1
30
1
0
1
0
1
0
0
28
0
1
1
0
1
26
26
0
0
1
0
0
0
1
0
0
0
1
23
0
0
0
1
1
0
23
0
0
24
0
....1.1211
2.1212..21
1.11222.22
2.12..1.1.
..111211.2
21222212.1
..211.2..2
1
23
1
22
0
0
0
0
0
0
1
0
1
0
1
0
0
0
1
..1.1.1211
2112122.21
1.11222.22
2.12.21.1.
..111211.2
21222212.1
2.211.2..2
0
0
0
0
1
1
0
0
0
0
0
0
0
0
0
0
1
0
0
..111.1211
2112122.21
1211222.22
2.12.21.1.
..111211.2
21222212.1
2.21122..2
0
0
0
0
1
0
0
0
0
0
15
15
0
26
0
0
0
0
0
1
0
0
..111.1211
2112122221
1211222.22
2.12.21.1.
..111211.2
21222212.1
2.211221.2
0
0
0
0
0
1
0
0
27
0
0
1
0
27
0
0
1
0
0
0
0
13
0
0
0
13
0
0
13
0
13
1
0
12
1
0
0
0
0
31
1
0
0
1
11
0
0
0
1
0
0
0
33
0
0
0
2.11121211
2112122221
1211222.22
2.12221.1.
..111211.2
21222212.1
2.21122122
0
1
0
33
1
0
9
0
0
0
1
