OK 1
1
1
2
82
1
0
1
1
1
1
0
1
0
1
1
1
0
1
0
1
1
1.....
......
.13..6
......
......
.1....
.....1
.4....
......
......
.5.54.
25....
......
3..2..
0
1
1
1
1
0
1.....
....3.
.13..6
......
......
.1....
.....1
.43...
......
......
.5.54.
25...2
......
3..2..
0
0
1
0
1
1
0
64
1
1
1
62
0
1
1
1
0
1
0
1
0
0
1
1.....
....32
.13..6
.....5
......
.1....
....11
.43.6.
....3.
.53...
.5.54.
25...2
.1....
3..2.5
1
6
0
1.....
....32
.13..6
.....5
......
.16...
....11
.43.6.
....3.
.53...
.5.54.
25...2
.1....
3..2.5
0
0
2
1.....
....32
.13..6
.....5
......
.16...
....11
.43.6.
....3.
.53...
.5.54.
25...2
.1....
3..2.5
1
0
0
1
0
0
0
1
1
3
0
54
0
1
0
53
1
0
1
1
1
0
0
1
1
0
0
0
0
1
0
0
0
0
0
1.....
...332
.13.56
.....5
......
.1622.
....11
.43.6.
.4.53.
.53.3.
.5.54.
25.6.2
.1.3..
3..2.5
1
0
7
0
0
1
0
1
1
1
0
0
0
10
1
0
0
1
1
0
40
1
0
1
1
0
0
0
1
37
0
0
1
1
0
0
1
0
4
36
1...6.
...332
.13656
.5...5
......
.16222
..2.11
.43.6.
.4.533
453.3.
.5.546
25.6.2
11.35.
33.215
0
0
0
0
1
0
35
1
0
12
34
0
0
10
0
0
0
1
0
0
0
1
11
0
0
0
0
0
32
0
1
0
0
0
0
0
0
0
1
0
0
0
7
1
0
1
0
0
0
0
0
0
0
0
0
0
0
1
6
0
0
0
7
0
0
0
10
0
1
0
0
0
1
0
0
0
14
9
0
0
0
0
0
0
0
0
0
0
1
1...6.
43.332
.13656
.5.4.5
...41.
.16222
..2.11
.4336.
.4.533
45323.
.5.546
2516.2
11135.
333215
0
0
1
0
0
1
0
0
0
0
0
0
0
0
1
1...6.
43.332
613656
.5.4.5
...41.
.16222
..2.11
.4336.
.4.533
453231
.5.546
2516.2
11135.
333215
0
0
7
0
0
6
0
0
0
0
1
0
0
8
0
0
0
0
0
0
0
8
0
0
0
0
0
0
0
1...6.
43.332
613656
.5.4.5
..441.
.16222
..2.11
.4336.
.4.533
453231
.5.546
2516.2
11135.
333215
0
0
0
0
0
1...6.
43.332
613656
.5.4.5
..441.
.16222
..2.11
.4336.
.4.533
453231
.5.546
2516.2
11135.
333215
0
0
0
0
8
0
0
0
