OK 1
1
1
0
1
1
0
0
1
.........
.........
..3......
.........
......2..
....1....
....2....
1
58
1
0
0
1
1
1
...1.....
.......2.
..3......
...1.....
......2..
....1....
....2.2..
1
5
54
1
...1.....
.......2.
..3......
2..1.....
......2..
....1....
....2.2..
1
2
0
1
0
1
0
3
51
0
1
1
0
0
0
1
0
48
1
47
1
1
1
0
0
0
...1.....
3...3..2.
..3..3...
2..1.1...
3.13..22.
....1.2.3
....2.2..
0
1
1
1
0
1
8
40
0
1
0
1
0
1
0
38
38
0
0
1
1
0
1
1
1
0
0
0
0
1
0
0
1
0
0
1
0
30
0
0
0
...11.2..
3.3.3332.
.33213...
2..1.1.1.
3213..22.
....112.3
3.1.2.22.
0
1
0
0
1
1
0
0
0
1
1
26
1
0
0
26
0
0
1
14
0
0
1
0
0
0
1
0
0
1
0
0
...1132..
3.3.3332.
.33213...
2231.121.
3213.222.
.2..112.3
3.1.2122.
0
0
0
1
0
0
...1132..
3.3.3332.
.33213.1.
2231.121.
3213.222.
.2..112.3
3.1.2122.
0
...1132..
3.3.3332.
.33213.1.
2231.121.
3213.222.
.2..112.3
3.1.2122.
0
0
0
0
0
1
0
1
0
0
0
1
0
0
0
1
0
0
0
0
0
0
2..1132..
3.3.3332.
.33213.1.
2231.121.
3213.222.
.2..112.3
311.2122.
0
0
0
1
0
20
0
0
1
14
1
1
0
0
1
0
0
0
0
0
0
0
0
1
1
0
0
1
0
15
0
0
0
0
0
1
0
0
0
15
0
0
0
0
0
0
0
0
1
0
0
14
1
0
14
0
16
0
0
0
0
0
0
0
0
0
0
0
