OK 1
1
1
1
1
1
1
1
1
1
0
0
1
0
1
1
1
1
1
1
1
6
1
1
1
1
1
1
79
1
1
1
1
0
1
1
0
74
1
0
1
1
11
71
1
1
1
1
1
1
0
......2...
13....2..3
....1.12..
.1..1.3...
..1..3....
.....2.111
...3.2...2
1.3.2..1..
2...1.2.3.
23.22.21..
1
14
65
0
0
1
1
1
1
0
0
0
1
0
60
1
1
11
1
1
0
1
1
1
18
1
0
0
0
1
1
50
1
0
49
1
1
0
1
46
0
1
0
1
26
0
1
0
0
0
0
0
0
0
20
0
1
1
0
0
1
0
1
131...22.2
13213.2..3
.2..1.122.
21..1.31.1
.21..32.23
..1.223111
...3.223.2
11312.31..
2...1.2.3.
23.22221..
0
1
0
1
1
0
0
1
0
1
0
0
0
0
1
0
0
18
1
0
0
0
0
0
1
23
1
28
1
1
0
131...22.2
13213.2.23
.2..13122.
211.1.31.1
.21.332323
..1.223111
22.3.223.2
11312.31..
2...1.2131
23.22221.1
0
0
0
0
0
0
0
0
0
0
0
0
0
0
0
0
0
0
0
0
1
0
0
0
0
0
1
1
0
131...22.2
13213.2.23
.2..13122.
211.1.31.1
.21.332223
..1.223111
22.3.223.2
11312.31..
2..31.2131
23.22221.1
0
0
29
0
0
0
25
0
0
15
1
0
29
0
0
0
1
0
0
0
0
29
0
0
0
1
0
0
0
0
1
0
0
0
1
1
131...22.2
13213.2.23
.2..13122.
211.1.31.1
.213332223
..1.223111
22.3.223.2
11312.311.
21.31.2131
23.22221.1
0
1
0
0
0
0
0
0
0
0
1
0
0
1
0
24
0
18
1
0
0
0
0
18
1
0
28
23
0
0
1
0
1
131...22.2
13213.2.23
.2..131221
211.1.31.1
2213332223
..12223111
22.3.223.2
11312.311.
21.31.2131
2312222131
0
0
0
0
131...22.2
13213.2.23
.2..131221
211.1.31.1
2213332223
..12223111
22.3.223.2
11312.311.
21.31.2131
2312222131
0
0
0
0
1
0
0
0
0
0
131...22.2
13213.2.23
.2..131221
211.1.31.1
2213332223
..12223111
22.3.223.2
11312.311.
21.31.2131
2312222131
0
0
0
0
0
21
0
0
0
0
0
0
0
0
0
1
1
131...22.2
13213.2.23
.2..131221
211.1131.1
2213332223
..12223111
22.3.223.2
11312.311.
21.31.2131
2312222131
0
0
0
0
0
1
0
0
0
0
0
0
0
0
0
0
0
0
0
0
32
19
0
0
0
7
1
0
0
0
0
0
0
19
0
0
0
1
0
0
0
1
0
0
0
0
0
0
0
0
0
0
1311..22.2
13213.2.23
.22.131221
211.1131.1
2213332223
..12223111
2223.223.2
11312.311.
21.31.2131
2312222131
0
0
0
0
1311..22.2
13213.2.23
.22.131221
211.1131.1
2213332223
..12223111
2223.223.2
11312.311.
21.31.2131
2312222131
0
0
0
7
0
0
0
0
33
0
0
0
0
1
0
0
0
0
0
34
