OK 1
0
1
1
48
0
1
0
1
1
1
44
0
1
43
1
1
6
..2..
..1..
.....
...2.
.2.2.
.....
.....
.2.1.
.2...
....1
0
1
1
5
0
1
1
6
0
0
0
1
0
0
0
0
1
0
0
6
1
1
0
0
1
1
..2..
..1..
.....
2..2.
.2.2.
.....
.....
.2111
.1.21
1..11
1
0
1
1
1
0
0
9
30
1
0
10
1
0
0
12
0
1
11
0
0
0
27
0
1
..2.1
..111
.....
2..2.
.2.22
.2.2.
2....
.2111
.1.21
11.11
0
0
0
26
0
0
26
0
0
13
1
0
12
0
1
0
1
23
1
0
1
0
0
14
22
..2.1
..111
.....
22.2.
.2.22
12.2.
2...1
.2111
.2.21
11211
0
0
0
1
0
0
0
21
0
15
0
0
1
0
0
0
0
1
0
0
1
0
1
0
0
17
0
0
0
0
0
0
0
17
0
..221
..111
..1..
22.2.
.2.22
12.21
2..21
.2111
.2221
11211
0
0
1
17
0
0
0
0
0
1
0
1
0
0
0
0
0
0
1
20
0
1
0
0
0
0
0
0
1
11
0
0
0
1
0
21
0
0
0
21
10
0
0
0
0
0
0
0
0
0
0
0
0
0
