OK 1
1
1
1
1
1
1
95
1
3
1
1
1
1
4
1
0
1
0
0
2
1
89
1
0
1
87
1
1
1
1
1
1
1
0
5
1
1
1
1
1
0
1
6
1
1
72
0
1
1
1
16
0
1
0
0
1
0
1
66
1
0
1
1
1
1
1
1
1
1
0
0
0
19
1
13
1
1
13
1
1
0
0
1
53
0
1
1
1
15
0
15
1
0
1
1
0
22
49
1
1
1
0
1
0
0
1
0
0
23
0
0
0
44
0
0
1
0
1
0
1
0
0
0
0
1
18
0
1
0
1
24
0
1
39
0
39
0
1
0
0
0
1
0
1
1
1
1
0
1
1
32
3.3.2.1231
2..1...213
.1.3.23213
3233..2311
23.1..1.21
...31.312.
1..1.13323
21.111.221
.1.11..123
32322.2121
0
0
0
0
0
0
0
0
1
0
0
0
0
1
1
0
0
1
1
0
0
0
1
1
0
27
0
0
1
23
0
1
25
0
0
0
25
0
1
0
0
0
0
0
0
3.332.1231
2..1...213
31.3.23213
3233..2313
23.1211.21
...31.312.
1..1313323
2121112221
.1.111.123
32322.2121
0
1
0
1
0
0
0
0
0
0
1
0
0
0
0
0
23
0
0
0
23
0
0
29
0
0
0
0
0
0
0
0
0
0
0
0
0
0
0
0
0
0
23
0
23
1
22
0
0
0
0
0
0
0
1
26
0
0
1
0
0
0
29
0
0
24
0
0
0
0
0
0
0
1
1
0
0
18
0
18
0
1
0
18
0
0
0
25
18
0
1
0
0
0
0
0
1
0
0
31
0
0
0
0
0
0
28
0
0
16
0
0
0
0
0
1
0
0
0
0
0
0
0
0
0
1
0
0
0
0
0
0
0
0
0
0
0
0
0
3333231231
2121..1213
31.3.23213
32333.2313
23.1211121
.3.31.3123
1..1313322
2121112221
.1.111.123
3232222121
0
0
