OK 1
0
1
1
1
0
1
1
1
66
1
1
64
1
1
1
0
1
1
1
0
0
0
1
1
6
0
0
1
1
0
0
1
0
1
1
6
54
1
0
.1..2....4..
....22.....2
.3.21.1.....
.221...4....
....44.1....
.1.........2
1
0
0
1
0
0
0
0
0
0
1
0
0
1
1
0
1
1
46
1
0
1
8
0
1
10
0
3
0
1
0
1
1
0
1
0
1
1
0
1
0
0
1
0
0
.1.22....4..
...422.4...2
23.21.1.....
322141.434..
.4..44211..1
21..31.1...2
0
1
0
0
0
1
12
34
0
1
0
0
0
0
0
1
0
0
0
1
1
10
0
0
0
1
1
0
1
0
0
13
1
0
0
0
0
0
1
1
25
0
1
1
.1.223.1.4..
4.142234...2
23.2131..2.3
32214114342.
.4..442114.1
21.43141...2
0
0
13
0
0
14
0
0
1
0
1
0
0
1
0
0
0
0
0
1
0
0
1
16
0
1
0
0
0
.1.22221.4..
4.1422341..2
23.2131..2.3
32214114342.
.4..442114.1
21.43141.1.2
0
1
0
0
1
0
0
0
1
0
0
8
0
0
0
0
0
17
0
17
0
.1.22221.4..
4.1422341..2
23.2131..223
32214114342.
14..442114.1
21343141.1.2
0
0
17
0
1
0
0
0
.1.22221.4..
4.1422341..2
23.2131.1223
32214114342.
14..442114.1
21343141.1.2
0
1
14
0
1
1
14
0
0
0
18
0
0
0
14
0
0
1
0
0
0
0
0
13
0
0
0
0
0
0
1
0
0
0
1
21.2222144..
4.1422341..2
23.2131.1223
32214114342.
14.244211431
21143141.1.2
0
19
0
0
0
0
14
21.2222144..
4.1422341..2
23.2131.1223
32214114342.
14.244211431
21143141.1.2
0
0
0
19
0
12
0
0
19
12
0
1
1
0
0
0
0
0
0
0
11
