OK 1
1
.................
.................
.................
..1..............
.................
.................
.................
.................
.................
0
1
1
1
1
1
1
0
0
1
2
0
1
1
144
1
4
1
0
1
1
0
0
1
....4...2...3....
...4.1...........
.................
..3...2..........
.................
...3.............
..12.1...........
.............2.4.
.................
0
1
4
0
1
1
1
1
135
1
0
1
....44.42...3....
1.34.1...........
.................
..3...2..........
.................
...3.............
..12.1...3.......
....2......1.2.4.
.................
0
0
0
0
1
0
0
0
1
0
0
1
1
6
....44.42...3....
1.34.1.......2...
..2..............
..3...2..........
.................
...3........3....
..12.1...3.......
....2......1.2.4.
...........4.....
1
7
1
6
127
0
0
1
1
1
1
1
0
0
0
0
1
0
1
1
0
1
0
0
1
1
1
1
0
115
0
1
1
1
113
0
1
0
1
1
11
1
1
0
12
108
1
1
13
1
1
1
0
105
0
1
0
1
1
0
1
0
0
0
15
1
0
0
1
0
99
1
12
0
1
1
1
0
0
0
0
0
0
1
0
0
94
1
1
0
1
0
0
1
0
112.44.42..23.1.3
133421.244.432...
..2.....1......3.
.43.3221.4.....1.
...........121...
4..3..42...434..4
..12.11..33....2.
21..2.3....1.2.41
..1...1....4.....
1
0
1
1
0
0
0
0
1
86
0
0
0
1
1
1
0
0
1
0
1
112.44.22..23.1.3
133421.244.432...
..2..3..11.....3.
.43.3221.4.....1.
...........121...
4..3.442.2.434..4
..12.11..33....23
213.2.3....1.2341
..1.2.1....4.....
0
0
0
0
1
17
1
1
1
0
1
0
77
1
0
0
0
0
1
19
0
1
0
1
0
0
0
1
1
112.44.22..23.1.3
133421.244.432..1
..24.3..111....3.
.43.3221.4.....1.
4.....1....1211..
4..3.442.2.434..4
..12.11.233....23
21332.3....1.2341
..1.2.1....43..3.
0
1
0
0
20
1
0
0
112344.22..23.1.3
133421.244.432..1
..24.3..111....3.
.4313221.4.....1.
4.....1....1211..
4..3.442.2.434..4
..12.11.233....23
21332.3....1.2341
..1.2.1....43..3.
0
0
0
70
1
1
0
1
1
0
1
19
0
1
1
1
0
1
1
0
19
62
1
1
0
0
0
0
0
0
0
0
1
0
59
0
1
0
1
0
19
0
0
0
0
0
1
0
0
0
0
0
112344.22..23.1.3
1334212244.432..1
..24.3..111....33
.431322114.....1.
4.2...1....1211..
4..3.442.2.434..4
4.12.11.233..2.23
21332.3.3..1.2341
1.112.1321.43.333
0
0
0
1
0
0
0
0
1
1
0
0
0
0
1
0
0
1
0
0
0
1
0
0
1
0
0
1
22
0
1
1
0
0
0
0
0
47
0
0
1
0
0
46
0
0
0
1
1
31
44
0
27
0
0
0
0
0
0
0
0
0
44
112344.224.23.1.3
1334212244.432..1
..24432.111....33
.431322114.....12
442.1.1....1211.2
4..31442.2.434..4
4.12411.233.12.23
2133233.3..1.2341
1.11231321.43.333
0
0
0
0
0
44
1
0
1
0
0
0
0
0
0
0
0
1
0
0
0
0
0
42
112344.224423.123
1334212244.432..1
..24432.111....33
.431322114.....12
442.1.1....1211.2
4..31442.2.434..4
4.12411.233.12.23
2133233.3..1.2341
1.11231321.43.333
0
0
0
0
0
0
0
0
1
41
0
0
41
0
1
0
0
0
23
0
0
0
1
1
0
1
0
32
29
0
0
0
0
112344.224423.123
1334212244.432..1
..21432.111...333
.4313221142....12
442.1.14...1211.2
4..3144232.434..4
4.12411.233.12.23
2133233.3..1.2341
1.11231321.43.333
1
1
36
0
0
0
1
0
0
0
0
1
0
0
0
1
0
1
0
33
0
0
0
0
0
0
0
0
0
0
33
0
0
112344.224423.123
1334212244.4323.1
..21432.111...333
.4313221142....12
442.1.14...1211.2
4..3144232.434..4
4.124114233.12.23
2133233.31.122341
1.11231321.431333
0
1
32
0
0
0
0
0
0
0
0
0
34
0
0
0
0
0
0
0
0
0
1
0
0
112344.224423.123
1334212244.4323.1
..21432.111...333
.4313221142....12
442.1.14..4121132
4..3144232.434..4
4.124114233.12.23
2133233.31.122341
1.11231321.431333
0
31
0
0
112344.224423.123
1334212244.4323.1
..21432.111...333
.4313221142....12
442.1.14..4121132
4..3144232.434..4
4.124114233.12.23
2133233.31.122341
1.11231321.431333
0
0
0
1
1
0
0
0
0
112344.224423.123
1334212244.4323.1
..21432.111...333
.4313221142.4.312
442.1.14..4121132
4..3144232.434..4
4.124114233.12.23
2133233.31.122341
1.11231321.431333
0
0
0
0
0
0
0
1
0
0
34
0
1
27
0
0
0
1
0
0
0
26
0
0
0
0
0
0
1
0
0
33
0
0
0
34
0
0
0
0
0
25
0
34
0
0
0
0
0
1
24
0
112344.2244234123
133421224444323.1
..21432.111...333
.431322114224.312
442.1.14..4121132
4..3144232.434..4
4.124114233.12.23
2133233.31.122341
12112313212431333
0
0
0
0
33
0
0
0
0
0
0
34
0
0
0
0
0
1
23
0
0
23
0
0
