OK 1
1
1
1
1
1
1
1
1
1
1
81
1
1
1
1
1
1
0
1
0
1
1
1
1
1
0
1
1
1
1
0
0
0
1
1
0
0
1
1
1
1
0
0
1
60
1
1
1
0
1
1
0
1
0
1
1
0
0
1
10
1
0
7
1
0
0
7
0
0
1
1
0
1
0
.3...4...1
2344.43.55
.1...24...
.2...4....
1.3.4.3.2.
1.3.511.5.
..4..42...
31..1....2
5115..5.4.
1
1
11
0
1
0
0
1
1
1
0
0
0
0
0
1
1
1
1
9
0
0
0
0
0
41
1
0
0
0
1
0
0
0
0
1
13
0
0
0
1
1
1
0
1
.35..4..51
2344243.55
31...24.1.
.2...424..
153.413.2.
1.3.511155
..4..42...
311.12...2
5115..5.4.
0
1
0
0
0
0
0
1
0
0
1
1
0
1
0
15
0
0
0
1
0
0
0
0
0
0
1
0
15
0
0
0
0
0
0
0
1
0
0
0
0
30
1
1
0
11
0
0
0
0
0
0
0
1
0
0
0
.35..4..51
2344243355
31.4.24.1.
.2...4243.
1534413.2.
1.3.511155
..4..422..
311112.2.2
5115.35.41
1
0
0
0
0
0
0
0
0
1
0
0
0
0
0
0
0
1
13
0
0
0
1
0
0
0
0
0
0
0
0
0
0
0
0
0
12
1
0
0
.35..4..51
2344243355
31.4.24.1.
.2..54243.
1534413.2.
1.3.511155
.14.5422..
311112.2.2
5115335.41
0
0
0
1
0
0
0
1
11
.35..4..51
2344243355
31.4.24.1.
.2..54243.
1534413.2.
1.3.511155
.14.5422.5
311112.2.2
5115335141
0
0
0
1
.35..4..51
2344243355
31.4.24.1.
.2..54243.
1534413.2.
1.33511155
.14.5422.5
311112.2.2
5115335141
0
0
0
0
0
0
0
13
0
0
0
0
0
0
0
0
.35..4..51
2344243355
31.4.24.1.
.2..54243.
1534413.2.
1.33511155
.14.5422.5
311112.2.2
5115335141
0
0
.35..4..51
2344243355
31.4.24.1.
.2..54243.
1534413.2.
1.33511155
.14.5422.5
311112.2.2
5115335141
1
0
0
0
13
0
0
0
0
0
0
0
0
0
13
0
1
0
0
0
11
0
0
0
.351.4..51
2344243355
31.4.24.1.
.2..54243.
1534413.25
1.33511155
.14.5422.5
311112.2.2
5115335141
0
0
0
0
0
0
0
9
0
0
1
0
0
0
15
