OK 1
1
1
1
1
1
0
1
1
91
0
0
0
0
1
0
1
1
0
1
88
1
1
86
0
86
...44..
......1
.......
......3
.......
.......
.......
...1...
.......
..5....
..4....
..2...1
1......
3....5.
0
1
1
1
1
1
1
1
0
1
0
0
1
0
1
1
0
1
0
1
3
5..44..
....6.1
.......
......3
.2..4..
.......
4.....6
.5.1...
.......
..5....
.14....
..21..1
14..2..
6....5.
1
1
0
0
1
0
1
1
1
5..44..
5...6.1
.......
......3
.21.4..
.......
4.....6
.5.1...
.......
2.5....
.14....
..21..1
14..2..
65..45.
0
0
1
0
0
1
1
0
0
0
5..44..
5...6.1
...1...
......3
.21.4..
.......
4.....6
.5.1...
.......
2.5....
.143...
..21..1
14..2..
65..45.
0
0
1
0
1
1
0
1
1
1
8
62
0
1
0
1
0
1
0
1
58
0
1
0
1
0
1
55
5..44..
5...6.1
...1..6
...5.53
.21.4..
.......
4...326
15114..
.......
2.5.3..
3143...
..21..1
14.52..
651.454
1
54
1
1
1
0
1
0
0
0
1
0
0
0
0
1
1
1
5
51.44..
5...641
...1..6
...5.53
621.4..
2......
4...326
15114..
...4.54
2.5.3..
3143...
..21.51
14.52..
651.454
0
1
0
0
1
1
1
1
1
51.44..
52..641
...1..6
...5553
621.4.1
2......
4...326
15114.6
...4.54
2.5.3..
31435..
..21.51
14.52..
651.454
0
7
1
1
0
1
0
0
13
0
0
0
0
0
0
0
13
51.44..
525.641
...1..6
...5553
621.4.1
2......
4...326
1511446
...4.54
2.5.3..
31435..
..21.51
14352..
651.454
0
39
0
1
38
0
1
0
0
0
0
0
1
36
0
1
0
36
0
0
0
1
0
1
0
0
0
0
0
0
0
0
1
51244..
525.641
.2.1..6
...5553
621.411
23.....
4...326
1511446
...4.54
2.5.3..
31435.4
..21.51
14352..
651.454
0
0
0
1
0
1
1
0
0
0
0
0
0
9
0
0
0
0
0
0
0
51244..
525.641
52.1..6
...5553
621.411
23.....
4..3326
1511444
...4.54
2.5.3..
31435.4
..21.51
14352..
651.454
0
1
0
0
0
0
0
31
0
1
16
0
1
0
1
0
0
51244..
525.641
52.1..6
...5553
621.411
23.4...
4..3326
1511444
6..4.54
2.5.3..
31435.4
..21551
143521.
651.454
0
0
0
1
0
0
0
1
1
1
0
1
0
0
0
1
0
0
0
0
0
0
1
0
0
0
0
18
0
0
0
0
0
1
1
0
0
0
0
0
17
0
0
0
1
0
1
0
1
0
0
0
0
0
0
0
0
0
18
20
0
0
1
1
1
0
12
1
0
0
0
0
1
0
0
0
0
0
0
0
0
0
0
0
0
0
1
0
0
15
0
0
1
0
0
12
0
0
0
0
1
0
0
0
0
0
0
17
0
0
19
14
0
0
0
0
0
0
0
1
0
0
13
0
1
9
0
0
0
0
0
0
