OK 1
1
53
0
0
1
1
51
1
1
49
1
1
0
1
1
0
1
1
1
4
1
1
1
0
1
1...34
5....3
......
..4...
5...5.
....53
......
.12..4
..4...
0
0
1
4
1
0
1
1
37
1
1
0
1
0
1
0
1
1
0
1
1...34
5..4.3
...1.3
5.4..2
54..5.
.3..53
...2..
.12..4
.54...
0
1
1
0
0
0
6
0
1
0
0
0
1
1
0
1
0
0
0
0
1
0
1
1
0
1...34
55.4.3
.3.1.3
5.4352
544.5.
53.453
1..2..
.12..4
.54.4.
1...34
55.4.3
.3.1.3
5.4352
544.5.
53.453
1..2..
.12..4
.54.4.
0
0
0
1
0
4
1
21
1
0
0
1
0
0
0
0
1
1
1
0
0
0
1
0
0
1
12
0
1
0
0
1
0
1...34
5514.3
33.1.3
5.4355
544.5.
53.453
14.2.5
.12.44
454.42
0
0
1
0
1
0
0
1
0
0
0
0
0
0
0
0
0
5
0
1
0
0
0
0
0
0
0
1
0
0
11
0
0
0
0
0
0
12
0
11
1
0
0
0
0
0
0
0
0
0
0
0
0
0
0
0
0
0
0
0
0
0
0
0
1
0
0
0
0
0
0
0
1
1
