OK 1
1
1
1
1
1
0
0
.....2
......
......
......
..1...
......
.21...
......
...3..
1
1
0
1
1
1
0
1
1
....22
..1...
.2....
......
..1.5.
.4....
.21...
......
...3.5
0
1
1
1
1
39
1
0
38
1
1
1
3
1
0
36
0
4
0
6
36
1
1
1
4
1
0
0
1
1
0
.2..22
..1..5
.2....
.2...4
.1135.
14..34
.213.2
......
..43.5
0
0
1
1
1
0
0
0
1
1
0
1
0
1
25
0
0
0
0
1
1
1
1
6
0
1
20
1
1
0
0
1
1
0
0
0
1
1
0
1
.22322
241125
52...4
42...4
.11351
14.234
.213.2
.51.3.
.14315
0
1
1
1
0
0
1
0
0
0
0
0
0
1
1
0
0
0
1
0
0
1
8
0
1
10
0
0
1
1
0
0
0
0
0
1
0
0
0
6
0
0
0
1
0
0
10
0
0
0
4
0
0
0
0
0
0
1
1
0
0
1
0
0
0
0
0
14
0
13
3
0
0
0
0
0
0
0
0
0
0
0
0
0
3
0
0
0
0
3
0
0
3
0
0
10
0
0
14
0
1
0
