OK 1
0
1
........
.1......
........
........
........
........
........
........
........
1
1
1
68
0
1
67
1
1
3
1
1
0
1
1
1
1
4
.....1..
.1.3....
..4.....
......2.
...4....
.1...1..
...22...
......4.
3.......
1
1
1
1
1
55
4
1
1
53
0
53
1
1
1
1
1
0
0
1
.....1..
.1.33...
..4.....
.2...42.
23.4.1..
.1...12.
..4223.1
......4.
312...3.
47
1
0
0
46
.....1..
41.33...
..4.....
.2...42.
23.4.1..
.1...12.
..4223.1
......4.
312...3.
1
0
1
1
8
43
0
0
1
1
42
1
1
1
0
1
10
39
.....1..
41233...
..4.....
.2...42.
23.4212.
.1...12.
..4223.1
.4.4..4.
3124.33.
1
0
0
1
1
1
12
1
1
0
0
0
0
0
12
1
1
1
0
.....12.
41233.3.
..4.3.2.
.2...42.
23.4212.
.13..12.
.14223.1
.4.4..4.
3124.333
0
0
1
1
1
1
0
0
1
0
0
0
1
0
1
13
0
0
26
0
0
1
0
9
0
0
0
0
0
0
1
0
0
0
1
1
0
0
0
4....12.
41233.31
..433.2.
.24.1424
23.4212.
.132.12.
.14223.1
34.4.44.
3124.333
0
0
4....12.
41233.31
..433.2.
.24.1424
23.4212.
.132.12.
.14223.1
34.4.44.
3124.333
0
0
1
0
0
0
0
0
0
0
14
0
0
0
1
0
13
0
0
0
0
1
14
4...212.
41233.31
..43332.
424.1424
23.4212.
.132.12.
.14223.1
34.4.44.
3124.333
0
0
0
1
0
0
0
0
11
0
4...212.
41233.31
..43332.
424.1424
23.4212.
.132.12.
.14223.1
34.4.442
3124.333
0
0
0
0
0
0
0
0
0
0
0
0
0
0
0
0
1
0
14
18
0
0
0
0
12
0
0
1
0
17
4...212.
41233.31
.243332.
42441424
23.4212.
.132.12.
.14223.1
34.4.442
3124.333
0
16
0
0
0
0
4...212.
41233.31
.243332.
42441424
23.4212.
.132.12.
.14223.1
34.4.442
3124.333
0
0
0
0
0
0
15
0
0
0
0
0
15
0
1
11
0
0
1
0
1
0
0
1
0
0
15
1
0
0
1
4.4.212.
41233131
.243132.
42441424
23.4212.
.132.12.
.14223.1
3434.442
3124.333
0
0
1
0
0
0
0
14
0
0
0
0
0
0
0
0
0
0
0
0
0
10
0
1
1
0
0
0
1
0
0
0
0
0
0
0
16
1
1
0
0
0
