OK 1
1
0
1
1
1
1
1
1
1
1
1
1
...5.1....
.1...42...
.6........
.......1..
..........
..........
3.3...6...
........5.
1
1
0
1
0
1
1
0
0
0
1
1
1
1
1
1
1
1
0
1
0
1
0
3
1
0
1
1
0
0
0
54
1
0
4
1
1
1
0
50
1
0
0
49
0
0
1
1
0
1
0
0
0
47
1
1
0
1
6
0
1
1
1
1
1
0
0
0
1
..15.1....
4155142...
.6.3.4.32.
..6542.1..
15.3.3....
.3.1.2.6..
363...63.3
2..3.32251
0
1
1
12
1
0
0
..15.1....
4155142..2
.6.3.4.32.
..6542.1..
15.3.3....
.331.2.6..
363.4.63.3
2..3.32251
1
9
0
1
1
13
0
0
0
0
0
0
1
0
1
31
0
1
1
0
5
0
1
1
0
14
0
0
0
0
28
1
0
1
0
0
1
1
0
26
0
0
1
0
0
0
1
1
0
0
0
0
0
0
1
15
1
0
0
0
0
0
0
0
0
0
1
1
0
0
0
0
20
1
0
1
0
18
0
0
0
0
0
0
0
0
0
0
0
0
18
18
0
18
0
0
1
0
0
0
0
0
0
10
0
0
18
1
0
0
0
1
1
0
17
1
0
0
0
1
0
0
0
12
0
0
0
0
1
0
0
0
16
0
0
16
0
0
0
0
0
0
0
0
0
1
0
10
0
0
0
0
0
0
0
1
1
0
1
1
13
0
0
0
0
