OK 1
1
1
0
178
....................
....................
....................
....................
........1...........
....................
....................
..................1.
....................
1
1
1
1
0
1
1
3
1
1
2
1
0
1
170
0
1
0
1
1
167
1
..............524...
....1...............
...................3
.......3............
........1...........
...........4........
......34............
...4..........13..1.
....................
1
1
0
0
0
0
1
1
1
........4.....524...
....1...............
...5...............3
.......3..........3.
........1...........
..4........4........
......34............
...4..........13..1.
.....5..............
1
1
159
0
1
.....5..4.....524...
....1...............
...5...............3
.......3..........3.
..1.....1...........
.54........4........
......34............
...4..........13..1.
.....5..............
1
1
1
0
1
1
0
1
153
0
1
0
1
1
1
1
1
1
0
0
.....5..4.....524..2
....1..41...........
...5.....3.........3
......33...2......3.
..1..4..1....3......
.54........4....1...
......34...2........
...4....2.1...13..1.
.....5..............
1
1
0
144
1
1
1
0
1
1
0
0
0
1
0
1
1
1
1
0
1
1
1
1
1
130
0
1
1
1
0
1
127
1
1
0
0
13
1
0
124
..1..54.4.44..5243.2
...21..41.......4...
...5.....3...33....3
......33...2......3.
..1.543.1....3......
.54.1.5....4.2..1...
2.....34..32.......4
.2.4....2.1...13.515
.....5...2....4.....
0
1
1
1
14
0
1
1
0
120
1
0
1
0
1
0
1
1
1
0
115
0
0
0
0
1
0
1
12
0
1
0
0
1
.212.54.4.44..5243.2
2..21..41.......4...
...5.....3...33....3
...5..33...2......3.
.31.543.1324.3......
.54.1.5....4.2..1...
2.....34..32..1....4
.2.41.4.2.1...13.515
.....5...2..5.4.....
1
0
111
1
1
0
0
0
0
1
12
0
1
14
0
1
0
0
0
1
105
0
1
1
0
1
0
0
0
0
1
1
1
18
1
1
0
1
0
0
0
0
0
0
0
0
0
0
1
1
0
0
0
1
0
0
0
0
1
0
92
0
1
0
0
0
0
20
0
0
1
92
0
92
0
92
0
20
0
0
1
1
.212.54.4.44..5243.2
24221..41.2.....4...
23.5..3..3..233.1.13
.535..33...2....4.3.
.31.543.1324.3......
.54.1.5....4.2..1...
21..5.34.432.31..3.4
42.41.4.2.1..513.515
2....5...24.5.4.....
1
90
0
1
.212.54.4.44..5243.2
24221..41.2....14...
23.5..3..3..233.1.13
.535..33...2....4.3.
231.543.1324.3......
.54.1.5....4.2..1...
21..5.34.432.31..3.4
42.41.4.2.1..513.515
2....5...24.5.4.....
0
0
0
1
0
0
1
1
0
1
22
1
.212.54.4.44..5243.2
24221..41.2....145..
23.5..3..35.233.1.13
.535..33...2....433.
231.543.1324.3......
.5431.5....4.2..1...
21..5.34.432.314.3.4
42.41.4.2.1..513.515
2....5...24.5.4.....
0
0
1
0
0
1
0
29
0
1
0
0
0
0
1
0
0
0
0
0
1
0
1
0
0
16
0
0
1
0
0
1
0
0
0
0
0
0
0
0
1
25
.212.54.4.44..5243.2
24221.24152....145..
23.5..33.35.233.1.13
.535..33..32....433.
231.543.1324.32.....
.5431.5....4.2..13..
21..5.34.432.314.3.4
42.41.4.2.1..513.515
2....5..224.5.4.....
0
0
1
1
0
18
76
0
76
0
0
25
0
0
0
1
0
0
75
0
0
0
0
0
1
1
0
0
0
0
22
1
0
1
0
1
.212.54.4.44..5243.2
24221224152....145..
23.5..33.35.233.1.13
.535..33..32....433.
231.54351324.32.....
.5431.5...14.21.13..
21..5.34.4321314.3.4
42.41.4.2.1..513.515
2....5..224.5.4...5.
0
0
0
0
0
71
0
0
0
0
71
0
0
0
0
0
1
0
1
26
69
0
0
69
0
1
0
0
0
1
67
0
1
.212.54.4.44..5243.2
24221224152....145..
23.55.33.35.233.1.13
.535..33..32....433.
231354351324.32....3
.5431.5...14.21213..
21..5.34.4321314.3.4
42.41.4.2.1..513.515
2....5..224.5.4...5.
0
0
0
0
1
0
0
1
0
0
0
0
.212.54.4.44..5243.2
24221224152....145..
23.55.33.35.233.1.13
.535..33..32....433.
231354351324.32....3
.5431.5...14.21213..
21..5.34.4321314.3.4
42.41.4.241..513.515
2....5..224.5.4...5.
0
0
0
0
0
0
1
0
0
0
1
0
26
0
.212.54.4.44..5243.2
24221224152....145..
23.55.33.35.233.1.13
.535..33..32....433.
231354351324.32....3
.5441.5...14.21213..
21..5.34.4321314.3.4
42.41.4.241..513.515
2....5.2224.5.4...5.
0
1
1
0
0
0
1
27
0
1
0
0
1
1
0
62
0
0
0
0
0
.212.54.4.44..5243.2
24221224152....145..
23.55.33335.233.1.13
.535..33..32..3.433.
231354351324.32....3
.5441.5...14.21213..
21.45.34.4321314.3.4
42.41.4.241..513.515
2....5.2224.5.4...5.
0
1
0
0
0
0
0
1
0
0
0
0
0
0
0
0
60
0
0
.212.54.4444..5243.2
24221224152....1454.
23.55.33335.233.1.13
.535..33..32..3.433.
231354351324.32....3
.5441.5...14.21213..
21.45.34.4321314.3.4
42.41.4.241..513.515
2....5.2224.5.4...5.
0
19
0
0
0
0
0
0
0
0
0
1
0
0
20
0
0
59
0
0
0
1
0
0
0
0
1
0
0
0
0
0
1
0
0
0
0
20
0
58
.212.54.4444..5243.2
24221224152....1454.
23.55.33335.233.1.13
.535.433..32..3.433.
231354351324.32....3
.5441.5...14.21213..
21.45.34.4321314.3.4
42.41.4.241..513.515
2....5.2224.5.4.4.5.
0
0
0
0
0
20
1
0
0
0
1
0
1
0
0
0
0
0
0
26
1
0
.212.54.4444..5243.2
24221224152.3..1454.
23.55.33335.233.1.13
.535.433..32..3.433.
231354351324532....3
.5441.5...14.212133.
21.45.34.4321314.3.4
42.41.4.241..513.515
2....5.2224.5.4.4.5.
0
0
1
0
1
0
0
29
0
0
0
0
0
0
0
0
0
1
23
0
29
0
0
1
0
.212.54.44441.5243.2
24221224152.3..1454.
23.55.33335.233.1.13
5535.4331.32..3.433.
231354351324532....3
.5441.5..314.212133.
21.45.34.4321314.3.4
42.41.4.241..513.515
2....5.2224.5.4.4.5.
0
0
0
0
0
0
0
29
0
0
1
0
0
0
0
0
0
0
0
1
0
0
26
0
0
0
0
0
0
0
0
0
1
0
21
0
1
0
0
0
0
0
0
0
1
.212.54.44441.5243.2
24221224152.3..1454.
23.55.33335.233.1.13
5535.4331.32..3.433.
231354351324532....3
.544155..314.212133.
21.45334.4321314.3.4
42.41.4.241..513.515
2....5.2224.5.4.4.5.
0
0
0
1
0
0
1
0
0
1
0
1
0
0
0
0
0
0
0
0
30
47
0
1
0
0
21
46
0
0
0
0
0
0
0
0
20
0
0
17
0
1
0
0
0
0
.212.54.44441.5243.2
24221224152.3..1454.
23.55.33335.233.1.13
5535.4331.32..3.433.
231354351324532....3
.544155..314.212133.
21.45334.432131433.4
42.41.4.241..513.515
2....55222455.444.5.
1
0
0
45
0
0
0
1
0
0
0
0
