OK 1
1
1
1
1
1
1
1
1
1
1
1
90
1
1
1
1
1
0
1
1
1
1
4
1
1
0
1
1
1.........
31.43.....
3...141...
.4.....4..
......31..
.1........
.2.....13.
.2...1..3.
..4.......
......2...
0
1
9
1
1
1
7
1
6
0
0
1
1
0
1
1
0
0
1
68
0
0
1
1
0
0
1
1
0
0
9
64
0
0
1..3......
31.43.....
34..141...
.4.2...4..
....4331..
.1.2..1...
.2.2.2.132
.22.41..3.
..41......
...3..2...
0
1
0
1
0
0
0
1
1
0
17
1
1
0
11
60
0
1
1
0
16
1
0
1
1
19
1
0
1
0
0
0
0
0
0
0
0
1
16
0
0
1
0
1
0
0
11
0
1
1
1
0
0
0
0
24
1
0
0
0
0
1
0
19
1
0
0
23
1
0
0
1
0
0
0
23
1
0
1
0
0
1
12
1
0
0
0
0
0
0
0
0
1
0
0
12
0
0
1
0
0
13
20
1.23.....2
31343.....
343.141132
.4.2...43.
..2.43314.
.112..13..
32.242.132
322.41..3.
3441.24.34
3..3.22...
0
0
15
19
0
0
0
0
1
0
0
15
1
1
0
1
0
1
0
0
17
0
20
0
0
0
1
0
0
0
0
0
1
0
0
0
0
0
0
14
0
1
0
0
0
0
0
0
1
0
0
0
0
1
0
15
0
18
0
0
1
1
16
15
0
0
0
20
0
1
1
0
0
0
18
1
0
0
0
1
1
0
1
0
1
29
0
0
1
0
0
0
0
0
1
1
1
1
0
13
0
1
0
0
0
0
0
1
0
0
0
0
20
14
0
1
0
0
0
0
0
0
0
13
0
0
0
0
0
0
13
0
1
18
0
0
0
0
0
22
0
13
0
0
0
1
0
1
0
0
1
0
0
23
0
0
1
0
0
0
0
0
0
1
0
0
0
0
0
1123...112
313434.11.
343.141132
.2.2.11433
..2.433143
3112..1342
32.2422132
322241443.
3441224434
3..3322...
0
1
0
0
0
0
0
0
0
1
0
0
0
0
1
0
0
0
0
1
1123...112
313434.11.
343.141132
.2.2.11433
..2.433143
3112..1342
3222422132
342241443.
3411224434
3..33224..
