OK 1
0
1
1
0
0
0
1
0
1
...................
...2...............
...................
..72...............
............5......
0
1
0
1
0
1
1
0
87
1
0
1
1
1
0
0
1
0
1
0
1
1
1
0
1
80
1
1
1
1
1
1
3
0
1
5
0
0
1
2
0
1
0
0
..24...1.....6..5..
.3527.6.......1...4
.73...............5
..72...1....627....
...2....3...5......
1
1
69
..24...1.....6..5..
.3527.6.......1...4
.73...............5
.172...1....627..1.
...2....3...5......
1
1
1
1
0
1
1
1
1
0
1
0
1
0
0
1
0
1
0
0
1
59
1
0
..24...1..3..6..5..
.3547.651.....1...4
473....22.22......5
.122...1..7.627..1.
.512....3...5......
0
58
1
0
0
0
..24...1..3..6..5..
53547.651.....1...4
473....22.22......5
.122...1..7.627..1.
.512....3...5......
0
57
0
0
0
0
1
0
1
1
1
1
1
1
1
9
0
0
9
0
4
1
5
50
50
1
0
1
1
47
0
0
9
..24...15.3.767.5.1
53547.651.66..1...4
473....22122......5
.122...1..7.627..1.
.5124.7.3...5..5...
0
0
1
0
1
45
0
0
7
1
0
0
0
0
0
44
0
0
0
0
0
0
0
0
0
1
0
1
0
0
43
0
1
1
8
1
11
0
1
0
1
5
0
0
10
1
0
0
0
0
38
0
0
38
0
0
0
1
0
..24...15.3.76745.1
53547.651466..1.164
4731.3.22122......5
.1225..1..7.627..1.
.5124.7.37.25..5.4.
0
0
0
1
0
0
6.24...15.3.76745.1
53547.651466..1.164
4731.3.22122......5
.1225..1..7.627..1.
.5124.7.37.25..5.4.
0
11
0
0
0
1
9
0
1
0
0
11
0
0
0
0
0
0
0
1
0
0
1
0
0
0
0
0
0
34
0
1
0
0
34
0
34
0
1
6.24..415.3.76745.1
53547.651466..1.164
4731.3.22122......5
.1225..1..7.627..1.
.5124.7.37.252.574.
0
0
0
0
1
0
0
0
32
0
0
0
0
0
0
0
0
1
0
0
1
0
5
1
0
0
0
0
0
0
0
0
12
0
1
0
0
0
0
1
0
1
6
28
1
0
0
0
8
27
0
0
1
0
0
0
1
1
0
0
1
0
0
25
25
0
0
0
0
0
0
0
0
0
0
0
0
0
0
0
0
13
0
0
1
0
0
11
0
0
0
0
0
0
0
0
0
0
0
0
24
0
0
0
1
0
7
0
1
6.244.415.3.76745.1
53547.651466.216164
4731.3.22122......5
11225..14.73627.412
2512457.37.252.5743
1
0
0
1
6.244.415.3.76745.1
53547.651466.216164
4731.3.22122...5..5
11225..14.736276412
2512457.37.252.5743
0
1
0
0
12
