OK 1
1
1
1
0
1
0
1
1
1
74
1
0
1
1
1
1
1
.53.....
1....2..
......1.
........
...2....
.......2
........
...6....
........
....4..5
1
0
2
0
0
1
0
.53.....
1....2..
......1.
........
...2....
.3.....2
......6.
...6....
........
....4..5
1
1
0
1
1
1
0
1
1
1
0
1
1
1
0
1
1
1
1
1
1
1
54
0
0
0
0
1
0
1
1
1
51
1
1
0
4
1
1
0
1
1
1
1
8
0
1
1
1
1
1
0
0
0
41
0
1
0
0
1
1
0
0
0
1
1
0
1
36
1
0
0
0
0
0
0
1
0
1
1
1
1
0
1
0
0
0
8
0
0
0
32
.53144.5
1..34262
45...51.
333.2.2.
55.2.52.
.33.34.2
.6.31.66
..56.2.4
322.....
.6424..5
1
0
1
0
1
0
0
.53144.5
1..34262
45...51.
333.2.2.
55.2.52.
.33.34.2
.6.31366
..56.2.4
322.....
.64242.5
0
1
0
0
1
0
0
0
0
0
1
10
0
1
28
0
0
0
0
0
0
28
1
0
11
0
1
1
0
0
0
1
0
0
0
0
0
0
0
0
0
1
0
0
0
0
1
.53144.5
15.34262
45...515
333.2.2.
55.2.52.
.33634.2
.6131366
..56.264
322....5
164242.5
0
23
0
0
12
1
0
0
1
1
0
0
0
0
0
1
0
8
0
0
0
0
0
0
0
0
7
0
0
0
0
1
9
0
0
0
0
0
0
0
1
0
0
0
19
0
19
.53144.5
15434262
45...515
33312.2.
5542.52.
.33634.2
.6131366
.356.264
322....5
164242.5
0
1
0
1
0
0
0
0
1
0
0
0
1
0
0
0
1
0
0
1
0
8
0
0
0
0
0
0
0
0
0
0
0
1
0
1
9
0
0
12
0
0
0
0
0
0
0
0
1
0
0
