OK 1
1
1
1
1
0
1
1
1
70
0
0
1
69
0
1
1
4
0
1
1
0
1
1
1
0
0
0
0
0
1
0
1
1
1
0
1
1
1
1
1
0
0
1
1
0
1
0
1
0
0
0
0
1
0
1
0
49
0
1
1
6
1
0
0
0
1
1
0
0
4
1
17.21....5.
77....4.5..
425......1.
6..652.11.6
2.47..46352
.32........
1..6....5..
0
1
0
0
0
1
0
0
1
1
0
1
0
5
0
1
1
0
1
0
0
0
0
0
1
1
0
36
1
1
0
0
17.21....56
77...24.5..
425.112..1.
6.6652.11.6
2.674.46352
632...4....
1..6....5..
1
0
0
0
1
0
17.21....56
77...24.5..
425.112..1.
6.6652.11.6
2.674146352
632...4....
1..6...35..
1
1
0
0
0
0
4
0
0
0
1
17421....56
77...24.5..
4254112..1.
6.6652.11.6
2.624146352
632...4....
1..6...35..
0
0
1
0
1
0
0
1
0
0
17421....56
77...24.5..
4254112..1.
6.6652.11.6
2.624146352
632...4.4..
1..66..35..
0
0
17421....56
77...24.5..
4254112..1.
6.6652.11.6
2.624146352
632...4.4..
1..66..35..
0
0
1
0
0
0
0
1
0
0
17421....56
77...24.5..
4254112..1.
6.6652.11.6
2.624146352
632...1.4..
1..66..35..
0
0
29
1
0
0
1
0
0
1
8
0
0
1
0
0
1
17421....56
77.7.24.5..
4254112..1.
6.6652511.6
2.624146352
652...1.4..
11.66..35.4
0
0
0
25
1
1
0
8
1
0
0
0
1
0
0
0
0
0
1
1
0
1
0
1
0
0
1
18
0
0
0
0
0
0
17421.5..56
7767.24.55.
4254112731.
6.665251116
2.624146352
6523..1.4..
11.66..35.4
5
0
0
1
1
0
0
0
10
0
0
17
0
1
0
0
0
0
1
0
0
0
0
0
6
0
1
0
0
0
0
0
0
0
0
0
0
0
0
1
0
0
14
0
0
14
0
0
0
0
0
0
9
0
17423.5.756
7767.24.55.
42541127313
6.665251116
2.624146352
65234.1.4.1
11.66..35.4
1
10
0
0
0
0
1
