OK 1
............
............
............
............
............
............
............
............
............
............
............
............
............
............
............
............
............
............
............
............
1
1
2
1
1
236
1
0
235
0
1
0
0
1
0
............
3...........
............
............
............
............
............
............
.5....7.....
..2.........
.........3..
.......2....
............
............
............
............
............
............
............
...4........
1
1
1
0
1
0
1
1
1
226
1
1
1
223
1
1
0
1
............
3....7.....1
............
...........1
............
............
...........2
............
65....7.....
..28..8.....
.........3..
.......2....
...........4
....6...5...
....7.......
............
.......1....
............
............
..24........
0
1
2
0
1
0
218
0
1
1
216
1
1
1
1
0
1
1
0
1
1
0
1
1
1
1
205
1
1
203
0
0
0
1
1
1
1
0
0
0
1
0
198
0
0
1
1
0
1
195
1
1
0
1
0
0
193
1
1
1
0
1
1
1
1
0
1
0
1
6
0
0
0
0
1
185
1
1
1
0
0
1
1
0
1
1
0
0
1
0
9
1
1
6
0
0
1
1
1
1
0
1
1
1
1
1
0
1
1
0
0
0
1
8.........2.
3....758..11
..4..5...3.6
......42...1
..5.........
..8...3..2..
...........2
..........68
65...57242..
..28.48.33..
.3.7.2..73..
263..1.2....
5.3......1.4
...16..85.3.
..3.7.......
....88...1.1
..2.2..1...8
..7..26.....
1.....54....
6.24.....1..
0
0
0
0
0
11
0
1
1
1
0
1
0
1
161
1
1
1
0
1
1
0
1
1
0
1
0
0
1
0
1
0
0
0
0
1
0
1
1
0
0
0
0
9
1
0
9
0
0
0
0
1
1
146
0
1
0
13
1
0
1
0
0
144
0
0
1
1
1
0
0
13
0
0
1
0
140
0
1
1
1
1
0
1
0
136
0
1
0
1
0
1
0
1
1
0
0
8.........2.
3....7588.11
8.4..58..3.6
..7.2.42...1
..5...7.....
..8...37.2..
.....71....2
..........68
658..57242..
.628.48.33.6
.347.24.73..
263..1.2..4.
5.3.55.6.1.4
...16.385.3.
2.327..3..16
5.8.88.711.1
..252..1...8
..7..26..7..
1.6.2.544...
6.24.7...1..
0
0
0
1
1
0
0
0
0
0
1
8.........2.
3....7588.11
8.4..58..3.6
..7.2.42...1
..5...7.....
..8...37.2..
.....71....2
..........68
658..57242..
.628.48.33.6
.347.24.73..
263..1.2..4.
5.3.55.6.1.4
...168385.3.
2.327..3..16
5.8.88.711.1
..2523.1...8
..7..26..7..
1.6.2.544...
6.24.7...1..
0
1
15
1
0
0
0
0
1
0
127
0
1
0
1
1
0
15
1
0
1
0
1
0
0
0
0
0
0
1
0
1
0
12
1
1
86........2.
3....7588.11
8.4.358..3.6
..7.2.42...1
1.5..37.....
..8...37.2..
.....71.8..2
........4768
658..57242..
2628248.33.6
.347.24.73..
263..1.2..4.
5.3.55.6.1.4
...168385.3.
25327..3..16
5.8.88.711.1
..2523.1...8
..7..26..7..
1.6.2.5446..
6.24.7...1..
1
0
1
0
1
86........2.
3....7588.11
8.4.358..3.6
..7.2.42...1
1.5..37.....
..82..37.2..
.....71.8..2
........4768
658..57242..
2628248.33.6
.347.24.73..
263..1.2.14.
5.3.55.6.1.4
...168385.3.
25327.73..16
5.8.88.711.1
..2523.1...8
..7..26..7..
1.6.2.5446..
6.24.7...1..
0
16
1
0
0
0
115
0
0
115
1
0
1
17
1
1
0
1
0
1
0
1
110
0
0
0
110
0
1
0
109
0
23
0
1
0
0
0
86........2.
3....7588.11
8.4.358..3.6
..7.2.428..1
1552.37.....
..82..37.2..
.....71.8..2
........4768
6582.57242..
2628248.33.6
.347.24.73..
263..1.2.14.
5.3.55.6.1.4
...168385.3.
25327.73..16
5.8488.711.1
3.2523.1...8
..7..26..7..
116.2.5446..
6.24.7...1..
0
109
0
0
0
17
0
0
1
0
0
0
1
0
14
1
0
0
0
0
1
0
0
0
0
0
0
0
0
1
0
86.2......2.
3....7588.11
8.4.358..3.6
..7.2.428..1
1552.37.....
1.82..37.22.
.....71.8..2
........4768
6582.57242..
2628248.33.6
.347.24.73..
263..1.2.14.
5.3.55.6.1.4
...168385.3.
25327.73..16
5.8488.711.1
3.2523.1...8
5.7..26..7..
116.275446..
6.24.7...1..
0
0
0
0
1
1
1
0
1
0
0
0
0
1
0
1
1
0
0
98
0
1
86.26..58.2.
3....7588.11
8.4.358..3.6
.37.2.428..1
1552.37.....
1.82..37.22.
.....71.8..2
........4768
6582557242..
2628248.33.6
.347.24.73..
263..1.2.14.
5.3.55.6.1.4
...168385.3.
25327.73..16
5.8488.711.1
3.2523.17..8
5.7..26.57..
116.275446..
6.24.7...1..
0
0
1
0
96
0
0
1
1
94
0
0
0
1
0
0
19
0
0
0
1
0
0
1
0
0
0
0
0
1
0
1
1
0
0
0
0
86.26..58.2.
3..1.7588.11
8.4.358..3.6
.37.2.428..1
1552737.....
1.82..37.22.
.....71.8..2
.5......4768
6582557242..
2628248.33.6
.347.24.73..
263..1.2.14.
563.55.6.164
...168385236
25327.73..16
5.8488.711.1
3.2523.17..8
5.7..26.57..
116.275446..
6.24.7..71.3
0
0
19
0
0
1
1
0
87
0
1
0
26
0
0
0
0
0
86
0
18
1
0
0
0
0
0
0
0
0
0
19
1
0
1
0
1
1
0
1
0
0
0
0
1
82
0
19
1
0
1
1
0
1
0
1
0
78
1
1
0
0
0
1
0
20
0
1
0
0
0
1
0
0
0
19
1
0
1
1
0
1
0
0
1
0
70
0
0
0
0
22
1
0
0
28
0
0
1
1
0
0
0
1
0
0
0
0
68
0
0
1
67
0
0
1
0
0
0
0
28
0
66
0
0
66
0
0
1
86.26..58.24
3..137588.11
844.358..3.6
.37.2.428..1
15527372...5
1.82..37.224
..4..7168..2
45..2...4768
6582557242.7
2628248.33.6
.347.24.73.6
263..1.2.14.
56355576.164
.8.168385236
25327173..16
5.8488.711.1
312523.177.8
5.7..264571.
116.275446.6
6.24.74.71.3
0
1
0
22
0
0
1
1
0
0
64
0
0
0
0
64
0
86.26..58.24
3..137588.11
844.358..3.6
.37.2.428..1
15527372...5
1.82..37.224
..4..7168..2
45..2...4768
6582557242.7
2628248.33.6
.347.24.73.6
263..1.2.14.
56355576.164
.8.168385236
25327173..16
5.8488.711.1
312523.177.8
5.7..2645711
116.275446.6
6624.74.71.3
0
0
0
0
64
0
0
0
0
64
0
0
0
64
0
0
0
23
86.26..58.24
3..137588.11
844.358..3.6
.37.2.428..1
15527372...5
1.82..37.224
..4..7168..2
45..2...4768
6582557242.7
2628248.33.6
.347.24.73.6
263..1.2.14.
56355576.164
.8.168385236
25327173..16
5.8488.711.1
312523.177.8
5.7..2645711
116.275446.6
6624.74.71.3
0
0
0
0
1
21
0
0
0
0
0
0
0
0
0
1
0
0
0
0
0
1
86.26..58.24
3..137588.11
844.3584.3.6
.37.2.428..1
15527372...5
1.82..37.224
..4..7168..2
45..2...4768
6582557242.7
2628248.33.6
.347.24.73.6
263..1.2.14.
56355576.164
.8.168385236
25327173..16
5.8488.711.1
312523.177.8
5.7..2645711
116.275446.6
6624.74.71.3
0
0
0
28
0
63
0
1
0
0
0
0
0
0
0
0
0
0
0
62
0
0
0
22
0
1
0
1
0
0
0
1
86.26..58.24
3.7137588.11
844.3584.3.6
.37.2.428..1
15527372...5
1.82.437.224
..4..7168..2
45..2...4768
6582557242.7
2628248.33.6
.347.24.73.6
263..1.2.14.
56355576.164
.83168385236
25327173..16
5.8488.711.1
312523.177.8
5.7..2645711
116.275446.6
6624.74.71.3
0
0
0
21
0
0
0
0
0
0
1
0
0
0
59
0
0
1
0
1
24
0
0
0
1
0
0
0
86.26..58.24
3.7137588.11
844.3584.3.6
.37.2.428..1
15527372...5
1.825437.224
..4..7168..2
45..2...4768
6582557242.7
2628248.33.6
.347.24.73.6
263.81.2.14.
56355576.164
.83168385236
25327173..16
5.8488.711.1
312523.177.8
5.7..2645711
1167275446.6
6624.74.71.3
0
0
0
0
0
0
0
0
0
0
0
0
1
1
0
0
56
0
0
0
56
1
0
1
0
0
55
0
0
0
0
0
0
55
0
0
0
0
1
0
0
21
0
0
1
0
22
0
0
0
0
0
0
1
0
0
1
52
0
0
52
0
0
0
0
86.26..58.24
3.7137588.11
84433584.3.6
137.2.428..1
15527372.2.5
1.825437.224
..4..7168..2
45..22..4768
6582557242.7
2628248.33.6
.347.24.7346
263.81.2.14.
56355576.164
.83168385236
25327173..16
5.8488.711.1
312523.177.8
5.7..2645711
1167275446.6
6624.74.71.3
0
0
0
0
0
52
0
0
0
0
0
0
0
52
0
0
0
0
0
0
0
0
1
1
24
0
0
0
0
0
0
1
0
0
0
1
0
1
0
0
0
0
0
0
1
0
0
23
0
23
0
0
0
50
0
0
