OK 1
1
1
1
1
1
.....21...
..........
.....2....
..........
..........
......1...
..3.......
1
0
0
1
1
1
0
1
1
1
1
1
4
0
0
56
1
0
1
0
.....21..4
.....3..1.
1..2.2....
..........
....3.....
..4..51.6.
5.3.......
1
0
1
0
1
1
1
0
0
0
1
0
1
1
1
0
0
0
1
1
0
1
1
1
0
0
0
1
1
0
0
0
0
0
41
1
0
1
1
1
1
0
0
8
..62121..4
..4..3.51.
15.2.2....
...4.12...
.5..3..1.6
1.43.5166.
5.34..3...
0
0
1
37
0
0
1
0
0
0
1
1
1
0
1
6
0
1
1
1
0
1
0
0
6
29
1
0
0
0
0
0
0
1
1
1
1
0
0
0
0
1
0
24
0
0
0
0
0
0
0
0
0
0
7
0
1
0
0
0
0
0
0
1
1
22
1
0
0
21
1
0
0
0
0
..621215.4
4.42432511
15321224..
5.44.12...
.53.3.41.6
1.13.51666
53344.3..2
0
0
20
0
10
0
0
7
..621215.4
4.42432511
15321224..
5.44.12...
.53.3.41.6
1.13.51666
53344.3..2
0
0
0
0
0
0
..621215.4
4.42432511
15321224..
5.44.12...
.53.3.41.6
1.13.51666
53344.3..2
0
0
0
1
0
1
0
0
0
1
0
0
0
1
0
0
1
0
0
0
0
8
0
0
0
18
0
0
0
0
1
0
0
18
1
1
0
0
0
0
1
0
0
1
0
0
0
10
0
0
0
0
0
7
0
0
0
12
0
0
0
0
1
1
0
1
0
7
0
0
0
1
1
0
0
0
0
0
13
0
13
0
1
13
12
0
0
