OK 1
0
0
0
1
0
1
1
1
1
1
0
1
1
0
1
1
3
0
0
0
50
1
1
0
0
1
1....2....
..........
..13.4...1
42..5..5..
5..4.....4
..........
1
0
0
1
1
1
1
1
4
4
1
1
1
1....2..5.
...3...2..
..13.4.3.1
424.5..5..
51.4.2...4
...3....3.
0
1
1
0
1....25.5.
...3...2..
..13.4.3.1
424.5..5..
51.4.2...4
...3.5..3.
0
0
0
1
35
1
1
0
0
0
0
1
0
1....2555.
...3...2..
..13.4.3.1
424.5.55..
51.4.2...4
3..3.5..3.
1
1
0
1
1
0
1
1
0
7
0
0
0
1
0
1
0
1
0
0
0
1
23
0
0
0
1
22
1
0
0
0
0
0
1
0
0
1
9
0
0
1
1..2.2555.
.1532152..
3.134413.1
42445.55..
5144.2.1.4
3..3353.3.
19
0
6
1
0
1
0
0
0
0
0
0
0
18
1
1
0
1
15
0
1
0
0
0
0
0
0
0
0
9
0
0
0
0
0
0
0
0
0
1
10
1
0
14
155232555.
.1532152..
3.134413.1
42445.55..
5144.211.4
2..3353.31
0
1
0
0
0
13
0
0
1
0
0
0
0
0
1
0
155232555.
.1532152..
33134413.1
42445.55..
5144.21114
22.3353.31
0
0
0
0
11
0
0
0
1
0
11
11
0
0
0
10
1
0
0
0
0
0
0
0
0
0
0
1
1
0
0
0
0
0
0
0
0
0
11
155232555.
.1132152..
33134413.1
42445.55..
5144.21114
22.3353.31
0
0
0
0
0
1
10
