OK 1
0
0
0
.....
.....
.....
.....
.....
.....
.....
.....
.....
.....
0
1
1
1
1
1
45
0
0
1
1
1
0
1
0
1
0
1
0
4
0
1
1
0
1
1
5
0
1
2
1
1
1
0
0
1
33
1
1
0
1
..1.4
..42.
...34
...1.
.....
...1.
14.4.
2..22
2.342
3...3
0
0
30
..1.4
..42.
...34
...1.
.....
...1.
14.4.
2..22
2.342
3...3
0
30
0
0
1
29
1
1
0
0
0
1
1
1
8
0
1
6
0
0
1
0
8
23
1
4
1
0
1
1
0
0
0
0
8
22
0
0
0
1
0
0
7
0
0
1
0
1
1
1
0
1
0
1
6
0
0
0
17
0
1
1
1
0
0
0
15
0
1
14
0
0
1
1
1
0
0
0
0
0
0
11
0
0
1
0
8
0
0
0
1
1
0
0
1
0
0
0
0
9
0
0
9
0
0
0
0
0
1
1
0
0
0
1
1
0
0
9
0
0
0
0
10
1
0
0
231.4
31424
13234
1..12
23.13
12.12
14.41
24422
24342
34243
0
231.4
31424
13234
1..12
23.13
12.12
14.41
24422
24342
34243
0
0
0
1
0
0
0
1
0
0
0
6
231.4
31424
13234
1..12
23.13
12.12
14.41
24422
24342
34243
