OK 1
1
1
0
1
1
1
1
1
1
1
1
2
1
1
1
.......
...6..6
.12....
2...1..
...34.3
1......
..5....
...3...
.......
1
50
1
0
1
.......
...6..6
.12....
2.1.1..
...34.3
1......
..5....
5.63...
.......
1
1
1
5
0
1
0
0
1
1
6
1
1
......5
.1.6..6
.12....
221.1..
...34.3
1......
..5....
5163...
23..3.2
0
1
1
1
1
37
0
0
1
36
....3.5
.1.6..6
.12....
22151..
2..34.3
1.6....
..5....
5163...
23..3.2
0
1
1
1
1
0
33
0
...13.5
.1.6..6
.12.65.
22151..
2..34.3
1.6....
..5....
5163...
23..3.2
1
1
1
30
0
30
0
0
0
1
0
0
0
0
0
0
1
0
29
0
0
1
0
1
0
1
0
0
27
0
1
7
0
1
8
0
1
1
0
0
7
0
0
0
0
0
1
22
0
1
1
1
0
0
...13.5
.1.6.66
.12.654
221516.
26.3453
1.6....
665.152
5163531
23..332
0
0
19
0
8
0
0
0
0
0
0
0
0
0
...13.5
.1.6.66
.12.654
221516.
26.3453
1.6....
665.152
5163531
23..332
0
0
2
0
0
0
0
1
8
18
0
0
0
0
0
1
1
0
1
1
1
0
10
0
0
15
0
0
15
0
0
0
0
0
9
1
0
0
0
0
0
1
0
0
...13.5
21.6.66
.125654
221516.
2623453
1264...
665.152
5163531
23..332
0
0
1
0
13
0
0
3
0
0
1
0
0
1
0
0
9
0
1
0
0
1
1
0
0
0
0
0
11
0
0
0
0
0
1
0
0
1
0
1
9
0
0
0
