OK 1
1
1
1
1
0
1
1
1
0
1
1
0
61
1
1
1
1
0
1
1
0
..3..2....
41...1....
.......3..
......2...
....42....
3...21..3.
.....3....
1
0
1
1
0
1
1
1
50
0
1
0
6
0
0
..3..2....
41...1....
4..4...3..
13....2...
2.1.42...2
3...21..3.
.....3....
0
1
7
0
1
47
0
0
1
0
1
0
1
1
0
1
0
1
42
1
0
0
0
41
0
0
1
1
0
1
0
9
1
.33..2....
411331....
4..4.133..
13....2...
221.42...2
3...21..3.
2..4.312.3
0
0
0
0
0
11
0
0
0
0
0
1
1
1
0
34
0
0
0
1
0
0
10
0
0
1
0
0
0
0
1
1
0
1
0
11
0
1
15
0
1
0
1
.33..2....
411331..4.
4..4.13311
1324.22...
221242..22
3...21.13.
2..4.312.3
0
1
15
0
0
0
1
8
0
0
0
0
0
0
1
9
25
1
1
0
0
0
0
0
0
0
1
0
0
1
0
1
0
0
1
1
0
0
1
0
0
1
0
0
0
1
0
0
0
0
0
1
0
0
12
0
0
0
1
0
0
1
0
12
0
0
0
0
0
7
0
0
0
1
0
0
0
0
0
0
0
0
0
7
0
0
0
0
0
0
0
0
0
1
0
0
16
0
0
10
1
0
6
0
0
0
0
0
4334.234.1
411331..4.
4..4413311
1324.22.21
221242..22
324.21413.
2..42312.3
0
0
1
0
12
13
