OK 1
0
1
0
1
1
1
1
58
1
0
1
1
1
1
0
....4..
....1.4
51.....
.......
.....33
.....2.
..14...
.......
.......
1
1
3
51
1
1
1
1
1
1
1
1
44
0
1
1
0
1
1
1
4
1
..4.4..
....1.4
51.3.2.
3.....4
.....33
4255.25
.2142..
.......
1......
0
40
0
1
0
1
7
0
1
1
1
0
1
0
0
1
0
7
1
0
1
0
0
0
0
0
0
33
1
0
1
0
0
0
0
0
0
0
1
1
1
1
..4.4.2
3...1.4
5133.2.
3.44.53
.21..33
4255.25
.2142..
..5..1.
1.....5
0
6
1
1
0
0
0
0
1
0
0
1
7
1
0
..4.4.2
3...1.4
5133.2.
3.44.53
.212.33
4255.25
12142..
..5..1.
12....5
0
0
0
1
0
0
1
0
7
1
0
0
0
0
0
0
0
7
1
0
..4.4.2
3...1.4
5133.22
3.44.53
.212.33
4255.25
12142..
1.5..1.
12..2.5
0
0
0
23
0
7
0
0
8
1
0
0
1
0
0
23
0
23
1
0
1
0
0
0
22
0
0
22
0
1
0
0
7
0
..4.4.2
3...1.4
5133.22
3.44.53
.212133
4255.25
12142.1
1.5..1.
12..2.5
0
0
0
0
11
21
1
0
0
21
0
0
..4.4.2
3...1.4
5133.22
3.44.53
.212133
4255.25
12142.1
1.5..1.
12..2.5
0
1
0
0
0
1
0
1
0
0
..4.4.2
3...134
5113.22
3.44.53
.212133
4255.25
1214241
1.5..1.
12..2.5
0
0
0
0
1
18
0
0
0
0
0
0
1
0
0
0
0
17
0
7
0
0
..4.4.2
3...134
5113.22
3.44.53
.212133
4255.25
1214241
1554.1.
12..2.5
0
1
0
0
11
0
0
0
0
9
1
0
1
0
0
0
0
0
0
16
0
0
16
0
0
1
0
0
0
15
0
0
