OK 1
0
1
0
1
1
0
1
0
1
1
0
1
1
74
1
1
1
1
0
1
1
1
1
1
1
0
0
1
1
0
1
3
1
0
1
0
62
62
1
0
0
1
1
0
1
.46..
..4..
.....
....3
1....
.5...
.2...
.4...
.....
26.3.
....4
..23.
.5..2
.33.5
....2
.6...
1
0
1
1
1
1
1
0
1
1
8
0
0
0
1
0
1
1
1
1
6
1
1
0
44
0
1
0
1
0
1
1
0
10
0
0
40
0
40
0
1
0
1
0
1
0
0
37
1
1
0
0
0
.46..
.143.
242..
.51.3
16..1
.52..
.2.6.
.424.
....3
26.3.
.2364
..235
.54.2
.3345
.64.2
.62..
0
0
0
1
1
34
0
1
0
0
0
1
0
32
0
0
32
0
5
0
1
0
1
0
0
1
0
0
0
0
0
1
0
1
0
1
0
0
26
0
1
1
0
1
1
22
1
13
.46.3
.143.
24233
551.3
16..1
.52..
62.64
.4244
..233
26.3.
42364
.3235
354.2
.3345
.6412
162.4
0
21
1
0
6
1
0
0
0
.46.3
.143.
24233
551.3
16..1
.52..
62.64
.4244
..233
26.3.
42364
.3235
35422
.3345
.6412
162.4
0
0
1
0
0
0
0
0
0
0
0
0
0
1
0
0
0
0
0
0
0
0
0
7
0
15
0
0
18
0
18
0
0
0
7
0
0
0
6
0
1
1
0
0
0
0
1
1
0
0
0
0
0
0
0
0
0
0
0
0
0
9
0
0
0
0
0
0
1
0
0
0
0
0
1
0
0
1
0
0
0
0
0
1
0
.46.3
.143.
24233
55113
163.1
1521.
62.64
54244
.6233
26.3.
42364
.3235
35422
33345
.6412
16254
0
0
4
0
0
0
8
0
0
0
0
4
0
0
0
0
8
0
0
12
0
0
0
0
0
0
0
0
8
0
0
0
.46.3
.143.
24233
55113
163.1
1521.
62.64
54244
.6233
26.3.
42364
.3235
35422
33345
.6412
16254
0
0
0
12
0
0
