OK 1
0
1
1
1
1
1
1
0
0
1
0
0
1
1
1
0
30
0
0
1
1
28
121.2....1
...2...2.1
..2.......
1..2..2...
1
1
1
121.2..2.1
...22..2.1
..2.......
2..2..2...
0
0
26
0
1
1
1
0
0
0
11
0
0
0
1
0
1
1
0
1
1
18
0
0
18
0
1
0
0
1
1
0
0
0
0
0
0
0
12112.2221
.1.22.22.1
2121.1.2..
22.2..2...
0
1
0
1
0
0
0
0
0
1
0
1
1
11
0
0
0
0
11
1
0
1
0
1
0
0
0
1
19
0
0
1
0
0
0
0
0
0
0
0
19
0
7
0
1
1211222221
21122122.1
2121.112..
22122122..
0
20
0
0
0
0
0
0
0
0
0
14
0
0
1
0
15
0
0
0
0
1
21
4
0
0
0
0
0
0
21
1211222221
2112212221
21211112..
22122122..
0
0
15
1
0
4
0
0
0
