OK 1
0
0
0
1
1
0
1
73
0
1
0
1
1
0
0
0
1
1
..........7........
.3...........3.....
.4...............8.
5....2.............
0
1
1
0
1
1
1
1
1
0
1
0
..........7........
.36.........23.....
.4..........2...381
5....2.......86....
1
0
1
3
60
1
1
0
..........7.......4
.36.........23..6..
.4..7.......2.7.381
5....2.......86....
0
1
0
57
1
1
1
1
53
1
1
0
1
0
0
0
0
0
0
1
.6........7.....6.4
.36.......51237.62.
.4..7.3.....2.78381
5....2.5.....86....
0
1
.6........7.....6.4
.36.......51237.62.
.4.77.3.....2.78381
5....2.5.....86....
0
0
0
0
2
0
1
47
0
4
0
0
0
0
0
1
0
1
0
0
0
0
1
5
.6.3......7.....6.4
.36.......51237.62.
.4.77.3.....2.78381
5....2.52....86....
0
1
0
1
0
1
1
1
0
0
0
0
1
0
1
0
1
41
0
1
1
0
0
1
0
0
1
0
0
0
0
1
1
38
0
1
37
1
0
1
8
0
0
2
0
1
0
0
0
0
1
0
0
1
1
0
1
0
1
0
0
1
0
0
0
0
1
0
1
1
0
0
2
0
8
0
0
0
0
1
0
1
0
0
0
0
0
0
0
0
1
0
0
1
0
0
1
0
0
0
0
1
0
0
24
0
0
0
1
0
1
0
0
1
0
0
1
0
1
0
0
0
20
0
1
0
0
0
0
0
0
0
0
1
1
0
0
1
1
1
46532.847.77.24.6.4
736.2.66..512376627
83677.3364742.78381
5146.2.52855.86532.
1
1
0
0
0
13
0
0
0
0
0
13
46532.847.77.24.6.4
736.2.665.512376627
83677.3364742.78381
5146.2.52855586532.
0
0
1
0
13
1
0
0
0
0
0
0
0
0
0
1
0
0
0
12
0
10
11
0
0
1
