OK 1
1
1
0
0
1
1
1
1
1
1
1
0
1
3
1
1
1
1
1
1
0
1
0
1
202
1
1
1
1
1
1
0
1
0
1
1
1
1
0
0
1
0
1
1
191
1
1
1
1
0
2
0
0
1
1
0
1
1
1
1
1
182
1
1
1
0
1
4
0
0
179
1
21.8......4
...........
....8......
.6...1.3...
........1..
......5....
...........
..........4
...........
...7...2..6
.........3.
.......1...
..4....5.3.
2.....6.565
........3..
4.7..7.....
.7.1..161..
..2........
.7.....27.4
7..2...22..
1
0
0
1
0
0
1
6
1
1
0
1
0
0
0
172
1
0
1
1
1
1
0
4
0
0
1
0
1
0
1
6
1
1
0
1
1
1
1
0
159
1
0
1
1
1
1
1
0
1
153
0
0
1
0
1
10
1
1
1
1
1
0
1
1
1
1
0
0
21.8......4
.........8.
.1..8......
.6...1.3..7
.......61..
3.....5....
....2......
........6.4
2..7...34..
8.77...2..6
...3.....38
5.2..1.1..3
..4.3..5.3.
26.4.76.565
4.......36.
457.57.1...
.721..161..
7.2........
.7.....2754
76627..22..
0
0
144
1
0
0
0
0
1
1
21.8......4
.........8.
.1..8......
.6...1.3..7
.......61..
3.....5....
....2......
......6.6.4
2..7...34..
8.77...2..6
...3.....38
5.2..1.1..3
..4.3..5.3.
26.4.76.565
4.2...6.36.
457.57.1...
.721..161..
7.2........
.7.....2754
76627..22..
0
1
1
0
0
10
0
0
1
0
0
8
1
0
138
1
0
0
13
1
1
21.8......4
.........8.
.1..8......
.6...1.3..7
.......61..
3.7...5....
....2......
......6.6.4
2..7...34..
8.77...2..6
...3.....38
5.2..1.1..3
..4.3..5.3.
26.4.767565
4.2...6.36.
457.57.1..8
.721..161..
7.2........
37.....2754
76627..22..
1
1
1
1
21.8......4
.........8.
.11.8......
.6...1.3..7
.......61..
3.7...5....
....2......
......6.6.4
2..7...34..
8.778..2..6
...3.....38
5.2..1.1..3
..4.3..5.3.
26.4.767565
4.2...6.36.
457.57.1..8
.721..161..
7.2...1....
37.....2754
76627..22.8
1
1
0
11
0
0
0
0
0
0
1
8
0
1
0
11
1
0
0
1
0
1
1
0
0
0
1
1
0
1
1
1
1
120
0
0
0
1
0
0
12
1
1
0
0
1
1
1
1
21.8......4
8........8.
.11.8......
.6...1.3..7
.......61..
3.7...5.6..
3...2......
......6.6.4
2..7...34..
8.778.52..6
.3.3..2..38
5.2.21.15.3
..4.3..543.
26.45767565
4.2..46.36.
457457.2.88
.721..161.2
7.25..1....
37...2.2754
766278.22.8
0
0
1
0
0
0
0
0
0
0
1
114
1
0
0
1
0
1
0
0
1
0
0
1
1
0
13
1
0
0
0
0
0
0
1
1
106
1
0
0
0
18
0
0
0
0
0
0
0
0
0
1
0
0
0
0
0
0
1
0
1
0
0
15
1
0
0
1
13
18
0
1
21.8......4
81.......8.
.11.8......
.6...1.3..7
......561..
3.7...5.6..
3...2...3..
..41.36.6.4
2..7.3.34..
8.778852.76
.3.3..2..38
5.2.21.1563
8.4.3..543.
26.45767565
482..46.36.
457457.2.88
.721.4161.2
4.25..1....
37...2.2754
766278.2288
0
0
0
0
1
21.8......4
81.......8.
.11.8......
.6...1.3..7
......561..
3.7...5.6..
3...2...3..
..41.36.6.4
2..7.3.34..
8.778852.76
.3.3..2..38
5.2.21.1563
8.4.3..543.
26.45767565
482..46.36.
457457.2.88
.721.4161.2
4.25..1....
37..62.2754
766278.2288
0
0
0
0
1
0
0
0
0
0
0
13
100
0
0
0
0
100
0
21.8......4
81.......8.
.11.8......
.6...1.3..7
......561..
3.7...5.6..
3...2...3..
.141.36.6.4
2..7.3.34..
8.778852.76
.3.3..2..38
5.2.21.1563
8.4.3..543.
26.45767565
482..46.36.
457457.2.88
.721.4161.2
4.25..1....
37..62.2754
766278.2288
0
0
0
0
100
0
100
1
0
15
0
0
21.8......4
81.......8.
.11.8......
.6...1.3..7
......561..
3.7...5.6..
3...2...3..
.141.36.6.4
2..7.3.34..
8.778852.76
.3.3..2..38
5.2.21.1563
8.4.3..543.
26.45767565
482..46.36.
457457.2.88
.721.4161.2
4.25..1....
37..62.2754
766278.2288
1
1
0
0
0
1
21.8......4
81.......8.
.11.8......
.6...1.3.47
......561..
3.7...5.6..
3...2...3..
.141.36.6.4
2..7.3.34..
8.778852.76
.3.3..2..38
5.2.21.1563
8.4.31.543.
26.45767565
482..46.36.
457457.2.88
.721.4161.2
4.25..1....
37..62.2754
766278.2288
0
0
16
1
0
97
21.8......4
81.......8.
.11.8......
.6.7.1.3.47
......561..
3.7...5.6..
3...2...3..
.141.36.6.4
2..7.3.34..
8.778852.76
.3.3..2..38
5.2.21.1563
8.4.31.543.
26.45767565
482..46.36.
457457.2.88
.721.4161.2
4.25..1....
37..62.2754
766278.2288
0
1
1
0
0
96
0
0
1
21.8......4
81.......8.
.11.8......
.6.7.1.3.47
......561..
3.7...5.6..
3...2...3..
.141.36.6.4
2..7.3.34..
8.778852.76
43.3..2..38
5.2.21.1563
8.4.31.543.
26.45767565
482..46.36.
457457.2.88
1721.4161.2
4.25..1....
37..62.2754
766278.2288
0
0
1
0
0
0
0
16
1
1
0
0
0
13
0
0
0
0
0
0
0
0
0
13
0
0
1
0
1
0
0
0
0
1
1
0
90
0
1
0
0
0
0
0
0
0
0
0
0
1
0
0
0
15
0
21.8......4
81.......8.
.11.8......
.627.1.3.47
7.....561..
3.7...5.6..
3...2...3..
.141.3616.4
2..7.3.34..
8.778852.76
4353..2..38
5.2.2161563
884.31.543.
26.45767565
482..46.36.
457457.2.88
1721.4161.2
4.25..1....
37..62.2754
766278.2288
0
0
21.8......4
81.......8.
.11.8......
.627.1.3.47
7.....561..
3.7...5.6..
3...2...3..
.141.3616.4
2..7.3.34..
8.778852.76
4353..2..38
5.2.2161563
884.31.543.
26.45767565
482..46.36.
457457.2.88
1721.4161.2
4.25..1....
37..62.2754
766278.2288
0
0
0
1
0
0
0
21.8......4
81.......8.
.11.8..1...
.627.1.3.47
7.....561..
3.7...5.6..
3...2...3..
.141.3616.4
2..7.3.34..
8.778852.76
4353..2..38
5.2.2161563
884.31.543.
26.45767565
482..46.36.
457457.2.88
1721.4161.2
4.25..1....
37..62.2754
766278.2288
1
0
0
0
0
87
0
17
87
0
0
0
0
1
1
1
21
0
0
0
0
0
0
0
0
0
1
20
0
83
0
83
0
21.8.2....4
81.......81
.11.8..1...
.627.123.47
7.....561..
3.7...5.6..
3...2...3.1
.141.3616.4
2..7.3.34..
8.778852.76
4353..2..38
5.2.2161563
884.31.543.
26.45767565
482..46.36.
457457.2.88
1721.4161.2
4.25..1....
374.62.2754
766278.2288
0
0
0
0
0
0
83
0
0
0
0
83
0
0
0
1
18
21.8.2....4
81.......81
.11.8..1...
.627.123.47
7.....561..
3.7...5.6..
3..72...3.1
.141.3616.4
2..7.3.34..
8.778852.76
4353..2..38
5.2.2161563
884.31.543.
26.45767565
482..46.36.
457457.2.88
1721.4161.2
4.25..1....
374.62.2754
766278.2288
0
0
0
0
1
1
21.8.2....4
81.......81
.11.8..1...
.627.123.47
7.....561..
3.7...5.6..
3..72..23.1
.141.3616.4
2..7.3.34..
8.778852.76
4353..2..38
5.2.2161563
884.31.543.
26.45767565
482..46.36.
457457.2.88
1721.4161.2
4.25..1....
374.62.2754
766278.2288
0
0
17
0
0
0
1
0
18
0
0
1
0
0
0
1
0
1
0
1
0
0
0
0
0
18
1
77
1
21.8.2....4
81....1..81
.11.8..1...
.627.123.47
74....561..
387...5.6..
3..72..23.1
.141.3616.4
2..723.34..
8.778852.76
4353..2..38
5.2.2161563
884.31.543.
26.45767565
482..46.36.
457457.2.88
1721.4161.2
4.25..1..3.
374.62.2754
766278.2288
0
0
0
0
0
21.8.2....4
81....1..81
.11.8..1...
.627.123.47
74....561..
387...5.6..
3..72..23.1
.141.3616.4
2..723.34..
8.778852.76
4353..2..38
5.2.2161563
884.31.543.
26.45767565
482..46.36.
457457.2.88
1721.4161.2
4.25..1..3.
374.62.2754
766278.2288
1
1
0
21
0
0
0
1
0
0
0
1
74
0
0
74
0
0
0
0
0
1
0
1
0
0
0
0
73
1
0
0
73
0
0
0
1
0
72
0
0
0
18
0
1
0
0
1
0
0
0
0
0
0
0
18
1
0
21
21.8.24...4
81....1..81
.11.8..1...
.627.123.47
74....561..
387...5.6..
3..72..2341
.141.3616.4
2..723.34..
8.778852.76
4353..23.38
5.282161563
884.31.543.
26.45767565
482..43.36.
45745752.88
1721.4161.2
4.25..1..3.
374.62.2754
766278.2288
0
0
0
1
70
0
0
0
1
19
1
0
0
0
68
0
0
0
0
0
0
0
1
0
67
21.8.24...4
8174..1..81
.11.8..1...
.627.123.47
74....561.7
387...5.6..
3..72..2341
.141.3616.4
2..723.34..
8.778852.76
4353..23.38
5.282161563
884.31.543.
26.45767565
4828.43.36.
45745752.88
1721.4161.2
4.25..1..3.
374.62.2754
766278.2288
0
1
0
0
0
1
19
0
0
0
1
0
1
0
65
0
0
0
19
0
0
0
1
1
21.8.24...4
8174..1..81
.11.8..1...
.627.123.47
74....561.7
387...5.6..
35.72..2341
.141.3616.4
2..723334..
81778852.76
4353..23.38
5.282161563
884.31.543.
26.45767565
4828.43.36.
45745752.88
1721.4161.2
4.25.51..3.
374.62.2754
766278.2288
1
0
0
0
0
0
0
0
0
0
17
62
0
1
0
0
61
0
1
0
1
23
0
0
21.8824...4
8174..1..81
.11.8..16.6
.627.123.47
74....561.7
387...5.6..
35.72..2341
.141.3616.4
21.723334..
81778852.76
4353..23.38
5.282161563
884.31.543.
26.45767565
4828.43.36.
45745752.88
1721.4161.2
4.25.51..3.
374.62.2754
766278.2288
0
0
0
1
0
58
0
0
0
23
0
0
0
0
0
19
0
0
0
0
0
1
0
0
1
0
0
57
0
57
0
0
0
17
1
0
0
1
0
1
0
23
0
0
55
0
0
0
1
21.8824.6.4
8174.51..81
.11.8..16.6
.627.123.47
74....561.7
387...5.6..
35.72..2341
.141.3616.4
216723334..
81778852.76
4353..23.38
5.282161563
884.11.543.
26.45767565
4828.43136.
45745752.88
1721.4161.2
4.25.51..3.
374.6212754
766278.2288
0
0
0
0
0
0
0
54
0
0
0
0
0
0
1
0
0
0
0
0
0
0
0
0
0
1
0
52
21.8824.6.4
8174.51..81
.1168..16.6
.627.123.47
74....561.7
387...566..
35.72..2341
.141.3616.4
216723334..
81778852.76
4353..23.38
5.282161563
884.11.543.
26.45767565
4828.43136.
45745752.88
1721.4161.2
4.25.51..3.
374.6212754
766278.2288
0
0
0
52
0
0
0
0
0
0
0
0
0
0
20
0
0
0
0
0
0
1
0
0
0
0
1
50
