OK 1
1
1
0
1
1
2
1
1
1
0
1
1
0
1
0
1
1
1
0
0
1
3
0
37
0
1
1
1
0
6
1
1
0
1
0
0
1
1
1
1
112.21..2.
211.......
3...21..32
.33....2..
3..3...2..
0
6
0
0
1
1
0
0
1
0
0
1
0
1
0
0
112121..2.
211.......
3...21..32
.33...122.
33.3...2..
0
1
0
0
0
1
0
1
1
1
0
0
11
0
0
0
0
1
1
0
1
0
1
12
0
0
0
1
1
19
1
1
0
1
0
0
1
0
1
1
0
112121..2.
21113..13.
33..21..32
1232331222
33.1.222..
0
0
0
1
0
0
0
0
15
13
0
0
0
0
1
0
0
0
0
0
1
0
1
1
0
0
0
0
17
0
0
0
10
0
0
0
0
0
0
12
0
0
0
10
0
0
0
0
0
0
0
12
0
1
112121.22.
21113.313.
332.21..32
1232331222
33.1.22222
0
0
1
0
11
1
0
0
0
0
0
0
0
0
0
0
0
1
0
0
0
13
