OK 1
1
1
0
1
1
0
1
1
0
1
0
1
1
0
...21.233.
..........
...2......
.......1..
..........
......3...
1.........
0
0
1
0
1
1
4
1
0
0
1
1
55
1
5
1
0
1
0
1
1
1
0
0
0
1
0
1
0
0
0
0
1
1
1
0
46
1
0
9
1
1
1
1
0
1
1
0
0
0
7
1
1
0
0
1
0
0
14
0
1
0
0
11
0
0
1
1
1
0
12
0
0
0
0
0
0
34
0
1.221.233.
1..2..12..
.2.23.2.3.
331.1..1..
.12.2..2.2
.3.1213.22
1...3.1...
0
1
0
1
16
0
0
1
31
0
1.221.233.
1..2..12.2
.2.23.2.3.
331.1..1..
.12.2..2.2
.3.1213.22
1.1.311...
1
1
29
1
1.2213233.
1..2..12.2
.2.23.2.3.
331.1..1..
.12.2..232
.3.1213.22
1.1.311...
0
1
0
0
1
1
1
0
1
0
1
0
0
0
0
0
1
0
1
0
0
0
0
0
1
1
1
0
1.2213233.
1.12.112.2
22.23.2.3.
33131..1.1
.1232..232
13.1213.22
1.1.31131.
0
1
0
0
0
0
1
0
0
0
0
1
0
0
18
0
15
0
0
0
1.2213233.
1212.112.2
22.2332.3.
33131..1.1
.1232.1232
13.1213.22
1.1.31131.
1
1.2213233.
1212.112.2
22.2332.3.
33131..111
.1232.1232
13.1213.22
1.1.31131.
0
18
1
0
1
0
0
0
0
0
0
1
0
0
15
0
0
15
1.2213233.
1212.112.2
22.2332.3.
33131..111
.1232.1232
13.1213.22
1.1131131.
0
1
0
1
23
0
0
14
0
0
1
0
0
0
0
0
0
0
15
1.2213233.
1212.112.2
22.2332.3.
33131..111
.1232.1232
13.1213.22
1.11311311
0
0
1.2213233.
1212.112.2
22.2332.3.
33131..111
.1232.1232
13.1213.22
1.11311311
14
0
0
0
14
0
0
1
0
15
0
0
0
0
0
0
0
1.2213233.
1212.112.2
22.2332.3.
33131..111
.1232.1232
13.1213.22
1.11311311
0
0
1
0
0
0
0
0
0
1
24
0
