OK 1
1
..........
..........
..........
..........
..........
..........
...1......
..........
1
1
1
1
1
1
1
0
1
0
1
1
1
1
0
1
0
1
1
1
1
1
0
61
1
1
1
0
1
0
1
1
1
0
54
1
0
1
1
1
1
0
1
0
1
1
1
1
0
0
0
0
1
44
0
5
1
1
1
1
0
1
....1.3...
..3.3.11..
..13213..4
1.41.3....
1.42.113..
.4.3..1434
44.13432..
..2.1.3.2.
0
0
1
....1.3...
..3.3.11..
..13213..4
1.41.3....
1.42.113..
.4.3..1434
44.13432..
..2.1.3.2.
0
1
0
40
0
1
1
0
0
6
38
0
12
1
0
0
1
16
0
0
0
0
37
0
0
37
16
1
1
1
14
1
1
33
0
1
0
0
0
18
0
1
0
0
0
1
1
0
0
0
0
1
0
1
28
0
8
1
0
0
0
27
0
1
9
0
0
0
1
0
25
1
0
0
0
1
1
12
0
0
23
0
0
1
0
1
0
1...1.334.
333.3.11..
4.132134.4
1.4123...1
11421113..
1433221434
434134323.
1.2.1.3124
0
0
0
1
0
1
0
0
18
0
20
0
1
0
0
1...1.334.
333.3.11..
4.132134.4
1.4123...1
11421113.2
1433221434
434134323.
1.2.1.3124
0
0
0
0
0
1
1...1.334.
333.3.11.2
4.132134.4
1.4123...1
11421113.2
1433221434
434134323.
1.2.1.3124
19
0
1
0
0
1
1...1.334.
333.3112.2
4.132134.4
1.4123...1
11421113.2
1433221434
434134323.
1.2.1.3124
0
0
18
0
0
0
0
0
1
0
0
0
17
1
0
11
0
0
1
0
0
0
0
1...1.334.
333.3112.2
4.132134.4
1.4123.4.1
11421113.2
1433221434
434134323.
1.2.133124
0
0
1
0
0
0
0
0
0
0
0
1
0
0
0
1
0
1
0
1
0
1.2.13334.
333.3112.2
4.132134.4
134123.4.1
1142111312
1433221434
434134323.
1.2.133124
0
0
0
0
0
0
1
0
0
0
0
1
0
1
0
1
0
9
0
0
0
14
9
1
0
0
1
0
8
0
0
0
0
1
24
7
0
0
0
0
0
0
7
0
13
0
0
0
0
1
0
1
0
0
0
0
7
0
