OK 1
0
1
1
0
0
0
1
1
0
...5
....
....
....
....
....
...2
....
....
....
1...
....
.2..
1
1
1
0
1
1
1
1
1
0
1
1
0
41
1
1
1
1
1
0
0
.3.5
....
..5.
....
2.5.
....
...2
....
....
.135
1.2.
11..
42.2
0
0
1
0
0
0
0
1
1
1
1
0
31
0
0
1
1
0
1
28
1
0
0
0
0
0
2
0
1
0
0
1
1
1
1
1
0
0
0
1
0
1
0
0
0
0
0
0
1
0
1
0
1
33.5
.4..
125.
..52
235.
.3..
44.2
252.
.134
3135
112.
11.2
4222
0
0
0
0
1
0
0
0
0
1
7
15
0
0
33.5
.4..
125.
..52
235.
.3..
44.2
252.
.134
3135
112.
1152
4222
0
0
15
1
0
1
14
0
1
13
0
0
0
0
0
5
0
8
1
0
8
0
13
1
0
0
0
0
0
1
0
0
0
0
1
0
1
0
0
0
1
0
0
0
10
0
33.5
541.
1255
.452
235.
.3..
44.2
252.
.134
3135
1121
1153
4222
0
0
33.5
541.
1255
.452
235.
.3..
44.2
252.
.134
3135
1121
1153
4222
0
0
0
0
33.5
541.
1255
.452
235.
.3..
44.2
252.
.134
3135
1121
1153
4222
1
0
1
8
0
0
1
0
7
0
0
0
0
0
0
0
0
0
1
0
0
0
6
0
0
1
5
