OK 1
1
1
1
1
1
1
1
1
1
3
0
1
1
4
1
0
0
1
1
0
0
1
0
1
0
1
1
34......
....1.4.
11......
3.....4.
..1...32
.2......
2.3..2..
1
34......
....1.4.
11......
3....34.
..1...32
.2......
2.3..2..
0
0
1
1
1
1
0
37
1
0
1
1
0
0
1
1
0
1
0
1
1
0
0
0
0
0
1
1
8
29
1
1
0
34..3.3.
..1.1.4.
11..24..
3....34.
.414.132
22.323..
2.3..2.2
1
7
1
25
0
0
1
1
1
0
0
0
1
1
0
0
0
0
0
0
1
0
1
0
0
0
0
0
1
0
0
0
0
0
0
0
0
1
0
1
1
0
0
1
34413.3.
..1.1.4.
11..244.
3..21343
14143132
223323..
313..212
0
0
0
0
11
0
1
1
0
0
14
1
0
0
0
0
13
0
0
10
0
13
1
0
0
0
0
12
0
9
0
10
12
0
0
0
0
0
0
14
0
0
0
0
0
0
0
0
0
0
1
0
1
0
0
0
0
0
3441343.
..1.144.
11.32442
3..21343
14143132
2233232.
313..212
0
0
1
0
0
0
0
0
1
0
0
0
0
0
