OK 1
1
1
1
1
0
1
1
1
1
0
1
42
0
1
41
0
0
1
4
1
1
0
4
0
1
1
1
1
1
1
0
0
1
..4...
.2....
23....
2...11
...2.1
.1..3.
341...
.333..
0
31
1
1
0
0
0
29
0
29
0
0
1
0
1
0
0
1
1
1
0
1
0
1
0
0
0
.34...
422...
23...1
2..311
.1.2.1
.1..34
341...
3333..
0
1
0
0
1
0
0
0
0
1
0
0
0
1
0
1
0
1
1
0
1
0
0
0
0
0
1
13
15
0
1
0
0
0
0
0
0
1
0
0
0
0
3343..
422.2.
23.143
22.311
41.2.1
.14234
341...
33333.
0
0
0
3343..
422.2.
23.143
22.311
41.2.1
.14234
341...
33333.
0
0
0
0
0
13
0
0
0
3343..
422.2.
23.143
22.311
41.2.1
.14234
341...
33333.
0
0
0
13
0
0
0
13
0
0
1
0
13
12
0
0
7
12
0
0
0
1
1
1
0
0
0
3343..
422.2.
23.143
223311
41.2.1
314234
341..2
33333.
1
10
0
3343..
422.2.
232143
223311
41.2.1
314234
341..2
33333.
0
0
0
1
0
0
15
1
8
7
0
0
0
11
0
0
0
11
0
0
1
