OK 1
0
0
0
1
1
0
1
1
1
1
0
1
0
1
133
1
1
1
1
1
1
0
0
1
1
0
0
1
0
1
1
122
..2..2.
.......
...8...
.......
.......
3...7..
.......
.....6.
.......
4......
.......
....56.
....7..
....4.5
.....8.
..8...8
...5...
.......
......6
...3...
1
..2..2.
.......
...8...
.......
.......
3...7..
.......
.....6.
.......
4......
.6.....
....56.
....7..
....4.5
.....8.
..8...8
...5...
.......
......6
...3...
0
1
0
0
120
1
119
1
1
1
1
1
115
..2..2.
.......
.8.8...
.....3.
.......
3...7.4
.......
.....6.
.......
4......
.6.....
....56.
....7..
....4.5
3....82
..8...8
..55...
.......
......6
...3...
1
1
1
0
1
111
..2..2.
...7...
.8.8...
.....3.
.......
3...7.4
.......
.....6.
.......
4......
66.....
....56.
....7..
....4.5
3....82
..8...8
.855.7.
.......
......6
...3...
1
0
1
0
1
108
0
1
0
1
1
0
1
1
0
0
1
102
1
1
1
..2..2.
...7...
.8.8...
.....3.
....1..
3...7.4
.5.....
.....6.
..7....
4......
66...12
...256.
....7..
....4.5
3....82
..8.3.8
.855.73
...7...
......6
62.3..4
1
1
1
0
97
0
6
0
0
1
1
0
1
0
6
95
0
0
0
1
1
0
1
0
0
7
1
0
1
.32..2.
...72..
.8.8...
.....3.
....1..
34..784
.5.....
..4..6.
..7....
4......
66...12
...256.
....7.7
....4.5
3....82
..8.3.8
.855.73
..37...
....5.6
62.3..4
0
91
0
0
1
1
2
89
0
0
0
8
0
0
0
0
1
0
7
0
1
1
.32..2.
...72..
.8.8...
.....3.
....1..
34..784
.5.....
..4..6.
..7...6
4......
66...12
...256.
....7.7
....4.5
3....82
..8.3.8
.855.73
.837...
.88.5.6
62.3..4
0
2
0
87
1
1
0
0
0
0
1
0
1
1
0
0
2
0
1
1
0
0
1
7
79
0
0
1
0
0
78
1
0
0
1
1
0
1
1
0
0
1
0
0
1
0
0
2
0
10
1
0
0
1
0
0
72
0
0
0
1
0
0
0
1
0
0
0
0
0
6
1
.32..2.
6..72..
.878...
4....3.
....1..
34..784
.5.....
..4..6.
4.78..6
4.....7
662..12
...256.
.32.7.7
.3..465
3....82
4.883.8
.855.73
.837.32
.88.5.6
62832.4
0
1
1
1
1
0
1
0
.32..2.
6..72..
.878...
4..7.3.
....18.
34..784
.5.....
..4..6.
4.78..6
4...8.7
662..12
...256.
.32.7.7
.37.465
3....82
4.883.8
.855.73
.837.32
.88.5.6
62832.4
0
1
0
1
1
7
1
1
1
0
15
0
1
0
0
0
0
0
0
1
1
1
57
0
1
1
0
0
0
0
1
0
1
1
0
0
0
0
0
1
1
0
1
0
0
0
0
1
0
52
0
12
0
0
0
1
0
1
0
1
1
0
0
0
1
0
1
0
0
0
1
0
0
0
732..26
6..72.8
6878.43
43.7.3.
6..418.
34..784
.5...3.
..4..6.
4.78.16
4...8.7
6622.12
7..256.
.32.7.7
.37.465
35..182
4888358
1855.73
6837.32
788.5.6
62832.4
0
0
46
0
1
0
45
0
0
0
0
1
0
0
0
1
0
0
44
1
0
0
0
0
0
1
1
0
0
43
0
0
1
13
0
0
42
0
0
1
1
0
0
0
1
1
0
0
0
0
0
1
1
0
1
0
0
0
0
0
20
0
0
1
0
0
1
0
1
0
0
1
33
0
14
0
20
0
0
0
14
0
0
0
0
1
0
0
0
0
0
1
0
0
0
0
0
0
0
33
0
1
0
0
0
0
0
0
732..26
6.87238
6878.43
43.7.3.
6..418.
34.5784
55...36
..4466.
4.78.16
4.2.8.7
6622.12
7..2564
.32.787
837.465
35.4182
4888358
1855.73
6837.32
7885526
62832.4
0
0
0
732..26
6.87238
6878.43
43.7.3.
6..418.
34.5784
55...36
..4466.
4.78.16
4.2.8.7
6622.12
7..2564
.32.787
837.465
35.4182
4888358
1855.73
6837.32
7885526
62832.4
0
1
732..26
6.87238
6878.43
43.7.3.
6..418.
34.5784
55...36
..4466.
4.78.16
422.8.7
6622.12
7..2564
.32.787
837.465
35.4182
4888358
1855.73
6837.32
7885526
62832.4
0
0
1
1
1
0
1
0
0
0
0
1
0
0
0
1
0
0
0
1
0
0
11
0
0
0
28
0
0
0
1
0
0
0
27
0
0
27
0
1
0
0
0
0
0
0
0
0
0
0
0
0
0
1
0
0
0
0
1
0
0
0
0
0
0
1
0
1
0
1
21
0
0
0
0
0
0
0
1
1
0
0
0
0
1
0
1
0
0
20
0
0
0
0
0
732..26
6.87238
6878643
43.7.34
61.418.
34.5784
55...36
..44661
4.78.16
422.8.7
6622.12
7..2564
4327787
837.465
3554182
4888358
1855873
6437.32
7885526
6283234
0
0
0
0
1
0
0
