OK 1
1
1
1
1
1
1
43
0
1
1
1
3
0
1
1
1
37
1
0
36
0
0
1
0
36
0
0
1
0
35
1
0
0
2
0
0
1
1
0
1
4..4
...3
.2..
1.3.
.12.
.4.2
.2..
...3
.1..
2...
.1.1
....
0
3
1
1
0
31
1
1
0
1
0
1
0
1
1
1
0
0
4..4
...3
42..
1.3.
.12.
44.2
12..
..33
.1.2
2..4
.131
....
1
24
4..4
...3
42..
1.3.
.12.
4432
12..
..33
.1.2
2..4
.131
....
1
1
0
1
0
0
21
0
1
7
1
0
20
0
1
1
1
1
16
1
0
0
1
0
6
0
0
0
0
0
0
0
0
0
4..4
...3
42.4
1.3.
212.
4432
121.
.333
41.2
2324
3131
..1.
0
1
8
0
0
0
10
0
0
0
0
14
0
0
0
0
1
0
4..4
...3
42.4
1.3.
212.
4432
121.
.333
4132
2324
3131
3.1.
0
0
0
0
0
1
0
0
0
4
0
1
1
0
1
0
0
4..4
...3
42.4
1.3.
2122
4432
121.
.333
4132
2324
3131
3.13
0
0
0
0
0
4..4
...3
42.4
1.3.
2122
4432
121.
.333
4132
2324
3131
3.13
0
0
1
0
0
0
1
0
0
0
1
10
0
0
0
1
0
0
0
0
0
0
8
1
10
9
0
0
0
1
0
0
1
11
0
0
0
4..4
...3
4214
1.3.
2122
4432
121.
1333
4132
2324
3131
3113
0
0
