OK 1
1
0
0
1
1
1
1
1
57
1
1
1
1
1
1
1
1
1
.......
.1.....
.2..13.
..4....
247....
.1...6.
..4.5..
......3
..4..7.
0
0
1
0
1
0
1
0
1
0
1
1
0
.......
.1.....
.2..13.
..4...3
247....
.1..66.
.44.5..
1....23
..4..7.
0
1
.......
.1.....
.2..13.
..4...3
247....
.1..66.
.44.5..
1....23
..4..7.
1
1
0
0
1
1
0
1
1
1
1
1
0
0
1
0
1
7
1
0
0
0
1
0
0
1
1
0
0
7
..6...4
.1.7...
625513.
..4.763
2411...
11..664
.44.5..
1...223
..4..7.
0
1
5
1
4
0
1
0
29
0
0
0
0
1
28
1
0
1
5
0
27
1
0
3.6...4
51.7...
625513.
2.4.763
2411...
11..664
.44.52.
1...223
3.4..7.
0
0
0
1
7
0
0
5
0
7
0
0
1
0
1
1
0
0
1
1
0
0
1
1
1
0
0
1
0
0
19
0
1
0
18
1
1
0
3
0
0
0
1
0
0
0
0
0
1
0
1
1
5
0
0
326...4
51.7..1
6255136
264.763
2411615
1131664
.44352.
12.5223
3.4..77
0
0
3
0
0
0
0
0
0
0
0
0
1
0
0
0
0
1
0
0
0
326...4
51.7.51
6255136
264.763
2411615
1131664
.44352.
12.5223
3.4..77
0
0
0
7
0
0
0
1
1
0
4
1
0
0
0
0
0
0
0
0
0
0
0
0
4
0
0
0
0
326...4
51.7651
6255136
264.763
2411615
1131664
.44352.
12.5223
3.4..77
0
0
7
0
0
0
0
0
1
0
326...4
51.7651
6255136
264.763
2411615
1131664
.44352.
1225223
3.4..77
0
0
0
1
0
0
0
3
0
0
0
0
9
0
0
0
0
0
0
0
0
0
