OK 1
0
1
0
1
1
1
1
1
0
1
1
1
1
.....4....
2.....2...
3.........
.....4....
.......4..
.4......53
0
0
1
1
1
1
1
0
1
1
1
5
1
1
0
5
0
0
0
5
1
1
1
1
0
0
0
1
1
0
1
0
1
1
1
1
1
1
7
1
1
1
1
1
5
1
1
0
1
0
1
0
0
1
0
0
1
0
1
1
1
23
0
0
1
0
0
0
1
0
21
0
0
0
0
10
0
0
1
0
0
3....4.55.
2253.22..3
34.214343.
213124545.
241.15.41.
.4.43...53
1
0
19
0
0
1
0
0
0
0
1
0
1
0
0
8
1
10
1
1
0
0
0
0
16
1
0
0
10
0
0
0
16
0
1
0
0
0
0
0
0
15
1
0
0
0
0
9
5
1
14
1
1
0
0
3...44.55.
2253222..3
3452143434
213124545.
241.155414
.4343...53
1
12
0
0
0
0
0
1
0
0
0
0
0
0
12
0
1
0
11
0
0
10
0
0
0
1
0
0
0
0
0
0
0
0
0
7
0
0
3...44.551
2253222..3
3452143434
213124545.
241.155414
.4343.2.53
0
4
1
1
0
0
0
0
0
0
0
0
0
1
0
0
0
0
1
