OK 1
1
1
1
1
0
1
0
1
1
3
1
1
.........1
...1......
....2.....
...21.....
6.........
..........
..........
..........
1
1
1
1
1
1
0
1
1
1
0
1
64
1
3
1
1
0
1
3
0
0
0
0
1
1
1
1
0
1
0
1
1
0
0
1
0
1
5
53
1
0
1
1
0
1
1
49
1
0
1
0
1
0
1
0
0
1
0
0
1
0
0
0
0
6
1
0
5
0
0
6
1
0
1
1
0
1
39
0
0
0
0
0
1
0
1
0
1
1
35
0
1
0
1
0
0
33
0
1
1
0
1
0
0
0
0
0
31
1
7
31
0
1
0
1
0
8
0
1
0
1
0
0
0
1411152131
5.51441...
554.2552..
.5.21662.3
63515...4.
4.3.216.43
.26...3..5
66..6.2..6
1
0
0
1
0
7
0
1411152131
5.514413..
554.2552..
.5.21662.3
63515...4.
423.216.43
.26...3..5
66..6.2..6
0
0
0
26
1411152131
5.514413..
554.2552..
.5.21662.3
63515...4.
423.216.43
.26...3..5
66..6.2..6
0
0
0
0
0
26
1
0
0
0
0
0
0
0
9
25
1
1
0
0
0
0
0
0
0
0
0
0
0
7
1
0
0
0
1
0
0
0
0
0
0
1
0
1
1
0
0
0
12
0
0
0
0
0
1
0
1
0
14
0
0
0
0
1
1
0
0
0
0
0
0
0
0
0
0
1
0
0
10
0
0
1
0
0
0
0
0
0
0
0
1
0
0
0
1
0
0
0
0
1411152131
55514413..
55452552..
.5.2166253
63515...41
4265216.43
.26...32.5
662.6.2.46
0
0
0
0
0
1
0
0
0
0
0
1411152131
55514413..
55452552..
.5.2166253
63515...41
4265216.43
.264..32.5
662.6.2.46
0
0
0
0
5
10
0
0
1411152131
55514413..
55452552..
.5.2166253
63515...41
4265216.43
.264..32.5
662.6.2.46
1411152131
55514413..
55452552..
.5.2166253
63515...41
4265216.43
.264..32.5
662.6.2.46
0
0
