OK 1
1
1
1
.....
.....
.....
.....
.3..1
...2.
.....
.....
.....
1
1
1
0
0
0
1
0
0
0
1
1
0
36
.....
...3.
....3
.....
.3..1
...2.
...1.
2....
..3.2
0
.....
...3.
....3
.....
.3..1
...2.
...1.
2....
..3.2
1
0
1
1
1
0
5
0
0
1
0
32
1
.2...
...3.
.1..3
.....
.33.1
...1.
...1.
2..3.
..322
0
0
0
1
30
0
1
0
0
1
.2...
...3.
21..3
.....
.33.1
1..1.
...1.
2..3.
..322
1
0
0
1
0
0
0
1
0
0
1
0
1
0
1
1
0
0
0
1
8
0
0
0
22
1
32...
...31
213.3
1....
.3321
1..1.
...1.
2133.
..322
0
0
8
0
1
0
1
1
9
1
0
18
0
0
0
0
1
0
0
1
16
1
0
0
0
0
1
0
1
12
32..2
...31
21333
1..2.
.3321
13312
...1.
2133.
21322
0
0
32..2
...31
21333
1..2.
.3321
13312
...1.
2133.
21322
0
12
0
9
1
0
1
0
11
0
1
13
0
0
0
1
0
10
323.2
...31
21333
1..2.
33321
13312
.1.1.
21332
21322
1
1
0
323.2
...31
21333
1..21
33321
13312
21.1.
21332
21322
0
0
0
0
14
1
0
0
12
0
0
0
12
0
14
1
0
1
0
0
1
0
0
0
0
6
1
