OK 1
1
0
1
1
1
1
1
57
1
0
1
0
1
1
1
1
1
1
1
50
1
1
1
...1.....
11.....12
.11.2..2.
....1....
.1.2.2...
...2.....
.1....1..
0
1
11
0
6
1
0
1
12
45
...1..1..
11.....12
.11.2..2.
....1....
.1.2.2...
...21....
.1....1..
1
0
0
1
1
1
0
0
0
41
1
1
0
1
1
1
1
1
1
1
12
0
0
17
.111..1..
111....12
.11.2..2.
2...12...
1112.2..2
...21....
.1.2..122
1
1
1
13
0
0
1
0
1
0
1
1
0
0
0
0
1
1
0
0
0
0
0
0
26
1
0
1
0
20
1
0
20
0
0
0
0
0
0
0
24
0
0
0
1
0
0
0
1
0
22
0
0
22
0
1
20
0
0
22
1
0
0
0
0
0
0
1
1
0
0
0
1
0
0
0
0
0
0
17
0
1
0
2111111..
111..1212
211.22222
2..112...
1122.2..2
122212.22
2112..122
0
16
0
1
0
1
0
0
1
0
27
0
2111111..
111..1212
211.22222
2..112.2.
112222..2
122212.22
2112.1122
0
23
0
13
0
1
0
27
0
0
0
0
0
13
0
0
0
0
0
1
0
0
0
2111111..
111..1212
211.22222
2..112.2.
1122221.2
122212.22
2112.1122
0
0
27
0
0
12
1
0
11
0
0
0
0
1
0
0
0
29
0
0
0
0
0
0
0
0
0
1
0
0
0
0
0
0
