OK 1
1
1
0
1
1
1
1
250
1
3
1
1
1
1
1
1
1
243
1
0
1
1
1
1
1
1
1
1
1
1
1
1
1
1
0
1
1
.............1..
22...3..........
2...............
....3.......1...
.........3....2.
.1..1...........
.1....2........3
.....1..........
...1.........3..
..33.......3.1..
..............1.
........2....2..
...22...........
................
...3...2....2...
.............2..
1
1
1
1
.............1..
22...3..........
2...............
....32......1...
.........3....2.
.1..1...........
.1....2........3
.....1..........
...1.........3..
..33.......3.1..
....2.........1.
........2....2..
...22...........
................
..13...2....2...
.......1.....2..
1
1
1
1
0
1
0
1
1
0
1
0
0
1
1
1
0
1
0
0
210
0
1
209
1
0
1
1
1
1
204
0
1
1
1
...........3.1.2
22...3.........1
21.......3......
1.3.32......1...
.........3....2.
11..1...........
.1..332........3
.....1..........
...1.........3.3
3.33......33.122
....2.........11
2.......2....2..
.1.22.1.........
................
..13...2....2...
.....1.13....2..
1
1
1
1
1
1
1
0
1
1
1
0
21
..1........3.1.2
22..13......3..1
21.......3......
1.3.32......1...
.........3....2.
11..1...........
.1..332.......23
..3.11..........
...1.........3.3
3.33..2...33.122
....2.........11
2.......2....2..
.1.22.1.........
..............2.
..13...2....2...
...3.1.13....2..
0
1
1
0
1
0
1
190
1
0
189
0
1
1
1
0
0
1
1
0
0
23
1
1
1
1
1
1
1
0
0
1
28
0
1
28
1
1
1
0
1
1
1
1
0
1
1
0
1
167
1
1
0
1
0
1
30
1
1
0
1
0
1
0
..1..2.....3.1.2
22..13..2...3..1
21..1....3......
1.3.32..2..31...
.....3.2.3....2.
112.112...3.....
.1..332.....1323
.23311.....2.3..
..21........3313
3.33.12...33.122
....2..2......11
2.131...2.3..2.3
.1.22.1.........
......1.......2.
..13.1.2....23..
32.3.1.132...2..
1
158
0
..1..2.....3.1.2
22..13..2...3..1
21..1....3...2..
1.3.32..2..31...
.....3.2.3....2.
112.112...3.....
.1..332.....1323
.23311.....2.3..
..21........3313
3.33.12...33.122
....2..2......11
2.131...2.3..2.3
.1.22.1.........
......1.......2.
..13.1.2....23..
32.3.1.132...2..
1
..1..2.....3.1.2
22..13..2...3..1
21..1....3...2..
1.3.32..2..31...
.....3.2.3....2.
112.112...3.....
.1..332.1...1323
.23311.....2.3..
..21........3313
3.33.12...33.122
....2..2......11
2.131...2.3..2.3
.1.22.1.........
......1.......2.
..13.1.2....23..
32.3.1.132...2..
1
1
1
0
1
1
1
1
1
1
149
1
1
0
1
1
0
145
1
1
0
0
38
1
0
38
1
0
1
1
1
1
0
0
1
0
0
1
0
1
1
43
133
0
1
1
1
..1..2...1.3.112
22..131.2...32.1
21.11....3...22.
1.3.32..2..31...
3..1.3.2.3....2.
112.112...31.1..
21..332.1...1323
.23311..2..223..
..21...12...3313
3233.12...33.122
.1..21.2......11
2.131..12.33.2.3
.1.2231.........
1....11......22.
.313.132....23.3
32.3.1.132...2..
1
0
0
0
1
0
1
0
0
0
0
128
1
0
0
0
1
0
0
39
0
0
0
0
0
0
1
1
1
0
40
0
1
0
40
1
0
121
1
1
1
1
0
117
0
1
1
0
0
0
1
0
0
49
1
..12.2..31.3.112
22..131.2...32.1
21.112...3...22.
1.3.321.2..31...
3..1.3.2.3...22.
112.112...31.1..
21.1332.1..11323
.23311.22..223.2
..21...12...3313
3233212...33.122
.1..21.2......11
22131..12333.2.3
.1.22312..3.....
1....11......22.
.313.132.1..23.3
32.3.12132...2..
1
0
1
0
1
1
1
0
1
109
1
1
1
0
43
0
0
0
0
1
0
1
0
0
0
0
0
55
0
1
0
0
1
103
0
1
0
0
0
0
56
1
0
1
1
99
0
0
1
98
0
0
0
0
0
1
97
1
1
0
57
0
0
0
1
58
0
0
0
1
1
0
..12.2..31.3.112
22..131321..32.1
21.112..23...22.
1.3.321.2..31...
31.113.2.3.2.221
112.112.2.31.13.
21.1332.1.211323
.23311.22..223.2
3121...121..3313
3233212.3.33.122
31..21.2.1....11
22131.112133.2.3
11.22312..3...2.
1....11..2...22.
.313.132.1..23.3
32.3.121323.12..
1
0
0
0
0
0
0
0
0
57
0
0
0
91
0
57
0
91
1
1
58
0
0
1
0
0
0
88
1
0
1
1
0
0
1
61
1
0
0
1
0
0
1
0
1
0
0
1
0
1
0
0
0
0
0
1
0
1
0
78
..12.23.31.3.112
22..131321..32.1
21.112.3232..22.
1233321.22.31.2.
31.113.213.22221
112.112.2.31.13.
21.1332.1.211323
.23311.22..223.2
3121...1211.3313
3233212.3.33.122
31..21.231....11
22131.112133.2.3
11122312..3...2.
1....11..21..22.
.3131132.1..23.3
32.3.121323.12..
1
1
0
0
0
0
1
1
0
1
0
0
1
72
0
1
71
0
1
0
0
70
0
0
0
69
1
0
65
0
..12.23.3123.112
22.3131321..32.1
21.11223232..22.
1233321.22.31.2.
31.113.213.22221
112.112.2.31113.
2111332.1.211323
.23311.22..223.2
3121...1211.3313
3233212.3.33.122
31..21.231...211
22131.112133.2.3
11122312..3...2.
1....11.1211.22.
.3131132.1..23.3
32.3.121323.12.3
0
..12.23.3123.112
22.3131321..32.1
21.11223232..22.
1233321.22.31.2.
31.113.213.22221
112.112.2.31113.
2111332.1.211323
.23311.22..223.2
3121...1211.3313
3233212.3.33.122
31..21.231...211
22131.112133.2.3
11122312..3...2.
1....11.1211.22.
.3131132.1..23.3
32.3.121323.12.3
1
0
0
0
0
0
69
0
1
1
66
0
0
1
1
0
0
1
0
1
0
0
0
1
1
1
0
1
0
0
0
0
58
0
58
0
0
0
0
69
0
0
0
58
0
0
1
73
1
1
0
0
0
0
0
0
0
0
0
0
0
0
0
0
0
0
0
0
0
0
73
0
0
0
0
56
0
0
0
0
0
0
0
57
0
0
0
0
0
70
0
0
0
0
0
0
1
0
1
0
0
58
0
0
0
0
0
58
0
0
0
0
..12.23.3123.112
22.31313211.32.1
21.11223232.122.
1233321.22.31.22
31.1132213.22221
112.112.2331113.
2111332.13211323
.23311.221.223.2
3121...121123313
323321233.33.122
31..21.231.2.211
22131.112133.2.3
11122312..3...2.
1.22.1131211.22.
.313113231..23.3
32.3.121323112.3
0
1
0
0
58
0
0
0
73
0
0
0
0
0
0
0
0
0
0
0
0
0
0
0
73
0
0
0
0
0
0
0
0
0
0
0
0
0
0
0
1
0
0
0
0
1
0
0
0
0
0
60
0
0
0
0
0
1
1
50
0
0
0
0
0
1
0
0
1
1
0
61
0
1
0
3312.23.3123.112
22.31313211.32.1
21.11223232.122.
1233321.22.31322
31.1132213222221
112.112.23311121
2111332.13211323
.23311.221.223.2
3121...121123313
323321233.33.122
31..21.231.2.211
22131.112133.2.3
11122312.23...2.
1.22.1131211.22.
.3131132313.23.3
32.3.121323112.3
0
0
0
1
0
0
0
0
0
0
0
0
0
0
1
0
0
0
1
76
0
0
0
0
0
0
0
0
0
0
75
0
1
1
0
0
3312.2313123.112
22131313211.3221
21.112232321122.
1233321.22.31322
31.1132213222221
112.112.23311121
2111332.13211323
.23311.221.223.2
3121...121123313
323321233.33.122
31..21.231.2.211
22131.112133.2.3
11122312.23...2.
1.22.1131211.22.
.3131132313.23.3
3223.121323112.3
0
0
42
0
0
0
0
0
1
0
41
0
0
0
0
1
0
0
1
3312.2313123.112
22131313211.3221
21.112232321122.
1233321.22.31322
31.1132213222221
112.112.23311121
2111332.13211323
.23311.221.223.2
3121...121123313
323321233.33.122
31..21.231.2.211
22131.112133.233
111223123231..2.
1.22.1131211.22.
.3131132313.23.3
3223.121323112.3
1
79
0
0
63
0
0
0
38
0
0
0
0
0
0
0
38
0
1
0
0
0
3312.23131231112
22131313211.3221
21.112232321122.
1233321.22.31322
31.1132213222221
112.112.23311121
2111332.13211323
.23311.221.223.2
3121...121123313
323321233.33.122
31..21.231.2.211
22131.112133.233
111223123231..2.
1.22.1131211122.
.3131132313.23.3
3223.121323112.3
0
0
0
0
0
0
0
0
0
0
0
0
37
0
0
0
0
0
0
0
0
0
3312.23131231112
22131313211.3221
21.112232321122.
1233321.22.31322
31.1132213222221
112.112.23311121
2111332.13211323
.23311.221.223.2
3121...121123313
323321233.33.122
31..21.231.2.211
22131.112133.233
111223123231..2.
1.22.1131211122.
.3131132313.23.3
3223.121323112.3
0
0
0
0
0
3312.23131231112
22131313211.3221
21.112232321122.
1233321.22.31322
31.1132213222221
112.112.23311121
2111332.13211323
.23311.221.223.2
3121...121123313
323321233.33.122
31..21.231.2.211
22131.112133.233
111223123231..2.
1.22.1131211122.
.3131132313.23.3
3223.121323112.3
0
0
0
0
0
37
0
0
0
0
0
0
0
0
0
80
0
0
0
1
3312.23131231112
22131313211.3221
21.1122323211223
1233321.22.31322
31.1132213222221
112.112.23311121
2111332.13211323
.23311.221.223.2
3121...121123313
323321233.33.122
31..21.231.2.211
22131.112133.233
111223123231..2.
1.22.1131211122.
.3131132313.23.3
3223.121323112.3
0
1
1
0
0
0
0
0
0
80
0
0
0
0
0
0
65
0
0
0
65
0
0
0
0
0
0
0
0
0
0
0
0
0
0
0
0
0
0
0
3312.23131231112
22131313211.3221
21.1122323211223
1233321.22.31322
31.1132213222221
112.112.23311121
2111332.13211323
.23311.221.223.2
3121...121123313
323321233333.122
31..21.231.2.211
22131.112133.233
111223123231.22.
1.22.1131211122.
.3131132313.23.3
3223.121323112.3
0
0
0
0
0
0
0
0
0
0
0
0
0
0
1
66
0
0
0
0
0
0
0
0
77
0
0
0
33
0
0
0
0
0
0
0
3312323131231112
22131313211.3221
21.1122323211223
1233321.22.31322
31.1132213222221
112.112.23311121
2111332.13211323
.23311.221.223.2
3121...121123313
323321233333.122
31..21.231.2.211
22131.112133.233
111223123231.22.
1.22.1131211122.
.3131132313.23.3
3223.121323112.3
0
0
0
0
80
0
0
0
0
0
0
0
0
66
0
33
3312323131231112
22131313211.3221
21.1122323211223
1233321.22.31322
31.1132213222221
112.112.23311121
2111332.13211323
.23311.221.223.2
3121...121123313
323321233333.122
31..21.231.2.211
22131.112133.233
111223123231.22.
1.22.1131211122.
.3131132313.23.3
3223.121323112.3
0
0
0
0
0
0
0
0
80
3312323131231112
22131313211.3221
21.1122323211223
1233321.22.31322
31.1132213222221
112.112.23311121
2111332.13211323
.23311.221.223.2
3121...121123313
323321233333.122
31..21.231.2.211
22131.112133.233
111223123231.22.
1.22.1131211122.
.3131132313.23.3
3223.121323112.3
0
33
0
0
33
1
0
0
1
0
0
0
31
0
0
0
0
0
0
0
0
3312323131231112
22131313211.3221
21.1122323211223
1233321.22.31322
31.1132213222221
112.112.23311121
2111332.13211323
.23311.221.223.2
3121...121123313
323321233333.122
31..21.231.21211
221312112133.233
111223123231.22.
1.22.1131211122.
.3131132313.23.3
3223.121323112.3
0
0
0
81
0
