OK 1
1
1
1
1
1
3
1
94
1
0
1
1
1
0
1
1
1
89
1
..2..1...3
.1........
...2......
2...1.....
.......2..
2.........
..........
..........
......3...
...1.1....
1
1
1
1
4
1
6
0
1
1
0
1
1
1
78
1
1
1
1
1
1
0
1
0
1
71
1
0
1
13
1
1
1
0
1
1
1
0
1
1
1
1
0
0
1
12
1
1
1
0
57
1
0
0
1
0
0
1
1
0
1
1
0
0
13
1
1
1
1
0
0
0
1
1
0
0
0
0
45
0
1
0
1
1
0
0
0
1
0
0
0
18
0
17
0
0
1
0
0
0
0
1
0
1
38
1
0
0
37
1
1
0
0
0
0
1
0
0
1
0
1
34
0
0
34
1
0
33
1
0
1
0
0
1
0
22
0
0
0
0
29
1
1
1
0
0
1
28
0
1
0
1
0
0
1
0
0
0
30
1
3221.1.2.3
21.1323233
13223.3232
2..21331.3
.32.2322..
2.333.3222
222.13.1..
13122.2.12
.12.3.33.1
313111.122
0
0
0
30
25
0
0
0
1
3221.1.2.3
21.1323233
13223.3232
2..21331.3
.32.2322..
2.333.3222
222.13.1..
13122.2.12
.12.3.3311
313111.122
0
0
30
0
26
24
0
0
24
0
0
0
26
24
0
1
1
0
1
0
0
322111.2.3
2111323233
13223.3232
2..21331.3
.32.2322..
2.333.3222
222.13.1..
13122.2.12
.12.3.3311
313111.122
0
1
31
0
0
0
22
0
0
0
0
1
0
1
20
20
0
0
0
0
0
0
0
1
0
0
322111.2.3
2111323233
13223.3232
2..21331.3
.32.23222.
2.333.3222
222.13.1.2
13122.2.12
.1223.3311
313111.122
0
0
0
0
0
0
33
0
0
26
0
0
0
1
0
0
0
0
1
0
0
0
0
0
0
0
1
322111.2.3
2111323233
13223.3232
2.121331.3
.32.23222.
2.333.3222
222313.1.2
13122.2.12
.1223.3311
313111.122
0
0
0
0
33
0
27
1
0
322111.2.3
2111323233
1322313232
2.121331.3
.32.23222.
2.333.3222
222313.1.2
13122.2.12
.1223.3311
313111.122
0
0
0
0
0
27
0
0
0
0
0
0
0
16
0
0
0
0
0
0
0
0
1
0
0
0
1
0
0
1
0
0
0
0
0
0
0
0
0
0
0
0
13
0
0
0
0
0
13
1
0
28
0
0
0
1
0
0
0
0
0
322111.2.3
2111323233
1322313232
22121331.3
132.23222.
2.333.3222
222313.1.2
13122.2.12
.1223.3321
3131113122
0
0
0
0
0
1
0
0
28
0
0
12
0
36
0
0
0
1
0
0
0
0
0
0
322111.2.3
2111323233
1322313232
22121331.3
132.23222.
2.33323222
222313.1.2
13122.2.12
.1223.3321
3131113122
