OK 1
1
1
0
1
0
1
1
1
1
1
1
...2..1
.1.....
1..15..
.......
...3...
.......
.......
.4.....
1
1
1
1
1
1
0
1
3
1
1
1
1
0
0
1
1
0
1
1
.1.2..1
41...2.
12.151.
5..4..3
...3...
.514...
1......
.4.4...
0
.1.2..1
41...2.
12.151.
5..4..3
...3...
.514...
1......
.4.4...
1
4
0
0
0
2
1
0
1
0
0
0
1
1
0
0
1
30
0
0
0
0
0
1
0
0
0
0
.1.2..1
41...2.
12.151.
5.24..3
...32..
.5144..
12..2..
.444...
0
1
0
1
0
9
0
0
0
.1.2..1
41...2.
12.151.
5.24..3
...32.1
.5144..
12..2..
.444...
0
1
0
1
0
9
27
0
1
1
0
1
0
.1.2..1
412..23
12.151.
5.244.3
...32.1
.5144..
12..2..
.444..4
0
1
0
3
23
0
0
0
1
22
0
1
0
1
0
0
0
1
0
0
0
3
0
1
1
0
0
0
0
0
1
7
0
0
0
1
0
0
3
0
0
1
0
1
0
0
10
0
0
3
0
0
0
15
0
0
0
0
1
0
15
1
0
0
51.25.1
412.423
121151.
52244.3
...32.1
55144..
12..2..
1444254
0
0
1
0
0
0
0
0
0
0
0
0
0
0
1
0
0
0
0
0
0
0
0
13
0
0
0
0
0
0
0
0
0
0
0
0
0
0
