OK 1
1
1
1
1
1
1
1
1
1
280
1..3..............
..................
..................
......1..1........
..................
..................
..................
............1.....
..................
..................
..................
..................
............4.....
.................4
.................2
..................
280
1
0
0
1
1
1
1
1
3
275
1
1
1
1
271
1
1
1
1
3
1
0
1
1
1
1
262
1
261
1
1
1
1
0
1
1
1
1
1
1
12
1
1
251
1
1
249
1
1
1
1
0
1
245
1
1
1
0
1
1
1..3..4..12.......
.....2.....3......
...........1......
......1..1.....3..
........3.413.....
12...2.3..........
.....11..1..4.....
.4..........1.2...
..................
.3..............3.
........4....2.1..
...3........2.....
4.......1...4.2..4
.................4
..11..........4..2
.1.......4.42.4...
1
239
1
1
0
9
1
1
1
0
1
1
0
1
0
0
1
1..3..4..12.......
.....2.....3......
...........1......
..4...1..1.....3..
........3.413.....
12...2.3..........
.....11..1..4.....
.4......1...1.2...
..1..........4....
.3...43.........3.
........4....2.1..
...3...2....2.....
4.......1...422..4
.....4...........4
..11..........4..2
.1.......4.42.4...
1
1
1
1
1
0
11
1
225
0
1
224
1
1
1
18
222
1
1
220
0
1
1
0
0
0
1
1..3..41.12.......
.....2.....3......
...........1......
..4...1..1.....3..
........3.413.....
12...2.3........1.
.....11..1..44....
.4......1...1.2...
..1...3.3..2.4....
33...43.........3.
........4...12.1..
...32..2....2.....
4.......11.1422..4
.....4.......2.1.4
..11..........4..2
.1......24.42.4...
0
0
16
217
0
1
216
0
216
0
1
1
214
1
1
1..3..41.12.......
.....2...4.3......
...........14.....
..4...1..1.....3..
........3.413.....
12...2.3.3......1.
.....11..1..44....
.4......1...1.2...
..1...3.3..2.4....
33...43.........3.
........4...12.1..
...322.2....2.....
4.......11.1422..4
....44.......2.1.4
..11..........4..2
.1......24.42.4...
0
0
212
1
1
1..3..41.12.......
.....2...4.3......
...........14.....
..4...1..1.....3..
........3.413.....
12...2.3.3......1.
.....11..1..44....
.4...2..1...1.2...
..1...3.3..2.4....
33...43.........3.
........4...12.1..
...322.2....2....2
4.......11.1422..4
....44.......2.1.4
..11..........4..2
.1......24.42.4...
1
1
1
1
1
1..3..41.12.......
.....2...4.3......
...........14.....
..4...1..13....3..
........3.4133....
12...2.3.3......1.
.....11..1.444....
.4...2..1...1.2...
..1...3.3..2.4....
33...43.........3.
.....4..4...12.1..
...322.2....2....2
4.......11.1422..4
....44.......2.1.4
..11..........4..2
.1......24.42.4...
1
0
1
1
1
1
0
0
1
0
0
20
1
1
199
1
0
1
0
197
1
0
1
1..3.341.12.......
....22...4.3......
.4.........14.....
.34...1..13....3..
........3.4133....
12...2.3.3......1.
.....11..1.444....
.4...24.1...1.2...
..1...3.3..2.4....
33..343.........3.
.4..14..4...12.1..
...322.2....2...12
4.......11.1422..4
....44.......2.1.4
..11..........4..2
.1......24.4234...
1
1
0
0
1
1
1
0
0
26
0
0
1
1
1..3.341.12....4..
....22...4.3......
.4.........14.....
.34...1..13....3..
........3.4133....
124..2.3.3......1.
....211..1.444....
.4...24.1...1.24..
..1..43.3..2.4....
33..343.........3.
.4..14..4...12.1..
...322.2...32...12
4......311.1422..4
....44.......2.1.4
..11..........4..2
.1......24.4234...
1
0
1
0
1
1
1
1
0
1
1
0
183
0
0
1
1
0
0
0
0
1
1
0
0
1
1
1
0
0
0
0
1
176
1
1
0
0
1
0
23
174
0
1
33
1
0
1
0
1
0
0
170
0
0
0
0
1
1
1
1
1
1
0
0
1
0
1
1
1
1.43.341.12....4..
....22...4.31.1...
.4.2.......14.2...
.34...11.13....33.
.2...2..3.4133....
1244.2.3331..41.1.
.3..211..1.444....
.4...24.1...1.24..
..1..43.3.42.4....
33.3343.......2.3.
.4..14..4.3.12.1..
41.322.2...32..112
4.3....311.1422.44
3.1.44.......2.1.4
..111......1..4..2
.12.....24.4234...
0
160
0
0
160
0
1
1
1
0
0
1
1
37
0
0
0
0
0
36
0
0
0
0
1
0
1
1
0
0
0
37
0
1
154
0
0
0
1.43.341.12....4..
...322...4.31.1...
.4.2.......14.2...
.34...11.13....33.
.2..22..3.4133....
1244.2.3331..41.1.
.3..211..1.444....
.4...2411...1.24..
..1..43.3.42.4....
33.3343.......2.3.
.4..14..4.3.12.1..
41.322.2..332..112
4.32...311.1422.44
3.1.44.......2.1.4
..111.4....1..4..2
.12.....24.4234...
1
1
1
1
0
1
38
149
1
0
0
0
1
0
148
1
0
1
0
0
38
0
1
1
0
1
1
1
0
0
0
1
1
1
0
1
1
0
33
1
0
1
1
1
0
0
0
1
1.433341.121...4..
..1322...4.31111..
.4.2..4....14.22..
.34...11.13.41.33.
.2..22..3.4133....
1244.2.3331..41.1.
.3..211..1.444....
.43..2411...1.24..
..1..4333.42.4...3
33.3343.......2.3.
.4..14..4.3.12.1..
41.322422.332..112
4.324..311.1422444
3.1.442....3.2.1.4
..111.4...21..4..2
.12.....24.4234...
1
34
0
1
1
0
0
1
1
0
0
1
0
0
0
43
0
0
0
0
1
0
0
128
1
0
1.433341.121...4..
..1322...4.31111..
.4.22.4....14.22..
.34...11.13.41.33.
.2..22..3.4133....
1244.2.3331..41.1.
.3..211.31.444....
.43..2411..41.24..
.31..4333.42.4...3
33.3343.....3.2.31
.4..14..4.3.12.1..
41.322422.332..112
4.324..311.1422444
3.1.442....3.2.1.4
.2111.4...21..4..2
.12..1..24.4234...
0
0
1
0
1.433341.121...4..
..1322...4.31111..
.4.22.4....14.22..
.34...11.13.41.33.
.2..22..3.4133....
1244.2.3331..41.1.
.3..211.31.444....
.43..2411..41.24..
.31..4333.42.4...3
33.3343.....3.2.31
.4..14..4.3.12.1..
41.322422.332..112
4.324..311.1422444
3.1.442....3.2.1.4
.2111.4...21..4..2
.12..1..24.4234...
0
0
44
1
0
36
126
0
1
0
0
0
0
0
1
0
1
1.433341.121...4..
..1322...4.31111..
.4.22.4....14.22..
.34...11.13.41.33.
.2..22..3.4133....
1244.2.3331..41.1.
.3..211.31.444....
243..2411..41.24..
.31..4333.42.4...3
33.3343.....3.2.31
.4..14..4.3.12.1..
41.322422.3323.112
4.324..311.1422444
3.1.442....3.2.1.4
.2111.4...21..4..2
212..1..24.4234...
1
0
0
0
123
0
1
0
0
1
1
120
0
0
0
0
1
0
39
1
0
118
0
45
0
0
0
1
1
1
1
1
0
1
0
0
1
0
0
0
0
0
1
0
1
0
0
0
1
0
0
0
0
1
47
0
1
0
1
111
0
0
46
47
1.233341.121...4..
..1322...4.31111..
.4.2224.3.114.22..
.34...11.13.41.33.
42..22..314133....
1244.243331..41.1.
.3.1211.31.4442...
243.32411..41.24..
.31.34333.42.44..3
33.33432....3.2.31
.4..14..4.3.12.1..
41.342422.3323.112
4.324..311.1422444
3.1.442....3.2.1.4
32111.4...21..4..2
212..1..24.4234...
1
1
45
1
0
0
0
108
0
108
0
1.233341.121...4..
..1322...4.31111..
.4.2224.3.114.22..
.34...11.13.41.333
424.22..314133....
1244.243331..41.1.
.3.1211.31.4442...
243.32411..41.24..
.31.34333.42.44..3
33.33432....3.2.31
.4..14..4.3.1221..
41.342422.3323.112
4.324..311.1422444
3.1.442....3.2.1.4
32111.4...21..4..2
212..1..24.4234...
47
0
0
1
0
1
0
0
0
47
0
0
1
0
0
1
0
0
0
105
0
0
42
0
1.233341.121...4..
..1322...4.31111..
.4.222433.114.22..
.34...11.13.41.333
424.22..314133....
1244.243331..41.1.
.3.1211.31.4442...
243.32411..41.24..
.31.34333.42.44..3
33.334324.2.3.2.31
.4..14..4.3.1221..
41.342422.3323.112
4.324..311.1422444
3.1.442....3.2.1.4
32111.4...21..4..2
212..1..24.4234...
0
0
0
1
0
1
0
1
0
0
1.233341.121..24..
..1322...4.31111..
.4.222433.114.22..
.34...11.13.41.333
424.22..314133....
1244.243331..41.1.
.3.1211.31.4442...
243.32411..41.24..
.31.34333.42.44..3
33.334324.2.3.2.31
.4..141.4.3.1221..
41.342422.3323.112
4.324..311.1422444
3.1.442..3.3.2.1.4
32111.4...21..4..2
212..1..24.4234...
0
1
1
0
48
1
0
0
0
0
43
0
0
0
0
0
1
99
0
48
0
48
0
99
0
0
1.233341.121..24..
..13222..4.31111..
.4.322433.114.22..
.34..311.13.41.333
424.22..314133....
1244.243331..41.1.
.3.1211.31.4442...
243.32411..41.24..
.31.34333.42.44..3
33.334324.2.3.2.31
.4..141.4.3.1221..
41.342422.3323.112
4.324..31131422444
3.1.442..3.3.2.1.4
32111.4...21..4..2
212..1..24.4234...
0
0
99
0
0
0
0
0
99
0
0
1
0
1
51
0
1
0
0
0
0
1
49
0
0
1
1
93
0
1
0
0
49
0
0
0
0
0
45
0
0
1
1
0
0
90
1.233341.121..24..
.113222..4.31111..
.4.322433.114.22.4
.34..311.13141.333
424.22..314133....
1244.243331..41.1.
.3.1211.31.4442...
243.32411..41.24..
.31.34333.42.44..3
33.33432432.3.2.31
.4.2141.4.341221..
41.342422.3323.112
4.324.331131422444
3.1.442..3.3.2.1.4
32111.4...21..4..2
212..12.2444234...
1
46
1.233341.121..24..
.113222..4.31111..
.4.322433.114.22.4
.34..311.13141.333
424.22..314133....
1244.243331..41.1.
.3.1211.31.4442...
243.32411..41.24..
.31.34333.42.44..3
33.33432432.3.2.31
.4.2141.4.341221..
41.342422.3323.112
4.324.331131422444
3.1.442..3.3.2.1.4
32111.4...21..4..2
212..12.2444234..2
0
0
0
0
0
0
0
0
0
1
0
0
88
0
1
0
0
0
1
0
0
1
85
0
0
0
0
0
0
0
0
1
0
0
0
1
1
0
0
0
0
0
1
81
0
54
1
0
0
0
0
0
0
0
0
1
0
0
0
0
0
0
0
0
54
0
0
0
0
0
0
0
0
0
0
0
0
0
0
0
0
0
0
0
0
0
0
1
0
0
0
0
0
54
78
0
1
0
0
0
0
0
49
0
77
0
0
55
14233341.1212.24..
1113222..4.31111..
.4.322433.114422.4
.34..311.13141.333
424.22..314133...2
1244.243331..41.1.
13.1211131.4442...
243.32411..41.24..
.31.34333442.44..3
33.3343243233.2.31
.4.2141.4.341221..
41.342422.3323.112
4.324.331131422444
3.1.442..3.3.241.4
32111.4...21..4..2
212..12324442342.2
0
1
14233341.1212.24..
1113222..4.31111..
.4.322433.114422.4
.34..311.13141.333
424.22..314133...2
1244.243331..41.1.
13.1211131.4442...
243.32411..41.24..
.31.34333442.44..3
33.3343243233.2.31
.4.2141.4.341221..
41.342422.3323.112
4.324.331131422444
3.1.442..3.3.241.4
32111.4...21.14..2
212..12324442342.2
0
0
0
0
0
0
0
0
0
14233341.1212.24..
1113222..4.31111..
.4.322433.114422.4
.34..311.13141.333
424.22..314133...2
1244.243331..41.1.
13.1211131.4442...
243.32411..41.24..
.31.34333442.44..3
33.3343243233.2.31
.4.2141.4.341221..
41.342422.3323.112
4.324.331131422444
3.1.442..3.3.241.4
32111.4...21.14..2
212..12324442342.2
0
0
0
1
0
0
0
0
1
74
0
74
0
0
0
74
0
0
0
0
0
0
0
0
1
0
14233341.1212.24..
1113222..4.31111..
.4.3224334114422.4
.34..311.13141.333
424.22..314133...2
1244.243331..4141.
13.1211131.4442...
243.32411..41.24..
.31.34333442.44..3
33.3343243233.2.31
.4.2141.4.341221..
41.342422.3323.112
4.324.331131422444
3.1.442..3.3.241.4
32111.4.1.21.14..2
212..12324442342.2
0
73
0
0
0
0
0
0
73
0
0
0
0
0
0
73
1
0
50
0
0
55
0
0
0
1
1
0
0
0
0
0
0
0
0
70
1
1
68
0
0
0
0
68
0
1
0
0
57
0
67
0
1
1
0
0
0
0
0
0
0
0
0
0
1
64
0
0
0
0
1
0
0
1
0
1
0
0
0
0
1
1
1
1
0
0
0
0
0
0
1
0
1
62
0
0
0
0
0
0
0
0
0
0
0
0
0
0
0
0
0
0
1
0
1
1
0
0
0
0
0
0
0
0
0
0
0
0
0
0
0
1
0
51
142333412121212432
1113222..4.311112.
.4.3224334114422.4
.342.311.13141.333
424222..314133..42
1244.2433313.4141.
13.1211131.44421.4
243.324111.41.24..
431.34333442.44.13
33.334324323322.31
.4.2141.4.341221..
41.342422.33234112
41324.331131422444
3.1.442.3343.241.4
32111.441.21314.42
212..12324442342.2
0
0
55
0
58
0
0
0
0
0
0
0
0
0
0
0
0
55
0
0
58
0
0
0
0
0
0
51
0
0
0
0
0
1
0
0
0
0
0
0
0
0
1
0
0
0
0
1
0
0
142333412121212432
1113222..4.311112.
.4.3224334114422.4
.342.311.13141.333
424222..314133..42
1244.2433313.41414
1341211131.44421.4
243.324111.41.24..
431.34333442.44.13
33.334324323322.31
.4.2141.4.341221..
41.342422.33234112
41324.331131422444
331.442.3343.241.4
32111.441.21314.42
212..12324442342.2
0
0
0
142333412121212432
1113222..4.311112.
.4.3224334114422.4
.342.311.13141.333
424222..314133..42
1244.2433313.41414
1341211131.44421.4
243.324111.41.24..
431.34333442.44.13
33.334324323322.31
.4.2141.4.341221..
41.342422.33234112
41324.331131422444
331.442.3343.241.4
32111.441.21314.42
212..12324442342.2
0
59
0
0
1
0
0
0
47
0
0
0
0
0
47
0
0
0
0
1
0
0
0
142333412121212432
1113222..4.311112.
.4.3224334114422.4
.342.311.13141.333
4242221.314133..42
1244.2433313.41414
1341211131.44421.4
243.324111.41.24..
431.34333442.44.13
33.334324323322.31
14.2141.4.341221..
41.342422.33234112
41324.331131422444
331.442.3343.241.4
32111.441.21314.42
212..12324442342.2
0
0
1
0
1
1
0
0
43
0
0
0
0
1
0
142333412121212432
1113222..4.311112.
.4.3224334114422.4
.342.311.13141.333
4242221.314133..42
1244.2433313.41414
1341211131.44421.4
243.324111.41.24..
431134333442444213
33.334324323322.31
14.214114.341221..
41.342422.33234112
41324.331131422444
331.442.3343.241.4
32111.441.21314.42
212..12324442342.2
59
0
0
42
0
0
42
0
0
0
0
0
0
64
0
0
42
0
0
0
0
42
0
1
0
0
0
0
0
67
1
1
67
0
0
0
0
0
0
0
0
0
0
0
0
0
39
0
0
0
0
0
0
0
0
0
0
39
1
0
38
0
0
0
0
0
0
1
60
0
0
0
0
0
0
67
0
0
0
0
142333412121212432
1113222.14.311112.
.4.322433411442214
.3423311.13141.333
4242221.314133..42
1244.2433313.41414
1341211131.44421.4
243.324111.41.242.
431134333442444213
33.334324323322.31
14.214114.341221..
41.342422.33234112
41324.331131422444
331.442.3343.241.4
32111.441.21314.42
212..1232444234212
0
0
0
67
0
0
0
60
0
142333412121212432
1113222.14.311112.
.4.322433411442214
.3423311.13141.333
4242221.314133..42
1244.2433313.41414
1341211131.44421.4
243.324111.41.242.
431134333442444213
33.334324323322.31
14.214114.341221..
41.342422.33234112
41324.331131422444
331.442.3343.241.4
32111.441.21314.42
212..1232444234212
