OK 1
1
1
1
1
68
1
1
2
1
1
1
1
63
...4.3..
.......1
...3...3
......4.
........
........
.2......
.....1..
...5....
1
...4.3..
....5..1
...3...3
......4.
........
........
.2......
.....1..
...5....
0
1
1
0
0
1
1
1
0
0
1
1
0
1
0
0
1
1
1
0
4
1
1
1
0
1
0
0
1
1
0
1
0
1
1
1
1
7
0
0
5
1
0
7
0
1
1
1
40
0
0
0
0
1
0
1
38
0
0
1
0
0
0
1
0
0
0
0
1
0
0
1
0
0
35
0
1
0
7
1
0
1
1
1
0
0
1
0
1
.3.4.35.
11.15.21
...3...3
2.4.2.42
251.521.
.42342..
3212.41.
..51.134
5.45..2.
0
1
1
0
1
0
0
0
0
0
0
0
1
9
1
0
1
0
53.4.354
11115.21
...32..3
2.4.2.42
251.521.
.42342.5
3212441.
..51.134
5.45..2.
23
1
22
0
1
1
0
0
0
0
0
0
20
53.4.354
11115.21
...32..3
2.4.2542
251.521.
.42342.5
3212441.
2.51.134
5.45..22
0
0
11
0
1
0
0
0
10
0
10
1
1
0
0
0
1
1
0
1
0
0
1
0
14
1
0
0
1
0
8
0
0
0
1
0
0
1
13
1
0
0
13
0
0
11
1
0
0
17
0
0
0
1
0
12
1
1
0
0
8
0
0
0
0
0
1
1
0
9
0
0
0
0
0
11
0
1
0
0
1
0
0
0
0
0
0
0
0
0
0
13
1
0
0
0
10
0
0
0
0
0
8
0
0
5324.354
11115321
1.532.43
214.2542
25125212
242342.5
3212441.
2351.134
52455.23
0
1
0
7
0
