OK 1
1
48
1
1
0
13.....
.......
.......
.......
.......
.......
.....4.
1
1
0
1
2
1
1
1
1
1
1
0
0
1
36
1
1
0
1
0
1
1
1
1
5
0
1
0
1
0
1
0
0
9
0
1
1334..2
.542.5.
5.42.2.
.521...
.5.34..
.5....3
..1..4.
0
1
1
6
0
0
0
1
0
0
10
1
0
0
0
0
0
6
1
1334132
.542.5.
5.42.2.
.521...
.5234..
.5....3
..1..4.
0
0
0
0
0
0
0
0
0
5
0
0
9
0
0
0
0
0
0
0
1
0
0
0
0
0
0
0
0
0
0
0
0
0
0
0
0
4
0
0
0
5
0
1334132
.542.5.
5.42.2.
.521...
.5234..
.5....3
..1..4.
0
6
0
0
0
6
0
1
1
0
0
0
0
5
0
0
0
0
0
0
1
0
0
0
0
0
1
0
0
0
0
0
0
1
0
0
5
0
0
4
0
0
1
9
0
0
1
0
0
4
0
0
1
0
1
0
0
0
1
