OK 1
0
1
1
1
1
2
0
1
0
0
1
1
1
1
171
1
1
1
.3..........
............
............
..2..3......
......4.....
.2.....3....
............
.....45.....
..3........1
............
............
............
............
...........2
............
0
1
1
1
1
1
1
2
0
1
1
1
1
1
1
5
1
1
0
1
6
1
1
1
6
1
153
1
0
153
0
1
1
1
1
1
1
0
0
0
0
.3..1.......
............
.....3......
..2.43.4....
.5..4.4.....
322....3....
..3....2....
..54.45.....
..35.......1
.3.......5..
............
............
.3..........
...2...3...2
35......4...
1
1
1
1
1
1
1
1
1
1
1
1
1
0
8
1
1
0
134
1
1
1
1
15
1
1
1
0
0
0
0
0
1
1
1
1
1
1
0
0
12
0
0
15
1
0
0
1
1
1
0
0
0
0
1
1
0
0
1
1
118
1
1
1
0
0
0
1
0
1
0
17
0
1
1
1
16
0
0
1
1
1
.3.21.43...2
....3...25..
.....3..4...
3.2.43.44.4.
.52.4.43.5..
322....3.5..
.33....2..3.
..54545..5..
..35....2..1
.3.......51.
3.1.4.2..55.
....211.5.25
.31.5......4
...2...3...2
351..4..4...
1
0
1
0
1
0
1
1
1
1
1
0
14
1
0
0
1
1
0
0
0
0
0
.3.21.43..12
....3...25..
.....3..4...
3.2.43.44.4.
.52.4.43.55.
322....3.5..
.33.4..2..3.
..54545..5..
..35....2..1
.31..5..151.
3.1.4.25.55.
....211.5.25
.3145......4
.4.2...3...2
351.34..4...
0
0
1
1
1
1
0
0
35
1
0
0
1
0
1
0
0
0
0
0
1
0
0
35
0
18
0
0
0
1
1
1
1
0
0
0
1
0
89
1
0
0
33
0
0
0
1
.3.21243.112
....3...25..
.....31.4...
3.2.43.44.4.
.52.4.43.55.
322....3.5..
.3324..2..3.
..54545..5.1
..35....2..1
.31.251.151.
3.1.4.25.552
....211.5.25
.3145......4
.4.22.13...2
351234..445.
0
0
0
32
0
.3.21243.112
....3...25..
.....31.4...
3.2.43.44.4.
.52.4.43.55.
322....3.5..
.3324..2..3.
..54545..5.1
..35....2..1
.31.251.151.
3.1.4.25.552
....211.5.25
.3145......4
.4.22.13...2
351234..445.
0
29
0
0
87
.3.21243.112
....3...25..
.....31.4...
3.2.43.44.4.
.52.4.43.55.
322....3.5..
.3324..2..3.
..54545..5.1
..35....2..1
.31.251.151.
3.1.4.25.552
....211.5.25
.3145......4
.4.22.13...2
351234..445.
0
0
0
0
29
0
0
0
0
0
87
1
0
16
1
0
0
.3.21243.112
....3...25..
.....31.4...
3.2.43.44.4.
.52.4.43.55.
322....3.5..
.3324..2..3.
..54545..5.1
..35....2..1
.31.251.151.
3.1.4.25.552
....211.5.25
.3145......4
.4.22.13...2
351234..445.
0
0
0
0
29
1
1
18
0
0
1
0
0
1
1
0
0
0
0
0
19
0
0
0
0
0
0
1
0
1
0
0
0
0
0
1
0
0
0
1
1
0
0
0
0
0
0
0
1
0
19
1
0
1
1
0
0
1
0
73
1
0
72
0
.3.21243.112
....3...25.2
5....31.4...
3.2.43.4444.
252.4.43.55.
32222.43.5..
13324..24.3.
..54545.25.1
..35..4.2..1
.31.251.151.
311.4.255552
.1..211.5.25
.3145..1...4
.4.22.13...2
351234..445.
0
0
1
0
0
1
27
1
0
1
1
0
0
1
0
1
0
0
21
1
0
0
0
1
0
1
27
0
1
1
.3.21243.112
....3..525.2
5....31.4...
3.2.43.4444.
25214.43.55.
32222.43.5..
13324..24.32
.354545.25.1
..355.4.2..1
.31.251.151.
311.44255552
.1..211.5.25
.3145..1...4
.4.22.13.5.2
351234..445.
0
0
0
0
27
0
.3.21243.112
....3..525.2
5....31.4...
3.2.43.4444.
25214.43.55.
32222.43.5..
13324..24.32
.354545.25.1
..355.4.2..1
.31.251.151.
311.44255552
.1..211.5.25
.3145..1...4
.4.22.13.5.2
351234..445.
0
0
0
0
0
0
0
26
0
0
23
.3.21243.112
....3..525.2
5....31.4...
3.2.43.4444.
25214.43.55.
32222.43.5..
13324..24.32
.354545.25.1
..355.4.2..1
.31.251.151.
311.44255552
.1..211.5.25
.3145..1...4
.4.22.13.5.2
351234..445.
0
0
0
0
0
0
0
0
0
27
0
0
65
0
0
26
0
1
0
0
0
0
0
0
0
0
0
0
0
0
0
0
1
1
0
1
0
0
0
.3.21243.112
....3..525.2
5....31.4...
3.2.43.4444.
25214.43.55.
32222.43.5.1
13324..24.32
.354545.25.1
..355.4.2..1
.31.251.151.
311.44255552
.1..211.5.25
.3145..1.5.4
.4.22.13.5.2
351234.4445.
1
25
1
1
28
0
0
0
0
20
21
0
0
0
0
0
0
.3.21243.112
....3..525.2
5....31.4...
3.2.43.4444.
25214.43.55.
32222543.5.1
13324..24532
.354545425.1
..355.4.2..1
.31.251.151.
311.44255552
.1..211.5.25
.3145..1.5.4
.4.22.13.5.2
351234.4445.
0
0
0
0
0
0
1
.3.21243.112
....3..525.2
5....31.4...
3.2.43.4444.
25214.43.55.
32222543.5.1
13324..24532
.354545425.1
..355.4.2..1
.31.251.151.
311.44255552
.1..211.5.25
.3145..1.5.4
.4.22.13.5.2
351234.4445.
0
28
0
0
0
1
.3.21243.112
....3..525.2
5....31.4...
3.2.43.4444.
25214.43.55.
32222543.5.1
13324..24532
.354545425.1
..355.4.2..1
.31.251.151.
311.44255552
.1..211.5.25
.3145..1.5.4
.4.22.13.5.2
351234.4445.
0
1
58
0
0
1
0
0
0
0
0
0
1
0
26
0
0
1
0
0
0
0
0
26
0
0
0
1
.3.21243.112
....3..525.2
5...331.4...
3.2.43.4444.
25214.43.55.
32222543.5.3
13324..24532
.354545425.1
..35544.2..1
.31.251.151.
311.44255552
.1..211.5.25
.3145..1.5.4
.4.22.13.5.2
351234.4445.
0
0
0
0
26
0
0
0
0
0
22
0
1
.3.21243.112
....3..525.2
5...331.4...
3.2.43.4444.
25214.43.554
32222543.5.3
13324..24532
.354545425.1
..35544.2..1
.31.251.151.
311.44255552
.1..211.5.25
.3145..1.5.4
.4.22.13.5.2
351234.4445.
0
0
25
0
1
0
0
0
0
0
0
55
1
.3.21243.112
....3..525.2
5...331.4...
3.2.43.4444.
25214.43.554
32222543.5.3
13324..24532
.354545425.1
..35544.2..1
.31.251.151.
311.44255552
.1.2211.5.25
.3145..1.5.4
.4.22.13.5.2
351234.4445.
0
0
1
0
0
0
1
1
1
0
27
0
0
1
0
0
0
0
0
0
0
1
1
0
0
0
0
0
0
0
1
0
25
0
0
0
0
1
0
0
0
0
21
0
20
0
0
1
0
0
21
0
0
0
0
24
0
0
0
0
0
0
0
0
0
0
0
0
0
16
0
0
0
0
0
0
0
1
33
0
0
0
0
0
0
0
20
0
0
0
22
0
0
0
0
1
1
0
0
0
0
0
0
29
0
0
0
0
0
0
0
0
0
0
0
22
0
21
0
0
0
0
0
0
27
0
0
0
.3.21243.112
....3.4525.2
5...331.455.
3.2.43.4444.
25214.433554
32222543.5.3
13324..24532
.354545425.1
1.35544.2..1
.31.251.151.
311.44255552
.1.221155.25
.3145551.5.4
.4422.13.5.2
351234.4445.
0
0
0
0
0
1
0
