OK 1
1
1
79
1
1
77
1
1
1
1
1
1
72
1
........2
.2....2..
.........
....11...
.........
.....2...
.1.......
....1..2.
......1..
1
1
1
1
1
1
1
0
1
1
0
1
1
0
1
60
1
1
59
1
1
1
1
1
0
1
1
0
1
..2..1..2
.2....221
........1
....11.2.
......2.1
....12...
.1..2.2.2
.1..1122.
.2..22121
0
0
1
1
0
0
0
1
1
1
0
47
1
1
1
45
1
0
1
0
0
..2..1..2
.2.22.221
......2.1
....11.2.
......2.1
1..212...
.1.1222.2
.1..1122.
12..22121
1
0
1
0
0
24
0
1
1
1
39
1
0
0
0
0
0
0
38
1
0
0
0
1
0
0
1
1
0
0
18
1
0
1
1
0
1
0
0
1
0
1
0
0
1
30
1
0
0
0
1
1
1
0
26
1
0
1
0
1
0
0
1
0
0
0
0
1
0
1
0
0
0
24
0
0
26
24
0
0
0
0
0
0
0
0
31
0
0
0
0
0
1.2121..2
.2.221221
1.....2.1
.1..11121
....21221
12.2122..
.12122222
.12211221
12.122121
1
0
1
0
1
0
0
0
21
0
21
0
0
0
33
1
1
0
0
0
1
112122..2
.22221221
1.....2.1
.1..11121
2...21221
12.2122..
.12122222
.12211221
122122121
1
0
0
0
0
0
0
0
1
0
0
0
0
0
0
0
0
0
0
0
1
17
0
28
0
1
0
0
112122..2
.22221221
1...222.1
.1..11121
2..121221
12.21221.
.12122222
.12211221
122122121
1
0
0
1
14
0
0
37
0
1
0
0
112122..2
.22221221
1..1222.1
.11.11121
2..121221
12121221.
.12122222
.12211221
122122121
1
0
12
0
0
0
0
0
0
0
0
0
0
12
1
11
0
0
0
0
11
0
0
32
0
0
0
0
0
0
0
0
0
0
0
0
0
11
0
0
0
0
0
0
0
38
0
1
0
0
0
0
0
0
1
0
0
