OK 1
1
1
1
1
1
1
1
1
1
2
1
1
1
1
0
1
0
1
1
1
1
0
1
1
0
0
1
1
5
1
4
1
1
1
0
1
1
0
1
1
0
1
1
0
3
1
1
0
0
1
...3.6.2..
.226...15.
3.6...4...
..42..4...
...3..4.23
12..31.4..
....44.14.
516.5..1..
0
5
1
1
0
1
0
0
4
0
6
0
1
7
46
1
1
1
44
0
1
1
1
0
0
0
0
0
1
8
1
39
1
6
0
0
1
0
1
1
0
1
1
8
0
1
1
32
7
1
..3336.2.4
3226...15.
3.624.4.13
..42..4.55
...3..4.23
12.531.43.
.4.544114.
51655.11..
0
1
0
1
1
0
0
1
1
1
0
0
0
0
0
1
1
0
1
0
0
0
12
25
0
0
0
25
0
1
24
1
0
1
0
0
0
1
10
1
0
1
0
0
21
1
0
1
0
0
0
1
0
0
0
9
1
13
0
19
0
..3336.2.4
3226.1315.
31624.4.13
4242244.55
..53.64.23
126531.435
.4.544114.
51655.113.
0
19
0
0
0
0
0
0
0
0
0
0
0
0
0
0
0
13
1
0
0
0
6
0
0
0
0
0
0
0
0
0
0
1
0
0
..3336.2.4
322621315.
31624.4.13
4242244.55
..53.64.23
126531.435
.4.544114.
51655.113.
0
0
0
0
18
18
0
0
0
18
0
0
0
18
0
0
0
12
..3336.2.4
322621315.
31624.4.13
4242244.55
..53.64.23
126531.435
.4.544114.
51655.113.
0
1
0
0
17
0
17
1
1
0
0
0
0
0
0
0
0
0
16
0
0
0
16
1
0
0
0
0
1
12
..333622.4
322621315.
3162454.13
4242244.55
..53264.23
126531.435
.4.544114.
51655.113.
0
0
12
1
0
..333622.4
322621335.
3162454.13
4242244.55
..53264.23
126531.435
.4.544114.
51655.113.
0
0
15
0
1
0
14
0
0
0
0
0
0
0
14
0
14
0
0
0
0
0
0
0
0
0
0
0
0
0
