OK 1
1
1
0
1
0
1
1
1
1
1
1
1
1
0
1
1
4
1
........4.
..........
13........
..........
....1.....
....3..1..
...423....
.3..4...2.
0
1
1
0
1
1
0
4
1
0
0
........4.
..........
13..2.....
..........
....1.4..2
.3..3..1..
...423....
.3.14...2.
0
0
0
1
5
0
1
1
6
1
1
1
0
0
6
1
0
1
1
1
1
1
1
1
1
0
1
0
1
9
0
0
3.......4.
.21.......
134.2.....
1...2.3...
1...1.4..2
.31.34214.
...423.4.4
.3.14...2.
0
1
0
0
1
0
0
0
0
1
1
0
0
0
1
0
1
1
43
1
0
0
1
0
1
0
8
0
1
1
0
0
0
1
1
1
0
0
0
0
0
1
1
0
0
1
0
9
0
1
1
0
1
3....22.4.
.21...3...
13422.....
1...2.31.2
11.11.44.2
.311342142
...4234434
13.1421.24
0
13
1
0
0
3....22.4.
.21...3...
13422.3...
1...2.31.2
11.11.44.2
.311342142
...4234434
13.1421.24
0
0
0
3....22.4.
.21...3...
13422.3...
1...2.31.2
11.11.44.2
.311342142
...4234434
13.1421.24
0
0
0
0
1
1
0
0
14
1
1
0
0
0
1
0
0
0
0
0
3..2.22.4.
321...3...
1342213...
1...2.31.2
11.11.44.2
.311342142
...4234434
13.1421.24
1
0
0
0
0
1
0
8
3..2.2244.
321...3...
1342213...
1...2.31.2
11.11.44.2
.311342142
...4234434
13.1421.24
0
1
1
0
1
0
0
0
12
0
0
0
0
13
0
0
1
0
0
0
0
0
12
3..2.2244.
321...3...
3342213...
1...2.31.2
11.11344.2
.311342142
...4234434
1331421.24
0
0
14
0
3..2.2244.
321...3...
3342213...
1...2.31.2
11.11344.2
.311342142
...4234434
1331421.24
0
14
0
0
0
0
0
0
0
0
0
1
0
1
0
12
0
0
0
13
0
1
0
0
14
0
0
0
0
0
0
0
0
0
0
0
0
0
0
0
0
0
0
0
0
0
1
15
13
1
0
1
0
0
0
0
13
0
1
0
0
0
0
0
0
0
14
0
0
1
0
12
0
0
0
0
0
0
0
0
10
0
0
0
