OK 1
1
1
0
1
0
1
1
0
1
45
1
.....
.....
..1..
.....
.....
..2..
..1..
.2...
.3...
.....
1
1
0
43
1
0
1
1
1
1
0
1
1
1
1
0
1
0
1
0
0
32
0
1
1
0
0
0
1
0
1
1
1
1
1
1
0
1
1
0
0
1
1
0
1
0
1
0
0
0
10
11
0
1
0
0
0
11
0
0
0
0
0
1
0
0
10
0
1
1
..333
.21..
1213.
..32.
.1.31
31223
3112.
32111
2312.
111.2
1
0
0
0
0
11
0
0
0
0
0
0
0
0
13
0
..333
.21..
1213.
..322
.1.31
31223
3112.
32111
2312.
111.2
1
1
0
0
11
0
1
0
0
1
0
0
0
0
0
0
14
0
1
13
0
0
0
14
0
0
0
0
0
14
1
0
0
0
0
0
0
13
0
0
0
6
0
1
16
8
0
1
1
0
4
0
23333
.21.1
1213.
33322
.1131
31223
31221
32111
2312.
111.2
0
17
0
0
0
23333
.21.1
1213.
33322
.1131
31223
31221
32111
2312.
111.2
0
0
0
0
0
0
0
0
0
0
0
0
0
0
0
0
0
0
0
0
0
0
0
