OK 1
80
1
1
0
1
1
0
1
1
...5......
..........
..........
..........
...4......
..........
.....2....
.....23...
0
0
1
1
1
1
71
1
1
1
1
1
1
1
0
1
1
0
1
1
1
0
1
0
1
1
1
1
1
1
1
4
1
1
0
1
1
0
1
0
0
0
6
1
1
1
0
1
1
1
1
1
1
1
1
0
38
0
1
37
1
1
0
1
0
0
34
0
1
8
0
1
1
0
1
0
30
0
1
0
0
0
29
0
0
29
0
8
0
0
0
0
0
12
0
0
0
8
1
1
1
0
52.56231..
.5.464451.
2.5.43.14.
551.23..3.
333142.112
23....352.
65..224..1
6...623142
0
52.56231..
.5.464451.
2.5.43.14.
551.23..3.
333142.112
23....352.
65..224..1
6...623142
0
0
0
0
0
27
0
27
52.56231..
.5.464451.
2.5.43.14.
551.23..3.
333142.112
23....352.
65..224..1
6...623142
0
12
1
1
0
0
0
0
0
0
1
0
0
0
25
1
0
1
0
0
0
0
0
1
0
0
1
0
1
0
7
0
0
0
0
1
7
0
10
0
0
1
0
20
0
0
0
0
0
0
52.56231..
.5.464451.
265.43.14.
551423..3.
3331424112
233..6352.
65.12244.1
6...623142
0
1
1
1
0
1
0
0
0
0
0
0
0
17
0
0
0
0
0
0
0
0
12
0
0
17
0
1
7
0
0
12
0
12
0
0
0
0
0
1
52.56231..
15.464451.
265.53414.
551423.333
3331424112
2334.6352.
65.12244.1
6...623142
0
52.56231..
15.464451.
265.53414.
551423.333
3331424112
2334.6352.
65.12244.1
6...623142
0
0
0
1
0
0
1
0
1
0
0
0
0
10
13
0
13
0
0
0
0
1
0
52.562313.
15.464451.
265.53414.
551423.333
3331424112
2334.6352.
65112244.1
6...623142
1
0
1
0
0
0
0
0
0
0
0
0
8
0
0
0
0
1
52.562313.
15.464451.
265.53414.
551423.333
3331424112
2334.6352.
6511224451
63.6623142
0
10
0
0
0
0
0
12
3
0
0
0
0
0
