OK 1
1
1
1
......
......
......
......
......
......
......
......
.2.1..
0
1
1
1
0
49
1
1
1
0
1
1
0
1
1
1
0
1
1
1
0
1
0
1
0
1
1
1
1
0
0
0
1
0
1
0
1
1
1
36
0
1
4
35
0
0
0
0
0
0
0
0
0
35
1
1
0
0
33
0
1
1
0
0
0
0
......
.3....
..5..3
.41.14
....1.
.2..1.
523.2.
..3.2.
324143
1
0
0
31
0
0
1
13
1
0
29
0
3
1
0
1
0
0
0
1
1
1
0
1
1
1
0
5
1
0
1
1
0
0
0
0
0
1
0
0
1
1
552..1
53.31.
..53.3
.41.14
2.2.1.
.25.14
523.2.
533.2.
324143
0
1
0
0
0
0
0
0
0
0
8
0
0
9
552..1
53.31.
..53.3
141.14
2.2.1.
.25.14
523.2.
533.2.
324143
1
0
0
0
0
8
0
9
0
1
1
0
0
552..1
53.31.
..53.3
141.14
2.2.1.
.25414
52332.
533.2.
324143
0
0
7
0
0
0
0
0
0
0
1
1
0
6
0
8
0
6
0
0
552..1
53.315
..53.3
141.14
2.2.1.
.25414
52332.
53312.
324143
0
0
1
0
0
0
0
1
0
0
0
0
0
0
0
0
10
0
1
0
0
552..1
53.315
..53.3
141.14
2.2.1.
.54414
52332.
53312.
324143
0
0
