OK 1
1
1
0
1
1
......
......
..3...
....11
......
......
......
.3....
1
1
1
1
0
1
0
1
.4....
3.....
..3...
....11
......
.4....
......
13....
1
1
5
1
1
1
0
1
0
36
0
1
1
1
5
1
1
1
1
1
1
0
1
1
0
1
0
0
1
0
0
0
1
1
0
0
0
44....
31....
3.3..2
1.2311
1.423.
141.2.
....4.
134.43
1
1
1
0
1
44....
31..3.
3.3..2
1.2311
14423.
141.2.
.3..4.
134.43
0
0
1
18
0
1
17
0
1
0
0
0
1
0
0
0
0
0
11
0
0
0
0
0
0
0
0
0
1
0
5
1
0
0
0
1
0
0
0
0
0
1
0
0
1
0
0
0
0
0
14
44.2.4
31..3.
333..2
1.2311
144234
141.2.
.3..33
134.43
0
0
0
0
0
0
0
0
0
5
0
14
0
0
0
1
13
4422.4
31..3.
333..2
1.2311
144234
141.2.
.3..33
134.43
0
1
1
0
1
0
0
0
10
442214
31..3.
3334.2
1.2311
144234
141.2.
.33.33
134.43
0
0
0
0
0
0
10
0
0
1
1
0
1
0
0
0
442214
313.3.
3334.2
1.2311
144234
14122.
.33.33
134.43
0
0
0
8
0
9
1
0
0
8
0
0
0
0
10
