OK 1
1
1
2
0
1
0
1
1
1
1
1
1
1
1
1
1
1
30
1
1
28
1
0
1
4.....
...24.
..14.2
..2...
...155
61.6.2
....53
0
1
0
1
0
1
0
0
1
1
0
0
1
5
1
1
4.....
.4.243
..14.2
..26.5
.1.155
61.662
4...53
0
19
0
1
1
17
0
0
4.....
.4.243
..14.2
..26.5
.1.155
61.662
42.353
0
1
1
1
14
0
4
1
0
0
1
4..6..
34.243
..1412
..26.5
.1.155
65.662
42.353
0
0
14
1
0
5
0
0
0
0
0
13
4..6..
34.243
1.1412
..26.5
.1.155
65.662
42.353
0
0
1
1
1
0
0
4
0
0
0
0
0
3
1
0
1
1
4
1
0
0
0
5
0
0
0
0
0
3
0
0
1
0
0
0
0
0
1
1
0
0
1
0
0
0
0
0
7
0
0
1
0
0
0
0
1
0
0
0
0
7
4
0
0
0
0
0
0
0
0
0
0
0
4
1
4.6633
346243
151412
1.2665
511155
65.662
42.353
0
1
0
0
0
