OK 1
1
1
1
1
1
1
1
1
1
1
1
1
4
1
1
1
1
..............
..............
.2............
....3.........
..2...........
.......1......
....2.......1.
............1.
..............
..............
..............
..............
2.............
3.............
.........3....
..............
........1.....
....1.....3...
......1......1
..3...........
1
1
1
0
1
1
1
1
0
1
0
1
1
1
1
1
0
0
1
...........3..
..............
.2............
....3......22.
..21..........
.......1......
....2.......1.
.........1..1.
..............
......3.2..2.3
..............
........1.....
2....2........
3.............
.........3....
..2...........
........1...3.
....1.....3...
.1....1......1
..3...........
1
249
1
1
1
1
0
0
1
1
1
1
1
1
1
0
0
13
0
16
1
0
0
1
0
1
1
1
0
14
1
1
1
1
1
0
1
1
18
19
0
1
0
1
1
1..........3..
..............
.2............
....3...1..22.
..21..........
..2....1......
....2.......1.
.......2.1..11
...1..........
......3.21.223
32..........3.
..3.....1.....
2...32....1...
3......23.....
........33..1.
..2...........
....1...1...33
....1...333...
.1....13.....1
..3...........
1
1
15
225
1
0
0
0
1
1
1
0
1
1
219
1
0
1
0
0
1
1
1
0
1
1
1
1
1
211
0
1
1
1
0
0
210
1
1
208
1
1
1
0
0
1
1
1
0
1
0
0
0
0
28
1
1
1
1
30
197
0
1
1......3...32.
..............
.2.....2......
....3...1..22.
2.21..........
..2....1......
....2...1...1.
23....22.12.11
...112..2..3.3
.31...3.21.223
32..........3.
..3.3..31.....
2...32...11...
3......23..1..
........332.1.
..2...3..32...
....1.1.1...33
...11...233..1
213...13..3..1
..3........3..
0
0
0
0
30
1......3...32.
..............
.2.....2......
....3...1..22.
2.21..........
..2....1......
....2...1...1.
23....22.12.11
...112..2..3.3
.31...3.21.223
32..........3.
..3.3..31.....
2...32...11...
3......23..1..
........332.1.
..2...3..32...
....1.1.1...33
...11...233..1
213...13..3..1
..3........3..
1
1......3...32.
..............
.2.....2......
....3..11..22.
2.21..........
..2....1......
....2...1...1.
23....22.12.11
...112..2..3.3
.31...3.21.223
32..........3.
..3.3..31.....
2...32...11...
3......23..1..
........332.1.
..2...3..32...
....1.1.1...33
...11...233..1
213...13..3..1
..3........3..
0
0
0
1
0
0
0
0
1
1
1
1
28
0
1
0
0
0
0
0
0
1
1
0
1
1
1
0
1
1
1
0
0
0
0
1
0
0
1
1
0
1
1
0
1
1
33
0
1
0
0
1
1
0
1
1
1
1
1
1
168
1
35
0
37
1
1
165
1
0
1
1
0
37
0
162
1
0
1
0
0
0
1
0
46
160
0
1
0
0
1
0
0
0
1
0
0
1
1
0
1.3....3...32.
22........2...
.2.1...2......
....3..11..22.
2.21..........
..23.1112.....
.33.231.1...1.
23...122.12311
3..112..2..3.3
331...31213223
32.........23.
..3.32.31..1..
2.3132...11...
3......23.31..
.3....3.332213
..2...3..32...
3...1.1.123.33
1.311.212332.1
21331.13..3..1
..3.....2..3..
0
0
1
1
0
1
0
1
0
0
0
1.3....3...32.
22........2...
.2.1...2......
....3..11..22.
2.21..........
..23.1112.....
.33.23131...1.
23...122.12311
3..112..2..3.3
331...31213223
32.........23.
..3.32.31..1..
2.3132...11...
3......23.31..
.3....3.332213
..2...3..32.1.
3...1.1.123333
1.311.212332.1
21331313..3..1
..3.....2..3..
0
1
1
0
1
1.3....3...32.
22........2...
.2.1...2......
....3..11..22.
2.21..........
..23.1112.....
.33.23131...1.
23...122.12311
3..112..2..3.3
331...31213223
32.........23.
..3.32.31..1..
2.3132...11...
3......23.313.
.3....3.332213
..2...3..32.1.
3...1.1.123333
12311.212332.1
21331313..3..1
..3.....21.3..
0
148
0
1
0
0
39
0
0
1
0
147
1
1
43
145
0
1
144
0
0
0
43
0
1
1
0
0
143
1
0
0
1
0
1
140
1
0
1
138
1
0
0
1
0
0
137
0
0
1.3....3...32.
22........2...
.2.1...2......
....3..11..22.
2.21..........
1.2331112.....
.33.23131...1.
232..122.12311
3..112..2..3.3
331...31213223
32.1.......23.
..3.32.31..13.
2.3132...11...
3.....123.313.
.3....3.332213
2.2...3..32.1.
3...1.12123333
12311321233221
21331313..3..1
..31....21.3..
1
1
1
0
135
1
0
135
1
0
1
0
1
1
0
0
0
1
1
0
1
1
0
0
0
0
1
0
0
0
1
126
0
0
0
0
0
50
0
0
0
1
0
0
1
0
0
0
0
0
0
1
123
1
0
0
0
0
0
0
1
0
0
1
0
0
0
0
0
1
1
62
0
0
1
0
117
1
0
0
116
0
0
0
1
0
0
0
0
0
0
0
1
1.3....3...32.
22...3...32...
.2.1..22......
....3.311..22.
2.21..........
1.2331112.....
.33.23131...13
233..122.12311
3..112.32..3.3
331..231213223
32.1.2...1.233
..3132.311.13.
233132..111.3.
3.....123.3132
23...231332213
2.2...3..32.1.
3..11.12123333
12311321233211
21331313..3..1
..31...221.3.1
0
1
0
1
0
0
54
0
0
1
0
1
0
0
1
0
0
0
1
109
0
0
0
0
0
0
67
0
1
0
0
0
1
0
1
0
0
1.3.1..3...32.
22...3...32...
.2.1..22......
...13.311..22.
2.21......2.3.
1.2331112.....
.33.23131..113
233..122.12311
3..112.32.13.3
331..231213223
32.1.2...1.233
..3132.311.13.
233132.3111.3.
3.....123.3132
23...231332213
2.2...3..32.1.
3..11312123333
12311321233211
21331313..3..1
3.31...221.3.1
1
69
0
0
0
0
105
0
0
0
0
1
0
0
0
1
0
103
0
0
0
0
0
103
0
1
1
101
1.3.1.33...32.
22...3...32..1
.2.1..22......
...13.311..22.
2.21......2.3.
1.2331112.....
.33.23131..113
233..122.12311
3..112.32.13.3
331..231213223
32.1.211.13233
..3132.311.13.
233132.3111.3.
3.....123.3132
23...231332213
2.2...3..32.1.
3..11312123333
12311321233211
21331313..3..1
3.31...221.3.1
0
0
0
0
0
0
0
0
0
0
0
0
0
60
0
0
0
1
0
0
100
1
0
1
62
0
1
0
0
71
1.3.1.33...32.
22...3...32..1
.2.1..22.....3
...13.311..22.
2.21......2.3.
1.2331112.1...
.33.23131..113
233..122.12311
3..112.32.1323
331..231213223
32.1.211.13233
..3132.311.13.
233132.3111.3.
3.....123.3132
23...231332213
2.2.1.3..32.1.
3..11312123333
12311321233211
21331313..3..1
3.31...221.3.1
0
0
0
0
71
0
1
0
1
72
0
0
0
0
0
0
95
0
95
0
0
0
0
0
0
0
0
0
0
0
0
0
0
95
0
0
95
0
0
0
0
95
0
1
0
0
0
0
1
0
0
0
0
0
0
1
0
1
0
0
0
0
0
0
0
63
0
0
0
0
0
0
0
0
0
0
0
0
0
0
0
0
91
0
0
74
0
0
1
0
1
89
0
0
1
0
1
76
0
0
64
0
0
0
0
0
53
0
0
64
0
0
1
86
0
0
0
0
0
1
0
1
84
0
55
0
0
84
0
55
0
0
0
0
0
0
0
1
0
1
0
0
0
0
1
0
0
0
1
1
0
1
0
0
0
67
0
0
57
78
0
0
0
0
0
0
0
0
0
1
0
0
0
0
0
0
0
0
77
0
0
0
57
1.3.1.33...32.
22..33.2.321.1
1211..22.....3
...13.311..22.
2.21...2..2.31
1.2331112.1.3.
.33.23131.2113
233.3122.12311
32.112.32.1323
331..231213223
32.1.211.13233
..3132.311.13.
233132.3111.3.
3.32..123.3132
23...231332213
2.211.3..3221.
3.311312123333
12311321233211
213313132.3..1
33311..22133.1
0
0
1.3.1.33...32.
22..33.2.321.1
1211..22.....3
...13.311..22.
2.21...2..2.31
1.2331112.1.3.
.33.23131.2113
233.3122.12311
32.112.32.1323
331..231213223
32.1.211.13233
..3132.311.13.
233132.3111.3.
3.32..123.3132
23...231332213
2.211.3..3221.
3.311312123333
12311321233211
213313132.3..1
33311..22133.1
0
0
0
0
77
0
0
0
0
0
0
0
0
1
0
1
0
1.3.1.33...32.
22..33.2.321.1
1211..22.....3
...13.311..22.
2.21..22..2.31
1.2331112.1.3.
.33.23131.2113
233.3122.12311
32.112.32.1323
331..231213223
32.1.211.13233
1.3132.311.13.
233132.3111.3.
3.32..123.3132
23...231332213
2.211.3..3221.
3.311312123333
12311321233211
213313132.3..1
33311..22133.1
0
0
58
0
1
0
0
1
59
0
0
78
73
0
0
0
0
0
73
0
0
0
70
0
0
0
73
0
0
0
1
0
0
72
0
0
0
0
72
72
0
0
0
0
0
0
0
0
0
0
59
1
0
0
0
0
1
0
0
0
70
1
0
0
0
0
0
0
0
69
0
0
0
0
0
0
69
1
0
1
1
0
0
0
0
0
1
0
1
0
0
0
0
0
0
0
64
0
0
82
0
1
1.3.1.33...32.
22..3312.32111
1211..2232...3
...13.311..22.
2321..221.2.31
1.2331112.1.3.
.33.23131.2113
23323122.12311
32.112.32.1323
331..231213223
32.1.211.13233
123132.311.13.
233132.3111.3.
3.32..123.3132
23.23231332213
2.211.33.3221.
32311312123333
12311321233211
213313132.3..1
33311..22133.1
0
1
64
0
1
0
0
0
72
61
0
0
0
0
0
0
0
0
0
0
0
61
1
0
1
0
0
1.3.1.33...32.
22..3312.32111
1211..2232...3
...13.3111.22.
2321..221.2.31
1.233111221.3.
233.23131.2113
23323122.12311
32.112.32.1323
331..231213223
32.1.211.13233
123132.311.13.
233132.3111.32
3.32..123.3132
23.23231332213
2.211.33.3221.
32311312123333
12311321233211
213313132.3..1
33311..22133.1
0
0
0
0
73
0
0
0
0
0
0
59
0
0
0
0
0
0
0
0
0
0
0
0
0
0
0
0
0
0
0
1
58
0
0
0
0
0
0
0
1
0
1
0
0
0
0
0
0
0
0
0
0
1
0
0
0
0
1
1
53
0
0
0
0
0
0
0
0
0
0
0
113.1.33...32.
22.33312.32111
1211..2232...3
...13.3111.22.
2321..221.2.31
1.23311122133.
233323131.2113
23323122.12311
32.112.32.1323
331..231213223
32.1.211.13233
123132.311.13.
233132.3111.32
3.32..123.3132
23.23231332213
2.211233.3221.
32311312123333
12311321233211
213313132.31.1
33311..22133.1
0
0
0
0
0
0
0
0
0
113.1.33...32.
22.33312.32111
1211..2232...3
...13.3111.22.
2321..221.2.31
1.23311122133.
233323131.2113
23323122.12311
32.112.32.1323
331..231213223
32.1.211.13233
123132.311.13.
233132.3111.32
3.32..123.3132
23.23231332213
2.211233.3221.
32311312123333
12311321233211
213313132.31.1
33311..22133.1
0
0
0
0
1
0
76
0
52
0
76
0
1
113.1.33...321
22.33312.32111
1211..2232...3
...13.3111222.
2321..221.2.31
1.23311122133.
233323131.2113
23323122.12311
32.112.32.1323
331..231213223
32.1.211.13233
123132.311.13.
233132.3111.32
3.32..123.3132
23.23231332213
2.211233.3221.
32311312123333
12311321233211
213313132.31.1
33311..22133.1
0
0
113.1.33...321
22.33312.32111
1211..2232...3
...13.3111222.
2321..221.2.31
1.23311122133.
233323131.2113
23323122.12311
32.112.32.1323
331..231213223
32.1.211.13233
123132.311.13.
233132.3111.32
3.32..123.3132
23.23231332213
2.211233.3221.
32311312123333
12311321233211
213313132.31.1
33311..22133.1
0
0
0
0
0
0
0
0
0
0
0
0
0
1
0
1
77
0
0
1
0
48
0
0
0
