OK 1
0
1
1
1
1
1
55
1
1
0
1
52
1
1
1
1
1
1
1
1
1
1
1
1
1
1
0
0
1
39
1
0
1
0
1
0
0
1
5
1
0
0
0
0
1
5
4
34
1
1
0
0
0
0
1
1
0
31
0
0
0
0
1
1
1
1
0
0
1
0
0
27
0
.7574.2.35
1..1..6.5.
.71356.6.6
..1.3.4..7
234..2....
6345.2..33
0
1
0
0
7
0
0
1
6
1
.7574.2135
1..1..6.5.
.71356.6.6
..1.3.4..7
234.62...5
6345.2..33
0
1
0
0
0
0
0
1
0
0
0
1
0
0
0
0
0
0
1
20
0
.757452135
1..11.6.5.
.71356.6.6
..1.3.44.7
234.62..75
6345.2..33
1
0
1
0
0
0
1
0
7
0
0
0
0
0
0
0
0
5
1
0
1
0
0
0
0
7
1
1
0
0
0
0
1
0
0
0
1
0
0
0
6
0
1
0
0
0
0
13
0
0
1
0
1
0
0
0
0
12
0
0
0
12
0
0
5
0
6
0
0
0
0
0
5
0
1
0
1
6
0
0
0
0
0
0
0
0
0
0
0
0
0
0
0
0
0
8
0
0
0
0
0
