OK 1
0
1
1
0
0
1
1
1
1
0
1
1
0
0
1
2
1
..........
1.6.......
..5..2....
.3........
.3...5....
.....2....
0
0
1
0
0
1
1
0
1
1
1
........6.
1.6.......
.25..2....
.3........
.3...5..5.
.6...2....
0
1
0
0
1
1
45
0
0
1
4
0
0
1
0
1
1
1
0
1
41
0
0
0
0
0
4
1
1
1
1
0
1
0
1
1
0
1
1
1
0
0
5
0
1
0
1
0
1
1
0
.3.444..6.
1.662.33.2
.254.24.1.
.3......5.
.31.356.5.
.632.2....
0
0
7
1
0
1
0
0
0
1
1
0
0
1
0
0
0
0
0
0
26
1
0
.34444.16.
1.662.33.2
.254.24.1.
.33...4.5.
131.356.5.
.632.2....
0
0
1
0
1
0
0
7
0
.64444.16.
11662.33.2
.254.24.1.
.33...4.5.
131.356.5.
.632.2....
0
24
.64444.16.
11662.33.2
.254.24.1.
.33...4.5.
131.356.5.
.632.2....
0
1
0
1
0
22
0
.64444.16.
11662.33.2
.254.2421.
133...4.5.
131.356.5.
.632.2....
0
0
1
0
0
1
0
0
0
0
0
1
0
0
20
0
1
9
0
0
0
0
0
1
.64444.16.
11662.33.2
.254.2421.
133...4.5.
131.356.5.
1632.21.42
0
0
0
0
0
1
0
1
9
1
1
1
0
.64444616.
11662.33.2
.254.2421.
1333..4.5.
131.35665.
1632121442
0
0
1
0
0
0
0
0
0
13
0
0
0
1
0
0
12
1
0
0
0
0
0
0
0
0
0
11
0
0
0
0
0
0
1
0
0
0
0
0
0
1
0
0
0
10
0
10
1
0
0
