OK 1
0
1
1
2
1
1
0
0
1
1
1
1
1
0
3
39
0
1
1
37
1
1
35
0
1
5
0
1
3
0
0
1
0
3
0
1
0
1
5
1
1
0
1
1
1
0
0
1
0
0
1
1
1
1
0
0
1
1
1
1
0
0
0
1
1
0
..12..
....42
434223
133242
32.3..
.134..
42443.
1.2..1
0
0
0
0
0
0
0
18
1
0
1
8
0
0
17
1
0
0
6
1
0
0
0
0
1
..12.2
2.3.42
434223
113242
32.3..
.134..
42443.
1.2..1
0
0
15
1
0
0
0
0
0
6
0
0
0
0
1
1
1
0
0
0
0
1
1
0
0
0
0
0
0
0
0
0
0
0
8
0
0
0
0
0
0
0
8
0
.112.2
2.3.42
434223
113242
32.34.
.13414
42443.
1.2..1
0
0
0
0
0
0
1
12
1
0
0
0
0
10
0
.112.2
2.3.42
434223
113242
32234.
.13424
42443.
1.2..1
0
0
0
0
0
1
1
10
0
0
0
0
0
0
0
