OK 1
1
1
287
0
1
1
1
1
1
1
1
1
1
0
1
1
278
1
0
1
1
1
1
273
1
1
0
1
1
1
1
1
1
1
1
1
7
1
1
1
........3.....2..
.........4....2..
...4.....4......1
.3...............
.1.........3.....
.................
...............3.
.............1...
........3........
..........2......
..4.......2......
.....2...........
.......4....14...
.................
..12.............
..2..1..1........
....4.3.........1
1
1
1
1
1
1
1
1
1
1
1
0
1
1
1
0
0
1
249
1
1
1
246
0
1
1
1
1
0
11
1
1
1
1
16
239
1
1
237
1
236
1
1
1
1
0
0
1
1
0
1
1
1
0
1
1
1
225
1
......443..1..2..
.........41..12..
...4.....4...2..1
.3..4.....1......
.1......1..3.....
3..........4..3..
........2......34
.......1..4..1...
.....4..3.3...2..
.4........2......
..4.....222......
.....21..........
....4..4.1..14...
..2.............1
..12.3.4....32.3.
..2.21..1........
.33.4.32....1...1
1
1
0
0
1
19
221
......443..1..2..
........341..12..
1..4.....4...2..1
.3..4.....1......
.1......1..3.....
3..........4..3..
........2......34
.......1..4..1...
.....4..3.3...2..
.4........2......
..4.....222......
.....21..........
....4..4.1..14...
..2.....3.......1
..12.3.4....32.3.
..2.21..1........
.33.4.32....1...1
221
1
1
1
0
1
1
1
1
1
1
0
1
0
1
......443..1..2..
........341..12..
1..4.....4...2..1
.3..4.....1......
.13.....1.43.....
3..........4..3..
........2......34
.......1..4..1...
.....4..3.34..2..
.4........2......
..4.....222....4.
.....21..........
....4..4.1..14...
..2.....3.......1
..12.3.4....32.3.
..2.21..1...1...3
.33.4.32....12..1
1
1
1
1
1
1
208
1
0
1
206
1
1
0
0
1
0
203
1
1
0
0
1
1
1
0
24
1
1
1
1
0
196
.21...443..1..2..
........341.112..
1.14.....44..2..1
.3..4..3..1.2...3
.13.....1.43.....
33.........4..3..
.......22......34
.......12.4..1...
.....4..3.34..2..
.4.....1..2..43..
..4.....222....4.
4...421..........
.3..4..431..14...
..2.....3.......1
..12.3.4....32.3.
..2.21..1...1...3
.33.4.32....12..1
0
0
0
1
1
0
1
0
0
0
1
0
0
1
0
22
1
27
.21...443..1..2..
........341.112..
1.14.....44..2..1
43..4..3..1.2...3
.13...311.43.....
33..3......4..3..
..3....22......34
.......12.4..1...
.....4..3.34..2..
.4.....1..2..43..
..4.....222....4.
4...421..........
.3..4..431..14...
..2.....3.......1
..12.3.4....32.3.
..2.21..1...1...3
.33.4.32..2.12..1
1
1
188
1
1
.21...443..1..2..
........341.112..
1.14.....44..2..1
43..4..3..112...3
.13...311.43.....
33..3....1.4..3..
..3....22......34
.......12.4..1...
.....4..3.34..2..
.4.....1..2..43..
..4.....222....4.
4...421..........
.3.44..431..14...
4.2.....3.......1
..12.3.4....32.3.
..2.21..1...1...3
.33.4.32..2.12..1
0
0
1
0
1
28
1
0
0
1
1
1
1
1
0
0
1
1
1
0
1
0
0
1
1
0
1
1
0
1
1
0
0
0
0
0
0
0
171
0
1
1
0
1
1
0
1
0
0
1
0
1
1
0
0
32
1
1
0
1
1
1
1
0
0
159
0
1
1
0
0
0
1
0
0
0
156
1
1
0
1
0
0
0
34
0
1
.212..443..1..2..
........341.112..
1214..4..44..2..1
43..4..31.1123..3
.13..1311.43.23..
33..3....1.41.31.
..3....22......34
.2....212.4..1...
...2.4323.34.12..
.4.....1..2..433.
1.4.....222....4.
4.3.421......144.
.3344..431..14...
4.2.24..32.32...1
.412.3.4...432.3.
..2.212.1...1..33
43344.32..2.12..1
0
0
0
33
0
1
0
0
0
0
0
1
0
1
1
150
1
1
0
1
0
1
1
1
1
0
1
0
1
1
1
1
139
1
0
38
1
1
1
135
0
0
1
0
39
0
1
1
0
1
.212..443..1..2..
........341.112..
1214.14.344..2..1
43..4..31.1123..3
.132.13114431232.
33..3....1.41.31.
..3.3..22......34
.21...212.4..1...
..22.4323.34.12..
.4..2..1..24.433.
1.4.3...222....4.
4.3.421.....41443
.3343..431..1424.
4.2.24..32.32...1
.41213.4...432.3.
..2.212.1...1..33
43344.32232112..1
0
1
1
0
0
130
0
0
.212..443..1..2..
........341.112..
1214.14.344..2..1
43..4..31.1123..3
.132.13114431232.
33..3....1.41.31.
..3.3..22......34
.21...212.4..1...
..22.4323.34.12..
.4..2..1..24.433.
1.4.3...222....4.
4.3.421.....41443
.3343..431..1424.
4.2.24..32.322.21
.41213.4...432.3.
..2.212.1...1..33
43344.32232112..1
0
0
0
0
1
0
1
1
1
43
0
0
127
1
0
41
0
1
0
0
0
1
0
0
.212..443..11.2..
........341.112..
1214.14.344..2221
43..4..31.1123..3
.132.13114431232.
33..3....1.41.31.
..3.3..22......34
.21...212.4..1..1
..22.4323.34.12..
.4.22..1..24.433.
1.4.3...222....4.
4.3.421.....41443
.3343..431..1424.
4.2.24..32.322.21
.41213.4...432.3.
1.2.212.1...1..33
43344.32232112..1
0
41
0
1
0
0
1
0
1
0
0
0
42
0
0
1
.212..4433.11.2..
........341.112..
1214.14.344..2221
43..4..31.1123..3
.132.13114431232.
33..3....1441.31.
..3.3..22......34
.21...212.4..1..1
..22.4323.34.12..
.4.22..1..24.433.
1.4.3...222....4.
4.3.4213....41443
.3343..431..1424.
4.2.24..32.322.21
.41213.4...432.3.
1.2.212.1...1..33
43344.32232112.21
0
0
0
42
0
0
1
1
0
1
1
0
1
0
1
0
0
1
1
0
1
0
1
0
0
0
0
0
1
1
1
0
0
115
0
1
0
1
0
45
0
113
0
0
0
47
0
0
1
0
0
0
0
0
1
1
1
1
1
1
1
0
0
1
0
0
44
1
0
0
0
1
1
0
1
0
1
0
1
0
100
1
1
0
0
0
0
0
46
0
0
0
0
0
46
1
1
52
0
0
0
0
1
0
1
0
0
47
0
46
1
54
0
0
0
0
0
1
0
0
54
0
0
0
1
0
0
.212..4433.11222.
.....3..341.112..
1214.14.344..2221
432.4.231.1123..3
.132.13114431232.
33..3..4.1441.31.
..3.3.322...1..34
.21..421214..1.21
..22.4323.34312..
.4.22111..24.433.
1.4432.42223...4.
4.3.4213.4.441443
43343..431..1424.
412.24..42.322.21
.41213.4...43223.
1.2.2123122.1..33
43344.32232112.21
0
0
0
0
.212..4433.11222.
.....3..341.112..
1214.14.344..2221
432.4.231.1123..3
.132.13114431232.
33..3..4.1441.31.
..3.3.322...1..34
.21..421214..1.21
..22.4323.34312..
.4.22111..24.433.
1.4432.42223...4.
4.3.4213.4.441443
43343..431..1424.
412.24..42.322.21
.41213.4...43223.
1.2.2123122.1..33
43344.32232112.21
0
0
0
0
.212..4433.11222.
.....3..341.112..
1214.14.344..2221
432.4.231.1123..3
.132.13114431232.
33..3..4.1441.31.
..3.3.322...1..34
.21..421214..1.21
..22.4323.34312..
.4.22111..24.433.
1.4432.42223...4.
4.3.4213.4.441443
43343..431..1424.
412.24..42.322.21
.41213.4...43223.
1.2.2123122.1..33
43344.32232112.21
0
0
0
0
0
0
0
47
0
0
0
0
0
94
0
1
0
1
.212..4433.11222.
.....3..341.112..
1214.14.344..2221
432.4.231.1123..3
.132.13114431232.
33..3..4.1441.31.
..3.3.322...1..34
.21..421214..1.21
..22.4323.34312..
.4.22111..24.433.
1.4432.42223...4.
4.3.4213.4.441443
43343..431..14244
412.24..42.322.21
.41213.4...43223.
112.2123122.1..33
43344.32232112.21
0
0
0
1
0
0
0
0
0
0
1
0
0
91
0
0
0
49
0
0
0
0
0
0
91
0
91
0
0
0
1
37
0
.212..4433.11222.
.....3..341.112..
1214.14.344..2221
432.4.231.1123..3
.132.13114431232.
33..3.14.1441.31.
..3.3.322...1..34
.21..421214..1.21
..22.4323434312..
.4.22111..24.433.
1.4432.42223...4.
4.3.4213.4.441443
43343..431..14244
412.24..42.322.21
.41213.4...43223.
112.2123122.1..33
43344.32232112.21
0
0
0
0
37
1
0
.212..4433.11222.
.....3..341.112..
1214.14.344..2221
432.4.231.1123..3
.132.13114431232.
33.23.14.1441.31.
..3.3.322...1..34
.21..421214..1.21
..22.4323434312..
.4.22111..24.433.
1.4432.42223...4.
4.3.4213.4.441443
43343..431..14244
412.24..42.322.21
.41213.4...43223.
112.2123122.1..33
43344.32232112.21
0
0
0
0
49
37
0
0
0
0
38
0
0
49
0
0
0
1
0
0
0
0
1
1
0
0
0
1
0
0
0
0
1
0
88
0
.212..4433.11222.
.....3..341.1122.
1214.14.344..2221
432.4.231.1123..3
.132.13114431232.
33.23.14.1441.31.
..3.3.322...1..34
.21..421214..1.21
..22.4323434312..
.4.22111..24.433.
1.4432.42223...4.
4.3.4213.4.441443
43343..431..14244
412.24..42.322.21
.41213.4...43223.
112.2123122.1..33
43344.32232112.21
1
0
49
0
0
0
0
0
0
1
0
0
0
37
0
0
0
47
0
0
0
0
0
86
.212..4433.112222
.....3..341.1122.
1214.14.344..2221
432.4.231.1123..3
.132.13114431232.
33.23.14.1441.31.
..3.3.322.4.1..34
.21..421214..1.21
..22.4323434312..
.4.22111..24.433.
1.4432.42223...4.
4.3.4213.4.441443
43343..431..14244
412.24..42.322.21
.41213.4...43223.
112.2123122.1..33
43344.32232112.21
0
49
0
1
0
0
0
0
0
1
0
0
0
0
47
0
1
1
0
0
1
48
0
0
0
0
0
0
0
.212..4433.112222
.....3..34111122.
1214.14.344..2221
432.4.231.1123..3
.132.13114431232.
33.23.14.1441.31.
..3.3.322.4.1..34
.21..421214..1.21
..22.4323434312..
.4.22111..24.433.
1.4432242223...4.
4.3.4213.4.441443
43343..431.114244
412.24..42.322.21
.41213.4...43223.
112.2123122.1.333
43344.32232112.21
0
0
82
0
0
0
0
82
1
0
0
1
0
1
80
0
1
50
0
0
0
79
0
0
0
79
0
0
0
79
0
0
0
1
0
1
0
77
36
0
0
0
1
0
52
76
0
1
.212..4433.112222
.....3..34111122.
1214.14.344..2221
432.43231.11233.3
.132.13114431232.
33.23.14.1441.31.
..343.32224.1..34
.211.421214..1.21
..22.4323434312..
.4.22111..24.433.
1.4432242223...4.
4.3.4213.4.441443
43343.24314114244
412.24..42.322.21
.41213.4...43223.
112.2123122.1.333
43344.32232112.21
0
0
60
0
1
53
0
1
0
74
0
0
50
0
0
1
0
0
0
0
0
0
0
0
59
0
1
0
0
.212..4433.112222
.....3..34111122.
1214.14.344..2221
432.43231.11233.3
.132.13114431232.
33.23.14.1441.31.
..343432224.1..34
.211.421214..1.21
..22.4323434311..
.4.22111..24.433.
1.4432242223...4.
4.3.4213.4.441443
43343.24314114244
412.24..42.322.21
.41213.4...432234
112.2123122.1.333
43344.32232112.21
0
1
0
72
0
0
0
0
0
0
72
1
1
0
0
0
0
0
0
0
0
1
0
0
70
1
0
0
0
0
0
1
0
0
0
0
0
0
68
0
0
0
0
0
53
68
0
0
0
0
0
0
0
0
0
0
0
0
0
0
0
0
0
0
0
0
0
1
0
0
0
0
1
52
1
1
54
0
0
0
0
57
0
0
0
0
0
0
0
0
0
0
0
0
0
0
52
0
1
58
0
0
34
0
0
0
0
58
63
.212.24433.112222
.....3..34111122.
1214414.344..2221
432.43231.1123343
.132.13114431232.
33.23.14.1441.31.
42343432224.1..34
.211.4212141.1.21
..22.4323434311..
.4.22111..24.433.
1.44322422233.34.
4.344213.4.441443
43343.24314114244
412.24..42.322.21
.41213.4...432234
112.2123122.1.333
43344232232112.21
0
0
0
0
0
0
0
0
0
0
0
0
0
0
0
0
28
0
0
0
0
58
0
0
34
0
1
0
0
27
0
0
0
0
59
0
0
0
0
0
0
0
0
1
0
1
0
0
.212.24433.112222
.....3..34111122.
1214414.344..2221
432.43231.1123343
.132.13114431232.
33.23.14.1441.31.
42343432224.14.34
.21134212141.1.21
..22.4323434311..
.4.221112.24.433.
1.44322422233.34.
4.344213.4.441443
43343.24314114244
412.24..42.322.21
.41213.4...432234
112.2123122.1.333
43344232232112.21
0
.212.24433.112222
.....3..34111122.
1214414.344..2221
432.43231.1123343
.132.13114431232.
33.23.14.1441.31.
42343432224.14.34
.21134212141.1.21
..22.4323434311..
.4.221112.24.433.
1.44322422233.34.
4.344213.4.441443
43343.24314114244
412.24..42.322.21
.41213.4...432234
112.2123122.1.333
43344232232112.21
0
0
0
0
0
0
0
.212.24433.112222
.....3..34111122.
1214414.344..2221
432.43231.1123343
.132.13114431232.
33.23.14.1441.31.
42343432224.14.34
.21134212141.1.21
..22.4323434311..
.4.221112.24.433.
1.44322422233.34.
4.344213.4.441443
43343.24314114244
412.24..42.322.21
.41213.4...432234
112.2123122.1.333
43344232232112.21
0
0
0
0
0
0
0
0
0
0
0
0
0
0
0
26
0
0
0
0
54
0
0
0
33
1
0
0
0
0
0
0
0
1
0
.212.24433.112222
.....3..34111122.
1214414.344..2221
432.43231.1123343
.132.13114431232.
33.23.14.1441.31.
42343432224.14.34
.21134212141.1.21
..22.4323434311..
.4.221112.24.433.
1.44322422233.344
4.344213.4.441443
43343.24314114244
412.24..42.322.21
.41213.4...432234
112.2123122.1.333
43344232232112.21
0
63
0
0
0
0
0
0
0
0
0
1
1
0
0
0
0
63
.212.24433.112222
.....3..341111224
1214414.344..2221
432.43231.1123343
.132.13114431232.
33.23.14.1441331.
42343432224.14.34
.21134212141.1.21
..22.4323434311..
.4.221112.24.433.
1.44322422233.344
4.344213.4.441443
43343.24314114244
412.24..42.322.21
.41213.4...432234
112.2123122.1.333
43344232232112.21
0
0
0
0
0
0
0
0
0
0
54
0
0
0
0
.212.24433.112222
.....3..341111224
1214414.344..2221
432.43231.1123343
.132.13114431232.
33.23.14.1441331.
42343432224.14.34
.21134212141.1.21
..22.4323434311..
.4.221112.24.433.
1.44322422233.344
4.344213.4.441443
43343.24314114244
412.24..42.322.21
.41213.4...432234
112.2123122.1.333
43344232232112.21
1
1
0
0
54
0
38
0
0
54
0
0
64
30
0
0
0
0
54
0
0
54
0
0
0
0
0
64
1
0
0
54
0
0
0
0
0
0
0
1
0
0
0
0
0
22
0
0
0
0
0
1
0
0
61
37
0
0
0
1
0
23
0
0
