OK 1
1
1
1
1
1
0
1
0
1
1
0
0
1
1
1
1
0
1
0
36
1
1
1
1.5.4..
...1...
...2...
...2.4.
.......
.121.1.
.35233.
0
1
1.5.4..
...14..
...2...
...2.4.
.......
.121.1.
.35233.
1
1
0
1
0
0
1
0
0
1
1
0
0
27
1
0
0
0
0
4
1
1
1
0
0
1
0
23
1
1
1
1
0
0
1
1
0
1
0
0
0
1
7
17
1
0
1
0
0
1
0
0
1
1
1.51421
..5341.
21325..
...2.43
.31.134
212111.
135233.
0
4
0
0
0
0
12
14
0
14
0
8
14
0
1
1
0
8
0
0
0
0
0
0
0
0
0
1
0
0
0
0
0
1
10
0
0
0
0
0
0
0
10
0
10
0
1551421
..5341.
21325..
..42.43
.312134
2121112
135233.
0
0
1
9
0
1
6
0
0
0
0
1
0
0
0
0
0
0
0
0
0
0
1
0
0
0
0
0
0
0
0
7
0
0
0
0
0
0
0
0
7
1
0
0
0
0
