OK 1
0
0
0
1
1
1
68
1
1
.......
.......
.......
.....4.
.......
.......
...3...
....2..
.......
.......
0
1
66
0
1
1
1
63
1
3
62
1
....52.
.......
.......
.....4.
.....3.
.......
...35..
..1.2..
......2
.......
1
1
59
0
1
....52.
.......
.......
.....4.
.....3.
.4.....
...35..
.51.2..
....4.2
.......
0
1
1
1
1
1
0
1
0
1
0
1
1
1
1
1
49
1
1
1
1
1
1
0
1
1
1
7
1
0
1
1
.2..52.
...213.
.......
....344
....335
.4.51..
.2.3533
.51421.
...24.2
..1..15
0
0
39
1
0
1
1
0
0
0
6
36
1
1
0
1
1
0
8
33
0
33
1
0
1
0
0
0
9
0
1
.24.524
...213.
.......
....344
....335
.4452..
.243533
351421.
...24.2
3.12215
1
0
1
0
10
0
1
29
1
1
0
1
0
0
0
1
0
0
0
1
7
1
0
24
0
0
0
0
1
1
22
0
0
0
0
224.524
...2135
21...2.
..1.344
....335
.4452..
.243533
3514213
.3.2442
3.12215
0
0
22
1
1
0
0
0
11
0
0
1
0
0
0
1
1
0
1
0
0
0
0
1
0
0
0
0
18
0
0
0
18
0
9
1
0
0
13
0
1
12
0
0
0
0
0
16
0
0
0
0
1
0
0
0
0
15
0
0
1
2244524
...2135
21...2.
..11344
3...335
24452.1
.243133
3514213
33.2442
3412215
0
0
0
13
0
0
15
0
0
0
0
0
0
14
0
0
2244524
...2135
21...2.
..11344
3...335
24452.1
.243133
3514213
33.2442
3412215
0
0
1
0
11
0
0
0
0
14
2244524
...2135
21...2.
..11344
3...335
24452.1
.243133
3514213
3312442
3412215
0
0
1
0
0
0
0
1
0
0
0
0
0
0
0
0
0
1
0
6
2244524
.4.2135
21...2.
..11344
3...335
24452.1
.243133
3514213
3312442
3412215
0
13
0
0
0
0
1
0
0
0
11
12
0
0
0
6
1
0
0
0
11
0
0
0
6
11
0
0
0
0
11
0
0
