OK 1
1
1
1
1
1
1
1
1
1
1
1
0
0
1
1
1
0
1
40
1
1
0
0
0
1
0
1
0
0
0
1
1
1
0
1
1
6
1
0
0
1
0
0
0
0
1
13
0
0
7
0
10
0
0
0
0
0
0
0
10
0
0
0
0
6
0
0
0
1
0
1
0
0
0
0
0
7
1
1
0
0
0
0
0
0
0
1
0
0
0
0
12
0
1
0
1
0
11
0
0
6
0
0
0
0
0
6
0
1
9
0
1
0
0
1
0
9
0
31...2
.144.2
3..4.2
.433..
.23111
14421.
..42..
2.221.
..331.
0
1
0
31...2
.144.2
3..4.2
.433..
.23111
14421.
..42..
24221.
..331.
0
0
1
0
1
0
31...2
.144.2
3..4.2
3433..
.23111
14421.
..42..
24221.
..331.
0
1
0
1
0
11
0
31...2
.144.2
3.44.2
3433..
.23111
14421.
..42..
24221.
..331.
0
0
0
5
0
1
18
0
0
0
0
1
0
0
1
1
0
1
9
0
0
0
0
0
0
4
0
1
0
0
0
0
0
1
0
9
0
3
0
0
0
0
0
7
1
0
0
0
0
0
0
1
31...2
1144.2
3444.2
3433.4
.23111
14421.
.442.1
242211
..331.
0
0
0
