OK 1
0
0
1
1
43
1
1
0
1
.....
.14..
.3...
.....
.....
4....
2....
.....
.....
1
1
1
0
1
36
1
1
34
1
0
1
1
5
1
0
1
1
0
0
1
1
0
0
0
1
0
1
0
.11..
514..
.33..
.....
44..4
42.2.
2242.
.....
35...
0
0
1
0
25
0
1
0
0
24
0
1
1
0
0
23
0
0
1
0
1
0
0
0
1
1
1
0
1
1
0
0
1
0
0
1
0
0
0
6
0
0
0
0
0
1
8
0
0
0
0
1
0
1
.1121
5142.
.33.5
5.13.
44324
4242.
2242.
.5..3
35...
0
0
0
0
0
14
0
0
.1121
5142.
.33.5
5.13.
44324
4242.
2242.
.5..3
35...
0
0
1
0
0
0
1
0
14
0
0
6
0
1
8
0
5
0
0
8
0
0
0
0
1
0
0
0
1
0
1
7
0
0
0
1
0
10
0
0
0
0
0
0
8
0
0
0
0
10
1
0
0
0
10
0
1
0
0
9
0
0
0
1
0
0
7
8
1
51121
5142.
.3355
5.134
44324
4242.
22422
.5.33
35.3.
