OK 1
1
1
1
1
1
1
1
1
0
1
0
1
0
1
0
0
1
1
4..2
..2.
.2..
..53
...6
....
....
.4..
1..1
55..
0
0
0
1
1
4
1
0
1
24
0
0
0
1
4.42
..2.
22..
..53
.1.6
....
6...
.4..
1..1
55.3
0
1
4.42
..2.
22..
..53
.1.6
....
6...
.4..
11.1
55.3
0
4
0
1
1
1
1
1
0
0
0
2
0
0
0
0
0
0
1
0
0
1
0
1
0
0
1
1
0
1
13
1
0
0
0
1
0
0
0
12
0
0
0
0
1
0
0
8
12
0
0
0
4442
..2.
22.4
.353
.1.6
..24
6.54
4465
11.1
55.3
0
1
0
1
4
0
0
1
4442
..2.
22.4
.353
31.6
2.24
6.54
4465
11.1
5553
1
8
0
0
0
1
0
4
0
0
7
0
7
4442
2.2.
22.4
.353
3166
2.24
6.54
4465
11.1
5553
0
0
4442
2.2.
22.4
.353
3166
2.24
6.54
4465
11.1
5553
0
1
0
0
0
0
1
0
1
0
0
0
0
1
1
0
0
0
0
1
0
0
0
3
0
0
1
0
0
0
0
