OK 1
1
1
1
1
1
1
1
1
0
1
0
1
1
44
1
1
1
0
1
1
1
1
8
1
0
1
1
0
0
0
0
1
1
0
0
1
1
1
0
1
0
0
0
0
1
0
0
0
0
0
0
1
0
1
0
1
0
25
1
11..223..
..331....
.3.3....2
1..2.3.31
321313.3.
312123..1
11..223..
..331....
.3.3....2
1..2.3.31
321313.3.
312123..1
0
0
0
13
0
10
24
0
1
0
0
0
0
0
0
1
0
0
0
0
1
0
1
0
10
11..223.3
..331....
.3.3.2..2
1..2.3331
321313.3.
312123..1
0
0
1
1
0
1
0
0
0
18
0
0
0
1
0
0
1
16
0
1
13
15
0
0
0
0
0
0
0
18
0
0
0
0
0
0
1113223.3
.1331....
33.3.2..2
1..2.3331
32131333.
3121231.1
0
0
0
0
0
0
0
1
1
1
0
0
1
0
12
0
111322313
.13313...
33.3.2..2
1.12.3331
32131333.
3121231.1
1
0
0
0
1
19
0
0
0
0
0
0
1
0
0
0
0
0
0
111322313
213313..1
33.3.2..2
1.12.3331
321313333
3121231.1
0
0
0
1
0
0
0
0
0
0
9
111322313
2133131.1
33.3.2..2
1.12.3331
321313333
3121231.1
0
0
0
0
0
0
0
0
0
0
