OK 1
1
1
1
1
1
1
1
58
1
1
.3...3..
.14.41..
........
........
......1.
........
........
..1.....
1
1
1
1
53
1
.3.2.3..
.14.41..
..2.....
...4....
......1.
........
........
..13....
1
4
0
1
1
.3.2.3..
.14.41..
..2.....
..24....
......1.
4.......
........
..13...3
1
48
1
1
1
.3.2.3..
.14.41..
..2..4..
..24....
......1.
4.......
1.......
..13.1.3
1
1
1
1
1
1
1
0
1
.3.2.3..
214.41..
..2..4..
..244...
....2.12
43.1...1
1.....4.
..13.1.3
0
1
0
0
0
1
1
1
6
1
1
1
0
31
0
1
1
29
0
0
0
1
0
0
0
1
0
1
0
0
0
0
0
1
0
25
1
1
1
1
0
7
1
.3.22323
214.41.4
122.44..
342442.1
4..22.12
43.1.2.1
144...4.
4.13.1.3
1
1
1
0
0
0
0
0
1
1
0
17
0
0
0
0
0
0
1
0
0
0
1
0
0
0
1
0
0
1
0
0
0
0
0
0
14
1
0
0
1
0
0
0
0
15
0
0
1
0
1
0
0
0
0
1
13
0
0
1
0
1
0
1
0
15
0
1
0
0
11
0
1
0
0
0
10
0
0
10
0
0
0
0
0
0
0
10
0
0
0
0
9
0
1
10
0
0
0
0
10
0
0
0
0
0
0
0
0
0
9
0
0
0
10
0
0
14
1
0
0
0
0
15
0
10
0
1
0
0
0
0
0
0
0
