OK 1
1
97
..............
..............
..............
..............
..............
.1............
..............
0
1
0
1
1
1
1
1
1
1
1
2
0
1
1
1
1
1
1
1
1
1
1
2
0
1
1
8.3.145.......
..5...........
.8..54.....5..
.1............
.....53.46....
317...7.......
.........6....
1
1
0
0
1
1
3
0
1
0
1
1
1
70
1
0
1
1
1
0
0
1
4
8.3.145..2.1..
..5......3....
782254.....5.3
.1.8..8..6....
..7..53.46....
317...7.......
6..4.....6....
0
0
1
64
0
0
5
0
4
0
1
0
1
8.3.145..2.1..
..5......3....
782254.....5.3
.1.8..8..6..8.
..7..53.46....
317...7.7.....
63.4.....6....
0
1
0
1
0
1
1
0
8.3.1455.2.1..
2.5......3....
782254.....5.3
.1.8..8..6..8.
..7..53.46..4.
317...7.7.....
63.4.....6....
0
1
0
1
0
0
1
56
0
0
0
0
0
1
1
0
0
0
1
0
1
8.3.1455.2.1..
2.57.....3....
782254....4563
.1.8..8..6..8.
..7..53.46..4.
317..77.7.....
63546....6...1
0
0
0
0
0
6
1
0
1
0
0
1
1
0
0
0
1
0
1
0
1
0
0
6
0
45
0
1
0
0
44
0
1
1
1
0
0
0
41
0
1
40
0
0
0
813.1455.251.6
2.57.....3..2.
782254..544563
.1.8..8.66..8.
..77.53.461.4.
317..77.7.6...
63546..5.68..1
0
0
40
0
1
0
1
0
1
0
0
1
10
0
1
0
1
7
0
0
0
1
0
0
0
1
0
1
32
0
0
0
0
0
0
0
10
0
0
1
0
0
32
0
813.1455.251.6
2.576....3..2.
782254.1544563
.1.8..8.66..8.
..77853.461.44
317..77.7.6.86
635464.5.686.1
0
0
0
0
0
0
813.1455.251.6
2.576....3..2.
782254.1544563
.1.8..8.66..8.
..77853.461.44
317..77.7.6.86
635464.5.686.1
0
0
1
13
0
0
0
1
1
30
0
0
1
0
1
29
0
0
0
0
1
813.1425.251.6
2.576....3.42.
782254.1544563
.1.8..8666..8.
..77853.461144
317..77.776.86
635464.5.686.1
1
1
0
1
0
0
13
0
0
9
0
1
0
0
0
0
0
0
0
0
0
0
0
0
9
0
0
0
25
0
0
0
0
25
0
0
0
0
0
9
0
0
11
0
0
6
0
0
0
10
0
1
0
0
0
24
1
0
0
0
0
0
1
1
0
0
0
0
0
0
0
0
0
0
0
10
0
0
0
0
11
1
0
0
0
0
0
0
0
0
0
0
0
13
0
0
0
0
0
0
0
0
0
0
0
0
0
10
0
813.1425.251.6
285761...3.428
78225441544563
81.8..8666..8.
..77853.461144
317..77.776.86
635464.5.68651
0
0
22
0
1
813.1425.251.6
285761.4.3.428
78225441544563
81.8..8666..8.
..77853.461144
317..77.776.86
635464.5.68651
