OK 1
0
1
79
1
1
1
1
1
1
2
1
1
1
1
1
1
1
1
65
1
1
6
1
1
1
1
1
1
0
1
1....3..
..1.....
...332.4
142...4.
3.14...1
4...4.2.
....4.3.
.....2..
..13..2.
........
1
1
1
1
1
1
0
0
50
0
0
50
0
0
0
50
0
1.4..3..
..12....
...332.4
142...4.
3.14...1
44..4.2.
....4.3.
..2..2..
..13332.
........
1
1
1
1
1
1
1
0
0
0
44
1
1
1
0
0
0
1
1
0
0
11
1
0
0
1.4..3..
..12....
23.332.4
142..44.
3.14.1.1
441.4.2.
..3.4.3.
.22..2..
..13332.
1..4.3.3
0
0
0
9
0
1
1
0
0
11
0
0
0
1
0
1
0
1
1.4..3..
..12....
23.332.4
142..44.
3.14.141
4413412.
..3.4.3.
.22..2..
..13332.
13.4.3.3
1
0
0
1
1
0
0
1
0
0
1
0
1
30
0
1
0
1
15
0
1
1
1.4..3.2
2.122..1
23.332.4
142..443
3.14.141
4413412.
..31443.
.22.12..
..13332.
4314.3.3
0
0
1
0
0
0
1
0
0
1
0
0
24
0
0
0
0
0
1.4..3.2
2.122..1
23.332.4
142..443
3.14.141
4413412.
1.31443.
.22.12..
..13332.
431433.3
0
14
0
14
0
0
1
23
0
1
0
1.4..3.2
2.122..1
23.332.4
142.3443
3.14.141
4413412.
1.31443.
.22.12.1
..13332.
431433.3
0
0
1.4..3.2
2.122..1
23.332.4
142.3443
3.14.141
4413412.
1.31443.
.22.12.1
..13332.
431433.3
0
0
0
22
0
0
0
0
0
0
0
12
1
0
14
22
0
1
0
0
0
0
0
0
0
0
21
0
0
0
0
1
1
0
0
0
1
0
0
0
1
1
0
0
0
1
1
16
0
0
1
0
0
0
16
124313.2
24122..1
23.332.4
142.3443
3.144141
4413412.
1.31443.
.22.12.1
.413332.
43143323
0
1
1
0
0
0
0
1
0
0
1
0
0
1
0
0
1
0
12431322
24122.11
234332.4
142.3443
3.144141
4413412.
1.31443.
.22112.1
.413332.
43143323
18
0
0
0
0
1
0
0
12431322
24122.11
234332.4
142.3443
3.144141
4413412.
1.31443.
.2211221
.413332.
43143323
0
0
0
0
0
0
0
18
0
0
1
1
0
1
0
0
0
18
0
0
0
9
12431322
24122.11
234332.4
14213443
3.144141
4413412.
1.31443.
.2211221
.413332.
43143323
0
0
0
9
0
0
0
0
0
0
0
0
0
0
0
0
1
0
0
1
1
0
0
0
0
12431322
24122.11
234332.4
14213443
3.144141
44134121
1.314434
.2211221
.413332.
23143323
0
0
