OK 1
0
0
1
0
0
1
0
94
1
1
1
1
1
0
0
0
0
0
1
0
0
2
0
1
1
0
0
1
1
1
1
1
1
3.....
2.2...
....32
......
......
...4..
....2.
...4.4
..2...
......
......
2.....
......
...4..
.1....
......
0
1
0
1
1
1
1
4
0
1
1
1
1
1
0
1
1
3..1..
2.2.3.
....32
......
......
...4..
.2..2.
...4.4
..2...
4.4.1.
2.2..3
2...3.
......
2..4..
.1....
......
0
0
0
0
1
1
1
1
1
70
1
0
0
1
1
0
1
0
1
1
1
1
1
65
0
1
1
1
1
1
1
0
0
0
1
0
1
1
1
0
0
1
0
1
0
1
0
1
0
0
0
1
1
0
0
0
0
5
52
1
51
0
11
1
0
0
0
1
1
1
0
47
1
0
1
1
0
0
0
1
1
43
0
1
0
0
1
0
1
19
0
1
1
18
39
0
0
0
0
0
0
0
0
0
0
0
0
1
0
0
38
1
37
0
0
37
0
0
0
1
0
0
0
0
1
1
3..1..
232.3.
.3.232
.42..3
...44.
4.4414
12.324
2..444
.42.12
424412
2.2.13
24..31
..2444
21244.
32..33
..34..
0
0
1
0
1
0
1
32
0
0
0
1
0
0
0
0
0
0
0
0
0
0
14
0
0
1
0
9
0
0
0
1
0
0
1
0
0
0
0
0
0
0
0
3..1.3
232.3.
.3.232
.423.3
..1442
4.4414
12.324
21.444
.42.12
424412
2.2.13
24..31
..2444
21244.
32.233
..34..
0
0
0
0
1
0
0
27
0
0
0
0
27
1
1
1
25
0
0
1
0
0
15
1
0
0
0
0
0
0
1
0
0
0
25
0
1
0
0
0
0
0
0
24
0
24
0
0
0
0
0
0
0
12
0
0
0
0
0
0
0
0
0
0
0
24
0
0
0
0
0
0
0
0
0
3..1.3
232.3.
.34232
2423.3
.11442
4.4414
12.324
21.444
.42.12
424412
2.2.13
24..31
..2444
11244.
32.233
4.34..
0
1
0
23
0
0
21
0
0
0
0
0
1
0
0
0
0
0
0
0
0
0
1
0
0
0
32.1.3
23243.
.34232
2423.3
.11442
4.4414
12.324
21.444
.42.12
424412
2.2.13
24..31
..2444
11244.
32.233
4.34..
0
0
0
0
0
0
0
1
0
0
0
0
0
0
0
0
0
0
1
