OK 1
1
1
1
1
1
1
1
1
1
1
1
..........5..
.............
..4..........
.............
.............
......5......
.....3....42.
.............
.........2...
.............
.........1.2.
.............
.....3.......
1............
1
1
1
1
0
1
0
1
4
1
1
1
1
1
1
1
0
1
1
1
1
..........52.
.....4.......
..4..3.......
.............
.............
......5.5...2
.....3.1..42.
..3.2........
.....3...24..
.5...........
.........1.24
.............
.....3.1.....
1.......3....
1
1
6
155
1
..........52.
.....4.......
..4..3.......
..1..........
.............
......5.5...2
.....3.1..42.
..3.2...5....
.....3...24..
.5.......5...
.........1.24
.............
.....3.1.....
1.......3....
1
1
1
0
0
0
..........52.
.....4.......
..4..3.......
..1..........
.............
......5.5...2
.....3.1..42.
..3.2...5....
.....3...24..
.5.......5.3.
.......3.1.24
........2....
.....3.1.....
1.......3....
1
1
0
1
0
1
1
1
1
1
0
0
1
1
1
1
0
0
1
1
1
1
0
0
0
1
0
1
0
0
134
0
0
1
0
1
1
1
...23....252.
...2.4.......
..4..3.......
..1..........
4......2...3.
......5.5...2
....13.1..42.
.23.2.2.1..2.
...5.3...24..
.5.......5.3.
.1..5..341.24
....13..2....
.....321.....
1...4...35...
1
1
1
0
0
1
1
127
1
1
0
15
1
14
1
1
...23....252.
...2.4.1.....
..4..3.1.....
..1......5...
4......2...3.
...3..5.53..2
....13.1..42.
.23.2.2.1.425
.3.5.3..524..
.5.......5.3.
.1..5..341.24
....13..2....
.....321.....
1...4...35...
1
1
0
1
16
1
15
1
1
116
1
1
0
14
1
1
0
1
1
1
1
1
1
0
0
0
18
0
0
1
17
1
0
0
0
0
1
1
104
1
0
1
0
1
1
1
99
0
1
0
98
0
1
1
1
1
0
94
0
...23....2521
..22.4.13....
..45.3.1.....
351......5...
42.....2..33.
.1.3..5.53522
.43.1331..421
.23.223.1.425
.3.5.3..524..
.5......35.31
11.45..341324
..1.13..2..4.
34.5.3214....
1...4.2.35...
1
18
1
92
0
...23....2521
..22.4.132...
..45.3.1.....
351......5...
42.....2..33.
.113..5.53522
.43.1331..421
.23.223.1.425
.3.5.3..524..
.5......35.31
11.45..341324
..1.13..2..4.
34.5.3214....
1...4.2.35...
1
1
0
1
0
0
0
1
0
1
1
22
0
1
0
1
0
84
0
1
0
1
1
1
17
0
15
0
80
1
0
0
...233...2521
2.22.4.132...
2345.341..3..
351......5.3.
42.....2..33.
.113..5.53522
343.1331..421
.23.223.11425
.3.543..524..
.5......35.31
11.454.341324
2.1.13..23.4.
34.5.3214....
1...4.2.35...
0
0
0
0
1
0
0
0
0
1
30
77
0
1
1
1
1
0
0
0
0
0
0
1
18
0
...233...2521
2522.4.1325..
2345.341..31.
351......5.3.
42.....2..33.
.113..5.53522
343.1331..421
.235223.11425
.3.543..524..
.5......35.31
11.454.341324
2.1.13..43.4.
34.5.32143...
1...4.2.35...
0
1
0
73
1
0
1
0
19
0
0
1
0
0
0
1
0
1
0
0
0
1
24
...233...2521
25225451325..
2345.341..31.
351.3....5.3.
42.....2..33.
.113..5.53522
343.1331..421
.235223.11425
.3.543..524..
.5......35.31
112454.341324
2.1.13..43.4.
34.5.321434..
12..4.2.354..
0
0
0
20
0
0
1
1
21
1
0
0
31
0
0
0
...233...2521
25225451325..
2345.341..31.
351.3....5.3.
42.....2.233.
.113..5.53522
343.1331..421
.235223.11425
.3.543..524..
.5......35.31
112454.341324
2.1.13..43.41
34.5.321434..
12..4.2.354..
0
1
0
0
0
0
0
64
0
1
1
1
0
0
1
1
0
59
1
24
0
0
0
0
0
0
0
0
0
0
0
58
0
0
1
0
0
0
0
0
0
...233...2521
25225451325..
2345.341.5315
351.3.1.45.35
42.....2.233.
.113.35.53522
343.13313.421
.235223.11425
.3.543..524..
55......35.31
112454.341324
2.1.13..43.41
34.5.321434..
12..4.2.354..
0
33
1
0
0
0
1
0
0
0
0
0
1
1
0
0
0
22
1
0
52
...233..52521
25225451325..
2345.341.5315
351.3.1.45535
42.1...2.233.
3113.35.53522
343.13313.421
.235223.11425
.3.543..524..
55......35.31
112454.341324
2.1.13..43.41
3445.321434..
12..4.2.354..
0
0
1
0
1
0
0
0
0
50
0
...233..52521
25225451325..
2345.341.5315
351.3.1.45535
42.1...2.233.
3113.35.53522
343.13313.421
.235223.11425
.3.543..524..
55....1.35.31
112454.341324
2.1.13..43.41
3445.321434.5
12..4.2.354..
0
0
0
0
0
50
0
0
1
0
1
0
0
0
0
0
0
0
0
1
0
0
22
0
0
0
0
0
0
34
0
0
0
0
..2233..52521
25225451325..
2345.341.5315
351.3.1.45535
42.1...2.233.
3153.35.53522
343.13313.421
.235223.11425
.3.543..524..
55....1.35.31
112454.341324
2.1.13..43.41
3445.321434.5
12..422.354..
0
48
0
1
0
22
0
0
0
0
0
0
0
47
0
22
0
0
0
0
0
1
0
0
0
0
0
1
0
0
0
0
0
0
0
0
0
0
0
0
0
0
45
0
0
0
0
45
0
0
0
1
0
0
0
0
0
37
1
0
0
0
24
0
0
..2233..52521
25225451325..
2345.34135315
351.3.1.45535
42.1...2.233.
3153.35.53522
343.13313.421
.235223.11425
.33543.1524..
55..4.1.35.31
112454.341324
2.1.133.43.41
3445.321434.5
12..422.354..
0
1
38
0
0
28
1
1
0
27
0
0
1
27
0
0
0
0
0
0
0
0
39
0
39
0
0
0
0
1
0
1
37
0
..22331252521
25225451325.1
2345.34135315
351.3.1.45535
42.1...2.233.
3153.35.53522
343.133133421
.235223.11425
.33543.1524..
55..4.1.35.31
112454.341324
2.1.133143.41
3445.321434.5
12.1422.354..
0
0
0
0
0
0
0
1
0
0
0
0
0
38
0
36
0
0
0
0
0
38
..22331252521
25225451325.1
2345.34135315
351.3.1.45535
42.1...2.2334
3153.35.53522
343.133133421
.235223.11425
.33543.1524..
55..4.1.35.31
112454.341324
2.1.133143.41
3445.321434.5
12.1422.354..
0
0
1
35
0
0
0
.522331252521
25225451325.1
2345.34135315
351.3.1.45535
42.1...2.2334
3153.35.53522
343.133133421
.235223.11425
.33543.1524..
55..4.1.35.31
112454.341324
2.1.133143.41
3445.321434.5
12.1422.354..
0
0
35
0
0
35
0
0
.522331252521
25225451325.1
2345.34135315
351.3.1.45535
42.1...2.2334
3153.35.53522
343.133133421
.235223.11425
.33543.1524..
55..4.1.35.31
112454.341324
2.1.133143.41
3445.321434.5
12.1422.354..
0
0
0
0
0
28
0
0
0
1
0
0
0
1
0
0
38
.522331252521
25225451325.1
2345.34135315
351.341.45535
42.1...2.2334
3153.35153522
343.133133421
.235223.11425
.33543.1524..
55..4.1.35.31
112454.341324
2.1.133143.41
3445.321434.5
12.1422.354..
0
0
33
0
1
0
32
0
0
25
0
0
0
0
32
25
0
0
0
0
32
.522331252521
25225451325.1
2345.34135315
351.341.45535
42.1...2.2334
3153.35153522
3435133133421
.235223.11425
.33543.1524..
55..4.1.35.31
112454.341324
2.1.133143.41
3445.321434.5
12.1422.354..
0
0
0
0
0
0
0
0
0
0
1
0
0
1
0
0
0
0
1
0
0
0
0
0
0
1
0
0
28
0
0
0
0
0
0
0
0
0
0
1
0
0
0
0
1
0
.522331252521
25225451325.1
2345.34135315
351.341.45535
42.122.2.2334
3153.35153522
3435133133421
.235223511425
333543.1524..
55..4.1.35.31
1124544341324
211.133143.41
3445.321434.5
12.1422.354..
0
0
26
0
0
0
0
0
0
1
25
0
0
0
0
0
0
25
0
31
0
1
0
0
0
0
0
0
0
0
0
0
0
0
1
0
0
0
23
0
0
0
1
0
0
30
22
0
0
0
26
