OK 1
1
1
1
1
1
1
1
1
1
1
1
131
1
0
1
1
..............
.1.......4....
5.............
...16.........
..............
..............
....7.......1.
..............
..3.........2.
.4.........3..
0
1
0
1
1
126
1
0
3
1
1
1
1
1
1
1
1
0
1
0
1
1
0
0
1
1
0
1
112
1
1
0
1
4
110
0
1
...........2..
.1......44....
5........3....
.5.16.5......6
......7.6.....
..7.....3.....
.2..7.3..47.16
..........2.5.
..3....31...2.
.4....4....3..
0
1
1
1
1
1
0
1
1
1
1
1
0
0
0
99
1
0
1
1
1
9
1
1
1
0
1
91
0
1
1
0
1
0
0
1
0
0
1
1
1
0
1
1
1
1
1
1
0
0
0
0
0
7
0
1
1
80
1
1
0
1
1
0
0
1
0
0
0
0
0
1
1
1
10
0
0
0
8
10
75
1
0
0
1
1
0
0
0
0
1
0
.....47....2..
.177....44..14
5....63.13.3..
.5.16.5.17..66
....27776.14..
..7746..3.7...
.2357.32.47.16
5.7...32.2215.
.43..3.31...27
.4..7.417..3..
0
0
0
0
0
1
0
0
1
0
0
0
1
0
0
10
0
1
0
1
1
0
0
0
0
1
1
0
66
0
66
1
65
0
0
0
1
1
0
0
8
63
1
17
0
1
0
0
1
0
60
0
0
26
0
0
1
0
59
0
0
0
0
1
12
0
1
1
0
0
0
1
0
0
1
0
0
0
0
0
1
1
0
0
0
0
0
53
0
1
1
11
0
18
0
0
14
0
1
0
0
0
0
0
0
0
0
1
0
0
0
0
1
0
0
0
0
22
1
1
0
0
0
0
1
1
0
12
0
1
0
0
0
1
0
1
33.2247..6.2..
.177....44..14
5...563613.321
.5.16.5717..66
....27776114.5
..77461.33724.
62357232.47116
5.73713222215.
.63.634317..27
.4..7.417.534.
0
0
1
0
44
0
1
1
0
0
0
0
0
0
1
0
0
1
0
0
1
0
0
0
0
41
0
0
0
0
0
0
0
41
0
12
0
0
41
0
0
1
0
0
0
0
0
1
12
0
12
0
0
0
1
0
0
16
0
0
0
0
0
0
12
0
0
11
0
20
0
0
16
0
0
1
11
1
0
1
0
0
1
0
0
0
0
1
1
0
1
0
0
1
0
0
1
0
1
3372547..6.2.4
.3776.5.44..14
53..563613.321
.5.16.5717.366
2...27776114.5
..77461.337246
62157232247116
5.73713222215.
.63.634317..27
14.77.417.534.
0
9
0
0
1
0
0
0
0
0
0
0
11
0
0
0
0
0
0
8
0
0
3372547..6.2.4
.3776.5.44..14
53..563613.321
.5216.5717.366
2...27776114.5
..77461.337246
62157232247116
5.73713222215.
.63.634317..27
14.77.417.534.
0
0
0
13
0
0
32
0
0
0
0
0
0
0
1
0
0
0
1
0
11
32
0
0
0
17
0
0
0
0
32
0
0
0
14
0
0
16
0
0
1
0
0
0
3372547..6.2.4
.3776.5.44..14
53..563613.321
.521635717.366
2...27776114.5
..77461.337246
62157232247116
5.73713222215.
.63.634317..27
14.77.417.534.
0
0
0
0
0
0
0
0
0
0
0
0
0
0
21
0
0
0
0
0
18
1
0
0
0
7
3372547..6.2.4
.3776.5.44..14
53..563613.321
.5216357174366
2...27776114.5
..77461.337246
62157232247116
5.73713222215.
.63.634317..27
14.77.417.534.
1
0
0
0
0
0
29
1
0
0
8
0
0
0
1
0
0
0
0
0
0
0
1
