OK 1
0
1
149
0
1
1
0
1
1
...............
...............
...............
........2......
...............
..3...........5
...............
...............
....5..........
...............
1
1
1
1
0
1
1
1
1
138
0
0
1
1
1
1
1
3
1
0
0
1
1
1
1
1
0
1
1
0
0
1
3
1
1
1
0
0
122
0
122
1
0
1
0
0
...8....7..43..
9..............
....2..........
...6..7.23.....
5...29..8......
..3.59...2.4..5
.......7....3..
...98..3.......
....5...6......
.68...2........
1
1
0
1
0
1
1
1
0
1
113
1
1
0
1
1
1
1
1
107
...8....7..43..
9.......6......
7...2....4.....
...6..7.23.3...
5.3.29..8......
..3.59..92.4..5
1.....37....3..
.9298..3.......
.8..5...61.....
.684..2........
1
1
0
1
0
5
0
1
1
1
1
1
0
1
0
1
0
0
0
1
1
0
1
0
0
1
97
0
1
...8....7..43..
9.3.....9.5....
7...2....4....9
..76..7.23.3...
5.3.29..8...9..
..3.59..92.4..5
1.....376.1.3..
.9298..3.......
.8..5..1617....
.684..25.3.....
1
5
95
1
1
7
0
1
93
1
..78....7..43..
9.3.....9.5....
7...2....4....9
..76..7.23.3...
5.3.29..8...9..
..3.59..92.4..5
1.....376.1.3..
89298..3.......
.8..5..16175...
.684..2543.....
0
1
5
0
1
0
0
1
0
89
0
1
1
1
0
0
1
..78....7..43..
9.3.....9.5....
7...2.3..4....9
.176..7.23.3..2
5.3.29..8...9..
..3.59..92.4..5
18..9.376.1.3..
89298..3.......
.8..5..16175...
.684.52543.8...
0
1
1
1
0
0
1
0
0
1
0
1
1
0
9
0
1
1
0
1
1
1
1
0
0
7
1
0
0
0
0
0
1
1
0
0
0
0
0
0
1
1
10
0
5
1
1
0
1
0
1
0
0
1
66
1
0
10
0
0
0
1
0
0
0
1
0
0
65
0
0
1
64
0
0
0
0
0
12
0
0
1
1
.8788...78743..
9.3.....9.53...
77..2237541...9
.176.47723.3..2
514.29..86..9..
..3559..9294..5
18..9837641.3.1
892985.3.....4.
.8..5..16175...
2684.52543.8...
0
0
1
0
1
61
0
0
0
12
0
1
0
.8788...78743..
9.3.....9.53...
77..2237541...9
5176.47723.3..2
514.29..86.69..
..3559..9294..5
18..9837641.3.1
892985.3.....49
.8..5..16175...
2684.52543.8...
0
0
0
0
.8788...78743..
9.3.....9.53...
77..2237541...9
5176.47723.3..2
514.29..86.69..
..3559..9294..5
18..9837641.3.1
892985.3.....49
.8..5..16175...
2684.52543.8...
0
0
0
0
0
11
1
0
1
1
0
0
0
0
0
0
0
0
1
0
1
1
0
0
0
0
0
0
1
0
1
0
1
13
0
0
52
0
0
1
0
0
0
0
1
50
0
0
1
0
1
14
0
0
0
16
0
0
0
0
0
1
0
0
0
1
0
0
0
0
47
1
0
1
0
0
0
0
0
0
0
0
46
1
0
0
0
0
0
0
0
1
0
1
0
0
0
0
1
1
0
0
0
0
1
1
1
0
0
0
0
0
0
0
0
0
0
0
0
0
0
1
1
1
38
0
0
1
1
0
0
8
1
0
0
0
0
1
0
0
1
0
0
0
0
0
0
0
487882.57874339
9.31....995367.
778.2237541...9
5176.47723.3..2
514329..86.694.
7835597.9294155
18.99837641.3.1
892985.3...1.49
98..59716175.2.
2684652543.85..
0
0
0
0
0
0
0
0
0
0
0
0
11
0
0
1
0
0
0
1
0
0
1
0
0
0
0
0
33
1
0
0
32
0
0
0
11
0
0
1
487882.57874339
9.31....995367.
778.2237541...9
5176.47723.39.2
514329..86.694.
7835597.9294155
18.99837641.361
892985.3...1.49
98.259716175.2.
2684652543.85..
0
0
0
0
0
0
0
0
0
0
0
0
0
0
0
1
0
1
0
0
0
0
0
0
0
0
0
0
30
0
0
0
0
1
6
0
0
0
0
0
1
0
0
487882.57874339
9.31....995367.
77842237541...9
5176.47123.39.2
514329..862694.
7835597.9294155
18.99837641.361
892985.3...1.49
985259716175.2.
2684652543.85..
0
1
13
0
0
0
1
0
0
1
487882.57874339
9.31..4.995367.
77842237541...9
5176.47123.39.2
514329..8626941
7835597.9294155
18.99837641.361
892985.3...1.49
985259716175.2.
2684652543.85..
1
0
0
0
0
0
0
0
0
0
0
0
0
