OK 1
1
1
0
0
0
1
0
1
1
1
1
1
1
1
1
0
1
1
0
1
1
1
0
1
0
0
1
1
0
1
1
4
1
1
2
1
1
1
1
1
2
1
1
1
232
0
1
231
0
0
1
1
1
1
1
1
1
1
1
1
0
1
0
1
1
1
1
1
1
1
0
6
0
1
1
0
0
1
1
9
1
0
211
0
0
1
0
1
1
0
0
208
0
1
1
0
0
0
1
0
0
206
0
1
5
1
1
1
1
1
6
0
1
1
0
0
1
1
1
1
0
0
0
1
0
0
1
1
1
0
8
1
0
0
1
0
1
1
0
0
1
1
1
0
0
1
185
0
1
1
10
0
0
1
1
..........4..
.2........9.2
..6...8.9...6
8......17.7..
.......7.4...
.....5...58..
6..1.........
...734...3915
4772...64....
16.55.8.5...2
.7..47.....7.
........5....
..2.....54...
5.1...99...54
.........56.6
..1..274.81.5
....8...3.8..
..95....3....
.8...31....4.
...5...8.2398
181
1
1
1
0
1
1
0
0
1
0
1
1
0
1
0
0
0
8
0
0
174
0
1
1
1
0
0
10
1
0
1
1
1
0
0
0
0
6
0
0
0
1
167
1
1
.1........4..
52........9.2
..6...8.9...6
8......17.7..
......67.4...
.....52..58..
6..1.....7...
...734...3915
4772...64....
16.55.8.59..2
.7..47....47.
........596..
..2....754.4.
5.1...99...54
.........56.6
..1..274.8115
....8...3.8..
..95....3..6.
.8...31...54.
.6.5...822398
0
12
1
1
163
1
1
0
1
1
1
0
17
0
1
158
0
0
0
0
0
1
1
0
1
0
0
1
1
1
1
1
0
1
1
0
0
1
1
0
0
1
.1........4..
52........9.2
..6...8.9...6
81.....17.7..
......6784...
.....52..58..
6..1.....7..1
...734..23955
4772...64....
16.55.8.59.82
.7..47..5.47.
.92.47..596..
..2....754.4.
561...99...54
2........56.6
..143274.8115
....8...3.8..
5.95.9..3.66.
.8...31...54.
.6.5...822398
1
147
0
.1........4..
52........9.2
..6...8.9...6
81.....17.7..
......6784...
.....52..58..
6..1.....7..1
...734..23955
4772.5.64....
16.55.8.59.82
.7..47..5.47.
.92.47..596..
..2....754.4.
561...99...54
2........56.6
..143274.8115
....8...3.8..
5.95.9..3.66.
.8...31...54.
.6.5...822398
0
0
0
0
147
1
0
0
0
1
0
0
1
1
0
0
143
1
1
141
1
.1........4..
52........9.2
..6..48.953.6
81.....17.7..
......6784...
.....52..58..
6..1.....7..1
.8.734..23955
4772.5.64....
16.55.8.59.82
.7..47..5.47.
.92.477.5967.
..2....754.4.
561...99...54
2........56.6
..143274.8115
....8.1.3.8..
5.95.9..3.66.
.8...31...54.
.6.5...822398
0
1
1
0
1
0
0
0
15
1
0
1
1
0
0
0
0
.1........4..
52........9.2
..6..48.953.6
81.....17.7..
......6784...
.....52..58..
6..1.....7..1
.8.734..23955
4772.5.64....
16.55.8.59.82
.7..476.5.47.
.92.477.5967.
..2..6.754.4.
561...99...54
2........56.6
..143274.8115
..1.8.1.3.8..
5.9559..3266.
.8...31...54.
.6.5...822398
1
1
1
0
132
1
0
0
0
22
0
0
1
0
0
1
0
0
129
1
1
.1........4.3
52...3.2..9.2
..6..48.953.6
81.....17.7..
......6784...
.....52..58..
6..1.....7.11
.8.734..23955
4772.5.64....
16.55.8.59.82
.7..476.5.47.
.92.477.5967.
..2..6.754.4.
561...99...54
2........56.6
..143274.8115
..148.1.3.8..
579559..32665
.8...31...54.
.625...822398
1
1
1
0
0
.1........4.3
52...3.2..9.2
..6..48.953.6
81.....17.7.6
......6784...
7....52..58..
6..1.....7611
.8.734..23955
4772.5.64....
16.55.8.59.82
.7..476.5.47.
.92.477.5967.
..2..6.754.4.
561...99...54
2........56.6
..143274.8115
..148.1.3.8..
579559..32665
.8...31...54.
.625...822398
1
1
1
0
0
0
0
1
1
0
0
1
0
0
0
0
0
1
0
0
.1........4.3
52.9.3.2..9.2
..6..48.953.6
81.....17.7.6
......6784...
7.6..52..58..
6..1.....7611
.8.734..23955
4772.5.64....
16.55.8.59.82
27..476.5.47.
.92.477.5967.
..26.6.754.4.
561.8.99...54
2........56.6
..143274.8115
.1148.1.3.8..
579559..32665
.8...31...54.
.625...822398
0
0
0
.1........4.3
52.9.3.2..9.2
..6..48.953.6
81.....17.7.6
......6784...
7.6..52..58..
6..1.....7611
.8.734..23955
4772.5.64....
16.55.8.59.82
27..476.5.47.
.92.477.5967.
..26.6.754.4.
561.8.99...54
2........56.6
..143274.8115
.1148.1.3.8..
579559..32665
.8...31...54.
.625...822398
0
1
0
0
0
1
1
0
1
1
0
16
0
0
0
0
0
0
0
0
0
15
0
0
0
0
1
17
0
1
1
0
112
1
0
1
1
0
0
0
0
109
1
108
1
0
0
0
0
0
0
0
1
0
107
1
1
0
0
613.......4.3
52.9.3.2..9.2
..6..48.953.6
81.....17.7.6
..8...6784...
7.6..52..58..
6..1.....7611
.8.734..23955
4772.5.64..7.
16.55.8.59.82
27..476.5.47.
.92.477.5967.
..26.6.754449
561.8.99..154
2.....6..56.6
..143274.8115
.114821.328.6
579559..32665
.8.2731...54.
.625...822398
0
0
0
0
13
0
0
16
1
0
1
20
0
0
1
0
0
0
104
0
0
1
1
0
1
0
1
0
1
0
1
0
1
0
0
0
23
0
0
0
0
613.......4.3
52.9.3.2..9.2
..6..48.953.6
81.....17.7.6
..8..76784...
7.6..52..58.4
6..1.....7611
.8.734..23955
4772.5.64.97.
16.55.8.59.82
27..476.5.47.
.92.477.59671
..26.6.754449
561.8.99..154
2...2.6..56.6
..143274.8115
.114821.328.6
5795592.32665
.8.2731...54.
7625...822398
0
98
0
0
1
613.......4.3
52.9.3.2..9.2
..6..48.953.6
81.....17.7.6
..8..76784...
7.6..52..58.4
6..1.....7611
.8.734..23955
4772.5.64.97.
16.55.8.59.82
27..476.5.47.
.92.477.59671
.226.6.754449
561.8.99..154
2...2.6..56.6
..143274.8115
.114821.328.6
5795592.32665
.8.2731...54.
7625...822398
1
0
1
0
0
1
0
0
1
0
0
93
0
22
93
1
1
0
91
0
0
0
0
0
0
0
1
0
0
0
0
20
0
0
1
0
0
1
0
0
0
0
0
0
0
0
0
0
0
0
24
613...9.6.4.3
52.9.3.2..9.2
..6..48.953.6
81.....17.7.6
..8..76784..4
7.6.452..58.4
6..1.....7611
.8.734..23955
4772.5.64.97.
16.55.8.59.82
27..476.5.47.
.92.477.59671
.22626.754449
561.8699..154
23.7236..56.6
..143274.8115
.114821.328.6
5795592.32665
.8.2731...54.
7625...822398
1
613...9.6.4.3
52.9.3.2..9.2
..6..48.953.6
81.....17.7.6
..8..76784..4
7.6.452..58.4
6..1.....7611
.8.734..23955
4772.5.64.97.
16.55.8.59.82
27..476.5.47.
.92.477.59671
.22626.754449
561.8699..154
23.7236..56.6
..143274.8115
.114821.328.6
5795592732665
.8.2731...54.
7625...822398
0
15
613...9.6.4.3
52.9.3.2..9.2
..6..48.953.6
81.....17.7.6
..8..76784..4
7.6.452..58.4
6..1.....7611
.8.734..23955
4772.5.64.97.
16.55.8.59.82
27..476.5.47.
.92.477.59671
.22626.754449
561.8699..154
23.7236..56.6
..143274.8115
.114821.328.6
5795592732665
.8.2731...54.
7625...822398
0
0
15
0
1
18
0
0
0
0
86
0
0
0
0
0
0
1
0
0
0
1
0
1
6132..9.6.4.3
52.9.3.21.9.2
.16..48.953.6
81.....17.7.6
..8..76784..4
7.6.452..58.4
6..1.....7611
.8.734..23955
4772.5.64.97.
16.55.8.59.82
27..476.5.47.
.92.477.59671
.22626.754449
561.8699..154
23.7236..56.6
..143274.8115
.114821.328.6
5795592732665
.8.2731...54.
7625...822398
0
0
0
0
23
0
6132..9.6.4.3
52.9.3.21.9.2
.16..48.953.6
81.....17.7.6
..8..76784..4
7.6.452..58.4
6..1.....7611
.8.734..23955
4772.5.64.97.
16.55.8.59.82
27..476.5.47.
.92.477.59671
.22626.754449
561.8699..154
23.7236..56.6
..143274.8115
.114821.328.6
5795592732665
.8.2731...54.
7625...822398
1
83
0
15
83
0
0
0
1
1
82
1
14
0
1
21
0
0
80
0
1
0
79
0
0
1
0
0
6132..9.6.4.3
52.943.21.9.2
.16..48.953.6
81...2.17.7.6
..8..76784..4
7.6.4527.58.4
6..1.....7611
.8.734..23955
4772.5.64.97.
16.55.8.59782
27..476.5.47.
.92.477.59671
.22626.754449
561.8699..154
23.7236..56.6
..143274.8115
.114821.328.6
5795592732665
.8.2731.3.54.
7625...822398
0
0
0
1
0
0
15
0
1
0
1
0
1
1
15
0
0
0
0
1
0
0
0
0
1
20
0
0
74
1
0
0
0
0
73
0
1
0
0
0
0
1
0
0
0
0
0
1
27
0
0
0
15
72
0
1
71
0
0
1
0
1
1
0
0
0
0
1
0
0
0
0
0
0
6132..9.6.4.3
52.943.21.932
.16..48.953.6
81...2.17.7.6
..8..767843.4
7.6.4527.58.4
6..1..11.7611
.8.734..23955
4772.5.64397.
16.55.8.59782
27..47675.47.
792.477.59671
.22626.754449
561.8699.2154
23.7236..56.6
74143274.8115
.114821.328.6
5795592732665
.8.2731.3.54.
7625..6822398
0
0
0
0
1
67
0
1
1
0
0
0
0
1
0
0
0
0
0
0
0
1
0
0
0
0
0
0
0
0
0
0
0
0
6132.89.6.4.3
52.943521.932
.16..48.953.6
81...2.17.7.6
..8..767843.4
7.6.4527158.4
6..1..11.7611
.8.734..23955
4772.5.64397.
16755.8.59782
27..47675.47.
792.477.59671
.22626.754449
561.8699.2154
23.7236..56.6
74143274.8115
.114821.328.6
5795592732665
.8.2731.3.54.
7625..6822398
1
0
1
0
0
0
15
63
1
0
0
0
6132.89.6.4.3
52.943521.932
.16..48.953.6
81...2.17.7.6
..8..767843.4
7.6.4527158.4
6..1..11.7611
.8.734..23955
4772.5.64397.
16755.8.59782
27..47675.47.
792.477.59671
.22626.754449
561.8699.2154
23.7236.156.6
74143274.8115
.114821.328.6
5795592732665
.8.2731.3.54.
7625.76822398
0
0
0
0
1
0
0
0
0
0
0
0
0
1
0
0
0
0
0
0
0
0
0
62
0
0
0
0
23
1
0
0
0
1
0
0
6132.89.6.4.3
52.943521.932
.16..48.953.6
81...2.17.7.6
..8..767843.4
7.6.4527158.4
6..1..11.7611
.8.734..23955
6772.5.64397.
16755.8.59182
27..47675.47.
792.477.59671
.22626.754449
561.8699.2154
23.7236.156.6
74143274.8115
.114821.328.6
5795592732665
.8.2731.3.54.
7625.76822398
0
0
1
0
0
62
1
0
0
0
0
0
0
0
1
0
0
0
0
0
0
26
1
59
0
0
0
1
58
0
0
6132.89.6.463
52.943521.932
.16..48.953.6
811..2.17.7.6
..8..767843.4
7.6.4527158.4
6..1..11.7611
.8.734..23955
6772.5.64397.
16755.8359182
27..47675.47.
792.477.59671
.22626.754449
56158699.2154
23.7236.156.6
74143274.8115
.114821.328.6
5795592732665
.8.2731.3.54.
7625.76822398
0
29
0
1
1
0
0
25
0
0
0
0
0
1
6132.89.6.463
52.943521.932
.16..48.953.6
811..2.17.7.6
..8..767843.4
7.6.4527158.4
6..1..11.7611
.8.734..23955
6772.5.64397.
16755.8359182
27..47675847.
792.477.59671
.22626.754449
56158699.2154
23.7236.156.6
74143274.8115
.114821.328.6
5795592732665
.8.2731.3.54.
7625.76822398
0
0
0
27
0
0
0
0
0
0
26
0
0
0
0
57
0
0
0
57
0
1
15
1
0
0
0
0
57
0
1
0
0
0
0
0
0
1
0
0
16
56
0
25
0
0
0
56
0
0
0
25
0
0
0
0
1
6132.89.6.463
52.943521.932
.16..48.953.6
811..2.17.7.6
..8..767843.4
7.6.4527158.4
6..1..11.7611
.8.734..23955
6772.5.64397.
16755.8359182
87..47675847.
792.477.59671
.22626.754449
56158699.2154
2337236.156.6
74143274.8115
.119821.328.6
5795592732665
.8.2731.3.54.
7625.76822398
0
0
0
0
0
0
0
20
0
1
0
0
0
0
6132.89.6.463
52.943521.932
.16..48.953.6
811..2.17.7.6
..8..767843.4
7.6.4527158.4
6..1..11.7611
.8.734..23955
6772.5.64397.
16755.8359182
87..47675847.
792.477.59671
.22626.754449
56158699.2154
2337236.156.6
7414327458115
.119821.328.6
5795592732665
.8.2731.3.54.
7625.76822398
0
0
0
0
0
0
0
1
54
0
0
0
0
0
6132.89.6.463
52.943521.932
.16..48.953.6
811..2.17.7.6
..8..767843.4
7.6.4527158.4
6..1..11.7611
.8.734..23955
6772.5.64397.
16755.8359182
87..47675847.
792.477.59671
.22626.754449
56158699.2154
2337236.156.6
7414327458115
.1198213328.6
5795592732665
.8.2731.3.54.
7625.76822398
0
1
0
0
1
0
0
0
0
26
0
6132.89.6.463
52.943521.932
.16..48.953.6
811..2.17.7.6
..8..767843.4
7.6.4527158.4
6..1..11.7611
.8.734..23955
6772.5964397.
1675528359182
87..47675847.
792.477.59671
.22626.754449
56158699.2154
2337236.156.6
7414327458115
.1198213328.6
5795592732665
.8.2731.3.54.
7625.76822398
0
52
1
0
6132.89.6.463
52.943521.932
.16..48.953.6
811..2.17.7.6
..8..767843.4
7.6.4527158.4
6..1..11.7611
.8.734..73955
6772.5964397.
1675528359182
87..47675847.
792.477.59671
.22626.754449
56158699.2154
2337236.156.6
7414327458115
.1198213328.6
5795592732665
.8.2731.3.54.
7625.76822398
1
0
0
0
0
1
0
20
1
0
0
0
1
0
0
0
0
0
0
0
0
1
48
48
1
0
0
