OK 1
1
1
1
1
0
0
1
1
1
1
0
1
4
1
0
1
1
0
1
0
1
6
0
0
1
1
1
1
1
1
11
1
1
1
10
1
1
0
1
1
1
29
0
1
28
1
0
0
0
1
0
0
0
1
0
1
1
1
0
24
0
16
0
24
1
0
0
1
0
0
0
0
0
1..1..
1....1
....11
.122.1
.22.11
22.21.
.1222.
12.122
2.2.21
0
23
1..1..
1....1
....11
.122.1
.22.11
22.21.
.1222.
12.122
2.2.21
0
0
0
0
0
15
0
0
1
1
0
1
1..1..
1....1
.1..11
.122.1
222.11
22.21.
.1222.
12.122
222.21
0
0
18
0
0
1
0
0
0
1
0
0
0
0
1
0
17
0
1
0
0
0
0
0
1
0
0
20
0
0
1
0
1
0
0
0
19
0
0
0
0
0
0
1
0
1
0
1
0
0
0
23
11
0
0
20
0
0
20
0
0
20
0
0
0
0
0
0
0
0
20
11
0
0
11
1
0
0
1
0
1221.1
1111.1
111.11
.12221
222111
22.21.
.1122.
121122
222.21
0
0
0
0
0
20
0
0
0
0
0
0
0
25
0
0
