OK 1
0
1
1
52
1
1
50
.2..3....
........3
.........
.......2.
.........
.........
1
1
1
1
1
1
1
44
1
43
1
1
41
1
0
1
1
.2..3...6
.......33
..1......
6..5...2.
...1..3..
.4.42...6
1
0
1
0
1
0
1
0
1
1
0
1
0
0
34
1
1
0
1
0
1
0
0
1
0
1
29
1
0
10
0
0
0
0
0
0
0
3
.2413...6
.33....33
..12.....
6..5...2.
.5.1..3.5
546422..6
0
0
5
0
1
1
0
0
0
4
0
0
0
0
1
0
0
0
1
1
0
0
0
0
2
0
0
0
0
0
1
0
1
0
0
0
0
0
1
0
0
0
0
0
0
0
0
0
0
1
1
0
1
0
0
0
0
0
0
22
.24133..6
.33.4..33
.11222...
61.5...22
.5.1..3.5
546422..6
0
0
1
0
0
0
1
0
0
0
0
0
0
0
8
12
0
0
0
0
.24133..6
.33.4..33
.11222.3.
6155...22
.5.1..3.5
546422..6
0
1
1
0
0
0
0
0
0
1
0
0
0
0
11
0
11
1
0
0
0
0
1
0
0
0
0
0
0
0
0
0
1
5
0
0
1
.24133..6
.33.4..33
611222.3.
6155..222
.5.12.3.5
5464222.6
1
.24133..6
.3334..33
611222.3.
6155..222
.5.12.3.5
5464222.6
0
4
1
0
0
0
1
0
0
0
0
0
.24133..6
.3334..33
611222.3.
6155..222
.5.12.3.5
5464222.6
0
0
