OK 1
1
1
1
1
..1......
.........
.1.......
2........
.........
.........
.........
.........
1
1
1
3
1
1
64
0
1
1
1
1
1
1
1
1
1
1
0
0
1
1
1
1
0
1
1
1
49
1
0
48
0
0
..1..1..2
..2......
.1....2.1
2..1.2...
.2.1111..
..12.1...
.....222.
....1..12
1
0
1
1
13
1
1
0
0
1
0
0
0
1
1
41
1
1
39
0
1
1
0
0
17
1
0
1
1
1.1..1..2
..2......
21....211
22.11212.
.2.1111..
2.12.11.2
....2222.
2.2.11.12
0
1
1.1..1..2
..2......
21....211
22.11212.
.2.1111..
2.12.11.2
....2222.
222.11.12
1
0
1
0
0
0
1
1
22
1
1
0
23
0
0
1
1
1
1
1
1
0
0
0
0
0
0
0
0
0
0
25
0
1
1
1
0
0
1
27
1
0
1
18
1
0
0
1
0
0
0
0
0
0
27
0
1
0
0
30
0
0
0
0
0
0
15
0
0
0
0
0
1
0
1
0
0
0
14
0
0
0
0
0
0
0
0
0
0
27
14
0
0
0
31
0
0
0
0
0
1
32
0
0
27
0
1
0
0
0
0
0
0
0
0
0
0
0
0
12
111.11112
1.2.121..
212.12211
22.11212.
12.111122
211221112
.22.22221
222111.12
0
0
0
12
0
111.11112
1.2.121..
212.12211
22.11212.
12.111122
211221112
.22.22221
222111.12
0
12
0
0
0
0
0
111.11112
1.2.121..
212.12211
22.11212.
12.111122
211221112
.22.22221
222111.12
0
0
0
0
0
0
0
32
0
0
0
0
0
0
0
1
0
0
0
0
0
0
0
0
1
0
33
0
0
0
