OK 1
1
1
0
1
42
1
1
41
0
1
1
1
0
1
1
1
0
36
1
0
0
1
1
1
1
1
1
30
1
0
11
1
0
0
0
1
0
8
0
0
5
1
1
0
1
1
0
0
8
1
0
0
5
0
0
0
0
0
0
0
8
.21.3
..4..
....2
..31.
.423.
.4234
.1224
41...
3.21.
0
0
0
9
0
1
0
0
0
0
0
0
0
.2113
..4..
....2
..31.
.423.
.4234
.1224
41...
3.21.
0
1
0
0
0
0
1
7
1
0
8
0
1
.2113
..4..
..4.2
..31.
.423.
.4234
.1224
41...
3.21.
0
0
0
0
0
7
0
0
4
1
0
0
0
0
5
0
0
.2113
..4..
..4.2
..31.
.423.
.4234
.1224
41...
3.21.
1
0
0
5
0
1
0
1
0
0
0
0
0
1
0
0
0
7
0
1
0
0
8
0
1
0
1
7
0
0
1
0
0
0
22113
..4.2
..4.2
..312
.4234
.4234
.1224
41...
3.21.
0
1
0
0
5
0
0
8
0
0
0
0
0
0
0
1
0
0
0
0
