OK 1
0
1
0
1
0
1
.....2.
.......
.......
.......
.......
.......
.......
.......
.......
.......
.......
.......
.......
......1
.......
.......
.......
0
1
116
1
1
1
1
1
1
1
1
1
.....2.
.......
.......
...7...
.......
.......
....6..
..1....
.......
.......
.......
.......
87.6...
......1
..4....
.......
9..5...
0
1
107
1
1
105
1
1
103
1
1
0
1
1
0
1
1
1
1
1
1
1
95
1
0
1
1
0
1
0
1
1
0
0
1
0
0
0
0
0
0
3
0
0
0
1
0
1
1
1
87
1
1
1
0
..8..2.
9......
...3..8
...7...
.3.....
..1.64.
....6..
531....
.......
.9.....
..162..
.......
8716...
......1
5.42.6.
.89...6
8..53.5
0
1
0
1
1
1
82
..8..2.
9......
...3..8
...7...
.3.....
..1.64.
....6..
531....
.......
.9.....
..162..
.......
8716...
.4....1
5442.6.
.89...6
8.353.5
0
0
1
1
0
0
1
0
1
6
0
0
0
0
0
78
0
0
0
0
0
0
1
77
0
0
0
77
1
76
0
1
0
1
0
0
0
3
0
74
1
0
1
4
1
1
0
0
1
0
0
0
1
1
0
1
0
1
0
1
1
1
0
1
7
1
0
61
1
1
0
0
6.8..29
91....3
...3.98
...7...
.3...31
.61.64.
77.56.5
531.39.
.......
.91....
..162.9
84...12
8716.33
.4....1
5442.6.
.89...6
8.353.5
0
1
1
0
4
1
1
0
1
0
0
0
1
0
0
1
1
0
1
1
1
53
0
0
0
0
0
0
9
53
1
0
1
0
1
0
0
10
1
0
0
0
0
0
0
11
0
1
1
0
0
6.8..29
91....3
...3.98
...7.8.
.38.631
.61.64.
77556.5
531439.
.....5.
.91....
..162.9
842..12
8716.33
.476..1
5442.6.
799...6
83353.5
0
0
0
0
1
0
0
0
0
0
1
0
0
0
0
0
0
1
46
0
1
12
0
45
1
0
44
11
0
0
0
0
0
0
1
43
0
0
0
0
6
0
9
1
0
0
0
0
6
0
0
7
0
0
1
1
0
1
0
0
1
0
0
0
1
0
0
0
0
37
0
0
0
37
0
1
36
1
0
1
1
0
0
0
0
0
0
0
0
0
1
0
1
0
0
34
0
0
0
0
1
0
6.8..29
91.3.13
.2.3.98
.83728.
.38.631
761.642
7755655
531439.
.65.95.
.916...
..162.9
8422.12
8716.33
6476.51
5442.6.
799...6
83353.5
0
0
33
1
1
0
0
0
0
11
1
0
0
0
0
0
0
0
0
0
1
0
0
0
0
1
0
0
0
0
1
0
0
0
0
0
28
1
0
0
0
0
1
0
0
0
0
0
1
1
0
0
0
0
0
0
0
9
0
0
0
0
1
0
0
0
0
0
0
14
0
0
0
0
0
0
0
0
0
1
0
0
0
0
6.8.329
91.3.13
32.3.98
383728.
.38.631
7614642
7755655
531439.
.65.95.
.916.1.
8.162.9
8422212
8716533
6476.51
5442.64
799...6
8335365
0
0
0
0
0
0
0
