OK 1
1
1
2
1
0
1
1
1
1
0
1
1
1
1
0
1
0
0
1
1
1
0
1
1
1
0
1
1
1
0
1
1
1
1
1
1
27
1
0
1
0
1
0
0
1
1
1
1
0
0
0
1
1
1
0
0
0
0
14
1
0
11212..
2.21.11
122.1..
.2222..
.121.11
221....
1.2.222
0
1
1
0
1
14
0
1
0
1
0
0
0
1
0
0
20
0
0
0
0
0
11212.2
2121.21
122.1..
.2222..
.121.11
221..21
1.2.222
0
14
1
0
11212.2
2121.21
122.1..
12222..
.121.11
221..21
1.2.222
0
20
0
0
0
0
0
0
0
13
0
0
13
0
1
11212.2
2121.21
122.1..
12222..
.121.11
221..21
1.2.222
0
0
1
0
0
0
0
0
1
1
0
0
0
17
0
22
11212.2
2121221
12221..
12222.1
.121.11
221..21
1.2.222
0
0
1
0
0
0
0
0
17
7
1
0
1
0
1
0
1
0
0
0
1
7
11212.2
2121221
1222112
12222.1
.121.11
221.221
1.2.222
0
0
24
0
0
0
24
0
0
0
0
0
0
0
0
1
0
0
0
18
0
0
25
1
0
0
0
0
11212.2
2121221
1222112
1222221
.121111
221.221
1.2.222
0
0
0
0
