OK 1
1
1
1
1
66
1
65
1
1
1
62
0
1
0
1
1
0
1
0
1
1
1
1
0
1
0
0
0
1
53
0
53
1
0
0
0
0
1
1
1
4
0
0
0
0
0
1
1
1
1
0
0
0
1
1
0
0
0
0
0
4
0
1
1
1
0
0
1
0
.64.4....2
..5..4....
.2.541....
6....265..
5..21..6..
3.51.6.5..
1.3.33....
0
1
42
0
1
1
6
0
0
0
1
.64.4....2
..5..43.5.
.2.541....
6..3.265..
5..21..6.1
3.51.6.5..
1.3.33....
0
0
0
4
39
0
39
1
0
0
0
38
0
0
0
1
0
0
1
36
0
0
36
0
1
5
35
0
0
0
1
0
0
0
5
1
0
1
0
0
0
1
0
0
1
1
30
0
0
0
0
0
5
1
1
29
0
0
0
1
0
0
1
0
0
1
0
0
1
5
0
0
1
1
0
1
0
0
1
0
0
0
0
0
8
0
9
0
0
.64.44.2.2
.45.443.55
.2254165..
6..3.265.6
54521..6.1
3251.6.543
1.3.333..2
1
0
1
0
1
1
1
0
1
0
0
0
1
0
0
0
0
17
1
0
0
0
0
0
0
0
0
0
0
0
1
11
0
0
0
0
1
0
15
.6441442.2
645.443.55
.2254165.2
6.33.26536
54521..631
3251.6.543
1.3.333.62
0
0
0
0
0
0
0
0
0
1
10
0
0
0
0
10
0
0
1
10
8
0
