OK 1
0
0
1
1
1
1
0
0
1
1
1
1
0
0
1
1
0
1
1
1
39
1
1
37
1
1
35
1
1
0
5
0
1
32
1
0
1
0
1
0
1
1
1
0
0
1
1
0
0
0
0
0
0
0
1
0
0
0
0
5
0
0
0
0
11
1
0
0
0
1
0
1
2..33
...11
...33
..2..
.1.3.
21.21
...21
13133
.112.
13.3.
0
2..33
...11
...33
..2..
.1.3.
21.21
...21
13133
.112.
13.3.
0
0
0
10
2..33
...11
...33
..2..
.1.3.
21.21
...21
13133
.112.
13.3.
0
0
1
7
0
0
2..33
...11
...33
..2..
.1.3.
21.21
.2.21
13133
.112.
13.3.
0
7
1
0
0
11
0
0
0
0
11
1
0
1
0
0
0
0
0
2..33
...11
...33
..2..
.1.3.
21.21
.2.21
13133
.112.
13.3.
0
0
22
1
0
1
0
0
0
0
0
1
0
0
0
0
1
1
0
0
0
0
8
10
0
0
7
0
0
0
11
7
0
0
0
10
0
1
0
0
0
0
0
0
0
0
0
0
0
0
0
0
1
0
0
0
0
