OK 1
1
1
286
..................
..................
..................
........1.........
..................
..................
..................
..................
..................
..................
..................
..................
..2...............
..................
..................
..................
1
1
1
1
282
1
2
1
4
1
1
1
1
1
276
1
1
1
1
0
1
1
1
1
1
0
1
1
0
1
1
1
1
1
1
1
1
1
0
0
0
1
.3.1..............
.....3.......3..1.
.......21.........
...1....1.........
........2.2..1....
..................
..................
..............3...
.......3......2.3.
..................
....2............3
......2....1....3.
..2......3........
12.......1........
.........1........
.2.......3........
1
0
1
1
256
1
1
1
0
0
.3.1...........2..
.....3......13..1.
.......21.........
.1.1....1.........
........2.2..1....
..3...............
..................
..............3...
.......3......2.3.
..................
....2...........33
......2....1....3.
..2......3........
12.......1........
.........1........
.2.......3........
1
1
1
1
1
1
250
1
1
15
1
1
247
1
1
1
.3.1...........2..
.3...3......13..1.
.......21.....1...
.1.1....1.........
........2.21.1....
..3...............
..................
..............3...
.....2.3......2.3.
..1...............
....2...........33
......2....1....3.
1.2......3........
12..13...1.....3..
......2..1........
.2.......3........
1
1
1
0
1
1
1
1
1
1
1
18
0
1
1
1
235
1
0
0
1
1
1
1
1
1
1
0
0
1
1
1
1
1
1
1
1
1
1
0
1
1
218
1
25
1
0
26
216
1
1
1
1
1
0
1
0
211
1
.3.1.2......11.2..
.3...3....2.13..1.
2......21....21...
.1111.2.1.......2.
....1...2.22.1....
..3.....2....3....
............2.....
....3.........3..1
3....2.322.1..2.3.
..1..1.3...2.2....
..3.2........2..33
......2.3..1....3.
1.2......3....1...
12..13...1.....32.
.....121.1.....1..
.23......3........
1
0
1
1
1
0
1
1
1
1
1
1
0
1
1
200
1
1
1
1
0
0
1
1
1
1
1
0
0
1
1
.3.1.2......11.2.1
.3...3....2.132.1.
2......21....21...
.1111.2.1.......2.
....1...2.2231....
.131....2..1.3....
..........312..3..
..3.3.........3..1
31.1.2.322.1..2.3.
..1.21.3...2.2....
..3.2...3...12..33
.....22.3..1....3.
1.2..33..3...21...
12..13.1.1.....32.
.....121.1.....1..
123......3......2.
0
1
1
0
0
0
1
0
0
0
0
0
1
1
184
0
38
0
1
1
1
1
.3.1.2......11.2.1
.3...33...2.132.1.
2......21....21...
.111132.1...3...2.
...31...2.2231....
.131....2..1.3....
..........312..3..
.23.3........33..1
3131.2.322.1..2.3.
..1.21.3...2.2....
..3.2...3...12..33
.....22.3..1....32
1.2..33..3...21...
12..13.1.1.....32.
.....121.1.....1..
123......3....3.2.
1
0
0
0
1
0
1
0
0
1
1
1
1
1
0
0
0
0
0
1
0
0
0
1
0
170
1
1
0
168
1
1
1
0
0
0
0
0
1
0
1
44
1
1
1
0
0
1
0
1
0
0
0
1
0
157
0
0
0
157
1
0
1
1
1
0
1
42
1
0
0
42
.3.1.2......1122.1
.3...33...2.132.1.
2.3....2111..21...
3111132.1...3...2.
.3.311..212231....
.131....2..1.3.2..
.....3....312..3..
.23.3...21...33311
3131.2.322.1..2.3.
1.1.21.32322.2..1.
..3.2.1.32..12..33
...3.22.3..1....32
1.2.233..3...21...
123.13.1.1...3.323
.....121.1.....1..
123.33.2.3....3.2.
0
1
150
0
1
1
0
1
0
.3.1.2......1122.1
.3...33...2.132.1.
2.3....21111.21...
3111132.1...3...2.
.3.311..212231....
.131....2..1.3.2..
.....3....312..3..
123.3...21...33311
3131.2.322.1..2.3.
1.1.21.32322.2..1.
..3.2.1.32..12..33
..23.22.3..1....32
1.2.233..3...21...
123.13.1.1...3.323
.....121.1...3.1..
123.33.2.3....3.2.
0
1
1
0
0
0
0
1
144
1
0
1
142
1
141
1
140
1
0
0
0
0
1
0
0
0
0
138
0
1
1
1
0
0
1
0
0
0
0
1
1
1
0
1
0
1
1
0
0
.3.1.2..3.3.1122.1
.3...33...2.132.1.
2.3..2.21111.21..1
311113211...31..2.
.3.3111.212231....
.131...223.1.3.2..
.....3....312..3..
123.3...21...33311
3131.2.322.1..2.3.
1.1.21132322.2..1.
..3.2.1.32..12..33
.223.22.31.1....32
1.2.233..3...21...
123.13.131...3.323
12.3.12121...3.1..
123.33.2.3....312.
0
0
0
1
.3.1.2..3.3.1122.1
.3...33...2.132.1.
2.3..2.21111.21..1
311113211...31..2.
.3.3111.212231....
.131...223.1.3.2..
.....3....312..3..
123.3...21..233311
3131.2.322.1..2.3.
1.1.21132322.2..1.
..3.2.1.32..12..33
.223.22.31.1....32
1.2.233..3...21...
123.13.131...3.323
12.3.12121...3.1..
123.33.2.3....312.
1
0
55
1
.3.112..3.3.1122.1
.3...33...2.132.1.
2.3..2.21111.21..1
311113211...31..2.
.3.3111.212231....
.131...223.1.3.2..
.....3....312..3..
123.3.3.21..233311
3131.2.322.1..2.3.
1.1.21132322.2..1.
..3.2.1.32..12..33
.223.22.31.1....32
1.2.233..3...21...
123.13.131...3.323
12.3.12121...3.1..
123.33.2.3....312.
0
0
49
1
125
0
0
0
1
0
0
0
.3.1121.3.3.1122.1
.3...33...2.132.1.
2.3..2.21111.21..1
311113211...31..2.
.3.3111.2122313...
.131...223.1.3.2..
.....3....312..3..
123.3.3.21..233311
3131.2.322.1..2.3.
1.1.21132322.2..1.
..3.2.1.32..12..33
.223.22.31.1....32
1.2.233..3...21...
123.13.131...3.323
12.3.12121...3.1..
123.33.2.3....312.
1
123
0
0
0
49
1
0
58
1
0
0
0
0
121
1
0
1
1
1
0
0
0
0
0
0
0
1
0
0
0
0
0
1
62
1
0
0
1
0
0
0
0
0
1
112
0
0
0
1
0
111
0
0
1
0
0
0
0
0
1
53
0
63
1
0
1
0
0
0
0
0
0
0
0
0
0
1
0
1
105
0
0
55
0
63
0
65
.3.1121.3.3.1122.1
.3.1.33...2.132.1.
2.3.12.21111.21..1
311113211.3.31322.
.333111.2122313...
.131...223.1.3.2.3
2..2.3.2..312.13..
123.3.3.21..233311
3131.2.322113.2.3.
1.1.21132322.22.1.
..3.211.32..12..33
.223.22.3121...332
1.2.233..3...21...
123.13.131...3.323
12.3.12121...331..
123.33.2.3.1..312.
0
0
0
1
104
1
0
1
0
0
0
0
0
0
0
1
65
0
66
1
0
65
0
0
1
0
1
0
1
98
0
0
0
0
0
0
0
1
97
1
1
68
1
0
0
94
0
0
0
1
0
0
93
0
0
0
59
0
1
0
0
.3.1121.3.321122.1
.321.33...2.132.1.
2.3.12.21111.21.11
311113211.3.31322.
.333111.2122313..3
.131.2.223.1.3.2.3
2..2.3.22.312.13..
12313.3.21..233311
3131.2.322113.223.
1.1.21132322.22.1.
..3.211.32.312.133
.223.32.3121..3332
1.2.233..3.3.21..3
123.13.131...3.323
12.3.12121...331..
123.33.2.3.1..312.
0
1
0
0
91
0
0
0
0
0
1
.3.1121.3.321122.1
.321.33...2.132.1.
2.3.12.21111.21.11
311113211.3.31322.
.333111.2122313..3
.131.2.223.1.3.2.3
2..2.3.22.312.13..
1231323.21..233311
3131.2.3221132223.
1.1.21132322.22.1.
..3.211.32.312.133
.223.32.3121..3332
1.2.233..3.3.21..3
123.13.131...3.323
12.3.12121...331..
123.33.2.3.1..312.
1
1
0
0
88
0
61
0
0
71
0
0
88
0
1
0
0
.3.1121.3.321122.1
3321.33...2.132.1.
2.3.12.21111.21.11
311113211.3.31322.
3333111.2122313..3
.131.2.223.1.3.2.3
2..2.3.22.312.13..
1231323.21..233311
3131.2.3221132223.
1.1.21132322.22.1.
..3.211.32.312.133
.223.32.3121..3332
1.2.233..3.3.21..3
123.13.131...3.323
12.3.12121...331..
123.33.2.321..312.
0
0
87
1
0
86
0
86
.3.1121.3.321122.1
3321.33...2.132.1.
2.3.12.21111.21.11
311113211.3.31322.
3333111.2122313..3
.131.2.223.1.3.2.3
2..2.3.22.312.13..
1231323.213.233311
3131.2.3221132223.
1.1.21132322.22.1.
..3.211.32.312.133
.223.32.3121..3332
1.2.233..3.3.21..3
123.13.131...3.323
12.3.12121...331..
123.33.2.321..312.
0
0
72
0
0
1
63
0
0
0
0
0
0
0
0
1
0
0
0
0
0
0
0
0
0
0
0
0
0
0
72
0
1
0
1
1
0
0
0
0
1
1
.3.112133.321122.1
3321.33...2.132.1.
2.3.12.21111.21.11
311113211.3.31322.
333311122122313..3
.131.2.22331.3.2.3
2..2.3.22.312.13..
1231323.213.233311
3131.2.3221132223.
1.1.21132322.22.1.
..3.211.32.312.133
.223.3223121.23332
1.2.233..3.3.21..3
123313.131.3.3.323
12.3.12121...331..
123.33.2.321..312.
0
0
79
1
78
0
78
0
78
0
0
0
0
0
0
0
0
66
0
0
0
0
1
0
.3.112133.321122.1
3321.33.2.2.132.1.
2.3.12.21111.21.11
311113211.3.31322.
333311122122313..3
.131.2.22331.3.2.3
2..2.3.22.312.13..
1231323.213.233311
3131.2.3221132223.
1.1.21132322.22.1.
..3.211.32.312.133
.223.3223121.23332
1.2.233..3.3.21..3
123313.131.323.323
12.3.12121...331..
123.33.2.321..312.
0
68
0
0
1
.3.112133.321122.1
3321.33.2.2.132.1.
2.3.12.21111.21.11
311113211.3.31322.
333311122122313..3
.131.2.22331.3.2.3
2..2.3.22.312.13..
1231323.213.233311
3131.2.3221132223.
1.1.21132322.22.1.
..3.211.32.312.133
.223.3223121123332
1.2.233..3.3.21..3
123313.131.323.323
12.3.12121...331..
123.33.2.321..312.
0
0
.3.112133.321122.1
3321.33.2.2.132.1.
2.3.12.21111.21.11
311113211.3.31322.
333311122122313..3
.131.2.22331.3.2.3
2..2.3.22.312.13..
1231323.213.233311
3131.2.3221132223.
1.1.21132322.22.1.
..3.211.32.312.133
.223.3223121123332
1.2.233..3.3.21..3
123313.131.323.323
12.3.12121...331..
123.33.2.321..312.
0
0
.3.112133.321122.1
3321.33.2.2.132.1.
2.3.12.21111.21.11
311113211.3.31322.
333311122122313..3
.131.2.22331.3.2.3
2..2.3.22.312.13..
1231323.213.233311
3131.2.3221132223.
1.1.21132322.22.1.
..3.211.32.312.133
.223.3223121123332
1.2.233..3.3.21..3
123313.131.323.323
12.3.12121...331..
123.33.2.321..312.
0
76
0
69
0
0
1
77
0
0
0
0
1
0
0
0
1
0
0
0
0
1
68
0
0
0
0
0
0
0
0
0
0
0
1
71
0
79
0
0
0
0
0
0
71
0
0
71
0
1
0
70
.3.112133.321122.1
3321.33.2.2.132.1.
2.3.12.21111.21211
311113211.3.31322.
333311122122313..3
.131.2.22331.3.2.3
2..2.3.22.312.13.3
1231323.213.233311
3131.2.3221132223.
1.1.21132322.22.1.
..3.211.32.312.133
.223.3223121123332
1.23233..3.3.21.33
123313.1311323.323
12.3.12121.2.331..
123.33.2.321..312.
0
0
0
0
0
0
0
0
0
0
1
0
0
0
0
0
69
0
0
0
0
0
0
0
0
1
0
69
0
0
0
0
1
0
0
67
0
0
0
1
0
79
66
0
0
66
0
0
0
1
0
0
0
0
0
0
0
0
0
0
0
73
0
0
1
0
0
1
0
1
0
0
0
1
0
0
1
0
0
.31112133.321122.1
3321133.2.2.132.1.
2.3.12.21111.21211
31111321133.31322.
333311122122313..3
.131.2.22331.3.2.3
2..2.32222312.13.3
1231323.213.233311
313122.3221132223.
1.1.21132322.22.1.
..3.211.32.312.133
.22313223121123332
1.23233..313.21.33
123313.1311323.323
12.3.12121.23331..
123.33.2.3211.312.
0
0
0
0
0
0
0
0
0
1
0
0
0
0
0
76
0
0
.31112133.321122.1
3321133.2.2.132.1.
213.12.21111.21211
31111321133.31322.
333311122122313..3
.131.2.22331.3.2.3
2..2.32222312.13.3
1231323.213.233311
313122.3221132223.
1.1.21132322.22.1.
..3.211.32.312.133
.22313223121123332
1.23233..313.21.33
123313.1311323.323
12.3.12121.23331..
123.33.2.3211.312.
0
81
0
0
59
0
0
0
0
.31112133.321122.1
3321133.2.2.132.1.
213.12.21111.21211
31111321133.31322.
333311122122313..3
.131.2.22331.3.2.3
2..2.32222312.13.3
1231323.213.233311
313122.3221132223.
1.1.21132322.22.1.
..3.211.32.312.133
.22313223121123332
1.23233..313.21.33
123313.1311323.323
12.3.12121.23331..
123.33.2.3211.312.
0
76
0
0
0
0
76
0
72
0
0
0
76
0
0
59
0
0
0
0
76
0
1
0
1
82
.31112133.321122.1
3321133.2.2.132.1.
213.12.21111.21211
31111321133.31322.
333311122122313..3
.131.2.22331.3.2.3
2..2.32222312.13.3
1231323.213.233311
313122.3221132223.
1.1321132322.22.1.
..32211.32.312.133
.22313223121123332
1.23233..313.21.33
123313.1311323.323
12.3.12121.23331..
123.33.2.3211.312.
0
0
0
0
1
.31112133.321122.1
3321133.2.2.132.1.
213.12.21111.21211
31111321133.31322.
333311122122313..3
.131.2.22331.3.2.3
2..2.32222312.13.3
12313231213.233311
313122.3221132223.
1.1321132322.22.1.
..32211.32.312.133
.22313223121123332
1.23233..313.21.33
123313.1311323.323
12.3.12121.23331..
123.33.2.3211.312.
0
0
0
0
0
1
0
0
0
0
0
0
0
0
0
78
0
0
0
0
1
0
0
0
.31112133.321122.1
3321133.2.2.132.1.
213.12221111.21211
31111321133.31322.
333311122122313.13
.131.2.22331.3.2.3
2..2.32222312.13.3
12313231213.233311
313122.3221132223.
1.1321132322.22.1.
..32211.32.312.133
.22313223121123332
1.23233..313.21.33
123313.1311323.323
12.3.12121.23331..
123.33.2.3211.312.
0
0
54
0
0
0
1
0
1
0
0
0
52
0
0
0
0
1
0
0
0
0
0
0
51
0
0
80
0
0
0
0
0
0
0
0
83
0
0
0
51
0
0
0
0
0
0
0
1
1
0
0
0
0
0
0
0
0
0
84
0
0
49
0
0
0
0
0
0
0
0
0
0
0
.31112133.321122.1
3321133.2.2.13231.
213.12221111.21211
31111321133.31322.
333311122122313.13
.131.2.2233113.2.3
2..2.32222312.13.3
12313231213.233311
313122.3221132223.
1.1321132322.22.1.
1.32211.32.312.133
.22313223121123332
1.23233..313.21333
123313.1311323.323
12.3.12121.23331.1
123.33.2.3211.312.
0
0
0
0
0
49
.31112133.321122.1
3321133.2.2.13231.
213.12221111.21211
31111321133.31322.
333311122122313.13
.131.2.2233113.2.3
2..2.32222312.13.3
12313231213.233311
313122.3221132223.
1.1321132322.22.1.
1.32211.32.312.133
.22313223121123332
1.23233..313.21333
123313.1311323.323
12.3.12121.23331.1
123.33.2.3211.312.
0
0
0
.31112133.321122.1
3321133.2.2.13231.
213.12221111.21211
31111321133.31322.
333311122122313.13
.131.2.2233113.2.3
2..2.32222312.13.3
12313231213.233311
313122.3221132223.
1.1321132322.22.1.
1.32211.32.312.133
.22313223121123332
1.23233..313.21333
123313.1311323.323
12.3.12121.23331.1
123.33.2.3211.312.
0
0
0
0
0
81
0
0
0
81
0
0
1
0
0
81
0
.31112133.321122.1
3321133.2.2.13231.
213.12221111.21211
31111321133.31322.
333311122122313.13
.131.2.2233113.2.3
2..2.32222312.13.3
12313231213.233311
313122.3221132223.
1.1321132322.22.1.
1.32211.32.312.133
.22313223121123332
1.23233..313.21333
123313.1311323.323
12.3.12121.23331.1
123333.2.3211.312.
0
48
0
0
0
74
0
85
0
0
0
0
0
0
0
0
0
0
0
81
0
0
0
0
0
0
0
1
0
0
0
82
0
0
0
0
85
0
0
0
0
47
0
0
0
1
86
46
0
0
0
0
1
0
74
45
0
0
0
0
0
0
0
0
0
0
0
0
45
0
0
1
0
0
44
0
0
0
0
0
83
0
74
0
0
44
