OK 1
1
1
1
1
0
1
175
1
1
..........
..........
..........
..........
........22
..........
..........
..........
...1..7...
..4....1..
..........
.......6..
..........
..........
..........
..........
..........
..........
1
0
1
1
0
1
1
1
1
1
165
0
1
0
1
163
0
1
1
1
1
5
3
159
0
1
158
1
1
3
0
1
1
1
1
1
0
0
3
0
1
......2..5
....5...3.
...3......
3.........
........22
.1........
...3......
..........
..714.7...
..4....1..
8.........
.......6..
..........
......4...
.5..9.19..
6.........
.....8..19
...9.88...
0
1
1
1
1
1
1
4
1
1
6
0
5
0
1
1
1
1
1
0
0
0
140
1
0
0
4
139
0
1
138
0
1
0
1
136
0
1
1
8.....2..5
....5...3.
...3....37
3.....9...
........22
.1....33..
...3.....9
..........
..714.7...
..4...51.8
8.........
....2..6..
.5.17.....
......4...
.5..9.19..
6..6......
.....8..19
.5.9688...
0
1
7
0
1
1
1
1
1
129
0
0
0
0
0
0
129
0
0
129
1
0
128
0
8
0
0
1
1
0
0
1
1
0
1
1
1
1
0
1
0
1
0
1
0
8.....2..5
6..15...3.
...3....37
3.....9...
........22
.1...333..
...384...9
......8...
..714.7...
..4.2.51.8
81..19..6.
....2696..
.5.17.....
5.....4...
.5..9.19..
6..6.4....
.42..8..19
.5.9688...
0
1
1
1
0
8....22..5
6..15...3.
...3....37
3.....9...
........22
.1...333..
...384...9
......8...
..714.79..
..4.2.51.8
81..19..6.
....2696..
.5.17.....
5.....4...
.5..9.19..
6..6.4....
.42..8..19
.5.9688...
0
6
0
1
0
114
0
0
0
1
0
8
0
1
0
1
1
1
0
1
0
1
0
0
0
1
11
8....22..5
6..15...3.
...3....37
3.....9...
1.......22
.1...333..
.5.3848..9
...7..8...
..714.79..
..4.2.51.8
81..19..6.
....2696..
.51176....
5.....4...
.5.69.19..
6..6.4....
.42..86419
.5.9688...
1
1
0
1
0
8....22..5
6..15...3.
...3....37
3.....9...
1.......22
.1...3332.
.5.3848..9
...7..8...
..714.79..
..4.2.51.8
81..19..6.
....2696..
.51176...4
5...2.4...
.5.69.19..
6..6.4....
.42..86419
.5.9688...
1
0
0
0
0
0
1
101
1
0
101
1
0
9
0
0
0
8
1
1
0
1
1
1
1
1
0
95
1
1
0
0
93
0
87...227.5
6..15...3.
...3....37
3.....9...
1...1...22
.1...3332.
85.3848..9
...7..8...
..714.79..
5.4.2.51.8
81..19.16.
....26967.
.51176...4
5...2.4...
.5169.19..
65.6.4....
.42.586419
.5.9688...
0
0
8
0
0
8
0
1
1
1
1
0
0
0
0
1
87...227.5
6..159..3.
...3....37
3.....9...
1...1...22
.1...3332.
8563848..9
...7..8...
..714.79..
5.4.2.51.8
81..19.16.
....269675
.51176...4
5...2.4..6
.5169.19..
65.6.4....
.42.586419
.5.9688...
0
0
0
0
1
1
0
0
1
9
0
10
0
0
0
0
1
10
0
1
0
1
1
1
0
0
0
0
0
0
0
1
0
0
1
80
0
1
0
0
1
0
0
1
0
0
0
0
0
0
0
0
0
0
1
1
1
0
75
0
0
0
1
0
1
1
1
0
71
1
14
0
0
0
1
0
0
0
1
0
10
0
0
0
68
0
1
0
0
0
1
0
0
1
0
0
1
0
0
1
0
0
0
0
0
65
0
1
0
0
0
1
0
1
0
15
1
1
0
1
0
1
1
0
1
0
0
0
1
0
0
0
1
0
1
0
1
1
1
0
1
0
1
1
52
52
0
0
0
0
0
0
0
0
0
1
0
0
0
0
1
0
0
0
1
0
0
0
1
0
0
49
0
87...22765
69.159593.
...3....37
39.134982.
1.35167.22
.14.233324
8563848399
2..7..836.
.3714.79..
5.4.2751.8
81.819.169
27..269675
.511769..4
5.2.254.46
.51693199.
6566.447..
.427586419
55.96882..
1
0
0
48
0
0
1
1
0
0
0
46
0
46
1
1
15
44
0
0
0
0
44
0
44
0
0
0
0
1
87...22765
69.159593.
..33..7.37
39.134982.
1.35167.22
.14.233324
8563848399
2..7..836.
.3714.79..
5.4.275178
81.819.169
27..269675
.511769..4
5.23254.46
.51693199.
6566.447..
.427586419
55.96882.9
0
0
0
0
0
0
1
0
0
0
1
0
0
1
0
15
0
0
12
0
0
0
0
0
0
0
1
0
41
1
0
0
0
0
0
0
0
1
1
0
17
0
0
0
1
0
0
0
0
0
0
0
0
1
0
0
0
0
16
0
0
0
0
0
0
0
0
0
1
0
87...22765
69.159593.
..33..7.37
39.134982.
1.35167.22
.14.233324
8563848399
2..7..836.
.3714.79.6
544.275178
81.819.169
27.7269675
.5117694.4
5423554.46
.51693199.
6566.4475.
.427582419
55.96882.9
0
1
0
0
12
0
0
0
0
0
0
0
0
0
0
0
1
0
0
0
0
0
0
0
0
37
0
0
0
37
1
0
0
0
1
0
1
1
0
0
0
1
0
1
0
0
0
16
0
0
0
20
1
0
0
0
879..22765
69.159593.
..33..7.37
399134982.
1.35167222
.14.233324
8563848399
2..7..836.
.3714.7976
544.275178
81.819.169
27.7269675
.5117694.4
5423554.46
.51693199.
6566.44755
.427582419
55.9688279
0
0
0
0
879..22765
69.159593.
..33..7.37
399134982.
1.35167222
.14.233324
8563848399
2..7..836.
.3714.7976
544.275178
81.819.169
27.7269675
.5117694.4
5423554.46
.51693199.
6566.44755
.427582419
55.9688279
0
0
0
0
0
0
0
16
0
1
1
0
0
0
0
0
0
0
0
0
0
0
0
0
16
0
0
0
1
0
0
0
0
0
15
1
0
0
0
0
1
0
0
0
0
1
1
0
0
0
0
0
0
0
0
0
0
0
20
0
0
0
0
0
1
1
1
27
