OK 1
1
1
1
37
1
1
0
0
1
34
1
1
1
0
0
1
0
.1...
.....
.3...
65.32
..2..
....1
.6...
.....
0
0
1
0
1
0
1
0
1
0
1
0
1
0
1
0
1
1
0
1
4
0
0
1
0
0
1
1
1
0
1
0
0
20
1
1
0
0
1
0
0
0
1
0
0
0
0
1
3
61..5
..2.2
.3...
65132
21252
144.1
.6...
14...
0
0
1
1
0
1
15
0
0
0
0
0
0
0
0
0
0
3
0
3
0
0
7
1
0
0
0
14
0
1
0
0
1
0
0
1
4
1
0
1
0
0
0
0
61..5
6.252
4323.
62132
21252
144.1
.6.3.
14...
0
0
0
0
0
0
11
0
0
0
3
0
0
0
0
0
3
0
0
0
61..5
6.252
4323.
62132
21252
144.1
.6.3.
14...
0
0
8
0
0
0
4
1
0
61..5
6.252
4323.
62132
21252
144.1
.6.3.
14...
0
0
3
