OK 1
0
1
1
0
0
0
0
0
0
1
....6
.....
.....
.....
.....
.....
.....
.....
...2.
1
1
2
1
1
1
1
1
1
1
0
35
0
1
1
....6
....4
.4...
.....
414..
....1
.....
.61..
.632.
0
0
3
0
0
1
0
0
0
1
0
0
0
1
0
0
1
1
0
0
0
5
1
1
0
0
1
0
2
0
0
1
6
0
1
0
0
0
0
1
0
0
1
0
0
1
0
1
1
1
0
0
0
0
1
0
6
19
1
1
1.4.6
..1.4
64..5
.56..
414.2
23..1
5344.
.6121
.632.
0
0
1
0
0
0
3
0
0
0
0
1
7
114.6
..1.4
64..5
.56..
414.2
23..1
5334.
.6121
.632.
0
0
0
0
0
16
1
1
8
0
0
14
0
0
4
0
0
1
0
0
1
0
0
0
0
0
1
7
0
3
0
0
0
0
0
1
12
0
0
0
0
1
0
0
12
0
0
0
1
114.6
.61.4
64..5
.56.2
414.5
23.11
53343
.6121
4632.
0
0
0
0
4
0
11
0
4
0
0
0
0
