OK 1
1
1
1
1
1
1
0
1
1
1
188
1
1
0
1
1
1
1
182
1
1
0
1
0
1.............
.4............
.........6....
......4.......
.............1
..............
.4............
.............3
...4..........
2....5........
3.1...........
...........3..
...........5..
.....5...2..3.
1
1
1
4
1
1
1
1
1
1
0
5
170
1
1
168
1
1...........4.
.45...........
....4...26....
......4...4...
..4....6.....1
..............
.4.......2..3.
.............3
...4..........
2....5.1......
3.1...........
......6....3..
...........5..
.6...5...2..3.
1
1
1
1
0
1
163
1
1
1
1
0
1
1
1
1
1
1
1
153
1
0
1.........6.4.
.45...........
....4...26....
...1..4..14...
.3421..6.....1
..4...........
.4.....2.2..3.
.............3
...4..........
2.3..5.1.....4
331....5......
......6....3.5
..........25..
.6...5...2..31
0
1
1
0
1
0
1
1
1
1..5......6.4.
.45..........2
....4...26....
...1..4..14...
.3421..6.....1
..4...........
.46....2.2..3.
.........4...3
...4......1...
2.3..5.1.....4
331....5......
......6....3.5
..........25..
.6...5...2..31
1
1
1
1
1
0
1
0
1
1
11
1
1
1
0
0
137
0
1
0
1
1
0
1
1
0
1
1
1
1
1
1
1
0
12
0
1
1
1
0
1
0
1
13
1
0
8
1..5..53..6.4.
.45...1.5.3..2
....4.5.26....
..11..4..14...
.3421..6.....1
..4..4..6.....
.46.14.2.2..3.
..2..3...4...3
..14......1...
2.3..5.12...64
331....5..5143
..3...6....3.5
4.......1.25..
.6...5.2.2.431
1
0
16
1
1
1
1
0
0
1
1
1
1
1
1
0
1
1
1
0
1
1
0
0
1
1
0
17
1
1
0
0
1
0
0
1
1
0
1
0
0
0
1
1
1
0
0
0
0
18
1
1
0
95
1
1
0
18
1
0
15
1
0
1
0
16
0
0
0
0
0
1
1
0
20
1
0
1
0
0
1
0
0
0
1
1
0
0
0
1
1
0
0
0
0
1
0
0
0
84
1
83
0
0
1
1
1
0
81
0
0
0
0
0
19
0
0
81
1
0
0
0
0
1
80
0
0
0
0
1
21
1
0
1
77
0
1
0
1
1
1
0
0
15.56153..6.4.
.45.46155.3542
.2..4.5.26....
2.11..4.2146..
.3421..64.5.61
..4.64..6621.2
446.14.2.26.33
.32.23.254...3
.314.2...41..4
243115412..364
331.3..55.5143
3.3...6..3.3.5
46341.1.1.25..
26...522.2.431
1
0
0
1
1
15.56153..6.4.
.45.46155.3542
.2..4.5.266...
2.11..4.2146..
.3421..64.5.61
..4.64..6621.2
446.14.2.26.33
.32.23.254...3
.314.2...41..4
243115412..364
331.3.455.5143
3.3...6..3.3.5
4634161.1.25..
26...522.2.431
1
0
0
0
0
0
0
1
1
22
0
0
1
0
1
0
1
1
0
15.56153..614.
.45.46155.3542
62..455.266...
2.112.4.2146..
.3421..64.5.61
..4.64..6621.2
446.14.2.26.33
.32.23.254...3
.314.2...41..4
243115412..364
331.3.455.5143
3.3..26..2.3.5
4634161.1.25..
26...522.2.431
1
0
0
1
0
0
22
0
0
0
0
0
0
65
1
0
0
0
0
0
0
1
28
1
63
0
0
1
0
0
0
0
0
1
0
0
0
0
0
0
0
1
1
15.56153..614.
445.46155.3542
6232455.2666..
2.112.4.2146..
.34215.64.5.61
4.4.64..662132
446.14.2.26.33
.32.23.254...3
.314.2...41..4
243115412..364
331.3.455.5143
3.3..26..2.3.5
4634161.1.25..
26...522.2.431
0
0
1
0
1
1
0
1
0
0
19
15.56153..614.
445.4615563542
6232455.2666..
2.112.4.2146..
334215.64.5.61
4.4.64..662132
446.14.2.26.33
.32.23.254...3
.314.2..241..4
243115412..364
331.3.455.5143
3.3..26..2.3.5
4634161.1.25..
26...522.2.431
0
0
1
0
0
0
1
1
0
0
0
1
22
54
1
1
1
0
0
15356153..614.
445.4615563542
6232455.2666..
2.112.4.2146..
334215.6425.61
4.4.64..662132
446.14.2.26233
.32.236254...3
.314.2..241..4
243115412..364
331.3.455.5143
3.3..26..2.3.5
4634161.1.25..
26...522.2.431
0
53
1
0
1
0
1
0
0
28
0
0
1
0
0
0
1
1
23
0
0
0
1
15356153..6146
445.4615563542
6232455.2666..
2.112.4.2146..
334215.6425.61
4.4.64..662132
446.14.2.26233
.32.236254...3
.314.2.4241..4
243115412..364
331.3.455.5143
3.3..26..2.3.5
463416111.25..
26...522.2.431
0
0
0
1
0
0
0
0
0
1
48
0
0
1
0
1
0
0
24
0
1
20
0
0
1
0
1
0
28
45
0
1
0
0
0
1
0
24
0
25
0
0
0
0
0
0
45
1
0
0
44
0
0
0
0
0
20
15356153..6146
44514615563542
6232455.2666..
2.112.4.2146..
33421566425.61
4.4.64..662132
446.14.2526233
.32.236254...3
.314.2.4241..4
243115412.1364
331634455.5143
3.3..26..2.3.5
463416111.25..
26...522.2.431
0
0
0
0
25
0
0
0
0
1
0
15356153..6146
44514615563542
6232455.2666..
2.112.4.2146..
33421566425.61
4.4.64..662132
446.14.2526233
.32.236254...3
.314.2.4241..4
243115412.1364
331634455.5143
3.3..264.2.3.5
463416111.25..
26...522.2.431
0
0
0
0
43
0
28
0
1
0
0
0
0
0
0
0
42
1
0
0
0
0
42
0
0
25
1
0
0
0
0
0
0
1
0
0
1
0
0
0
0
0
0
0
0
0
0
1
0
0
21
39
0
1
0
0
0
0
1
0
38
0
21
0
0
0
0
28
0
0
1
0
1
0
0
37
15356153..6146
44514615563542
6232455.26663.
2.112.4.2146..
33421566425461
414.64..662132
446.14.2526233
.32.236254..33
.314.2.4241..4
243115412.1364
331634455.5143
3.33.263.2.3.5
463416111.25..
265..522.2.435
0
0
37
15356153..6146
44514615563542
6232455.26663.
2.112.4.2146..
33421566425461
414.64..662132
446.14.2526233
.32.236254..33
.314.2.4241..4
243115412.1364
331634455.5143
3.33.263.2.3.5
463416111.25..
265..522.2.435
0
0
0
0
0
0
0
0
1
0
0
0
36
0
0
15356153..6146
44514615563542
6232455.26663.
2.112.4.2146..
33421566425461
414.64..662132
446.14.2526233
.32.236254..33
.314.224241..4
243115412.1364
331634455.5143
3.33.263.2.3.5
463416111.25..
265..522.2.435
0
1
0
1
0
35
0
0
0
0
0
0
0
0
0
0
0
0
0
0
0
0
0
0
0
0
0
0
0
0
0
0
22
15356153..6146
44514615563542
6232455.26663.
2.112.4.2146..
33421566425461
414.64..662132
446.14.2526233
.32.236254..33
.314.224241..4
243115412.1364
331634455.5143
3.33.263.2.3.5
463416111.251.
265..522.2.435
0
15356153..6146
44514615563542
6232455.26663.
2.112.4.2146..
33421566425461
414.64..662132
446.14.2526233
.32.236254..33
.314.224241..4
243115412.1364
331634455.5143
3.33.263.2.3.5
463416111.251.
265..522.2.435
0
15356153..6146
44514615563542
6232455.26663.
2.112.4.2146..
33421566425461
414.64..662132
446.14.2526233
.32.236254..33
.314.224241..4
243115412.1364
331634455.5143
3.33.263.2.3.5
463416111.251.
265..522.2.435
0
0
0
0
31
0
0
0
0
0
0
1
0
0
0
0
15356153..6146
44514615563542
6232455.26663.
2.112.4.2146..
33421566425461
414.64..662132
446.14.2526233
.32.236254..33
.314.2242413.4
243115412.1364
331634455.5143
3.33.263.2.3.5
463416111.251.
265..522.2.435
0
1
1
0
0
0
0
0
0
1
1
0
0
0
0
15356153..6146
44514615563542
6232455.26663.
2.112.4.2146..
33421566425461
414.64..662132
446.14.2526233
.32.236254..33
.314.224241314
243115412.1364
331634455.5143
3.336263.2.3.5
463416111.251.
265..522.2.435
0
0
0
0
0
0
0
26
1
29
1
15356153..6146
44514615563542
6232455.26663.
2.112.432146..
33421566425461
414.64..662132
441.14.2526233
.32.236254..33
.314.224241314
243115412.1364
331634455.5143
3.336263.2.3.5
463416111.251.
265..522.2.435
0
22
25
0
0
0
0
0
0
0
0
0
25
0
0
0
29
0
0
1
0
1
0
0
0
1
30
1
0
0
0
0
0
0
30
