OK 1
1
1
1
1
1
76
1
1
1
73
1
1
1
1
1
1
1
1
1
1
1
1
0
1
1
1
1
0
0
0
1
11
0
0
1
12
1
1
0
1
13
0
0
1
1
1
0
0
0
1
0
0
1
16
0
1
0
1
0
0
1
17
0
1
0
1
1
0
0
0
1
0
0
1
0
1
1
1
41
0
0
1
0
1
0
0
1211...1..
.2.21.12..
.2.1.2.1.1
22..21..2.
...11..222
1.12.21..2
......1.11
11.1.21..2
0
1211...1..
.2.21.12..
.2.1.2.1.1
22..21..2.
...11..222
1.12.21..2
......1.11
11.1.21..2
0
0
1
39
0
0
18
39
0
0
1
0
0
0
0
1
0
1
0
36
1
1
1
1
1
0
0
0
1
0
1
0
0
0
1
0
0
0
27
1
0
0
0
29
0
0
0
0
0
29
0
29
1
0
0
28
0
28
0
1
0
0
0
1
0
1
25
0
0
0
0
0
1
0
29
24
0
0
1
24
0
1
1
0
0
12112.212.
.2.2111222
12.1.2.121
22..21.12.
2..11.1222
1112221..2
.1.21.1.11
11.1121..2
0
1
12112.212.
.2.2111222
12.1.2.121
22..21.12.
2..11.1222
1112221..2
.1.21.1.11
1121121..2
0
1
0
21
0
1
1
0
1
1
0
0
0
0
1
0
0
1
0
0
0
0
0
28
0
0
0
0
0
17
0
0
0
0
0
12112.212.
.2.2111222
1211.1.121
22..21.121
2.111.1222
11122211.2
.1.2121.11
1121121..2
0
1
0
0
0
0
35
0
0
0
0
0
0
16
1
15
0
0
1
0
0
0
0
1
0
37
0
0
0
0
0
1
0
13
0
0
0
0
0
30
0
0
0
0
0
0
1
1
0
0
0
0
1
0
11
0
0
0
0
11
1
0
31
0
0
11
0
0
0
0
1
