OK 1
1
1
1
1
0
1
1
1
1
1
1
0
1
1
2
0
1
0
1
1
1
0
0
1
1
1
1
1
1
1
4
0
0
0
1
5
0
1
0
1
1
0
0
1
1
1
6
0
1
35
1
0
0
0
0
1
0
0
1
1
1
1
0
1
1
0
0
1
0
1
0
7
0
0
1
0
1
0
1
1
0
0
0
0
0
..31.13
36.....
..63132
4152.3.
525.2..
113.5..
3463.56
.1...62
.2.6..1
0
0
1
1
0
0
0
0
0
1
0
1
1
0
0
0
1
0
1
0
0
0
0
8
0
8
0
0
1
0
0
0
21
0
1
0
1
..31.13
36..23.
..63132
4152233
52552..
113.5..
3463.26
.1...62
12.6361
1
0
18
1
0
0
7
0
0
1
0
0
0
0
0
..31.13
362.23.
3.63132
4152233
525524.
113.5..
3463.26
.1...62
12.6361
0
0
0
0
0
9
1
1
1
0
0
13
0
0
0
1
5
14
0
0
..31.13
362.23.
3.63132
4112233
525524.
11355.2
3463.26
.1...62
12.6361
..31.13
362.23.
3.63132
4112233
525524.
11355.2
3463.26
.1...62
12.6361
0
0
0
0
5
0
0
0
11
0
0
1
0
0
13
0
0
0
0
0
13
0
0
0
1
0
0
0
10
0
0
11
0
0
0
0
0
0
0
0
0
0
0
0
0
0
0
0
0
0
0
1
0
0
0
0
0
0
0
7
0
0
0
0
0
0
0
0
0
0
0
0
10
0
0
13
11
0
0
0
0
6
..31513
362.232
3463132
4112233
525524.
11355.2
3463.26
.1...62
12.6361
0
1
