OK 1
0
1
1
1
1
1
0
0
1
1
0
1
1
0
1
1
3
0
0
1
1
1
1
1
55
0
0
1
1
53
1
1
1
1
0
0
1
1
6
1
0
1
....35..5.
..........
352..2....
..1.2.4.5.
..1..1...2
.3.2511.56
...3.6.2..
0
1
7
0
4
45
1
2
1
1
1
0
1
1
0
0
0
1
1
0
1
1
0
5
0
1
0
1
0
0
0
1
0
0
4
1
0
8
0
1
0
0
0
0
1
1
0
1
0
29
1
0
0
1
0
0
0
0
0
1
0
0
0
8
0
1
0
1
0
1
0
0
0
0
24
0
0
0
1
1
1
1
0
0
1
0
1
0
20
0
5
1
....35.652
5...123..6
3555224.61
5.1623445.
.41.213.62
23.2511656
5.4366.21.
0
0
0
20
0
0
1
1
0
0
1
0
1
0
0
0
0
0
0
0
0
1
0
0
0
0
0
0
0
0
0
1
0
0
1
0
0
9
0
1
0
0
0
9
0
1
0
0
0
1
0
0
13
0
0
0
0
1
1
0
0
0
0
10
0
0
0
0
1
0
1
0
0
0
1.33354652
52.3123..6
3555224361
551623445.
.41.213662
23.2511656
534366.21.
0
0
0
1
0
1
0
0
0
9
0
1.33354652
52.3123..6
3555224361
551623445.
.41.213662
2322511656
534366.21.
0
9
0
0
1
0
0
1.33354652
52.3123..6
3555224361
551623445.
441.213662
2322511656
534366.21.
0
0
0
0
0
