OK 1
0
1
1
1
1
56
1
1
0
1
0
0
1
1
1
1
2
1
0
1
1
1
3
1
1
0
1
1
42
0
1
..1.22....
..3.1.....
..4.......
.34.......
44.321..42
1...1..2.4
0
1
0
6
1
0
1
0
1
1
0
1
0
1
1
1
0
1
0
1
0
0
0
0
8
231522....
..3.1...4.
1.42......
534..23.3.
44.321..42
1...1..2.4
1
1
1
0
1
0
0
28
1
231522.4..
.33.1...43
1.42......
534..23.3.
44.321..42
1...1..2.4
0
1
0
1
0
8
1
0
0
0
0
0
1
0
1
1
0
0
1
21
1
0
0
0
0
0
1
0
0
0
0
0
0
19
0
0
0
0
0
19
0
0
1
0
1
231522.4..
533.12.243
1.422.....
534.32313.
44.3215.42
14..13.2.4
0
1
1
17
0
0
0
0
1
0
12
0
0
0
1
10
0
0
0
15
0
15
1
1
0
0
1
0
1
231522.4..
533.124243
1.422.1...
534132313.
42.3215.42
14..1322.4
0
1
0
1
0
0
0
1
0
13
1
1
0
1
1
10
1
0
0
10
0
0
0
11
1
0
0
0
0
0
0
0
0
5
0
0
23152224..
533.144243
1.4223113.
534132313.
41.3215.42
141.1322.4
0
23152224..
533.144243
1.4223113.
534132313.
41.3215.42
141.1322.4
0
23152224..
533.144243
1.4223113.
534132313.
41.3215.42
141.1322.4
0
0
0
0
10
0
0
1
0
0
0
0
0
0
0
0
0
0
0
0
0
0
0
0
0
0
0
0
0
