OK 1
0
1
1
47
0
1
0
46
1
1
0
1
4
43
0
1
1
1
1
1
1
0
1
36
1....2..
.22..1..
...22.11
..1.....
........
.12.....
36
0
0
0
1
35
0
1
1
0
0
34
0
0
1
1
1
1
1
1
1
12
0
0
1
0
27
1
1
1
0
1
0
1
1
0
1
0
0
1
0
0
1
0
20
1
0
1
1
18
0
0
0
0
1
0
17
0
0
0
1
0
0
0
0
0
0
0
1
0
0
1211.2.2
.222.11.
11122111
..2..2..
2.2..122
212.1121
1
0
0
0
14
0
1
0
0
0
19
13
0
0
1
0
1
0
0
0
1
21
0
0
0
0
1
0
22
1
0
0
0
0
0
0
0
0
0
0
1211.2.2
.222211.
11122111
..2222.2
2.2..122
21221121
0
0
0
0
0
0
10
0
0
0
0
0
0
1
0
0
1
0
0
0
0
0
0
1
18
0
1
0
1
0
0
0
20
0
1
5
