OK 1
1
1
1
1
2
0
0
1
1
1
1
2
1
1
1
0
0
1
1
36
1
0
1
1
0
1
6......5
.1....7.
2.....2.
3..197..
51....4.
4..2....
1
0
1
1
1
0
0
1
1
0
0
0
0
1
0
1
0
4
1
0
0
1
0
0
0
0
0
1
0
1
0
0
1
1
8
0
1
1
0
1
1
0
0
0
1
1
1
0
1
4
0
2
0
0
1
0
0
15
0
1
0
14
0
0
0
0
1
0
6787.7.5
51.95875
2...2.21
3641973.
5118..45
4.22...4
0
0
0
0
0
6787.7.5
51.95875
2...2.21
3641973.
5118..45
4.22...4
0
0
0
14
0
6787.7.5
51.95875
2...2.21
3641973.
5118..45
4.22...4
0
0
0
1
0
1
0
13
0
4
1
0
0
0
0
0
3
0
1
0
1
1
1
0
6
1
0
0
1
0
0
0
0
0
0
0
1
0
678787.5
51.95875
2..12.21
3641993.
5118.345
4.22...4
0
0
0
11
678787.5
51.95875
2..12.21
3641993.
5118.345
4.22...4
0
6
11
0
0
0
0
0
0
0
0
1
0
0
3
0
1
0
0
0
0
0
0
1
0
0
1
0
0
