OK 1
0
1
0
1
0
1
0
1
1
1
0
1
0
0
1
1
1
0
0
1
1
1
1
1
1
4
37
0
1
0
36
1
0
1
1
1
1
0
1
0
0
1
1
0
0
1
1
1..3.
.....
..1..
..451
511..
43.33
4.523
.1.24
2..1.
1....
0
1
26
0
0
1
1
1
0
1
5
0
0
22
1
1
11
0
0
1
1
1
0
0
0
0
0
1
1
0
0
0
6
1.232
..5.1
..13.
..451
511..
43533
4.523
.1124
2141.
1.42.
0
0
0
0
0
6
16
0
1
0
0
0
6
1
0
1
0
0
1
0
1
0
1
0
0
1
0
0
1
0
0
0
1
0
0
0
0
1
0
0
1
0
0
0
1
0
7
0
0
0
9
0
0
0
0
9
1
0
0
9
0
0
0
0
1
0
9
1
0
0
9
0
0
1
0
0
1
0
0
1
0
1
0
0
0
0
1.232
..551
33134
.3451
511.5
43533
4.523
31124
21412
13422
1
0
0
0
7
1
