OK 1
1
1
1
1
1
1
1
1
1
0
1
1
5
1
4
1
0
1
6
....................
....................
.........1..........
..............3.3...
............1.......
....................
.................2..
....................
....................
....................
.................2..
....3...............
....................
..................1.
....................
2...................
....2.....32........
....................
...................2
1
1
0
0
1
1
1
1
1
1
0
7
1
1
357
1
1
1
354
1
1
1
1
0
1
1
1
12
1
1
1
1
1
0
1
342
1
0
1
340
1
1
16
1
1
1
0
1
336
0
1
1
1
1
1
1
1
1
1
0
1
...3.......1........
.3.3...........2....
.........1..........
.1............323..3
....3.......1....1..
..1.................
...1........3....2..
....................
.....3....3.........
3......2....13......
....2.......2....2.2
3...3.....2........1
.........1......3...
31..2.............1.
...2................
2.........1.........
2...2.....32....1...
..............2..2..
....2...2.1...3.3..2
1
1
1
1
1
1
1
0
1
1
0
1
...3.......12.......
.3.3...........2....
.........1..........
.1............323..3
..2.3.......13...1..
..1.................
...1........3....2..
....................
.....3....3.........
3......2....13......
....2....2..2....2.2
3..23.....2.1......1
..1......1......3...
31..2.............1.
...2.....1..........
2.........1.........
2...2.....32....1...
....1.........2..2..
....2.3.2.1...3.3..2
1
1
1
1
1
1
23
1
1
0
1
0
1
0
1
25
1
1
1
1
0
1
1
1
0
1
1
1
1
1
1
1
0
1
30
1
1
1
0
1
1
1
1
1
1
1
1
0
1
0
0
1
1
1
1
38
1
274
1
0
1
1
0
1
271
...3.....3.12....3..
.3.3.2....1...32....
.........1.1.2......
.1.......1....323..3
..2.32...3.213..31..
..13....3.....2.....
...11.1...3.3....2..
.........3.....3....
3...13...233........
3......21...13...2..
....2.1..2..2....2.2
3..2321...2.1.1....1
..1......1......3...
31.32...22......1.1.
...22....1...21...1.
2...3....21.........
2...2.....32...211..
.33.1.........2..2..
....2.3.231...3.3..2
1
1
1
1
1
0
1
1
0
1
1
1
0
38
0
0
1
0
1
1
1
1
0
0
1
0
0
1
0
0
0
1
0
1
0
1
1
0
1
1
0
0
...3..3..3.12....3..
.3.3.2....1...32.2..
.......2.1.1.2.1....
.1...3...1....323..3
..2.32...3.213..31..
..13..2.3.....2.....
...11.1...3.3....2..
.........3.....3....
3...131..233.12.....
3......21...13.3.2..
....2.12.2.221...2.2
3..2321...2.1.1....1
..1.....11.2...33.2.
31.32...22......1.1.
...22....1...21...1.
2...3....21.........
2.1.2.....32...2111.
.32.1..2......2..2..
....2.3.231...3.3.12
0
1
1
1
1
1
1
1
0
1
0
0
242
1
1
1
0
1
1
0
1
0
0
1
0
0
1
1
0
1
1
1
1
0
0
0
1
1
1
1
228
0
1
1
1
225
1
0
47
0
0
1
1
0
0
0
1
1
0
1
1
0
0
1
1
1
0
1
49
1
1
1
1
0
1
210
0
58
0
1
1
0
...3..3..3.12....3..
.3.3.2....1...3211.1
.3.1...2.1.1.2.1....
.1...3...1....323..3
..2332..13.213..3132
3.13..2.3....12..2..
...1131...3.3..1.2..
....2....3..3..3....
3.1.131.3233.12.2...
3......21..113.322..
....2.1222.221...2.2
3.12321..223131..2.1
..1.....11.2...33.2.
31.32.2.22.2....1.13
3..22...31..321...1.
2...3....21....13..1
2.122.....323..2111.
232.1..22.3..32..2..
....2.3.231.2.3.3.12
1
62
0
0
0
1
1
1
...3..3..3.12....3..
.3.3.2....1...3211.1
.3.1...2.1.1.2.13...
.1...3...1....323..3
..2332..13.213..3132
3.13..2.3....12..2..
...1131...3.3..1.2..
....2....3..3..3.2..
3.1.131.3233.12.2...
3......21..113.322..
....2.1222.221...2.2
3.12321..223131..2.1
..1.....11.2...33.2.
31.3222.22.2....1.13
3..22...31..321...1.
2..23....21....13..1
2.122.....323..2111.
232.1..22.3..32..2..
....2.3.231.2.3.3.12
1
1
1
0
0
201
1
0
1
0
1
1
1
0
1
0
0
0
0
...3..3..3.12...13..
.3.3.2....13..3211.1
.3.1...2.1.1.2.13...
21..23...1....323..3
..2332..13.213..3132
3.13..223....12..2..
..31131...3.3..1.2..
....2....3..3..3.2..
3.1.131.3233.12.2...
3......21..113.322..
..2.2.1222.221...2.2
3.12321..223131..2.1
..1.....11.2...33.2.
31.3222.22.2....1.13
3..221..31..321...1.
2..23..1.21....13..1
2.122.....323..2111.
232.1..22.3..32..2..
....2.3.231.2.3.3.12
1
56
1
1
0
0
0
1
1
1
1
0
1
0
1
0
1
185
0
1
0
0
0
1
0
63
0
0
0
1
...3..32.3112...13..
23.3.2....13..3211.1
.3.1...221.1.2.13...
21..23...1....323..3
..2332..13.2133.3132
3.132.223....12..2..
..31131...3.3..1.2..
....2....3..33.3.2..
3.1.131.3233.12.2...
3......21..113.322..
..2.2.1222.221...2.2
3.12321..223131..2.1
..1.....11.2...33.2.
31.3222.22.2....1.13
3..221..31..321...1.
2..23..1.21....13..1
2.122....13231.2111.
23211..2223..32.22..
.2..2.3.231.2.3.3.12
1
1
0
0
...3..3233112...13..
23.3.2....13..3211.1
.3.1...221.1.2.13...
21..23...1....323..3
..2332..13.2133.3132
3.132.223....12..2..
..31131...3.3..1.2..
....2....3..33.3.2..
3.1.131.3233.12.2...
3......21..113.322..
..2.2.1222.321...2.2
3.12321..223131..2.1
..1.....11.2...33.2.
31.3222.22.2....1.13
3..221..31..321...1.
2..23..1.21....13..1
2.122....13231.2111.
23211..2223..32.22..
.2..2.3.231.2.3.3.12
0
1
1
0
0
0
0
0
0
67
0
0
60
0
0
1
60
...3..3233112...13..
23.3.23...13..3211.1
.3.1..3221.1.2.13...
21..23...1....323..3
..2332..13.2133.3132
3.132.223....12..2..
..31131...3.3..1.2..
....2....3..33.3.2..
3.1.131.3233.12.2...
3......21..113.322..
..2.2.1222.321...2.2
3.12321..223131..2.1
..1.....11.2...33.2.
31.3222.22.2....1.13
3..221..31..321...1.
2..23..1.21....13..1
2.122....13231.2111.
23211..2223..32.22..
.2..2.3.23132.3.3.12
1
0
0
177
...3..3233112...13..
23.3.23.2.13..3211.1
.3.1..3221.1.2.13...
21..23...1....323..3
..2332..13.2133.3132
3.132.223....12..2..
..31131...3.3..1.2..
....2....3..33.3.2..
3.1.131.3233.12.2...
3......21..113.322..
..2.2.1222.321...2.2
3.12321..223131..2.1
..1.....11.2...33.2.
31.3222.22.2....1.13
3..221..31..321...1.
2..23..1.21....13..1
2.122....13231.2111.
23211..2223..32.22..
.2..2.3.23132.3.3.12
1
0
61
1
0
1
69
0
0
174
0
0
0
0
1
1
0
0
0
1
0
0
1
0
62
1
0
0
0
0
169
0
0
70
0
1
168
0
0
0
0
168
1
0
167
0
1
0
0
1
1
0
1
0
80
0
1
0
0
162
1
161
1
1
1
1
82
0
1
0
0
1
155
0
1
0
0
0
0
1
153
0
1
68
152
0
152
0
0
1
0
1
0
0
1
0
1
1
1
0
0
0
1
0
0
0
0
1
0
0
0
0
0
73
0
0
0
0
1
1
0
1
1
81
0
0
0
140
0
...3..3233112...13..
23.322332.13..321111
.3.1.33221.1.2213..2
21..23.221....323..3
..2332..1312133.3132
3.132.223....12..22.
..31131...3.31.1.2..
.11.2....3..3313.2..
3.1.131.3233.1222...
3..3...211.113.3223.
..232.1222.32113.2.2
3112321..2231313.2.1
3.1.1...11.2..333.2.
3123222.22.2....1.13
3.22212.31..3211..1.
2..23.11.21...313..1
2.1223...13231.2111.
23211312223..32.223.
.2..2.3.23132.3.3112
0
0
0
0
0
1
0
0
0
1
0
1
137
0
0
0
1
0
136
0
1
0
0
0
1
1
0
0
1
77
0
1
86
0
0
1
0
86
0
0
1
129
1
0
0
0
0
0
0
87
0
0
0
0
0
0
0
0
0
0
0
1
0
0
1
0
1
1
0
0
0
0
0
1
0
0
0
0
89
0
0
1
0
1
1
0
0
0
0
0
0
0
0
0
1
0
0
119
0
0
0
80
0
0
0
0
119
0
1
0
0
0
0
0
0
0
0
0
0
0
0
0
80
0
0
118
0
1
0
0
0
0
..33..3233112.1313..
23.322332.13..321111
.3.1333221.132213..2
21..23.221..11323..3
..2332..1312133.3132
3.132.2233...123.22.
.131131...3.31.1.23.
.11.22...3.23313.2..
3.1.13113233.122223.
3..3...211.113.3223.
..232.1222.3211322.2
3112321..2231313.2.1
3.1.1.3.11.2..333.2.
3123222.221232..1.13
3.22212.31..3211..1.
2.223.11.21...313..1
2.1223...13231.2111.
23211312223..32.223.
12..2.3.23132.3.3112
0
0
0
0
117
0
0
0
..33..3233112.1313..
23.322332.13..321111
.3.1333221.132213..2
21..23.221..11323..3
..2332..1312133.3132
3.132.2233...123.22.
.131131...3.31.1.23.
.11.22...3.23313.2..
3.1.13113233.122223.
3..3...211.113.3223.
..232.1222.3211322.2
3112321..2231313.2.1
3.1.1.3.11.2..333.2.
3123222.221232..1.13
3.22212.31..3211..1.
2.223.11.21...313..1
2.1223...13231.2111.
23211312223..32.223.
12..2.3.23132.3.3112
0
1
0
1
0
0
0
0
115
1
0
0
0
0
0
114
0
1
0
0
0
0
0
0
0
0
0
113
0
1
1
0
0
0
0
111
0
0
0
1
85
0
0
0
0
110
1
0
0
0
0
0
0
0
86
0
1
0
1
107
0
0
0
1
0
0
0
0
0
0
1
1
0
0
0
0
0
0
104
0
0
1
0
0
1
0
0
0
0
0
0
102
0
0
1
97
0
0
0
93
0
0
0
0
0
1
0
0
1
0
0
..33..3233112.1313..
23.322332.13..321111
13.1333221.132213..2
21..233221..11323.13
.32332..1312133.3132
3.132.2233...123.22.
1131131.1.3.31.1.232
.11.22...3.23313.2..
3.131311323331222231
3..32..211.113.3223.
..2323122213211322.2
3112321..2231313.2.1
311.1.3.1112..33312.
3123222.221232..1.13
3.22212.31.33211..1.
2.223.11.21...313..1
2.1223..313231.2111.
23211312223..32.223.
12..2.3.23132.3.3112
0
99
0
1
1
0
94
0
0
1
0
1
0
1
0
0
1
0
0
0
0
93
0
0
1
92
0
1
0
0
0
0
0
0
0
0
0
95
1
0
0
0
0
0
0
0
0
0
0
1
0
0
0
0
95
89
0
0
0
0
0
0
0
102
0
0
1
0
1
0
1
0
0
0
0
103
0
0
0
0
0
0
0
96
86
0
0
0
86
0
0
1
0
0
0
0
..33..3233112.1313.3
23.322332.13..321111
13.1333221.132213..2
21..233221..11323.13
.32332..1312133.3132
3.132.2233.1.123.22.
1131131.1.3.31313232
.11.22...3.23313.2..
3.131311323331222231
33.32..211.113.3223.
..2323122213211322.2
3112321..2231313.2.1
311.1.3.1112.1333123
3123222.221232.11213
3122212.31.33211211.
22223.11.211..313..1
2.1223..313231.2111.
23211312223..32.223.
12..2.3.23132.3.3112
0
96
0
0
0
96
1
84
0
0
1
0
1
0
1
1
98
0
0
0
0
1
79
0
0
79
0
0
0
0
0
0
0
0
0
0
0
0
0
0
1
0
0
78
0
0
0
0
0
78
1
0
0
77
0
0
0
0
0
0
0
0
0
0
1
..33..3233112.131323
23.322332.13..321111
13.1333221.132213..2
21.2233221..11323.13
.323321.1312133.3132
3.13232233.1.123.22.
1131131.1.3.31313232
.11.22...3.23313.2..
32131311323331222231
3333212211.113.3223.
..2323122213211322.2
3112321..2231313.2.1
311.1.331112.1333123
3123222.221232.11213
3122212.31.33211211.
22223.11.211..313..1
2.1223..313231.2111.
23211312223..32.223.
12..2.3.23132.3.3112
0
0
0
0
0
0
0
0
0
76
0
0
0
0
0
0
76
0
0
0
..33..3233112.131323
23.322332.13..321111
13.1333221.132213..2
21.2233221..11323.13
.323321.1312133.3132
3.13232233.1.123.22.
1131131.1.3.31313232
.11.22...3.23313.2..
32131311323331222231
3333212211.113.3223.
..2323122213211322.2
3112321..2231313.2.1
311.1.331112.1333123
3123222.221232.11213
3122212.31.33211211.
22223.11.211..313..1
2.1223..313231.2111.
23211312223..32.223.
12..2.3.23132.3.3112
1
0
0
0
..33..3233112.131323
23.322332.13..321111
13.1333221.132213..2
21.2233221..11323.13
.323321.1312133.3132
3.13232233.1.123.22.
1131131.1.3.31313232
.11.22...3.23313.2..
32131311323331222231
3333212211.113.3223.
..2323122213211322.2
31123211.2231313.2.1
311.1.331112.1333123
3123222.221232.11213
3122212.31.33211211.
22223.11.211..313..1
2.1223..313231.2111.
23211312223..32.223.
12..2.3.23132.3.3112
0
1
0
0
0
0
0
0
100
0
0
74
0
0
0
0
0
0
0
0
0
0
0
0
0
0
0
100
0
1
0
0
0
0
0
0
1
0
0
0
0
0
0
72
0
0
107
0
0
0
0
0
1
0
0
0
71
0
1
0
0
0
0
70
0
0
0
1
0
0
0
0
1
108
0
0
102
0
1
0
1
0
0
0
103
66
0
0
..33..3233112.131323
23.322332.13..321111
13.1333221.132213..2
21.2233221..11323.13
.32332111312133.3132
3313232233.11123.22.
1131131.1.3.31313232
.11.22...3.23313.2..
32131311323331222231
3333212211211333223.
..2323122213211322.2
31123211.223131322.1
311.1.33111231333123
3123222.221232.11213
3122212.31.33211211.
22223.11.211..313211
2.1223..313231.2111.
23211312223..32.223.
12..2.3.23132.3.3112
0
0
0
0
0
0
0
0
0
1
0
0
0
0
0
0
0
0
65
1
0
0
0
0
0
0
0
0
0
0
0
..33..3233112.131323
23.322332.13..321111
13.13332212132213..2
21.2233221..11323.13
.32332111312133.3132
3313232233.11123.22.
1131131.1.3.31313232
.11.22...3.23313.2..
32131311323331222231
3333212211211333223.
2.2323122213211322.2
31123211.223131322.1
311.1.33111231333123
3123222.221232.11213
3122212.31.33211211.
22223.11.211..313211
2.1223..313231.2111.
23211312223..32.223.
12..2.3.23132.3.3112
0
0
0
0
..33..3233112.131323
23.322332.13..321111
13.13332212132213..2
21.2233221..11323.13
.32332111312133.3132
3313232233.11123.22.
1131131.1.3.31313232
.11.22...3.23313.2..
32131311323331222231
3333212211211333223.
2.2323122213211322.2
31123211.223131322.1
311.1.33111231333123
3123222.221232.11213
3122212.31.33211211.
22223.11.211..313211
2.1223..313231.2111.
23211312223..32.223.
12..2.3.23132.3.3112
0
1
0
106
0
0
0
0
0
0
0
0
0
0
0
0
0
0
0
63
0
0
0
0
0
0
0
0
63
1
..33..3233112.131323
23.322332.13..321111
13.13332212132213..2
21.2233221..11323.13
.32332111312133.3132
3313232233.11123.22.
1131131.1.3.31313232
.11.22...3.23313.2..
32131311323331222231
3333212211211333223.
2.2323122213211322.2
31123211.22313132211
311.1.33111231333123
3123222.221232.11213
3122212.31.33211211.
22223.11.211..313211
2.12232.313231.2111.
23211312223..32.223.
12..2.3.23132.3.3112
1
0
0
0
0
0
0
..33..3233112.131323
23.322332.13..321111
13.13332212132213..2
21.2233221..11323.13
.32332111312133.3132
3313232233.11123.22.
1131131.1.3.31313232
.11.22...3.2331322..
32131311323331222231
3333212211211333223.
2.2323122213211322.2
31123211.22313132211
311.1.33111231333123
3123222.221232.11213
3122212.31.33211211.
22223.11.211..313211
2.12232.313231.2111.
23211312223..32.223.
12..2.3.23132.3.3112
0
0
0
0
0
0
0
0
0
0
0
0
109
0
0
103
0
0
61
0
0
61
0
0
0
0
1
0
0
0
0
0
0
0
0
0
0
0
0
0
0
0
0
0
0
0
110
0
60
110
0
103
0
0
0
0
0
0
..33..3233112.131323
23.322332.13..321111
13.13332212132213..2
21.2233221..11323.13
.32332111312133.3132
3313232233.11123.22.
1131131.1.3.31313232
.11.22...3.2331322..
32131311323331222231
3333212211211333223.
2.2323122213211322.2
31123211.22313132211
311.1.33111231333123
3123222.221232.11213
3122212.31.33211211.
22223.11.211..313211
2.12232.313231.2111.
23211312223..32.2233
12..2.3.23132.3.3112
0
0
1
0
0
0
0
0
0
0
0
1
0
0
1
0
0
0
0
0
0
0
57
0
0
0
0
0
103
0
0
0
111
0
0
0
0
0
0
0
57
0
0
0
0
111
..33..3233112.131323
23.322332.132.321111
13.13332212132213..2
21.2233221..11323.13
.32332111312133.3132
3313232233.11123.22.
1131131.133.31313232
.11.22.2.3.2331322..
32131311323331222231
3333212211211333223.
2.2323122213211322.2
31123211.22313132211
311.1.33111231333123
3123222.221232.11213
3122212.31.33211211.
22223.11.211..313211
2.12232.313231.2111.
23211312223..32.2233
12..2.3.23132.3.3112
0
0
0
0
0
0
0
0
0
1
0
0
103
0
0
0
0
0
0
0
0
0
0
0
0
111
0
0
0
0
1
0
0
0
0
0
110
55
0
0
0
0
103
0
110
0
0
110
1
0
1
0
1
0
1
51
0
0
0
0
113
0
105
0
0
0
0
0
113
0
0
0
0
0
0
0
0
0
1
50
0
0
1
49
0
0
0
0
0
0
0
0
0
49
0
0
0
0
