OK 1
0
0
0
1
1
1
0
1
1
0
0
116
1
1
1
0
1
1
1
1
0
1
0
1
1
1
106
0
0
0
0
1
3
......
....4.
......
5.....
.....6
...1..
5.6...
4.....
......
.5....
......
6....8
..8...
......
..5...
.....3
......
.2..1.
......
......
1
1
1
0
1
3
0
1
1
0
1
0
0
1
1
98
0
0
1
1
......
....4.
...714
58..4.
.....6
...1..
5.6...
4.....
......
.5....
....1.
6....8
..8...
......
..5...
.....3
......
52..1.
7.....
......
0
1
2
1
0
1
1
5
1
0
1
93
1
0
0
92
......
....4.
...714
58..4.
5..6.6
2..1..
5.6...
4.....
..3...
.5....
....1.
6....8
..8...
......
..5.4.
.....3
......
52..1.
7.....
......
1
1
1
1
1
0
1
0
1
1
1
0
1
1
0
0
0
1
0
1
1
4
0
1
7
1
1
1
0
5
76
0
1
1
0
...51.
....4.
...714
58..4.
5..6.6
2.31..
5.6.5.
4.....
..3...
.5....
....1.
6...38
..8...
.....6
1.574.
.2...3
.84.82
52..1.
7485..
....1.
0
7
1
0
74
1
1
0
1
0
1
1
1
7
1
0
...51.
.2..4.
...714
58.34.
5..656
2.31..
5.6.5.
4...3.
..3...
.5....
..4.1.
6...38
..8...
.....6
1.574.
.2...3
.84.82
52..1.
7485..
...81.
0
0
6
...51.
.2..4.
...714
58.34.
5..656
2.31..
5.6.5.
4...3.
..3...
.5....
..4.1.
6...38
..8...
.....6
1.574.
.2...3
.84.82
52..1.
7485..
...81.
0
0
...51.
.2..4.
...714
58.34.
5..656
2.31..
5.6.5.
4...3.
..3...
.5....
..4.1.
6...38
..8...
.....6
1.574.
.2...3
.84.82
52..1.
7485..
...81.
0
1
1
6
0
0
0
1
8
0
1
0
0
1
0
1
0
0
1
0
0
1
0
0
0
8
0
0
0
0
1
0
0
1
0
0
8
5
1
0
0
0
0
0
0
1
0
0
0
0
0
.4.51.
.25.4.
...714
58.34.
566656
2.31..
5.6.5.
4...3.
..33..
.5....
.14.18
6...38
..8...
...386
15574.
.2...3
.84.82
52..1.
7485..
.1.81.
0
1
1
1
0
0
1
0
0
3
1
0
1
10
0
0
0
1
.4.51.
225.4.
...714
58.34.
566656
2.31..
5.6.5.
4...3.
..33..
85....
.14.18
6...38
..8...
...386
155741
.2...3
.84.82
52..1.
7485..
.1.81.
0
0
0
0
0
0
0
1
7
0
1
1
0
0
1
52
0
0
0
0
1
11
51
0
1
50
0
0
0
0
9
0
0
0
0
0
50
0
0
0
0
0
0
0
0
0
0
50
0
1
1
0
11
0
7
1
0
48
1
0
1
0
1
0
1
0
0
0
0
47
0
0
0
0
1
0
1
0
45
1
0
0
1
12
0
7
24851.
225.4.
...714
58.34.
566656
2.31.5
5.6157
43..37
..33..
85....
.14.18
6...38
.588..
...386
155741
.2...3
184.82
52..1.
7485..
81.81.
1
10
0
9
1
0
0
0
24851.
225.4.
...714
58.34.
566656
2.31.5
5.6157
433.37
..33..
85....
.14.18
6...38
.588..
...386
155741
.2...3
184.82
52..1.
7485..
81.81.
0
0
0
0
1
1
1
0
0
0
0
0
1
0
1
0
0
0
0
1
1
0
0
0
0
0
39
0
0
1
1
0
0
0
0
8
0
1
0
0
0
0
0
1
24851.
225.4.
...714
58.341
566656
2631.5
516157
433.37
..33..
85....
114.18
6...38
.588..
.42386
155741
.2...3
184.82
52..1.
7487..
81.81.
0
0
1
0
0
1
0
0
0
0
0
1
0
0
1
0
0
0
0
0
9
0
0
34
0
1
1
12
1
0
1
1
0
0
9
0
0
0
1
0
1
1
0
0
28
0
1
0
0
27
0
0
0
0
0
0
0
27
0
0
12
1
0
1
1
0
0
24851.
225.4.
363714
58.341
566656
2631.5
516157
433.37
2.33..
854...
114818
6.6.38
3588..
542386
155741
52.4.3
184.82
521.1.
7487..
81.81.
0
0
1
0
24851.
225.4.
363714
58.341
566656
2631.5
516157
433.37
2.33..
854...
114818
6.6.38
3588..
542386
155741
52.4.3
184.82
521.1.
7487..
81.81.
1
0
0
0
1
0
0
0
0
0
10
0
6
0
1
