OK 1
1
1
1
1
1
1
1
1
1
1
1
1
1
1
1
0
0
0
0
1
48
0
1
5
47
1
1
1
1
1
1
0
0
0
42
1
1
8
0
0
23.1.2...
..313.1..
1.2.3...2
33..1....
.2...22..
....21...
...1.3..1
0
1
0
0
0
1
1
0
1
1
1
1
0
0
0
1
0
1
9
1
0
0
1
1
0
0
1
1
0
1
1
1
26
1
1
1
1
0
15
1
0
0
21
0
0
0
0
0
0
0
14
0
0
1
0
0
0
0
0
16
0
1
0
0
0
0
15
19
0
1
1
1
0
1
1
0
0
17
0
1
1
1
17
0
1
0
0
0
0
0
0
0
1
23.212212
.33131121
1122333.2
3311123.3
3212.2233
.2..21..1
32.123321
0
0
0
11
0
0
0
0
11
0
0
0
0
0
0
0
0
0
0
0
16
0
0
0
0
0
0
1
0
0
0
0
0
0
0
0
0
10
1
0
0
0
0
10
0
0
0
0
0
18
0
1
0
0
0
1
23.212212
333131121
1122333.2
3311123.3
3212.2233
12..21..1
32.123321
0
0
0
0
0
9
0
0
1
19
0
0
0
8
1
1
0
6
0
0
0
1
0
0
0
5
0
1
0
0
0
0
0
