OK 1
1
1
1
1
0
0
1
1
1
1
0
37
1
1
35
0
0
0
35
0
1
35
0
0
0
35
1
1
33
0
1
0
0
1
2
0
0
4
1
31
1
1
29
0
0
1
3
1
1
0
0
0
0
1
1
0
1
0
1
1
0
0
1
1
0
0
0
1
0
0
0
0
1
0
3
1
0
1
0
19
0
1
0
0
0
0
0
0
0
0
19
0
0
0
1
0
0
1
0
1
0
0
0
0
1
0
0
0
1
0
0
6
0
0
.4..5
.25..
.375.
.2..5
44362
2277.
.7525
33217
3.366
0
1
0
1
0
4
0
0
0
0
1
4
0
0
.4.45
.25..
.375.
.2..5
44362
22777
.7525
33217
3.366
0
1
0
0
1
0
0
1
0
0
0
1
0
0
1
0
0
1
0
0
1
0
0
44745
2256.
2375.
.2..5
44362
22777
.7525
33217
3.366
0
6
0
0
0
0
1
0
0
0
0
6
1
0
1
0
0
0
