OK 1
1
1
1
1
1
1
1
1
1
1
46
1
1
1
7
43
1
1
1
0
0
0
8
1
1
0
0
0
0
0
1
1
1
1
0
1
10
0
1
12
0
0
0
1
1
1
1
0
0
12
1
0
0
0
0
0
0
0
2..21..
..12..1
21..1.1
.11.1..
.1...21
2....1.
2212...
.2.2211
0
0
1
0
1
1
0
0
0
0
0
0
12
27
0
1
1
1
1
1
1
1
21
2..21.2
..12..1
21..1.1
.1111.1
11.2.21
2.2..1.
22121.1
.212211
0
0
0
1
0
0
21
0
0
0
0
1
1
0
0
0
0
0
16
19
2..21.2
..12..1
21..1.1
.1111.1
11.2.21
2.2.21.
22121.1
.212211
0
1
0
1
0
0
0
1
0
0
17
0
1
0
0
0
0
0
1
0
0
0
0
0
0
0
1
1
0
0
0
0
0
0
0
14
1
0
0
0
0
1
0
0
1
0
0
0
0
13
0
0
0
0
0
1
0
12
0
0
12
0
0
0
0
0
1
1
0
0
0
0
0
0
0
0
0
0
0
1
22
0
1
2.22122
1.12.21
212.111
.111111
1122.21
2.2.21.
22121.1
2212211
0
0
2.22122
1.12.21
212.111
.111111
1122.21
2.2.21.
22121.1
2212211
0
1
0
0
10
0
0
0
1
0
0
22
0
2.22122
1.12.21
212.111
.111111
1122.21
2.2.21.
22121.1
2212211
