OK 1
1
1
........
........
........
........
.2......
1.......
1
1
1
1
1
1
1
0
0
0
1
1
0
0
0
0
37
1
1
1
0
4
1
1
1
1
31
0
31
0
1
0
1
1
1
1
0
0
1
1
0
0
0
1
1
0
6
1
0
0
0
5
0
1
0
0
22
0
0
1
1
0
.2.1..3.
11.124..
.1.13.3.
4..2.21.
2212.3..
1.4344.3
0
21
0
0
1
20
0
1
0
0
5
20
0
1
0
0
1
1
0
0
17
0
0
1
0
0
0
1
0
0
32.1133.
111124..
.1.13.3.
4..2.212
221223..
1.4344.3
0
1
0
1
0
0
0
0
14
32.1133.
111124..
.1.13.3.
4.12.212
241223..
1.4344.3
1
1
14
0
1
1
0
1
0
0
1
0
0
0
0
0
0
9
0
0
1
0
0
0
0
1
0
32.1133.
111124..
.1.1343.
4412.212
2412231.
11432413
0
0
0
9
0
15
0
1
0
0
0
1
0
0
0
0
0
7
0
0
0
0
0
32411332
111124..
.1.1343.
4412.212
2412231.
11432413
1
0
0
0
0
0
6
