OK 1
1
1
1
1
1
...1..
......
..2...
......
.2....
.1....
......
1
1
1
1
...1..
..1...
..22..
......
12....
.1..1.
......
0
1
0
1
1
1
30
...1..
211...
..22..
......
12.1..
.1..1.
...2..
0
1
0
...1..
211...
..22..
....2.
12.1..
.1..1.
...2..
1
1
1
1
1
1
...1..
211122
..22..
....2.
12.1..
.12.1.
...2..
0
25
1
1
1
9
0
1
12
1
0
9
0
0
0
12
0
1
..11..
211122
2222..
.12.2.
12.1..
.12.1.
...2..
0
0
0
1
1
1
0
12
0
1
0
0
0
0
0
1
0
0
1
1
0
..111.
211122
2222..
112.2.
12.1..
112.1.
21.22.
1
0
13
0
0
0
0
15
0
0
0
1
0
1
1
..111.
211122
22221.
11222.
12.1..
112112
21.22.
0
1
0
0
1
0
1
0
0
0
0
0
0
0
0
0
0
1
0
0
0
1
0
1
0
0
0
6
0
1
0
0
1
0
1
0
0
0
0
0
0
0
0
20
5
0
17
.2111.
211122
222221
11222.
1211.2
112112
21.222
0
0
0
0
0
0
0
1
1
0
0
0
18
5
0
0
19
0
0
0
0
0
0
0
0
0
0
18
5
0
0
0
0
0
5
0
