OK 1
1
0
0
1
1
1
0
1
0
1
1
1
65
0
1
1
1
1
0
1
1
0
1
1
1
0
1
1
1
0
1
2
0
1
1
1
1
1
1
1
1
0
1
1
0
48
0
0
.5......
........
..134..3
....531.
2...1...
......53
3.42.1.5
5...4.25
..151...
1
1
1
1
0
0
0
1
0
1
0
0
1
0
0
42
.5..3...
........
..134..3
2..15313
2...1...
......53
3.42.1.5
5...4225
..1512..
1
0
0
1
7
0
0
1
39
1
0
0
0
1
1
1
1
0
0
0
0
0
9
0
1
4
1
0
0
1
0
1
0
1
1
1
0
1
0
0
0
8
0
10
0
1
1
1
0
0
0
0
0
0
0
25..3.2.
.......1
5.134323
2..15313
2..21342
3..13.53
324211.5
53.44225
..1512.3
0
0
0
0
0
25..3.2.
.......1
5.134323
2..15313
2..21342
3..13.53
324211.5
53.44225
..1512.3
0
0
1
1
0
0
8
0
0
0
9
0
0
0
0
0
0
10
0
0
0
0
0
0
1
0
0
0
0
1
1
0
0
0
0
0
13
0
0
25..3.2.
..1....1
5.134323
2..15313
2..21342
3..13.53
324211.5
53544225
4.151243
0
1
0
0
0
0
0
0
0
0
0
10
0
1
0
0
1
0
0
0
0
0
0
0
0
0
0
0
18
0
1
0
0
13
0
0
0
0
1
0
0
0
0
7
1
0
0
1
0
0
0
1
0
7
0
0
0
0
0
14
0
0
0
0
0
0
0
0
0
0
1
0
0
0
0
1
0
