OK 1
56
0
1
1
0
1
53
1
1
1
1
0
1
1
0
49
1
1
1
1
1
0
1
1
1
0
1
1
0
1
1
1
1
0
1
1....2.
....5..
.34.342
.......
1..1533
.36....
......4
36..26.
2
0
1
0
3
0
1....2.
....5..
.34.342
.......
1..1533
.366...
......4
36..26.
1
1..3.2.
....5..
.34.342
.......
1..1533
.366...
......4
36..26.
0
1
0
1
0
1
1..3.2.
....56.
.34.342
.....4.
15.1533
.366...
......4
36..26.
1
1
0
1
1
0
0
1
0
0
0
1
1
0
1
6
0
0
1
6
0
0
0
1
0
0
0
6
0
0
0
0
0
0
0
0
1.43.2.
6..2561
.34.342
....34.
1541533
.3664.3
......4
36..263
0
0
1
5
0
0
1
0
0
3
0
1
0
0
0
0
0
1.43.2.
6..2561
.34.342
6...34.
1541533
.3664.3
.1....4
364.263
0
0
0
0
1
0
0
0
0
0
0
1
0
17
0
0
1
0
1
0
0
0
0
1
1
0
0
1
0
0
0
0
0
8
0
0
0
0
5
15
0
0
6
0
0
0
1
0
4
0
9
5
0
14
0
0
0
1
5
13
1
1.4352.
6.22561
634.342
66..34.
1541533
6366423
.1....4
3645263
12
1
0
0
1.4352.
6.22561
634.342
66.234.
1541533
6366423
.1....4
3645263
0
0
0
0
0
0
0
0
0
0
1
0
0
0
0
10
0
0
1
0
0
0
0
0
