OK 1
1
0
1
1
1
1
1
0
1
1
1
1
2..6...
.......
.......
.......
.......
...3.1.
2....1.
4....3.
....2..
.....3.
0
1
1
1
57
0
1
56
1
1
5
0
0
1
1
0
1
1
0
1
1
1
1
1
1
1
4
0
1
0
1
0
0
43
1
0
1
41
1
0
40
1
1
0
1
0
0
1
0
0
0
38
0
1
0
0
1
1
0
1
1
0
0
1
0
0
6
33
1
0
0
0
1
0
0
1
0
1
0
0
1
10
1
0
0
0
0
0
1
1
1
0
0
0
0
0
0
25
0
0
0
1
0
8
24.6.6.
.5...4.
35.....
35..422
44.3.11
322311.
2635.14
453.532
255226.
1.6..31
0
0
0
24.6.6.
.5...4.
35.....
35..422
44.3.11
322311.
2635.14
453.532
255226.
1.6..31
1
11
0
0
23
0
0
0
0
23
0
0
0
1
1
0
0
1
1
0
0
0
0
1
0
0
1
0
0
0
0
0
0
0
0
0
0
0
11
0
0
0
0
19
0
0
0
0
0
0
0
19
0
0
0
0
0
0
0
0
0
0
1
18
0
18
0
24.6.6.
.56.44.
35.3...
35..422
44.3.11
322311.
2635.14
4534532
255226.
1265.31
0
0
0
1
0
0
0
0
0
0
0
6
0
17
0
10
17
1
0
0
0
0
1
0
0
0
15
0
0
6
15
0
1
0
0
0
0
0
1
1
0
1
0
