OK 1
1
1
2
1
0
1
1
1
170
1
1
0
1
1
1
1
1
1
1
1
0
1
........1..
.1.........
...........
.1.........
.......21..
....2......
...1..1....
...1.2.....
.......2...
...........
...........
......3....
..........3
.........3.
........3..
...........
0
0
0
1
5
1
1
1
........1..
.1.........
...........
.1.........
.......21..
....2......
...1..1....
...1.2.....
.......2...
...........
.......2...
......3....
..........3
.........3.
..3...2.3..
...........
0
1
8
0
1
0
1
1
1
1
1
1
151
0
0
1
1
1
1
1
147
....1...1..
.1.........
....2......
.1.........
.....1.21.2
...22..3...
...1..1....
...1.2.....
..1....2..2
...........
.......2...
......3....
....3.....3
.........3.
.133..2.3..
...........
0
1
1
0
1
1
0
1
1
1
0
1
13
1
1
1
1
1
1
1
0
1
1
1
0
0
0
1
1
1
129
1
1
0
0
1
17
1
1
1
1
1
1
....1...1..
.1.........
....2.3..3.
.1.........
.1...132112
...22..3...
22.1..1..2.
...1.2.....
..1...12.12
...31......
2.1....2.3.
...21.3...3
3...331...3
........33.
3133..2.3..
2.......2.3
1
1
1
1
0
0
0
1
117
1
....1...13.
.1.........
....2.3..3.
.1.........
.1...132112
...22..3...
22.1..1..2.
...1.2.....
..1...12.12
...31.....3
2.1....2.3.
...21.3...3
3.2.331...3
......2.33.
3133..2.3..
2.......2.3
0
117
0
1
1
0
0
0
1
1
0
0
1
1
1
0
1
111
1
0
0
21
0
0
0
1
1
0
23
0
1
1
0
1
106
1
1
1
0
1
0
24
1
0
0
0
0
0
0
1
101
1
1
27
....11..13.
.1.....1...
....2.3..33
.1.........
.1...132112
..222..3.1.
22.1..1.122
...1.2.33..
2.1.2.12.12
...31...1.3
211....2.3.
2..21.3..33
3.2.331...3
......2233.
31331.2.3..
2.....1.2.3
0
0
1
0
0
0
0
....11..13.
.1.....1...
....2.3..33
.1.........
.1...132112
..222..3.1.
22.1..1.122
...1.2.33..
2.1.2.12.12
...31...1.3
211....2.3.
2.321.3..33
3.2.331...3
......2233.
31331.2.3..
2.....1.2.3
1
1
29
0
0
0
0
1
1
1
0
0
94
0
26
1
0
0
0
0
94
0
27
1
0
0
0
1
1
1
1
0
1
0
0
0
27
0
0
0
29
0
0
0
0
0
1
0
0
0
1
0
0
0
0
0
1
1
0
0
....11..13.
.1.2...1...
.1..2.31.33
.1.2.......
.13..132112
..222311.13
22.1..1.122
...1.2.33..
2.122.12.12
...32...1.3
211....2.3.
2.32113.333
3.2.331...3
......2233.
31331.2.3..
2.2.2.1.2.3
1
0
0
84
0
0
0
1
1
82
0
0
0
1
0
0
1
0
0
80
0
0
0
1
0
1
0
1
0
0
0
0
0
1
1
0
0
0
0
1
74
1
0
0
73
0
0
0
0
1
0
0
1
1
1
0
70
0
0
0
1
34
69
0
0
0
0
1
68
0
68
0
0
0
0
1
67
0
0
0
0
3...11..13.
.132...1...
.1..2331.33
.1121.2....
.13.3132112
..222311213
22.1..1.122
.1.1.2.333.
22122.12.12
...32.2.1.3
2113..12.3.
2.32113.333
3.2.331...3
.21...2233.
31331.223..
2.2.2.1.233
1
0
0
66
0
1
0
0
0
0
0
0
0
0
3...11..13.
.132...1...
.1..2331.33
.1121.2....
.13.3132112
..222311213
22.1..12122
.1.1.2.333.
22122.12.12
...32.2.1.3
2113..12.3.
2.32113.333
3.2.331...3
.21...2233.
31331.223..
2.2.2.1.233
0
1
1
0
1
1
0
0
0
0
0
3...11..13.
.132...1...
.1..2331.33
11121.2....
.13.3132112
32222311213
22.1..12122
.1.1.2.333.
22122.12.12
...32.2.1.3
2113..12.3.
2.32113.333
3.2.331...3
.21...2233.
31331.223..
2.2.2.1.233
0
0
0
0
1
1
3...111.13.
.132...1...
.1..2331.33
11121.2....
.13.3132112
32222311213
22.1..12122
.1.1.2.333.
22122.12.12
...32.2.1.3
2113..1233.
2.32113.333
3.2.331...3
.21...2233.
31331.223..
2.2.2.1.233
0
0
0
0
0
0
0
1
1
0
1
0
3...111.13.
.132...1...
.1..2331.33
11121.2....
.13.3132112
32222311213
22.1..12122
.1.1.2.333.
22122.12.12
...32.2.1.3
2113.11233.
2.32313.333
3.2.331...3
.21...2233.
31331.2233.
2.2.2.1.233
0
0
0
59
0
3...111.13.
.132...1...
.1..2331.33
11121.2....
.13.3132112
32222311213
22.1..12122
.1.1.2.333.
22122.12.12
...32.2.1.3
2113.11233.
2.32313.333
3.2.331...3
.21...2233.
31331.2233.
2.2.2.1.233
0
0
0
0
39
0
0
0
0
59
0
0
0
0
1
0
0
1
1
0
0
0
0
0
56
0
0
0
0
0
39
0
0
0
0
40
0
0
0
0
0
0
1
55
0
0
41
0
40
0
0
0
0
0
1
0
0
0
1
0
0
0
0
0
0
0
0
3...111.132
.132...1...
.1..2331.33
11121.2.2..
.13.3132112
32222311213
22.1..12122
.1.112.333.
22122.12112
3..32.2.1.3
2113.11233.
2.323131333
3.2.331...3
.21...2233.
31331.2233.
2.2.2.1.233
0
3...111.132
.132...1...
.1..2331.33
11121.2.2..
.13.3132112
32222311213
22.1..12122
.1.112.333.
22122.12112
3..32.2.1.3
2113.11233.
2.323131333
3.2.331...3
.21...2233.
31331.2233.
2.2.2.1.233
1
0
0
0
0
42
52
3...111.132
.132...1...
.1..2331.33
11121.2.2..
.13.3132112
32222311213
22.1..12122
.1.112.333.
22122.12112
3..32.2.1.3
2113.11233.
2.323131333
3.22331...3
.21...2233.
31331.2233.
2.2.2.1.233
0
52
0
1
1
0
1
0
0
0
0
0
1
0
1
0
0
0
0
0
44
0
0
0
0
3..2111.132
.132.3.1...
.1..2331.33
11121.2.2..
.13.3132112
32222311213
22.1..12122
.1.1121333.
22122.12112
3..3222.1.3
2113.11233.
2.323131333
3.223313..3
.21...2233.
31331.2233.
2.2.2.1.233
0
0
3..2111.132
.132.3.1...
.1..2331.33
11121.2.2..
.13.3132112
32222311213
22.1..12122
.1.1121333.
22122.12112
3..3222.1.3
2113.11233.
2.323131333
3.223313..3
.21...2233.
31331.2233.
2.2.2.1.233
0
0
0
0
0
0
0
0
0
0
0
0
0
1
0
0
0
0
0
0
0
1
0
3..2111.132
.132.3.1...
.1..2331.33
11121.2.2..
.13.3132112
32222311213
22.1.312122
.1.1121333.
22122.12112
3..3222.1.3
2113.11233.
2.323131333
3.223313..3
.21...22333
31331.2233.
2.2.2.1.233
0
1
0
1
0
1
43
0
42
0
0
0
0
0
0
0
0
46
0
0
0
0
45
33.2111.132
.132.321...
.1..2331.33
11121.2.2..
.13.3132112
32222311213
22.1.312122
.1.1121333.
22122.12112
3..3222.1.3
2113.11233.
2.323131333
3.223313..3
.21...22333
31331.22331
2.2.2.1.233
0
46
0
0
33.2111.132
.132.321...
.1..2331.33
11121.2.2..
.13.3132112
32222311213
22.1.312122
.1.1121333.
22122.12112
3..3222.1.3
2113.11233.
2.323131333
3.223313..3
.21...22333
31331.22331
2.2.2.1.233
0
0
0
0
0
0
0
0
0
0
0
0
0
0
0
0
0
0
0
0
0
33.2111.132
.132.321...
.1..2331.33
11121.2.2..
.13.3132112
32222311213
22.1.312122
.1.1121333.
22122.12112
3..3222.1.3
2113.11233.
2.323131333
3.223313..3
.21...22333
31331.22331
2.2.2.1.233
0
42
0
33.2111.132
.132.321...
.1..2331.33
11121.2.2..
.13.3132112
32222311213
22.1.312122
.1.1121333.
22122.12112
3..3222.1.3
2113.11233.
2.323131333
3.223313..3
.21...22333
31331.22331
2.2.2.1.233
0
1
0
0
46
0
1
0
0
1
39
1
1
0
37
0
0
0
0
1
0
33.2111.132
.132.321..2
.1..2331.33
11121.2.2..
213.3132112
32222311213
22.12312122
.1.1121333.
22122.12112
3..3222.1.3
2113.112333
2.323131333
3.223313..3
.21...22333
31331.22331
2.21231.233
0
0
0
0
0
0
1
0
0
1
0
33.2111.132
.132.321..2
11..2331.33
11121.2.2..
213.3132112
32222311213
22212312122
.1.1121333.
22122.12112
3..3222.1.3
2113.112333
2.323131333
3.223313..3
.21...22333
31331.22331
2.21231.233
0
1
1
0
0
0
0
0
0
0
0
33.2111.132
.132.321..2
11..2331.33
1112122.2.1
213.3132112
32222311213
22212312122
.1.1121333.
22122.12112
3..3222.1.3
2113.112333
2.323131333
3.223313..3
.21...22333
31331.22331
2.21231.233
0
0
0
50
0
0
33.2111.132
.132.321..2
11..2331.33
1112122.2.1
213.3132112
32222311213
22212312122
.1.1121333.
22122.12112
3..3222.1.3
2113.112333
2.323131333
3.223313..3
.21...22333
31331.22331
2.21231.233
0
0
32
0
0
48
0
0
0
0
48
0
0
0
0
0
1
0
0
0
0
0
0
0
0
0
0
0
50
0
0
31
0
0
0
0
50
31
31
33.2111.132
.132.321..2
11..2331.33
1112122.2.1
213.3132112
32222311213
22212312122
.1.1121333.
22122312112
3..3222.1.3
2113.112333
2.323131333
3.223313..3
.21...22333
31331.22331
2.21231.233
0
0
46
0
0
33.2111.132
.132.321..2
11..2331.33
1112122.2.1
213.3132112
32222311213
22212312122
.1.1121333.
22122312112
3..3222.1.3
2113.112333
2.323131333
3.223313..3
.21...22333
31331.22331
2.21231.233
0
0
31
0
0
0
0
0
