OK 1
1
1
1
1
1
1
2
2
1
1
1
1
..1......1
..3.......
.......2..
........2.
....2...3.
..1.......
..........
.......3..
..........
1
1
1
0
1
1
1
1
1
0
1
1
0
1
1
0
1
1
1
1
0
1
1
0
0
1
0
1
1
61
1
0
8
1
1
1
0
1
1
55
1
0
1
0
0
0
1
0
1
1
0
1
10
0
0
1
0
0
0
0
1
50
1
1
1
0
0
1
1
15
0
1
0
44
0
11
1
0
0
1.13..1111
..3.322.3.
..31..22..
.3.1312.2.
....232.3.
12132...2.
.3322.....
3.232.333.
3.2.23....
0
0
0
0
0
0
0
1
1.13..1111
..3.322.3.
..31..22..
.3.1312.2.
....232.3.
12132...2.
13322.....
3.232.333.
3.2.23....
0
1
0
1
1
0
0
20
1
0
1.13..1111
..3.322.3.
..31..22..
.311312.2.
1..2232.3.
12132...2.
13322..3..
3.232.333.
3.2.23....
0
0
1
0
1
0
0
1.13..1111
..3.322.3.
..31..22..
.311312.2.
3..2232.3.
12132...2.
13322..3..
3.232.333.
3.2.23....
0
1
1
1
0
0
1
0
1.133.1111
..33322.3.
..31.222..
3311312.2.
3..2232.3.
12132...2.
13322..3..
3.232.333.
3.2.23....
0
0
0
1
1.133.1111
..33322.3.
..31.222..
3311312.2.
3..2232.3.
12132.1.2.
13322..3..
3.232.333.
3.2.23....
0
1
20
0
1
31
0
1
0
0
31
0
31
0
0
25
31
0
0
0
0
0
1
1
0
0
0
1
0
0
0
0
0
0
0
1
23
0
0
0
1
1
1
0
0
0
1
0
15
0
24
1
0
0
0
0
0
0
15
1
1
23
0
1
0
0
0
0
0
22
0
1.13321111
..33322231
3231.2222.
3311312.2.
3..2232.3.
12132.1.23
13322..3..
33232.133.
3.232322..
0
0
1
0
0
0
0
0
1
1
0
1
0
1
0
0
19
1.13321111
3.33322231
3231.2222.
3311312.2.
3.12222.3.
1213231.23
13322..3..
33232.133.
3.232322..
0
0
0
0
0
0
17
0
0
0
0
1
0
0
0
0
18
0
0
1
0
0
0
0
0
0
0
17
0
0
0
0
0
0
0
0
17
0
0
0
0
0
1.13321111
3.33322231
3231.2222.
3311312.2.
3.12222.32
1213231.23
13322..3..
332323133.
3.232322..
1
0
0
29
0
0
0
17
0
0
1.13321111
3.33322231
3231.2222.
3311312.2.
3.12222.32
1213231.23
133222.3..
332323133.
3.232322..
0
0
0
0
0
0
1
0
1
0
0
0
14
0
0
0
0
0
0
0
0
0
