OK 1
0
70
0
1
1
0
..........
..........
..........
..........
........2.
..........
.2........
1
1
0
0
0
1
1
1
0
1
1
1
7
1
1
0
1
1
1
5
0
1
0
1
0
55
.....1....
...1...2..
122..1....
2.........
..122...2.
..........
.2..21....
0
0
1
0
0
0
0
0
1
53
1
1
1
1
1
1
1
0
1
1
1
1
0
0
1
1
1
0
1
40
1
1
0
1
0
1
36
0
1
0
0
0
0
0
1
1
1
0
1
1
0
1
0
0
0
0
0
0
0
1
0
1
0
1
0
22
1
1
1
1
0
23
1
0
1
0
21
1
0
1
1
0
0
0
0
23
0
1
0
1
22
1
0
1
0
0
211.212.2.
12112..2..
122111.22.
21.211112.
.112212222
.1.2.122..
221.21.1.1
0
1
0
0
0
1
0
0
0
0
0
1
0
0
1
18
0
1
0
0
0
0
0
1
1
0
0
0
0
0
0
0
0
0
0
0
0
0
0
0
0
28
0
16
1
0
0
0
0
1
0
0
0
0
0
0
1
0
0
0
26
0
0
1
0
26
15
1
0
0
0
1
0
14
0
26
0
0
0
1
0
1
1
0
0
0
1
0
0
11
211.21212.
121122.222
122111.221
2112111122
2112212222
.1.2.122..
221.2111.1
0
0
0
0
1
0
0
1
0
1
0
0
1
0
29
10
0
0
0
211.21212.
121122.222
122111.221
2112111122
2112212222
11.2.122..
221.2111.1
0
0
1
0
0
0
0
1
31
0
1
0
0
0
0
31
