OK 1
1
1
1
0
1
0
0
1
45
1
0
1
....1
...2.
.....
.....
.....
.....
2....
.431.
.....
3....
1
2
42
0
1
1
1
1
1
0
2
....1
..22.
....4
.....
.3...
.....
2..3.
.431.
.....
34...
1
1
1
0
1
4
34
0
1
33
0
1
1
0
1
0
0
0
1
1
1
8
0
0
1
1
1
0
0
1
0
24
0
1
0
0
0
32..1
..22.
4.234
.4.44
43.1.
43.2.
2..3.
.431.
3..3.
34...
0
0
1
0
1
1
1
8
1
0
1
0
0
0
17
1
0
1
0
15
1
0
1
0
0
1
0
4
0
8
0
1
14
1
0
13
0
0
0
0
0
0
0
1
1
1
11
1
0
0
0
0
0
1
16
9
0
1
0
0
32.31
3.222
44234
34.44
43414
43123
24.3.
4431.
3333.
342.3
0
0
0
0
0
8
0
0
0
0
0
0
0
0
0
1
1
0
0
0
0
0
0
7
0
0
7
32.31
3.222
44234
34.44
43414
43123
24.34
4431.
3333.
342.3
0
0
0
0
0
0
0
4
0
0
7
0
0
0
1
0
0
0
0
7
32.31
3.222
44234
34.44
43414
43123
24.34
4431.
3333.
342.3
0
0
0
0
0
0
0
0
0
0
0
0
7
32.31
3.222
44234
34.44
43414
43123
24.34
4431.
3333.
342.3
0
0
8
0
16
0
0
32.31
3.222
44234
34.44
43414
43123
24.34
4431.
3333.
342.3
