OK 1
1
1
1
1
1
1
1
1
1
0
0
1
1
80
0
1
1
1
1
1
0
1
1
1
72
0
1
0
0
1
1
1
1
1
1
1
1
1
1
0
64
1
0
1
0
1
1
0
1
0
59
1
1
0
1
1
0
0
1
1
1
1
1
1
1
0
48
1
1
0
0
0
1
1
0
45
0
0
0
0
1
1
0
1
17
0
0
1
1
1
1
1
0
1
19
1
1
1
0
0
20
0
1
0
1
0
19
0
0
0
0
0
0
0
0
0
0
0
0
18
0
21
0
0
1
31
1.32.1112
.1333.21.
..13...23
.221..311
22..13322
11..11332
.111332..
22.213...
3...3.232
.213.231.
0
0
0
0
0
0
31
0
0
0
0
1
1.32.1112
.1333.21.
..13...23
.221..311
22..13322
11..11332
.111332..
22.213..1
3...3.232
.213.231.
1
0
1
28
1
1
0
26
1
0
0
0
0
0
0
0
1
1
0
24
0
0
1
0
0
21
0
0
0
0
26
23
0
0
1
0
0
0
22
22
0
0
0
0
0
0
0
0
1
0
0
0
0
0
21
0
0
0
1
0
1
0
0
1
0
18
0
18
0
0
0
0
0
0
1.3221112
11333.211
..13...23
1221.1311
22.213322
111.11332
.111332.1
222213.31
32..3.232
1213.231.
0
18
0
0
0
1
0
0
23
0
1
0
0
0
0
0
0
0
0
0
22
0
1
0
23
0
0
0
0
0
0
0
16
1
0
1
0
0
0
0
0
1
0
0
15
0
0
15
0
0
0
24
0
22
29
1
0
0
0
1.3221112
11333.211
..132..23
1221.1311
22.211322
111.11332
3111332.1
222213.31
32.33.232
1213.231.
0
0
0
0
15
0
0
0
0
0
0
30
1.3221112
11333.211
..132..23
1221.1311
22.211322
111.11332
3111332.1
222213.31
32.33.232
1213.231.
0
0
1
