OK 1
1
1
0
1
1
1
......
....22
......
1.....
..2...
....1.
......
0
0
1
1
35
1
1
1
1
32
1
6
0
1
0
0
6
1
1
1
1
1
7
1
0
1
0
9
1
1
1
0
1
1
0
0
10
1
1
14
0
0
0
0
0
0
1
17
0
0
0
1
1
0
0
0
0
0
0
12
15
1
0
1
0
12
0
1
14
1.2.2.
112122
...12.
11.21.
11212.
211211
2...1.
0
0
0
1
1
0
0
0
1
1
0
0
0
0
0
0
0
1
17
0
0
0
1
0
1.2.2.
122122
2..12.
11.21.
11212.
211211
2.211.
0
1
0
0
0
0
1.2.2.
122122
2..12.
11.21.
11212.
211211
22211.
0
0
16
0
0
0
0
0
1
0
0
17
9
0
1.2.2.
122122
21.12.
11.21.
11212.
211211
22211.
0
0
0
0
0
0
1
0
0
0
0
0
1
0
8
1
0
0
0
1.2.21
122122
21.121
11.21.
11212.
211211
22211.
0
0
0
0
0
0
0
0
0
0
0
