OK 1
1
1
1
1
1
............
....2.......
...3........
.....2......
............
............
.....11.....
............
............
1
1
1
0
1
0
1
1
1
1
0
1
5
0
1
1
1
0
1
1
1
0
1
1
1
0
1
1
0
1
1
0
0
1
0
0
0
1
1
1
1
1
0
78
0
1
1..2....22..
.1.12...2.32
13.3..3.2...
....12.23..3
....22......
.31....3....
.....11....1
.33........1
............
1
0
1..2....22..
.1.12...2.32
13.3..3.2...
....12.23..3
....22......
.31....3....
.....11....1
.33........1
3...........
1
75
1
0
0
0
0
1
0
1
1
1
1
1
1
15
67
0
0
0
0
0
12
0
1
1
1
1
1
0
0
1
61
0
1
1
1
1
58
0
0
1
0
0
57
1..2....221.
.1312.1.2.32
13.33.3.2...
...212223..3
2.1.22...333
231.2..3....
3....111...1
.33.....2.31
3......1...1
0
57
1..2....221.
.1312.1.2.32
13.33.3.2...
...212223..3
2.1.22...333
231.2..3....
3....111...1
.33.....2.31
3......1...1
1
1
1
54
0
0
1
1
1
0
0
19
0
1
1
1
1
0
1
0
0
0
1
0
0
0
0
1
0
0
46
0
0
0
0
46
0
1
0
0
0
1
1
1
0
0
0
0
24
0
43
0
1
0
1
42
1
0
1
1
1
0
1
1
1
0
11123...2213
.131211.2.32
13133.3.2...
..3212223..3
211.221..333
231.2..3..12
3.3..111...1
233.11222.31
3..1..11..31
37
0
0
0
0
1
0
1
0
0
27
0
0
11123...2213
3131211.2.32
13133.3.2...
..3212223..3
211.221..333
231.2..3..12
3.3..111...1
233.11222.31
3..1..11.231
0
0
0
0
1
0
34
0
0
0
0
0
34
0
1
0
33
0
24
0
0
0
0
0
0
0
0
0
0
0
0
0
0
0
0
0
1
11123...2213
313121112.32
13133.3.2...
1.3212223..3
211.221..333
231.2..3..12
3.3..111.1.1
233.11222.31
3..1..11.231
1
31
0
11123...2213
313121112.32
13133.3.2...
1.3212223..3
211.221..333
23122..3..12
3.3..111.1.1
233.11222.31
3..1..11.231
0
0
1
0
0
23
31
0
0
0
0
0
0
0
1
0
0
0
0
0
0
31
0
0
0
1
0
1
31
1
24
0
0
1
0
0
11123...2213
313121112332
13133.312...
1.3212223..3
2112221..333
23122..3..12
3.3..111.1.1
233.11222.31
3..1..112231
0
11123...2213
313121112332
13133.312...
1.3212223..3
2112221..333
23122..3..12
3.3..111.1.1
233.11222.31
3..1..112231
1
0
0
1
0
25
1
1
0
0
1
1
0
0
0
0
25
0
0
24
0
0
0
0
1
0
0
1
0
0
0
0
25
0
0
0
0
0
22
0
0
11123..12213
333121112332
13133.312...
1.3212223..3
2112221..333
23122313..12
3.3..111.1.1
233211122.31
3..13.112231
0
0
0
0
0
0
1
0
0
0
21
0
0
0
0
0
1
0
1
11123..12213
333121112332
131331312...
1.3212223..3
21122212.333
23122313..12
323..111.1.1
233211122.31
3..13.112231
0
0
0
0
0
1
0
28
0
0
0
1
0
0
0
0
0
0
0
0
0
0
0
0
11123..12213
333121112332
131331312...
1.3212223..3
21122212.333
23122313..12
323..11131.1
233211122.31
3.213.112231
0
0
34
0
1
0
0
29
0
16
0
0
0
0
0
0
1
30
0
