OK 1
0
1
1
1
1
1
1
1
2
0
0
1
1..3....4
2422.....
3........
.........
.........
0
1
36
0
1
0
1
1
0
0
1
1
31
1
1
29
1
0
0
28
0
0
1
0
1
1
0
26
1
1
0
1
0
0
1
0
0
0
0
1..34...4
24212....
3.3......
4.2.11..2
24.32.13.
0
0
0
1
0
0
23
0
1
0
0
1.234...4
24212....
3.3......
4.2.11..2
24.32.13.
1
0
21
0
21
0
0
21
1
1
0
19
0
0
0
0
0
1
18
1
0
1
0
0
0
1
1
15
0
0
0
12234...4
24212....
3.33333..
442.114.2
24.32.13.
0
1
1
0
0
0
1
0
0
12
0
0
0
0
0
0
0
0
122343..4
24212....
3433333..
4423114.2
24.32.13.
0
0
0
9
122343..4
24212....
3433333..
4423114.2
24.32.13.
0
0
0
0
0
0
0
0
0
0
12
0
1
0
0
0
0
0
6
0
0
0
122343..4
24212....
3433333..
4423114.2
24.32113.
0
0
0
0
0
0
1
0
0
0
0
0
0
