OK 1
0
1
1
0
1
0
1
2
1
1
2
78
1
1
1
1
0
74
1
1
0
0
3
72
1
0
1
4
71
1
1
1
1
1
1
1
1
1
1
1
1
1
1
0
0
6
1
1
0
0
1
1
7
1
1
0
7
1
1
0
1
0
1
0
0
1
1
1
1
1
44
0
0
44
0
1
13
0
1
0
1
1
0
1
1
0
0
1
1
36
0
0
1
0
36
0
0
1
0
1
1
0
1
1
0
0
1
0
0
1
0
0
0
0
0
0
0
0
1
0
1
0
0
0
1
1
0
0
1
28
0
0
18
1
0
13
0
0
0
0
1
0
0
0
0
0
1
0
0
0
0
28
0
0
0
0
0
0
0
19
28
1
1
0
1
0
0
1
0
0
0
0
0
0
0
0
0
0
0
1
1
0
0
3121..3
13.14.3
2.11.2.
.1.2.3.
...2.21
..11244
4322342
.1.4331
1121..4
434.32.
1131.43
1222213
1
0
0
0
0
23
1
0
22
1
0
0
0
0
0
0
0
1
0
0
0
0
0
0
0
0
0
0
0
11
21
1
0
0
0
0
0
0
1
0
0
0
0
0
0
0
0
0
0
0
0
3121..3
13.1443
2.1132.
.1.2.3.
...2.21
.111244
4322342
.1.4331
1121..4
434.321
1131443
1222213
0
0
3121..3
13.1443
2.1132.
.1.2.3.
...2.21
.111244
4322342
.1.4331
1121..4
434.321
1131443
1222213
0
0
0
0
0
3121..3
13.1443
2.1132.
.1.2.3.
...2.21
.111244
4322342
.1.4331
1121..4
434.321
1131443
1222213
0
3121..3
13.1443
2.1132.
.1.2.3.
...2.21
.111244
4322342
.1.4331
1121..4
434.321
1131443
1222213
0
0
0
16
19
0
0
0
0
0
0
1
0
0
0
0
0
16
1
0
0
1
0
0
0
1
0
16
0
0
0
0
0
0
16
0
1
0
0
0
0
