OK 1
0
0
0
1
1
1
1
1
1
1
0
1
.............
.............
.....4.......
......4......
.............
.............
............6
.............
.............
.....5.......
.............
.........3...
.............
..........36.
.............
.............
..3..........
1
1
1
1
1
1
1
1
1
1
5
1
0
1
0
1
1
0
1
1
1
1
1
1
0
1
1
1
1
194
0
........6....
..1..........
.....4.......
......4......
...........5.
.......1..2..
............6
........4.6..
.............
.....5.......
...34........
1.....4..3...
..3..........
.......5..36.
5..1.........
...........2.
..1.3..6...6.
0
0
0
1
1
192
1
0
0
1
1
1
1
0
0
2
0
1
1
1
1
1
1
4
1
1
1
9
0
0
1
1
1
1
1
1
172
1
171
1
1
169
0
0
1
0
1
0
1
1
1
1
1
162
0
0
1
1
0
0
1
0
1
1
0
...64...64...
..1..........
.....4....2..
......4......
...........5.
..2....1..2..
.4....1...3.6
...55.514.616
.5..5.5.3..6.
.....5..6....
.4.34........
1.....45.3..5
6.3..461...12
..3....5..36.
5.41.32......
...........21
..1.3..6...65
1
12
0
1
...64...64...
..1..........
.....4....2..
2.....4......
...........5.
..2....1..2..
.4....1...3.6
...55.514.616
.5..5.5.3..6.
.....5..6....
.4.34........
1.....45.3..5
6.3..461...12
..3....5..36.
5.41.32......
...........21
1.1.3..6...65
1
0
0
1
1
154
...64...64...
..1..........
.....4....2..
2.....4......
...........5.
..2....1..2..
.4....1...3.6
...55.514.616
.5..5.5.3.56.
.....5..6....
.4.34........
1.5...45.3..5
6.3..461...12
..3....5..36.
5.41.32......
...........21
1.1.3.36...65
1
1
0
1
0
0
0
0
1
1
0
1
1
0
147
...64...64...
..1..........
.....4....2..
2..1..4......
...........5.
..2..6.1..2..
.4....1...3.6
...55.514.616
.5..5.5.3.56.
.....5..62...
.4.34.....2..
1.5...45.3..5
6.3..461...12
..351..5..36.
5.41.32......
....5......21
1.1.3.36...65
0
1
1
0
1
0
1
1
1
0
1
0
1
0
0
1
1
...64...64...
..1..........
6....4....23.
2..1..4.6....
.......1...5.
..2..6.1..2..
.4....1...3.6
...55.514.616
.5.45.5.3.56.
.....5..62...
.4.34...1.2.1
1.5...45.3..5
6.3..461...12
3.351..5.236.
5.41.32......
....5......21
1.1.3.36...65
0
1
1
0
0
0
0
1
16
1
1
...64...64...
..1..........
6....4....23.
2..12.416....
.......1...5.
..2.66.1..2..
.4....1...3.6
...55.514.616
.5.45.5.3.56.
.....5..62...
.4.34...1.2.1
1.5...45.3..5
6.3..461...12
3.351..5.236.
5.41.32......
....53.....21
1.1.3.36...65
1
1
0
0
1
1
1
1
1
0
127
1
0
1
0
1
1
0
1
0
1
1
1
1
0
121
0
..264...64...
..1..13.3....
6....4.4.123.
2..12.416....
..53...1...5.
..2.6661..2..
.4....1...3.6
...55.514.616
.5.45.5.3.56.
.....5..62...
.4.34.1.1.2.1
1.5...45.3..5
6.3.1461...12
3.351..5.236.
5.41.32.4....
....53.....21
1.1.3.36..265
1
0
1
1
0
0
0
1
0
0
1
117
0
1
0
0
116
0
0
0
1
0
0
0
18
0
22
1
0
0
0
1
113
0
1
0
1
111
0
..264...64.3.
..1..13.3....
6....4.4.123.
2..12.416....
..53...1...5.
..2.6661..2..
.4....1...3.6
6..55.5342616
.5.45.563.562
.....5..62...
.4.34.131.2.1
1.5..445.3..5
6.3.1461...12
3.351.55.2361
5.41.32.4....
....53.2...21
1.1.3.36..265
0
0
22
1
0
0
19
0
0
0
0
15
1
0
0
1
1
0
0
0
0
0
0
0
0
0
1
1
1
104
1
1
0
0
0
0
0
1
1
0
1
0
0
0
0
0
0
1
0
1
22
0
0
15
1
0
1
0
1
95
1
0
1
23
1
16
1
0
0
0
0
1
0
1
1
1
0
1
0
0
0
1
0
0
0
0
0
1
0
1
0
0
0
1
3.2645..64.31
..11113.3.5..
6....4.4.1234
2..12.416...1
..53...1...5.
..2.6661..2..
.4....1.1.3.6
62.55.5342616
25.45.5633562
4...35236225.
.4.34.131.2.1
1.5..445.3..5
643.1461..112
32351255.2361
5.41.32.4.5..
.3..53.2.2.21
161.3.36.6265
0
1
1
1
0
0
18
81
0
1
1
0
1
0
0
81
0
25
1
0
1
3.2645..64.31
..11113.3.5..
6....4.4.1234
2..12.416...1
..53...1...53
..2.6661..2..
.4....1.1.3.6
62.55.5342616
25.45.5633562
4...35236225.
.4.34.531.2.1
1.5..445.3..5
64321461..112
32351255.2361
5.41.3214.5..
.3..5342.2.21
16123.36.6265
0
1
78
0
1
0
25
1
0
0
0
0
1
0
1
1
0
0
0
0
1
0
0
1
0
1
0
0
0
1
0
0
0
70
3.2645..64.31
..11113.3.5..
641..4.4.1234
2..12.416..21
..53..615..53
..2.6661..2..
.4..1.1.1.3.6
62.5555342616
25.45.5633562
4...35236225.
.4.34.531.2.1
1.5..445.3..5
64321461..112
32351255.2361
5.41.321465..
.36.5342.2.21
16123.36.6265
0
0
0
0
0
0
0
1
0
0
0
1
0
0
0
0
0
0
0
0
0
1
0
1
1
0
24
3.2645..64.31
..11113.3.5..
641..4.4.1234
2..12.416..21
..53..615..53
..2.6661..25.
.4.11.1.153.6
62.5555342616
25.45.5633562
4...35236225.
34.34.531.2.1
1.5..445.3..5
64321461..112
32351255.2361
5.41.321465..
.46.5342.2.21
16123.36.6265
0
0
0
66
0
0
0
66
3.2645..64.31
..11113.3.5..
641..4.4.1234
2..12.416..21
..53..615..53
..2.6661..25.
.4.11.1.153.6
62.5555342616
25.45.5633562
4...35236225.
34.34.531.2.1
1.5..445.3..5
64321461..112
32351255.2361
5.41.321465..
.46.5342.2.21
16123.36.6265
1
65
0
1
0
0
1
1
0
1
0
1
0
0
0
0
0
1
26
0
1
1
0
0
0
0
0
0
0
0
0
0
0
0
0
28
1
0
0
0
1
0
0
3.2645..64.31
..11113.3.5..
641..4.4.1234
2..122416..21
4.532.615..53
..2.6661..25.
.4.1151.153.6
62.5555342616
25445.5233562
4..535236225.
34.34.531.2.1
1.5..445634.5
64321461..112
32351255.2361
5.41.321465..
.46.534232.21
16123.36.6265
0
0
0
0
0
0
0
0
0
0
0
0
0
0
0
1
0
0
0
0
1
0
32
0
0
1
54
0
0
0
0
0
0
0
0
1
0
0
0
0
53
1
0
0
0
0
1
0
0
1
0
25
0
0
1
0
1
0
1
0
0
3.2645..64.31
..11113.335..
6414.4.4.1234
2..122416.221
4.532.615..53
.62.6661..25.
.4.1151.153.6
62.5555342616
25445.5233562
4..535236225.
34.34.531.2.1
1.5.4445634.5
64321461..112
32351255.2361
5.413321465.3
.464534232.21
16123.3616265
0
0
0
0
48
0
0
29
48
0
0
48
0
0
0
0
0
48
0
1
30
0
0
0
0
0
30
0
0
0
0
0
0
0
0
0
0
47
1
0
0
0
0
0
0
0
0
0
0
0
0
32
0
1
0
0
0
0
3.2645..64.31
..11113.335.6
6414.4.4.1234
2..122416.221
4.532.615..53
.62.6661..25.
.4.1151.15336
62.5555342616
25445.5233562
4..535236225.
34.34.531.2.1
1.524445634.5
64321461..112
32351255.2361
5.413321465.3
.464534232.21
16123.3616265
0
0
1
0
0
0
0
0
1
0
0
0
0
0
0
0
0
0
0
0
0
1
0
0
0
0
0
0
0
0
42
0
0
0
3.2645..64.31
..11113.335.6
6414.4.4.1234
2..122416.221
4.532.615.153
362.6661..25.
.4.1151.15336
62.5555342616
25445.5233562
4..535236225.
34.34.531.2.1
1.524445634.5
64321461..112
32351255.2361
55413321465.3
.464534232.21
16123.3616265
0
1
0
0
0
1
1
0
0
0
0
1
39
0
0
0
1
0
0
0
33
0
3.2645..64.31
..11113.335.6
6414.4.4.1234
2..122416.221
4.532.615.153
362.6661..256
.4.1151215336
62.5555342616
25445.5233562
4..535236225.
34534.531.2.1
1.524445634.5
643214612.112
32351255.2361
55413321465.3
.464534232.21
16123.3616265
0
0
0
0
0
38
0
0
1
0
0
0
0
0
0
1
3.2645..64.31
..11113.335.6
6414.4.4.1234
2..122416.221
4.532.615.153
362.6661..256
.4.1151215336
62.5555342616
25445.5233562
4..535236225.
34534.531.2.1
1.524445634.5
643214612.112
32351255.2361
55413321465.3
2464534232.21
16123.3616265
0
0
3.2645..64.31
..11113.335.6
6414.4.4.1234
2..122416.221
4.532.615.153
362.6661..256
.4.1151215336
62.5555342616
25445.5233562
4..535236225.
34534.531.2.1
1.524445634.5
643214612.112
32351255.2361
55413321465.3
2464534232.21
16123.3616265
0
0
0
0
1
0
36
0
0
3.2645..64.31
..11113.335.6
641444.4.1234
2..122416.221
4.532.615.153
362.6661..256
.4.1151215336
62.5555342616
25445.5233562
4..535236225.
34534.531.2.1
1.524445634.5
643214612.112
32351255.2361
55413321465.3
2464534232.21
16123.3616265
0
0
0
1
35
0
0
0
0
0
0
0
1
34
1
0
1
32
0
0
0
0
0
0
0
0
32
0
0
0
0
32
0
1
0
0
33
0
0
0
0
1
0
0
32
0
30
0
33
0
1
0
0
0
0
0
0
1
0
0
0
0
0
0
0
0
0
0
0
0
0
0
0
0
0
0
0
0
35
0
0
0
0
0
0
0
28
0
0
1
0
31
0
0
27
0
0
0
0
0
0
0
0
0
31
