OK 1
0
1
....
....
....
....
....
.1..
....
....
....
1
1
1
0
1
0
1
1
3
1
1
1
1
1
1
0
0
0
1
0
1
0
0
0
0
0
1
3..3
53..
4..4
....
...2
.1..
.2.5
24.1
....
0
3
7
0
0
1
0
1
0
0
0
1
0
0
22
3..3
53..
4.14
....
...2
.1..
.2.5
24.1
....
0
0
1
0
1
0
0
0
0
3
0
1
20
0
3
0
3..3
53..
4.14
....
...2
.1..
2225
24.1
....
0
0
1
0
0
0
5
0
5
0
6
3..3
53..
4.14
....
...2
51..
2225
24.1
....
0
2
0
0
0
0
0
1
0
0
0
0
0
0
18
1
0
0
0
0
4
1
0
1
0
5
0
0
1
1
0
0
2
0
4
0
1
0
1
1
0
0
4
0
0
0
0
3
1
0
0
0
6
0
0
0
0
3.23
53..
4.14
4...
...2
511.
2225
24.1
44.1
0
0
