OK 1
1
1
78
1
1
1
1
.3....2...
..........
..........
..........
...1......
..........
..........
..1.......
1
1
1
1
1
0
72
1
1
1
1
3
1
1
1
0
0
1
0
1
1
64
1
0
33....2...
.....1...2
.....4....
.3........
2..1..6...
...4....4.
.5..3.1...
..1.....5.
0
63
1
0
1
1
1
1
1
1
1
1
1
1
0
1
1
1
1
1
5
1
0
0
0
0
0
1
1
1
0
0
0
1
1
0
1
6
0
1
1
1
0
0
40
1
0
0
0
8
0
1
7
0
1
1
0
33..6.2656
...6.1.2.2
.125.446..
13.4.35..2
25.1.164..
...4..1.44
.54.3.1.1.
6.1..5.35.
0
0
6
0
8
0
0
7
0
1
0
7
0
1
35
1
33..6.2656
...6.1.2.2
.125.446..
13.4.35..2
25.1.164..
..34..1.44
.54.3.1.1.
6.1..5235.
0
0
0
0
1
0
0
34
0
0
1
33
0
0
1
1
0
0
1
0
0
0
1
0
0
0
0
31
1
0
9
0
0
0
1
1
0
1
0
0
1
10
1
0
0
0
1
33..6.2656
...6.2.2.2
.125.44624
13.4.35.42
2521.164..
..34161544
254.3.1.13
6.1..52356
0
0
1
33..6.2656
...6.2.2.2
.125.44624
13.4.35.42
2521.164..
..34161544
254.3.1.13
6.1..52356
0
0
1
1
1
0
0
0
0
0
0
8
0
1
0
0
1
0
1
0
0
0
1
0
0
0
1
0
0
0
1
1
0
33..6.2656
.3.6.26262
.125.44624
1334.35.42
2521.164..
4634161544
254.3.1.13
6.1.552356
0
0
0
12
0
0
0
18
1
0
12
0
0
1
0
0
17
1
16
0
0
0
1
0
0
1
0
0
0
0
0
0
0
15
0
0
15
1
0
0
0
0
0
1
1
1
0
0
0
0
0
33..6.2656
.316.26262
.125.44624
1334435442
2521.164.4
4634161544
254.3.1613
6.15552356
0
0
1
0
0
0
0
1
1
0
0
0
10
1
0
0
0
0
13
1
0
0
0
0
1
0
0
0
0
0
1
0
0
0
0
0
0
14
0
0
0
0
0
12
0
0
0
