OK 1
1
1
2
0
1
57
0
57
1
1
0
1
1
1
1
1
0
1
1
1
0
1
1
1
1
...22.
..12..
......
4.....
...3..
...4..
......
.3.2.1
.32.14
22....
0
1
0
1
8
1
0
0
41
0
0
1
1
1
1
5
1
...22.
..12..
..1...
4..1..
...33.
...423
......
.322.1
.32414
22...3
0
0
0
1
35
1
1
0
33
0
1
0
1
32
1
0
31
0
0
0
1
0
0
0
11
1
0
6
0
0
1
0
1
1
1
0
0
0
25
0
9
0
0
0
0
0
25
0
0
0
0
0
24222.
..12..
..1..2
4.31..
..4334
..4423
1.....
.322.1
.32414
223.33
9
0
0
0
24222.
..12..
..1..2
4.31..
..4334
..4423
1.....
.322.1
.32414
223.33
0
0
0
0
0
0
0
0
1
1
9
0
1
0
0
0
12
1
0
0
8
0
0
0
0
8
0
1
0
1
14
0
0
1
0
0
0
0
0
0
13
0
0
21
0
0
1
1
1
0
18
0
0
0
0
10
18
0
18
1
17
0
0
1
0
16
0
0
0
0
0
1
0
15
0
0
242224
.212.1
..1..2
4.311.
3.2334
..4423
1111.2
.323.1
232414
223.33
0
0
8
0
0
15
1
1
0
0
13
1
0
0
0
1
0
0
0
1
0
1
0
0
0
0
0
0
0
0
