OK 1
1
1
1
1
1
75
0
1
1
0
0
1
1
1
0
0
1
1
........
........
.......3
.....1..
...2....
.....24.
........
4..32...
4..2....
....4...
1
1
67
0
........
........
.......3
.....1..
...2....
.....24.
........
4..321..
4..2....
..1.4...
1
0
1
0
1
1
1
1
1
1
1
1
1
0
1
1
0
0
1
1
55
1
1
0
53
1
0
..1..1..
..2.....
.2.4...3
..31.11.
4..2....
...1.244
......3.
44.321..
42.2....
..1.4.1.
1
0
0
1
..1..1..
..2.....
.2.4..23
..31.111
4..2....
...1.244
......3.
44.321..
42.2....
..1.4.1.
0
1
0
1
0
0
9
1
0
0
0
4
0
..1..1..
..2.....
.2.4.123
..31.111
4..2....
...1.244
......3.
44.321..
42.2.2..
..144.1.
0
47
1
1
0
1
1
0
1
10
0
13
0
43
1
1
0
1
0
0
1
0
0
0
0
1
1
0
0
0
38
1
1
0
0
1
0
..1..122
..2.3...
3234.123
..31.111
4..2...1
...11244
...4..3.
44.321..
424212..
.1144.1.
0
0
0
0
0
1
35
0
1
0
0
0
1
0
1
0
16
0
1
31
0
0
0
1
0
0
30
0
0
0
11
0
0
0
30
0
0
12
30
1
0
0
0
30
0
1
1
1
0
0
0
0
1
27
0
0
1
1
0
0
1
0
1
1
23
0
0
1
0
0
23
0
1
0
0
0
0
0
19
0
0
1
0
1
0
0
0
0
0
0
0
0
0
0
0
0
0
0
0
0
0
1
0
0
0
0
23
0
0
18
0
0
1
0
12
23
0
0
0
1
0
0
1
0
0
0
0
.313.122
.32.31.4
3234.223
.3313111
4..2.131
..311244
..34..3.
44.321..
42421214
1114411.
0
0
1
0
20
0
0
13
0
0
0
0
0
1
0
0
0
0
1
18
14
1
0
0
16
0
17
