OK 1
1
1
1
1
1
1
1
1
1
1
1
1
1
1
1
0
85
0
1
1
1
1
1
0
1
1
1
1
1
0
1
1
0
73
1
1
1
0
0
0
11
70
1
1
12
0
1
1
1
1
1
1
0
1
0
14
1
1
1
0
0
0
12313.3...
.....1.223
.21...13..
....233.11
...21..3..
..3.2.3.3.
1...1.3...
.3213.....
.3.......3
.11.2..13.
1
1
1
18
0
1
1
1
54
1
1
0
0
1
16
1
0
0
0
1
12313.3...
2...21.223
.21...13.2
1.3.233.11
.3.21..3..
..322.3.3.
1...1.3.2.
.3213..1..
.31......3
.11.2..13.
0
0
0
1
0
1
20
0
12313.3...
2...21.223
.21...13.2
133.233.11
.3.21..3..
..322.3.3.
1...1.3.2.
.3213..1..
.312.....3
.11.2..13.
0
1
1231323...
2...21.223
.21...13.2
133.233.11
.3.21..3..
..322.3.3.
1...1.3.2.
.3213..1..
.312.....3
.11.2..13.
0
0
0
1
0
0
20
0
46
1231323...
2...21.223
.21...13.2
133.233.11
.3.21..3..
..322.3.3.
1..21.3.2.
.3213..1..
.312.....3
.11.2..13.
1
0
1
0
0
1
1
0
0
0
0
1
1231323...
2.2.21.223
.21...13.2
133.233.11
.3.21..3..
..322.3.3.
1..21.332.
.3213..1..
2312.....3
.11.22.13.
1
0
0
0
0
1
0
0
1
0
39
1
1
37
1
0
19
1
0
0
1
0
1
0
0
0
0
0
0
1
0
0
33
12313232.1
222.21.223
.21...13.2
133.233.11
.3121..32.
..322.3.32
1..21.332.
.3213..1..
23223...33
111.22.13.
1
1
0
0
0
0
0
0
1
0
0
0
0
1
1
0
1
28
0
0
0
1
27
1
0
0
0
1
0
0
0
0
0
0
0
26
0
23
0
1
0
0
23
0
23
0
0
1
23
24
0
0
0
0
0
1
0
0
0
23
0
0
0
0
0
0
0
0
0
1
0
12313232.1
222.21.223
.21.3.1122
133.233111
.31211.32.
..322.3132
11.212332.
.3213321..
23223.2.33
111222.13.
0
0
1
21
0
0
0
24
21
0
0
0
1
0
0
0
12313232.1
222.21.223
321.3.1122
133.233111
.31211.32.
..32233132
11.212332.
.3213321..
23223.2.33
111222.13.
0
0
0
0
0
24
20
0
0
0
0
0
24
0
0
0
0
0
0
0
1
0
0
1
1
0
27
17
0
0
0
0
12313232.1
222.21.223
321.3.1122
133.233111
.31211232.
..32233132
11.212332.
.3213321..
2322332133
111222.13.
0
0
0
12313232.1
222.21.223
321.3.1122
133.233111
.31211232.
..32233132
11.212332.
.3213321..
2322332133
111222.13.
0
0
0
12313232.1
222.21.223
321.3.1122
133.233111
.31211232.
..32233132
11.212332.
.3213321..
2322332133
111222.13.
0
0
0
0
0
0
0
0
0
0
0
17
0
1
1231323211
222.21.223
321.3.1122
133.233111
.31211232.
..32233132
11.212332.
.3213321..
2322332133
111222.13.
0
0
0
0
0
0
1231323211
222.21.223
321.3.1122
133.233111
.31211232.
..32233132
11.212332.
.3213321..
2322332133
111222.13.
0
0
1231323211
222.21.223
321.3.1122
133.233111
.31211232.
..32233132
11.212332.
.3213321..
2322332133
111222.13.
0
0
0
0
0
0
0
0
0
16
0
0
16
1
0
0
1231323211
222.21.223
321.3.1122
133.233111
.31211232.
.332233132
11.212332.
.3213321..
2322332133
111222.13.
0
1
32
14
0
1
0
32
0
0
0
0
0
1
0
1
0
0
0
0
0
0
0
0
1
0
0
