OK 1
1
1
1
1
1
1
44
1
1
1
1
0
1
0
0
1
1
1
1
1
1
1
1
1
0
1
1
0
0
0
1
1
0
0
0
5
0
1
0
26
5
1
0
1
6.3..
1....
...4.
..2.4
.3.4.
..53.
.6.3.
45.56
14256
24226
0
0
1
1
0
1
0
21
0
6
1
0
0
0
1
19
1
0
1
18
0
0
0
0
1
0
0
1
1
0
1
0
1
0
1
6235.
11...
1..43
..2.4
.3642
.353.
16.3.
45656
14256
24226
1
0
0
1
0
1
0
6
12
1
0
0
0
0
1
0
1
0
1
9
0
0
0
0
1
0
0
0
0
0
0
0
1
7
1
0
0
0
0
0
7
0
1
0
0
0
0
6
0
0
1
0
0
1
0
0
0
0
0
0
1
0
0
0
0
0
0
0
0
0
1
0
0
0
0
0
0
62353
111..
14243
13224
53642
.3531
16132
45656
14356
24226
0
0
