OK 1
1
1
1
1
1
1
1
0
1
1
1
1
1
3
37
1
1
1
1
1
1
3
0
0
0
1
1
1
1
0
1
0
1
1
1
1
0
5
1
0
1
1
10
.441...
1..1.21
.33.134
1.3.2.1
..4...1
1.41.2.
242.3.4
1
0
21
0
1
.441...
1..1.21
.33.134
1.322.1
.44...1
1.41.2.
242.3.4
0
0
0
0
0
0
20
0
1
0
1
6
0
0
1
0
0
0
0
0
1
0
1
0
0
0
6
0
1
1
0
12
0
0
0
0
.441...
1.31.21
2331134
1.322.1
.44..11
1241.2.
242.3.4
0
1
0
6
0
0
0
0
0
6
.441...
1.31.21
2331134
1.322.1
244..11
1241.2.
242.3.4
0
0
1
0
0
0
1
0
0
6
0
1
0
0
0
0
0
0
8
0
0
0
0
.441...
1.31.21
2331134
1.32241
2441.11
1241.2.
142.3.4
0
0
0
1
0
0
0
8
0
1
0
0
9
1
0
12
0
0
1
1
1
0
1
0
0
0
0
1
1
11
8
0
15
0
0
0
1
11
1
0
0
1
0
0
1
0
