OK 1
1
48
1
1
1
1
1
1
1
1
1
1
1
1
0
1
1
0
1
1
.....62
.53....
4.....4
.2..15.
3....2.
....5..
3..16..
1
1
1
1
1
0
1
1
0
0
1
26
0
1
5
1
1
0
.....62
.53.61.
4..51.4
322.15.
3....2.
.43.5.2
33.16..
1
1
0
0
0
1
1
0
6
21
0
1
0
.56..62
.55.61.
4..51.4
322215.
3....2.
.43.5.2
33.163.
0
1
0
0
20
0
0
20
0
1
0
1
1
18
1
1
0
0
0
1
1
1
0
1
6
0
0
0
12
0
12
1
1
0
0
0
1
0
11
0
0
0
0
0
1
0
0
1
0
0
6
1
0
5
1
0
0
0
0
0
0
0
0
0
0
0
1
0
0
0
0
0
0
0
0
.566.62
.554615
44.51.4
3222152
315112.
143.552
3351631
0
.566.62
.554615
44.51.4
3222152
315112.
143.552
3351631
0
0
0
0
0
0
0
1
0
0
0
0
0
0
0
0
