OK 1
1
1
1
1
1
1
0
0
1
1
1
1
0
.21.....
...233..
2.......
3.....2.
........
........
0
40
0
1
1
1
1
1
1
0
1
35
1
1
1
1
1
31
1
0
1
0
1
1
0
1
0
0
27
0
3
1
1
1
1
0
0
1
0
0
1
0
0
1
0
0
1
0
22
8
0
1
0
0
0
1
0
0
0
0
0
0
0
1
1214.2..
.1323323
25....23
34.24523
.1......
.1.53..4
1
1
1214.2..
.1323323
25....23
34.24523
.12.....
.1.53.14
1214.2..
.1323323
25....23
34.24523
.12.....
.1.53.14
0
0
3
1
1
10
0
16
1
1
0
0
1
0
1214.22.
.1323323
25....23
34124523
512....2
11.53.14
0
13
0
0
0
0
13
1
0
0
0
0
1
0
0
1214.22.
.1323323
25....23
34124523
512....2
11.53.14
0
8
0
0
0
0
4
0
1214.22.
.1323323
25....23
34124523
512....2
11.53.14
0
0
1
0
0
1
0
12
0
1
0
9
0
1
0
0
0
10
1
12
0
1
0
0
0
0
0
0
