OK 1
1
1
0
47
1
1
1
1
1
.......
.....1.
.22..4.
..4....
.......
.......
.1.....
1
1
1
2
1
1
1
0
0
1
1
35
1
0
1
1
1
1
1
0
1
1
1
0
1
1
1
0
24
1
0
23.1..1
2..1.13
.22344.
..42...
2.4.332
..4.12.
41..4..
1
0
0
0
0
1
0
0
1
0
0
0
0
0
0
0
1
0
0
0
0
1
1
8
0
0
0
0
1
8
1
17
0
0
0
0
23.1..1
2..1113
.22344.
1242...
2.4.332
..4112.
41.34.4
0
0
17
1
0
0
8
0
0
10
1
1
23.1..1
2..1113
.223444
1242...
2.43332
2.4112.
41.34.4
0
1
0
1
0
0
1
0
0
0
8
0
0
0
0
0
6
0
0
0
0
0
0
0
0
0
0
1
0
0
1
0
0
0
11
10
0
0
0
0
0
11
23.1..1
22.1113
1223444
1242...
2.43332
234112.
41.3414
0
1
0
0
11
0
8
23.1..1
22.1113
1223444
1242..4
2.43332
234112.
41.3414
0
0
0
0
0
0
1
0
0
0
1
1
0
0
0
0
23.1..1
22.1113
1223444
1242.34
2343332
234112.
41.3414
