OK 1
1
1
1
1
1
1
1
0
43
1
1
1
1
1
0
1
1
0
1
0
1
41..55.
3......
..1....
2.4..5.
.1..41.
.4.....
..4.1..
1
1
1
1
30
0
1
1
1
41..55.
3.....3
5.1.2..
2.4..52
.1..41.
.4.1.3.
..4.1..
1
0
1
1
0
0
5
0
4
1
0
0
0
1
0
1
6
1
0
1
1
0
1
1
5
0
0
0
0
5
0
0
1
11
0
0
18
1
6
0
0
0
41..55.
3.3.153
51142..
2.41.52
.12.415
.411.3.
..4112.
0
1
16
0
0
16
0
0
0
0
1
0
15
0
0
0
0
0
1
0
14
0
0
1
1
0
0
0
0
0
0
6
41..553
3.3.153
51142..
2.41252
.12.415
.411.3.
5.41122
0
7
0
0
1
1
0
6
0
0
0
1
0
0
0
0
1
1
1
10
0
0
1
0
12
0
0
0
0
0
0
0
1
0
0
12
0
0
0
0
0
0
1
