OK 1
1
1
1
46
0
1
1
1
1
1
41
1
1
4
39
0
1
0
1
1
4......
...112.
.1.1...
..3....
..2..1.
.3....4
2...2..
1
0
1
1
1
1
1
6
1
1
1
0
1
0
0
1
0
7
1
0
0
0
0
0
0
0
1
1
23
0
0
23
0
1
22
1
0
0
8
0
1
1
0
0
0
1
0
8
19
0
0
19
0
0
0
1
0
0
0
1
0
0
1
1
0
0
0
1
0
1
0
0
0
1
0
1
0
0
0
4443222
1421122
.1314..
.433..4
2424.1.
13..2.4
23.12..
0
14
0
0
0
0
1
13
0
0
0
0
0
0
0
0
0
4443222
1421122
.1314..
.433..4
2424.12
13..2.4
23.12..
0
0
12
13
0
0
0
0
0
13
0
0
1
0
0
8
0
13
0
0
8
0
1
0
0
0
0
0
0
0
1
0
1
0
0
0
0
1
0
0
9
4443224
1421122
.1314..
1433.14
2424.12
13.32.4
23312..
0
0
0
0
0
0
1
