OK 1
1
1
1
........
........
......3.
....3...
........
..1.....
1
1
0
1
0
1
1
0
1
0
1
1
1
1
1
1
0
12......
..1.....
11...23.
.1..3.3.
.1......
..1.21..
1
1
1
12......
..11..1.
11...23.
.1..3.33
.1......
..1.21..
0
1
30
0
0
1
1
0
1
1
1
1
1
0
1
0
1
1
0
0
0
0
0
0
1
1
1
11
1
0
0
0
1
0
1
0
1
0
0
0
12
0
1
0
0
0
1
0
0
0
0
0
0
0
1
0
0
0
0
0
1
0
122.31..
..11321.
1123.233
.13.3333
312.3.2.
..1.2123
0
0
0
0
122.31..
..11321.
1123.233
.13.3333
312.3.2.
..1.2123
0
0
13
0
0
0
0
0
0
0
122.31..
..11321.
1123.233
.13.3333
312.3.2.
..1.2123
0
0
0
1
0
0
0
0
0
0
0
0
0
0
0
1
0
0
11
0
0
9
0
0
0
0
0
0
0
8
0
0
0
13
0
