OK 1
0
1
1
0
1
1
1
1
1
1
1
1
1
1
1
0
1
0
0
1
1
....654.
6...1...
........
5.......
...3....
..1..4..
3.63..3.
1
0
1
1
40
1
0
1
0
0
0
0
1
0
1
1
1
0
35
1
0
1
0
..3.654.
6..61...
........
52..4..6
.1.3....
1.15344.
3.63..3.
0
0
1
0
1
0
0
0
4
..3.654.
6..61...
........
52..4..6
.1.3.4..
1.15344.
3.63..3.
1
1
30
0
0
0
0
5
0
0
0
1
1
0
1
1
1
1
0
24
0
1
1
0
1
0
0
7
0
1
0
1
0
0
1
0
0
0
0
0
19
..3.654.
625611..
1.5.25..
524.4.36
.463.4.6
16153441
3.63..3.
0
0
0
0
7
0
0
0
1
0
0
0
0
0
18
0
0
0
0
0
0
1
0
17
0
0
0
0
0
1
0
0
3
0
0
0
0
8
0
1
0
0
7
0
1
0
0
0
1
1
0
0
0
0
0
1
0
0
0
0
0
0
0
12
