OK 1
1
0
1
1
0
1
1
3
1
1
0
0
1
1
0
0
1
1
.....2..
.113....
.2.11...
.....12.
........
........
1
38
1
1
1
1
35
1
0
0
...1.2..
.113....
22.11...
.....12.
......31
3.......
0
0
1
1
1
1
0
13
0
1
1
0
1
1
0
0
8
1
0
0
0
0
10
0
0
1
6
0
10
1
0
1
1
0
1
1
0
0
0
1
0
0
0
0
0
1
0
1
1
10
0
0
0
0
0
1
8
0
3..122..
31131.2.
22111.13
.2...121
.3.2.331
33....3.
0
0
0
0
0
0
0
1
9
1
0
0
0
0
0
0
0
0
0
0
0
1
0
0
0
10
0
1
1
3..122.2
31131.22
22111.13
.2...121
.3.2.331
3332..3.
0
0
1
12
0
0
0
5
0
7
0
0
1
0
0
0
0
0
0
0
0
0
0
5
0
12
0
11
8
0
0
0
0
0
