OK 1
1
1
1
1
0
1
1
1
1
1
0
1
1
1
38
1
0
0
1
0
1
0
1
3
13...11.
2.......
..13..11
1.3.....
2..3....
...2....
1
1
13...11.
2.......
..131.11
1.3.....
2..3....
...2....
0
1
5
0
0
13
1
31
1
0
0
1
0
0
0
8
1
1
0
0
1
1
0
0
0
26
0
0
1
0
13
0
0
0
0
1
0
0
0
0
1
6
1
0
1
0
133..11.
22.2..13
2.131.11
1.3.3...
2223....
2..2..1.
0
1
0
0
0
0
0
0
0
1
0
1
0
0
0
0
0
133..113
22.2..13
2.131.11
1.3.3..2
2223....
2..2..12
0
0
0
0
1
0
0
0
10
0
0
0
0
0
1
0
1
1
1
1
15
133.3113
22.2..13
2.121111
1.3.3..2
2223....
2222..12
0
7
0
0
0
0
0
0
1
9
1
0
133.3113
22.2..13
2.121111
1.3.3..2
2223...1
2222..12
0
1
0
0
6
0
0
8
0
15
0
1
0
12
133.3113
22.2..13
21121111
123.3..2
2223...1
2222..12
0
1
133.3113
22.2..13
21121111
123.3.12
2223...1
2222..12
0
0
1
0
0
0
1
0
1
0
0
