OK 1
1
1
1
1
1
1
1
1
1
1
1
1
1
1
1
..5.5...
........
.....3..
1....3..
2...4..6
....4..3
....1...
......4.
1
1
4
50
1
0
1
0
49
1
1
0
1
3
1
1
1
5
1
1
5
0
1
1
1
1
1
0
0
1
1
34
1
7
33
1
7
0
1
0
0
32
0
0
1
0
1
0
0
3
1
0
8
1
0
1
27
1
1
0
0
0
1
24
1
0
1
0
1
0
1
0
0
1
1
0
1
0
1
0
0
.5525353
..2.6516
5.5.1315
16.6535.
22.54446
136245.3
.6.3136.
1.3.324.
0
16
0
1
0
1
0
12
1
0
0
0
0
10
0
0
0
0
0
1
0
0
0
.5525353
..2.6516
5.5.1315
16.6535.
22.54446
136245.2
.6.3136.
133.3246
1
0
0
0
7
1
0
0
0
0
0
0
0
0
0
1
0
.5525353
2.246516
5.5.1315
16.6535.
22.54446
136245.2
.6.3136.
13363246
0
0
0
1
0
0
11
0
0
0
0
0
11
1
0
0
1
0
0
0
0
0
0
0
1
1
0
1
0
.5525353
2.246516
5.5.1315
16.6535.
12.54446
136245.2
.663136.
13363246
0
10
1
0
1
0
0
0
8
0
0
0
0
0
0
1
0
1
0
.5525353
2.246516
5.5.4315
16.6535.
12.54446
136245.2
.663136.
13363246
0
