OK 1
1
0
0
1
1
0
1
1
1
1
1
1
1
30
.....
2...4
...3.
5....
.2.4.
.1.34
.....
...5.
0
1
1
1
0
0
0
1
0
1
....3
2...4
...3.
5.5..
.2.4.
.1.34
.....
..251
0
1
4
0
....3
2...4
...3.
5.5..
.2.4.
.1334
.....
..251
0
1
0
0
1
0
0
0
0
1
0
0
....3
2...4
...3.
5.5..
.224.
.1334
....1
..251
0
0
0
0
0
6
....3
2...4
...3.
5.5..
.224.
.1334
....1
..251
1
1
6
0
0
0
1
1
0
0
0
0
0
0
4
0
0
0
0
0
3
0
0
0
1
0
0
6
0
0
0
0
0
0
1
0
0
0
0
0
0
0
3
1
0
0
0
0
7
0
....3
2...4
...3.
5.5..
22241
.1334
..2.1
.2251
0
0
0
0
1
0
1
0
4
1
0
0
0
0
0
1
0
....3
2...4
2..3.
5.5..
22241
.1334
.22.1
.2251
0
0
0
0
3
0
0
0
0
0
1
