OK 1
1
1
1
1
1
2
1
3
1
1
3
1
1
1
1
1
37
....1..
...32..
.3..1.1
1...3..
....2..
.......
231....
1
0
1
1
1
33
0
1
1
1
0
0
3
1
0
1
1
0
....11.
3.332..
.33.1.1
1...3..
...22.1
..31...
131....
3
1
0
1
0
0
1
9
26
0
1
5
1
0
0
0
0
0
1
1
0
10
0
0
0
0
0
1
22
.2..112
3.332..
233.2.1
1..13.3
...22.1
.231...
131...1
0
0
1
0
0
0
0
0
0
0
0
0
0
1
0
0
9
0
9
0
0
0
1
0
1
0
0
0
0
0
19
0
0
0
1
0
15
0
18
1
1
0
0
9
0
1
1
10
0
0
15
0
1
14
0
0
0
0
0
14
0
0
321.112
31332..
23322.1
1..13.3
.1.22.1
.231.21
1313..1
0
0
1
0
0
0
0
0
1
0
0
0
1
12
0
1
0
0
0
0
11
0
0
0
0
0
0
0
0
0
0
0
0
0
0
