OK 1
1
1
1
0
.......
.......
.......
.....1.
.......
.......
.......
..2..2.
1
1
.......
.......
.......
.....1.
.......
2......
...2...
..2..2.
0
1
0
.......
..4....
.......
.....1.
.......
2......
...2...
..2..2.
1
2
49
1
0
1
1
1
6
4......
..4....
.2....1
.....1.
...1.2.
2......
...2...
..2..2.
1
1
0
0
0
2
43
1
0
1
1
1
0
1
1
1
1
0
36
1
1
1
0
0
1
3
0
32
0
1
9
0
1
8
1
6
4.11..3
344.42.
.23..31
41..111
...1.2.
2...1..
4.22...
..2..2.
0
0
0
1
0
1
28
0
0
0
1
0
0
0
1
1
1
0
0
0
0
1
0
0
1
1
0
4.111.3
344442.
.23..31
41.1111
...1.2.
2..21..
4222.3.
..2222.
0
0
1
4.111.3
344442.
.23..31
41.1111
...1.2.
2..21..
4222.3.
..2222.
12
1
1
1
0
1
8
0
0
1
1
9
0
0
1
0
0
0
9
0
0
0
0
1
0
0
0
4.111.3
344442.
.233.31
41.1111
..11.2.
23.2134
4222.3.
..22224
0
0
1
0
1
0
0
1
10
1
1
0
1
0
0
0
0
0
14
0
11
1
0
0
0
0
0
1
0
0
0
1
0
0
0
1
0
6
0
0
0
0
0
0
0
0
0
7
0
0
0
1
0
8
0
0
0
8
0
0
0
0
10
0
0
0
0
1
