OK 1
1
1
1
0
0
1
1
1
1
1
1
56
1
3....3..
...2....
........
.2..1.3.
........
...1....
.......3
1.......
1
1
1
1
1
1
1
1
1
0
0
1
1
0
1
1
1
0
0
1
1
1
0
1
0
0
1
1
3....3..
.112.321
..2...2.
22.21.31
2.32...2
...1....
..1.3..3
1.2...3.
1
1
1
1
0
0
1
0
0
0
0
33
1
0
0
0
1
1
1
1
1
0
0
0
10
0
1
0
0
0
27
32.3.3.2
.112.321
332.3.2.
22.21.31
2.32...2
..1112..
2.1.3..3
1.2...3.
0
0
27
32.3.3.2
.112.321
332.3.2.
22.21.31
2.32...2
..1112..
2.1.3..3
1.2...3.
0
0
10
32.3.3.2
.112.321
332.3.2.
22.21.31
2.32...2
..1112..
2.1.3..3
1.2...3.
0
0
0
0
15
0
0
1
1
0
0
26
0
1
1
1
0
1
32.313.2
.112.321
332.312.
22.21.31
2332.3.2
..1112.1
2.1.3..3
1.2...3.
1
0
1
0
0
0
14
0
0
1
0
0
32.313.2
.112.321
332.312.
22.21.31
2332.3.2
..1112.1
211.3..3
1.2...3.
0
0
0
0
14
0
0
0
0
1
0
14
0
0
0
0
0
0
0
0
0
0
1
0
0
1
0
0
0
0
0
0
0
15
0
0
14
0
0
0
1
1
0
0
0
0
0
1
0
1
0
0
1
0
0
0
15
0
0
16
0
0
0
0
0
0
0
0
0
16
0
1
0
0
15
0
0
1
17
1
0
0
0
18
1
0
0
0
0
15
