OK 1
1
0
1
1
1
1
1
1
1
1
0
1
1
1
1
45
1
1
1
1
1
1
1
1
1
1
7
0
1
8
1
33
0
7
1
0
32
0
0
1
0
0
0
0
15
0
1
30
1
0
..31...
3331..2
..22.1.
.22..13
.3.11..
3.3.2..
31.1.1.
.12..2.
1
0
0
..31...
3331.22
..22.1.
.22..13
.3.11..
3.3.2..
31.1.1.
.12..2.
0
0
0
0
0
0
28
1
0
1
0
0
1
10
..31...
3331.22
.222.1.
.22..13
.3.11..
3.3.2..
31.1.1.
.12.32.
1
11
0
0
1
..31...
3331.22
.222.1.
.22..13
.3.11.2
3.3.2..
3131.1.
.12.32.
..31...
3331.22
.222.1.
.22..13
.3.11.2
3.3.2..
3131.1.
.12.32.
0
1
0
0
0
0
0
1
0
1
1
1
12
0
12
0
0
0
0
15
0
0
0
0
1
..311..
3331.22
.222.1.
222..13
.3111.2
3.3.2..
3131.1.
312.32.
0
0
12
0
0
0
0
13
0
0
0
1
0
0
12
0
0
0
0
..311..
3331.22
.222.1.
222..13
.3111.2
3.332..
3131.1.
312.32.
0
0
0
0
0
1
0
1
0
0
1
1
0
0
0
1
0
0
1
0
1
0
0
15
0
0
0
0
0
0
1
133111.
3331222
.222.1.
222.113
.3111.2
33332..
3131.1.
312332.
0
0
1
0
1
0
0
13
0
1
0
0
0
9
0
1
1
0
9
0
18
0
0
0
0
9
133111.
3331222
.222.1.
222.113
.311132
33332..
313131.
312332.
0
18
0
1
5
