OK 1
0
0
1
1
1
0
37
1
0
1
36
3.......
....5...
........
........
.1.6....
0
0
1
1
1
0
0
1
1
3.......
15..5...
...4....
...6....
.1.6....
1
0
1
0
1
1
1
0
0
1
2
0
0
1
1
0
0
1
0
1
3.......
15665...
6..4.6..
...6..4.
.1.6...2
1
1
0
1
1
0
0
0
0
1
0
0
1
0
1
0
0
1
1
1
3...1..5
156655..
6324.6.2
5.16.64.
11.6...2
0
16
0
2
1
0
0
0
0
1
0
0
14
33..15.5
156655..
6324.6.2
5.16.64.
11.6...2
1
0
0
0
33..15.5
156655..
6324.6.2
5616.64.
11.6...2
0
1
0
0
0
1
0
0
0
0
0
0
0
3
1
0
0
4
0
0
0
0
0
33..1515
156655..
6324.6.2
5611364.
11.6...2
0
0
0
1
0
11
1
7
0
0
0
