OK 1
1
1
0
39
.....
.....
.....
.....
.....
.....
..1..
.....
1
1
1
1
0
0
1
1
1
1
33
1
1
0
1
1
0
1
1
3
1
27
1
0
3....
1..6.
....4
...4.
.52..
....1
5.1..
643.5
1
0
1
0
1
1
0
0
0
1
0
0
1
1
0
0
0
0
3...1
1..62
1...4
...43
352..
....1
5.1.6
643.5
0
1
3...1
1..62
1...4
...43
352..
1...1
5.1.6
643.5
0
1
0
1
0
1
1
0
0
1
0
1
14
3.3.1
1..62
1...4
..443
3525.
163.1
5.1.6
643.5
0
6
0
0
1
1
1
0
1
1
0
0
0
0
1
0
0
0
0
0
0
0
0
1
3.361
1..62
1...4
53443
35254
163.2
521.6
64315
0
0
0
5
8
0
0
0
0
0
0
0
0
3.361
1..62
1...4
53443
35254
163.2
521.6
64315
0
1
0
0
0
0
0
0
0
