OK 1
1
1
1
0
45
1
1
1
1
1
1
0
1
0
0
1
0
1....2..
.....3.1
........
3...3...
..13....
2...2...
1
0
1
1
1
1
1
0
0
0
0
1
1
1
0
0
1.11.2..
.....3.1
2...1...
3.1.3..2
.313....
2...2...
1
0
1
1
0
111112..
.1...3.1
2...1...
3.1.3..2
.313....
2...2...
0
1
0
0
0
5
0
0
0
1
0
0
0
0
0
1
1111122.
.1.1.3.1
2...1...
3.1.3..2
.313....
2...2...
0
1
1111122.
.1.1.3.1
2...1..1
3.1.3..2
.313....
2...2...
1
0
1
1
7
0
1
21
0
1
1111122.
.1.123.1
2...1..1
3.1.3..2
.313..1.
23..2.3.
0
1
1
0
0
13
1
1
0
1
16
0
1
1
16
0
1
0
0
0
0
0
0
0
9
0
0
0
0
0
10
0
0
1
10
1
0
0
0
16
1
0
0
10
0
16
12
0
1
1111122.
312123.1
22.31..1
3.1333.2
.313111.
23.12.32
0
11
0
0
0
0
1
1
0
0
0
1111122.
312123.1
22331..1
3.1333.2
.3131113
23.12.32
0
9
0
0
0
0
0
0
0
1
9
1
0
0
0
0
14
1111122.
312123.1
22331..1
3.1333.2
.3131113
23.13.32
