OK 1
1
1
1
1
53
1
.......
.......
.......
....1.3
...5...
.......
.......
2......
0
1
0
1
1
1
1
0
1
1
0
0
2
0
1
1
1
1
.......
.......
...2...
.6.21.3
..454..
6....1.
.3.....
23.....
1
1
4
1
1
0
1
1
0
0
37
0
1
0
0
36
0
1
1
1
1
1
1
0
1
0
30
0
0
0
.......
41...3.
3..2...
.6.2153
..454..
6.1231.
232..42
23.1...
0
30
4
0
1
0
1
.......
41.653.
3..2...
.6.2153
..454..
6.1231.
232..42
23.1...
1
0
8
9
1
1
0
0
1
1
0
0
1
1
0
1
0
10
0
0
1
1
0
0
0
9
0
0
1
1
0
18
0
0
0
8
0
0
0
0
1
0
0
0
0
0
0
0
0
0
0
17
1
0
0
0
0
1
0
0
0
0
1
0
0
0
0
0
5
0
1
0
0
0
0
0
.6.2...
4156533
3562.6.
.642153
.6454..
6.12312
232..42
234131.
0
0
0
1
0
9
0
0
.6.2...
4156533
3562.6.
3642153
.6454..
6.12312
232..42
234131.
0
0
0
1
0
0
0
0
0
1
0
7
0
0
0
0
12
0
0
7
0
0
9
5
0
0
6
1
