OK 1
0
1
1
1
1
44
1
1
2
1
1
1
0
1
1
0
38
0
1
1
1
0
1
0
1
0
1
1
0
1
1
0
0
5...5..3
..31.2..
...3..4.
.51..4..
.....1..
52....5.
0
1
0
1
0
0
2
0
0
1
1
0
0
1
4
1
0
3
1
0
0
1
8
1
0
25
0
1
1
0
23
5...55.3
..31221.
2..3..4.
151..4.5
.4..41..
525.3.5.
0
1
0
0
1
0
0
1
1
0
0
1
0
0
0
1
0
0
1
0
1
0
0
0
0
0
51.155.3
..312213
2533..4.
151..4.5
.4.4411.
525.3.5.
0
51.155.3
..312213
2533..4.
151..4.5
.4.4411.
525.3.5.
0
0
0
0
0
8
0
1
0
0
0
1
0
0
0
51.155.3
..312213
2133..4.
151..4.5
34.4411.
525.3.5.
0
0
8
0
1
0
4
0
1
0
1
0
1
0
0
0
0
0
0
0
0
0
4
0
0
1
0
51.155.3
..312213
2133..4.
151..4.5
34544111
525.345.
0
0
0
0
0
0
12
0
0
0
0
1
0
0
51.155.3
..312213
2133..4.
151..4.5
34544111
5251345.
0
0
0
51.155.3
..312213
2133..4.
151..4.5
34544111
5251345.
0
0
