OK 1
1
1
1
0
1
1
1
1
0
1
0
1
1
3
55
1
0
54
1
1
52
1
0
1
1
4
0
1
1
1
1
1
0
0
1
1
1
1
0
0
1
1
1
0
39
0
5
1
0
0
6
1
1
0
1
1
7
35
1
0
0
0
1
..2.32..
2531..5.
4.12.41.
344.....
.3..35.3
154...3.
.2...5..
11.5..1.
0
34
0
0
1
1
0
32
1
0
0
7
0
1
1
0
1
0
0
0
0
0
0
1
1
1
0
8
0
0
1
1
0
0
0
0
0
1
0
1
0
0
1
0
0
0
0
0
0
0
0
0
0
0
0
1
0
0
1
0
0
..2.32.2
2531.553
4.12441.
3444...4
.3143553
154...3.
.2.3.545
1115..1.
0
0
0
0
0
9
0
1
1
0
0
0
1
20
0
0
0
20
0
1
11
1
0
0
19
0
0
19
1
0
0
0
11
0
0
1
0
0
0
0
0
0
0
0
17
0
0
11
0
0
0
0
0
0
0
0
0
0
0
0
0
0
0
1
0
0
0
.12.3242
25311553
4.124414
34443..4
.3143553
154...3.
.2.3.535
1115..1.
0
0
1
0
0
1
0
11
0
0
.12.3242
25311553
4.124414
34443..4
.3143553
154...3.
.2.3.535
1115..14
0
0
0
0
0
0
0
0
15
