OK 1
1
1
2
1
46
1
1
1
1
1
1
0
1
1
1
1
1
1
1
1
1
1
1
16
1
0
1
0
0
1
29
0
1
0
8
1
1
0
0
12
0
7
1
0
1
0
0
0
0
0
0
0
9
0
11
1
0
7
1
0
0
1.11313
11...23
21..23.
...231.
......3
1..1.22
33.2..2
1
1
9
1
0
0
0
0
0
1
0
0
1.11313
11.1.23
21..23.
...231.
......3
1.11.22
33.2.22
0
1
1
0
1
0
1
0
0
15
1
0
6
0
0
0
0
1
0
0
1
1
0
0
16
10
1
0
0
0
1
0
0
1.11313
1111.23
21.2233
..1231.
...2..3
1311122
3312322
0
1
0
1
0
17
0
9
0
7
0
0
1
0
0
1
0
9
1.11313
1111.23
1112233
..1231.
.3.2..3
1311122
3312322
0
0
0
18
0
1
0
0
1
0
0
0
0
0
0
1111313
1111.23
1112233
..1231.
.322..3
1311122
3312322
0
0
0
19
0
0
0
0
0
1111313
1111.23
1112233
..1231.
.322..3
1311122
3312322
0
0
0
0
0
0
0
