OK 1
1
1
0
1
0
1
1
1
1
1
48
0
1
1
1
1
1......
.......
5....1.
...4...
3...1..
......2
..3...1
..3...4
0
1
1
1
0
0
1
0
0
1
1
1
1
0
1
0
0
0
1
0
1
0
0
1
1
10
0
1
0
5
1
0
0
0
0
1
0
1
0
1
0
28
1
0
0
0
0
5
1
0
1
5
0
0
0
0
1
0
0
1
25
0
0
0
0
0
0
0
0
0
0
0
0
0
1
0
0
5
0
0
8
0
0
1
0
0
0
0
6
0
0
0
0
1
0
9
1
0
6
0
0
0
1
0
0
0
1.5....
..5.14.
523551.
2.3423.
3...115
.354422
.33..41
333...4
0
0
0
5
0
0
7
0
0
0
1
6
0
0
0
6
0
7
0
1
0
0
0
0
7
6
0
1
0
0
1
0
0
1
0
1.5....
..5.144
5235511
2.3423.
3...115
.354422
.33..41
333.234
0
1
6
1.5....
..5.144
5235511
2.34235
3...115
.354422
.33..41
333.234
0
0
0
0
0
0
5
0
0
0
1
0
1.5....
..5.144
5235511
2.34235
3...115
.354422
.33..41
333.234
