OK 1
0
48
1
1
1
1
1
1
43
1
1
1
0
0
1
1
..3...
......
.45...
...234
......
4...2.
6.....
......
1
1
1
..3...
......
.45...
.1.234
..5...
4...2.
6..5..
......
0
..3...
......
.45...
.1.234
..5...
4...2.
6..5..
......
0
1
1
0
1
1
1
3
0
2
1
..3...
......
.45...
.1.234
115..4
4..524
6..5..
..6...
1
1
1
0
0
28
0
1
1
0
0
0
1
1
25
..3...
......
.45.2.
61.234
115.54
4..524
6.35..
..65..
0
0
0
0
0
6
25
0
1
0
0
0
0
1
1
1
1
0
0
0
3
1
0
0
0
0
0
1
0
0
8
0
1
5
1
1
1
0
1
1
0
0
1
1
0
0
0
7
0
1
0
2.3.5.
....54
.4512.
61.234
115154
4.1524
6435..
216556
1
0
0
0
0
1
0
0
0
0
0
1
0
12
1
0
0
0
0
0
0
0
0
5
1
0
0
0
5
0
0
0
5
4
0
4
0
0
0
0
0
0
0
0
0
0
0
2
