OK 1
1
1
0
1
1
1
1
1
1
1
1
0
0
1
1
1
1
0
1
0
5
44
1
1
4
1
0
41
1
0
..44....
..3..2..
..44...1
2.......
........
14.....1
..33.13.
1
0
0
1
1
0
1
1
1
1
0
0
1
0
7
0
1
9
1
1
0
0
1
0
0
1
1
1
0
0
3
0
0
0
0
1
7
1
1
0
1
0
0
0
0
0
1
0
0
0
1
0
0
0
0
0
1
0
1
1
0
20
0
20
.24442.4
..3..334
.44414.1
21.2.1..
1.34..4.
1444.1.1
2.33413.
0
1
.24442.4
..3..334
.44414.1
21.2.1..
1.34..4.
1444.1.1
2.33413.
0
0
0
0
20
0
0
1
0
1
1
0
0
1
0
0
17
0
0
0
0
1
0
0
0
0
1
0
6
0
9
0
0
0
1
0
0
1
0
0
0
1
0
.2444224
..3.2334
314414.1
21.2.1..
1434..42
1444.131
24334134
0
0
1
0
0
0
11
0
0
11
0
0
0
0
0
0
0
0
0
0
11
1
18
