OK 1
1
1
62
1
1
1
1
1
1
1
1
1
........
.1...5..
........
.....2..
.4...1..
34...2..
......3.
14......
0
1
4
1
1
1
0
1
1
1
2
0
1
1
1
1
0
0
1
0
1
0
1
1
5
1
1
0
1
1
1
1
1
1
1
1
0
0
1
0
0
32
0
0
1
1
0
1
1
1
0
0
0
1
0
26
0
0
0
0
0
0
0
26
26
0
1
0
0
0
1
0
0
1
0
1
0
1
1
0
1
1
10
0
1
1
9
0
0
0
0
0
0
0
1
0
0
0
0
0
0
0
1
1
0
3....415
.1...52.
2.15.234
..425235
34.5.152
34231244
22254135
14.42115
0
3....415
.1...52.
2.15.234
..425235
34.5.152
34231244
22254135
14.42115
1
0
0
1
0
1
0
0
0
0
0
0
0
0
0
10
0
9
9
15
3....415
.1...52.
2.15.234
..425235
34.5.152
34231244
22254135
14342112
0
15
0
0
0
0
0
0
0
1
0
0
0
1
0
0
0
0
1
0
0
1
1
0
13
0
0
13
5..4.415
.1...523
2.15.234
..425235
34.5.152
34231244
22254135
14342112
0
0
1
0
0
0
0
0
11
0
0
0
0
5..4.415
.1...523
2.15.234
..425235
34.5.152
34231244
22254135
14342112
0
0
0
8
0
0
0
0
0
0
0
