OK 1
1
0
1
1
0
1
1
1
1
37
1
1
1
1
1
2
1
1
1
0
1
0
1
1
0
1
1
1
1
0
0
0
1
0
0
1
0
1
0
0
0
1
20
0
.4..1.
....55
1.231.
24.3.5
...6.3
..3.52
2466.3
0
0
0
1
0
.4..1.
....55
1.231.
24.3.5
..56.3
..3.52
2466.3
1
0
1
17
0
0
0
1
.45.1.
....55
11231.
2423.5
..56.3
..3.52
2466.3
1
.45.1.
....55
11231.
2423.5
..56.3
..3.52
2466.3
0
0
1
0
0
0
5
0
1
0
1
0
3
1
0
.45.15
....55
11231.
2423.5
2.5643
..3.52
2466.3
0
0
0
0
.45.15
....55
11231.
2423.5
2.5643
..3.52
2466.3
0
0
0
1
1
0
1
0
1
9
0
1
0
1
0
0
1
0
1
6
0
0
0
0
0
0
0
0
0
0
0
6
0
0
1
1
0
0
0
0
0
0
0
6
0
0
1
0
0
