OK 1
1
1
0
1
1
1
44
1
1
42
1
1
0
3
1
40
1
1
1
1
1
1
1
1
1
0
1
1
0
0
......1
1.3..1.
2232...
...33..
..11..2
2.1...2
1.3.2..
0
1
6
0
1
1
7
1
1
1
8
..32..1
1.3..1.
2232...
.3.33..
..11.12
221...2
1.332..
1
0
1
1
0
1
.232..1
1.31.1.
2232...
.3.33..
..11.12
221.3.2
1.332..
0
21
.232..1
1.31.1.
2232...
.3.33..
..11.12
221.3.2
1.332..
0
0
0
0
1
1
0
1
0
.232..1
1.31.1.
2232.12
.3.331.
..11.12
221.3.2
1.332..
0
0
1
1
1
0
1
0
0
0
0
1
.232..1
1.31.12
2232.12
.3.331.
3311.12
221.332
1.332.1
0
0
0
0
12
8
1
1
0
1
1
0
1
6
1
0
1
0
10
0
0
0
1
0
0
0
0
1
1
0
0
13
0
0
1
0
0
0
0
0
1
16
0
0
0
1
4
0
0
0
0
14
0
0
0
1
0
0
0
0
0
1
0
0
0
0
0
0
0
0
0
0
0
14
1
0
0
0
0
0
0
4
1
0
0
0
0
0
