OK 1
1
1
0
1
1
1
44
1
1
1
0
1
1
1
1
1
3
1
35
1
1
0
0
33
1
1
1
1
0
0
1
1
0
1
0
1
0
1
0
1
23
6
1
1
0
1
0
0
13.4..
3.1...
3.3.1.
25.451
54.22.
54.41.
.33.1.
2.5.14
0
0
6
13.4..
3.1...
3.3.1.
25.451
54.22.
54.41.
.33.1.
2.5.14
1
1
0
0
0
1
0
0
0
0
7
0
1
0
1
0
0
0
1
0
1
0
0
0
0
0
0
0
1
13.4..
3.1..3
333512
255451
54.22.
54441.
.33.1.
245.14
0
7
0
0
1
0
0
0
0
0
0
12
0
0
0
0
0
0
0
0
0
0
0
0
0
1
1
0
11
0
0
0
0
0
1
0
1
0
1
8
0
1
0
0
1
0
0
13.45.
3314.3
333512
255451
54422.
54441.
233.1.
245.14
0
0
0
0
0
13.45.
3314.3
333512
255451
54422.
54441.
233.1.
245.14
1
0
1
0
0
0
0
0
0
0
0
0
13.45.
3314.3
333512
255451
54422.
54441.
233.1.
245.14
0
1
7
0
0
0
0
0
0
