OK 1
1
0
1
1
1
1
0
1
0
1
1
1
.....1.3
4......6
....2...
........
.1.2....
..2.....
........
0
48
1
1
47
1
1
1
0
1
1
1
1
1
0
0
0
1
0
4
39
1
1
0
1
1
0
0
1
1
1
0
1
32
0
0
0
1
1
1
1
0
6
1
0
1
0
1
1
....41.3
4.2...16
221526..
...6.645
.1622...
.12.166.
.43...6.
1
1
0
1
0
0
1
1
1
23
..2.41.3
4.2...16
221526..
...65645
.1622...
.122166.
.435..6.
0
1
22
0
0
0
0
0
0
1
1
0
0
0
0
0
0
0
0
3
1
0
0
0
1
0
6
0
1
0
0
0
0
1
0
0
0
0
11
0
3
0
5
0
1
0
0
8
0
0
0
..2.41.3
452...16
221526..
24265645
.1622...
.1221663
.4355.6.
0
0
17
0
5
1
1
0
0
0
0
0
0
0
0
6
0
11
1
0
0
16
0
0
6
0
0
1
0
1
1
0
1
0
4
13
0
0
0
0
4
0
0
0
0
0
0
0
0
0
0
0
0
0
1
1
0
0
0
6
0
0
0
0
0
0
0
