OK 1
1
1
1
1
1
1
1
1
3
1
1
55
0
55
1
1
1
........
..3...13
.3.....2
...1....
......12
3.......
3.....2.
.......2
1
0
51
1
1
0
1
1
1
47
0
1
1
0
1
1
.3.1....
..3...13
.3..2..2
.1212..3
......12
3.......
32....2.
.....1.2
1
0
42
0
8
0
1
9
1
1
0
1
0
0
0
1
1
1
1
1
0
.3.1....
3.33..13
.3..2.12
.1212213
......12
3...1.3.
322...2.
3..2.1.2
0
0
1
12
1
0
1
1
1
1
11
0
0
1
0
0
0
11
13
0
.3.1....
3.33..13
.3..2.12
.1212213
.1.3.212
3.2.1331
322...2.
3..2.1.2
1
26
0
0
26
0
0
0
0
0
1
0
0
1
14
0
1
0
0
14
0
1
1
0
33.1...1
3.33.213
.3.32.12
.1212213
.1.3.212
3.211331
322...2.
31.2.1.2
0
0
1
0
0
0
0
16
0
1
0
0
0
1
15
0
15
20
1
0
1
0
0
0
0
0
0
0
1
0
0
0
0
0
0
1
0
0
0
0
0
0
0
19
0
0
11
0
0
14
0
15
0
0
0
0
0
0
0
0
1
0
0
0
0
0
0
0
0
0
0
0
0
1
1
0
1
8
0
0
0
0
0
0
1
1
0
14
0
0
0
0
0
17
