OK 1
1
1
2
......
......
......
......
...1..
....1.
......
1
1
2
......
......
......
......
...1.2
....1.
....2.
1
1
1
1
0
1
2
1
0
1
1
1
1
1
0
0
2
28
1
1
1
1
1
1
0
0
0
4
1
0
25
1
4
.3....
43...1
...213
12...2
...1.2
.41.1.
.32.2.
0
0
1
.3....
43...1
...213
12...2
..11.2
.41.1.
.32.2.
1
1
1
6
1
0
1
0
0
6
0
33....
43...1
2..213
12...2
..1142
.41.1.
.32.23
1
1
5
0
0
0
17
1
1
0
0
1
0
0
0
0
0
1
1
0
1
8
1
0
9
0
0
1
0
0
1
1
0
6
10
0
0
1
1
1
1
0
8
0
0
0
0
0
0
1
0
0
0
8
0
7
0
0
0
0
1
0
33.334
432..1
2.1213
123342
2.1142
441.1.
432223
0
0
0
7
0
0
0
0
7
0
0
0
33.334
432..1
2.1213
123342
2.1142
441.1.
432223
0
1
9
0
1
0
1
1
0
33.334
432..1
2.1213
123342
211142
44141.
432223
0
0
1
0
