OK 1
1
........
........
........
........
........
......1.
........
0
55
0
1
1
1
1
1
1
1
1
1
1
1
1
1
1
0
0
42
1
41
1
1
1
1
0
0
1
0
0
...3...3
.3.2131.
1..2.2..
....2...
.3...2..
.2..1.1.
.323....
0
0
1
1
7
1
...3...3
.3.2131.
1..2221.
....2...
.31..2..
.2..1.1.
.323....
0
1
0
1
0
1
10
1
0
0
0
0
0
1
0
1
0
0
8
0
12
0
1
0
0
0
0
0
0
1
0
0
0
0
0
0
0
1
0
0
2..3...3
.3.2131.
1..2221.
....2...
131..2.2
.2..1.11
2323....
1
0
0
0
0
1
0
9
0
0
11
1
0
0
1
0
1
0
0
9
1
0
0
10
0
0
0
0
1
1
10
1
1
0
0
14
0
0
11
0
0
0
1
2.333.33
13.21312
11.22212
....22..
131..2.2
.2..1.11
2323...1
0
0
0
0
1
0
0
10
0
1
0
0
0
0
0
0
0
0
0
6
0
0
0
0
0
0
0
0
0
2.333.33
13.21312
11.22212
....22..
131..2.2
12..1.11
2323...1
0
1
0
2.333.33
13.21312
11.22212
....22..
131..2.2
12..1.11
2323...1
0
0
0
0
0
0
0
0
1
1
0
12
2.333.33
13.21312
11.22212
....22..
131..2.2
12..1.11
23233..1
0
0
0
0
