OK 1
1
0
......
......
....1.
......
......
......
......
......
0
47
1
1
1
0
1
1
1
1
1
0
1
0
1
1
1
0
1
1
1
1
1
1
0
1
0
0
0
1
1
1
....6.
......
1..41.
...55.
2.221.
.32..3
.2.5..
153.3.
0
1
0
1
0
1
0
1
1
1
0
0
0
0
1
1
9
0
0
0
0
0
0
0
0
0
0
0
0
21
0
0
0
0
0
9
0
1
1
5
1
0
..3.61
.4....
12.412
6..55.
2.2211
.32.43
.2.5..
153.35
5
0
0
1
0
0
..3.61
.4....
12.412
6..55.
2.2211
.32.43
.2.5..
153.35
0
0
0
0
0
0
0
1
..3.61
.4...6
12.412
6..55.
2.2211
.32.43
.2.5..
153.35
0
6
0
1
9
0
18
0
18
0
0
0
8
0
0
0
18
0
0
6
1
0
0
0
0
0
0
0
1
0
4
0
0
1
0
0
0
0
0
0
0
0
0
0
0
0
0
0
1
