OK 1
1
1
1
0
1
1
1
1
1
1
2
0
1
0
0
1
0
1
28
0
1
27
0
1
1
0
0
0
1
1
1
22
0
0
0
0
0
3
1
.1...
11.4.
46...
13.66
56.2.
55...
22...
..2.6
0
0
4
0
1
1
1
0
0
1
1
0
0
0
0
0
0
0
1
51...
1134.
46...
13466
56.2.
55..3
26...
6.2.6
0
7
0
0
0
3
1
0
1
0
1
0
51...
11344
46...
13466
56.2.
15..3
26...
6.2.6
0
0
1
0
14
0
1
0
0
0
0
0
0
0
0
0
0
0
0
1
0
0
13
1
12
0
1
11
0
0
0
11
0
0
0
1
0
0
0
0
1
0
3
51261
11344
46...
13466
56.25
15.63
26...
6.2.6
0
1
0
0
0
0
1
8
1
0
51261
11344
4652.
13466
56.25
15.63
26...
6.2.2
0
0
0
0
0
0
