OK 1
1
1
40
1
1
1
1
1
0
1
1
......
......
.331..
..42..
2.....
43....
...1..
0
1
3
.4....
......
.331..
..42..
2.....
43....
...1..
2
0
1
0
1
3
1
0
0
0
30
0
1
0
0
1
0
0
0
0
0
0
0
0
0
0
0
3
1
.4....
.....2
.3311.
..42..
2...1.
43.1..
3..1..
0
0
0
1
0
1
10
.4....
....12
.3311.
..42..
2...1.
43.1..
3..1..
0
0
1
0
1
0
0
0
0
1
0
0
1
1
7
1
.4....
.3.112
.3311.
..42..
2..11.
4331.1
33.1..
0
0
3
1
0
1
0
0
0
0
0
1
0
0
0
1
1
0
0
1
0
5
1
0
4
0
1
0
0
.4....
.31112
.33112
..42..
2..11.
4331.1
3311.3
0
.4....
.31112
.33112
..42..
2..11.
4331.1
3311.3
0
0
0
0
0
5
0
.4....
.31112
.33112
..42..
2..11.
4331.1
3311.3
0
0
0
8
0
0
1
0
0
0
4
0
0
