OK 1
1
0
1
1
1
1
1
1
1
1
1
54
1
1
1
1
1
1
1
1
0
46
0
1
45
1
5
1
0
0
1
1
0
1
0
0
0
5
1
0
1
0
1
15
0
5
1
1
1
0
0
...2.552
...5234.
1.2133.3
...5..44
.4.....5
...11.4.
.11...4.
3....132
1
0
7
0
0
0
0
5
...2.552
...5234.
1.2133.3
...5..44
.4.....5
...11.44
.11...4.
3....132
0
0
1
1
1
0
0
1
0
...2.552
...5234.
152133.3
...5..44
.4..1..5
...11.44
.11...4.
3.4..132
0
0
0
6
1
...2.553
...5234.
152133.3
...5..44
.4..1..5
...11.44
.11...4.
3.4..132
0
0
0
1
1
0
0
0
1
0
6
0
1
0
0
0
0
0
0
0
0
0
5
0
1
0
0
0
0
0
0
6
0
0
1
0
0
0
10
0
0
0
0
13
0
0
10
1
0
0
1
0
0
0
0
0
1
10
0
5
0
0
0
...22553
...5234.
152133.3
44.51.44
.4..1..5
...11.44
.11..14.
3.42.132
0
0
0
0
0
0
0
10
0
0
6
0
0
0
0
0
0
0
0
0
1
0
0
0
10
0
0
1
0
1
0
4
0
1
0
0
0
0
1
0
0
0
8
0
0
0
...22553
...5234.
152133.3
44251144
.4..1..5
...11.44
211..14.
34421132
0
0
0
0
0
0
...22553
...5234.
152133.3
44251144
.4..1..5
...11.44
211..14.
34421132
0
0
0
0
0
0
0
0
0
0
0
0
0
12
0
6
0
0
