OK 1
1
1
1
........
........
.......2
........
3.......
........
.1......
........
1
1
1
58
1
1
1
1
1
0
0
1
1
1
1
1
0
1
0
1
0
1
1
1
1
1
1
1
1
0
1
1
1
1
6
36
0
0
0
36
1
0
0
0
1
3.....3.
1.44..2.
...212.2
....4..2
34...1.3
3.41.1.1
314.2.1.
1.2..14.
0
0
1
0
0
0
7
1
8
1
1
0
1
0
0
0
30
0
1
1
28
0
0
0
1
0
9
0
0
0
1
0
0
0
0
0
0
1
26
0
0
0
0
0
0
0
0
11
26
0
0
1
1
0
0
1
0
0
0
0
0
1
1
1
1
0
13
22
31.43.3.
1.444.2.
4..212.2
3...4..2
33.331.3
3.411121
31412.1.
1.2.314.
1
1
1
0
0
1
20
0
1
0
0
12
0
19
19
0
0
0
0
0
1
18
0
1
0
0
0
0
14
0
0
0
0
0
0
31443.3.
1.444.2.
4..21242
33..4..2
33.331.3
3.411121
3142241.
1.2.3143
0
0
31443.3.
1.444.2.
4..21242
33..4..2
33.331.3
3.411121
3142241.
1.2.3143
1
0
0
31443.3.
1.444.2.
4..21242
33..4..2
333331.3
3.411121
3142241.
1.2.3143
0
0
0
1
1
0
0
0
0
1
0
1
0
0
0
0
0
0
12
0
1
0
0
0
