OK 1
1
1
1
1
1
1
1
1
1
0
2
1
1
1
0
1
1
0
1
1
...1....
...43...
4.1...2.
....1..3
.2...5..
....3...
...5..2.
1
1
41
1
0
1
39
1
1
0
0
0
0
1
1
0
1
0
0
0
0
0
1
1
0
1
34
1
0
1
1
0
1
0
30
0
0
0
0
0
1
0
7
0
29
0
0
0
0
1
0
0
1
0
1
0
1
1
1
0
0
0
24
0
0
0
1
0
0
0
0
0
1
0
1
8
1
1
1
0
1
1
7
1
0
1
1
15
0
0
0
0
0
10
15
0
0
1
0
0
0
1
13
...1543.
.244324.
421.2421
24151243
1254.55.
.4.23511
1544.42.
0
0
0
0
0
0
13
1
0
0
0
0
0
1
12
1
0
0
1
0
0
7
11
0
0
0
0
0
0
0
0
0
1
0
0
0
1
0
...15411
.244324.
421.2421
24151243
1254.55.
.4423511
1544.42.
0
1
0
0
0
0
0
0
1
0
0
0
