OK 1
1
1
1
1
1
..1.....
......3.
........
........
........
...4..2.
......4.
1
1
1
0
1
2
1
0
1
1
1
1
0
1
0
0
0
1
41
1
1
1
1
3
1
0
3
1
0
0
0
1
0
1
0
1
1
0
0
1
1
31
0
0
1
1
0
0
1
4
0
0
1
1
1
0
0
8
25
1
5
24
1
..1....4
5..3.43.
..43.523
...51.16
.5.6563.
25.4632.
.3256.45
0
3
0
0
0
0
1
1
1
0
0
1
0
0
0
5
1
0
1
0
1
0
0
1
0
0
4
0
0
0
0
.35...64
5.23.13.
..43.523
1..51.16
.516563.
25.4632.
63256.45
0
1
1
1
0
.351..64
5.23.13.
6.43.523
1..51.16
.516563.
25.4632.
63256.45
0
1
0
0
1
0
0
0
.351..64
5.233136
6.43.523
1..51.16
.516563.
25.4632.
63256.45
0
0
0
0
14
9
1
0
0
0
1
0
1
1
0
0
1
0
0
0
0
6
0
12
0
0
0
1
0
1
1
0
0
0
0
4
0
1
0
10
0
0
0
.351.264
5.233136
6.435523
1..51316
1566563.
2554632.
63256.45
0
5
0
0
1
0
0
4
0
0
1
0
1
0
0
0
10
0
0
0
1
3
0
0
0
0
0
0
0
0
0
0
0
