OK 1
0
1
1
0
1
1
.....
...23
.....
.....
..3..
.....
2....
.....
1
1
1
0
.....
...23
.....
.1...
2.3..
.....
2....
.....
1
1
1
0
1
1
1
29
0
1
1
1
7
..1..
..123
.....
.12..
2233.
.....
23...
.2..2
0
1
0
26
0
1
1
0
0
0
1
9
0
1
0
1
0
1
0
0
1
0
1
1
0
0
1
0
0
1
0
0
0
0
..1.2
.1123
...32
31233
2233.
..22.
231..
.21.2
0
15
0
15
1
0
0
0
1
1
0
0
0
1
0
0
0
0
1
0
0
0
0
0
1
1
1
0
0
0
1
2.132
.1123
2.332
31233
2233.
..22.
1312.
.21.2
1
0
0
0
1
1
0
11
0
0
0
14
1
0
1
0
7
1
0
0
0
0
6
0
0
0
0
0
23132
21123
2.332
31233
2233.
..22.
1312.
32122
0
0
0
0
1
0
0
