OK 1
0
1
0
1
1
1
1
1
1
1
1
0
0
1
1
1
3
1
1
0
1
1
0
1
1
40
1
0
1
0
0
0
0
1
0
2
0
0
0
4
38
38
1
0
0
8
1
1
1
1
0
1
1
0
0
1
0
1
0
1
1
0
0
1
0
1
29
.4.2.2..
3..42...
41.33.4.
...113..
....322.
.241.43.
3.2..422
0
1
0
1
1
1
1
0
0
0
0
0
1
0
10
1
0
1
0
8
0
1
6
0
0
9
1
0
1
9
0
0
1
0
0
7
0
0
9
0
0
0
20
7
1
0
0
10
1
0
1
0
1
0
9
.4.2.22.
3..42.4.
41.3334.
..1113..
.14.3221
4241.433
322.1422
0
1
0
1
0
1
0
0
16
0
0
0
0
0
11
0
0
0
0
11
0
0
0
0
44.2.22.
3..42.4.
41.3334.
..1113.1
.14.3221
4241.433
322.1422
1
1
14
0
0
0
0
0
1
0
0
0
0
0
1
0
0
0
0
0
0
0
10
14
0
0
11
1
1
0
1
1
0
0
0
1
0
0
6
0
7
0
0
0
0
0
0
0
12
44.2.22.
3..42443
41.3334.
3.111311
.14.3221
4241.133
32221422
0
0
0
