OK 1
1
1
2
1
1
2
0
1
1
1
1
1
1
1
1
1
1
1
0
1
2
0
1
1
0
0
1
1
0
1
1
1
36
1
1
1
1
1
1
1
6
30
1
0
3
29
1
1
0
1
1
0
1
0
1
1
1
0
0
8
0
1
1
..55.364
.55.3..3
4..4..5.
.1.1.1.3
3.3415..
153664..
.2421131
0
0
0
0
8
9
0
0
2
22
0
1
0
0
0
0
0
0
1
0
1
0
0
..55.364
.55.34.3
4..44.5.
31.1.1.3
3.3415..
153664..
.2421131
0
0
0
0
0
0
1
0
18
0
18
8
1
0
0
0
0
1
1
0
0
0
1
0
0
8
0
0
1
4
0
0
1
0
0
0
1
0
0
1
0
0
0
0
0
7
0
0
0
6
1
0
0
0
0
0
7
0
0
0
0
4
0
0
1
0
0
0
0
0
0
1
0
1
0
1
5
0
1
9
11
0
0
0
0
0
6
1
0
1
0
0
0
11
0
0
0
0
0
0
0
0
0
0
0
0
0
0
