OK 1
1
.......
.......
.......
.....2.
.......
.......
.......
.......
1
1
1
1
1
1
2
3......
.....5.
.......
.....2.
.......
5......
.4.....
.......
0
1
1
1
1
0
1
1
0
3......
....352
.......
.....25
...4...
5......
54.....
.....3.
0
1
1
1
5
0
42
1
1
1
1
0
1
0
1
0
16
1
0
1
1
1
0
0
1
0
0
1
0
0
0
0
1
0
1
3......
..43352
...3.3.
41.5.25
..44...
53...5.
54.3.41
.2.113.
0
6
1
1
0
0
0
0
0
0
0
1
0
0
0
1
0
1
0
3
0
0
1
12
1
0
0
0
0
1
0
0
1
0
0
0
1
0
0
1
0
1
0
10
0
0
1
0
0
0
0
0
0
0
0
1
0
0
0
7
1
0
0
0
1
35....3
1243352
...3.31
41.5.25
..44.45
53..454
53.3241
.251133
0
35....3
1243352
...3.31
41.5.25
..44.45
53..454
53.3241
.251133
0
1
0
16
0
0
0
1
0
0
0
0
9
0
0
0
35....3
1243352
...3.31
41.5125
..44.45
53..454
53.3241
.251133
0
0
1
0
0
0
1
0
0
0
0
0
8
0
0
0
0
0
7
0
0
