OK 1
1
1
0
1
1
1
1
1
0
1
1
1
1
1
1
44
0
1
1
1
42
0
0
1
41
1
0
1
1
0
1
1
1
.....5..
312..534
55...23.
5....52.
.....213
4.......
3.2...3.
1
0
1
33
1
7
1
4
1
7
1
1
28
1
0
1
0
0
0
0
0
1
1
1
0
0
1
0
1
0
1
0
1
1
0
0
0
0
0
0
1
0
0
0
9
0
1
0
0
0
0
0
1
0
0
0
0
0
0
0
10
0
0
0
1
15
1
1
0
0
1
.3.5352.
31234534
55..4234
5..44523
.1552213
425452..
3.24353.
0
0
1
0
13
0
11
0
1
1
0
0
0
0
9
.3.5352.
31234534
55.34234
5..44523
.1552213
423452.5
3.24353.
0
0
0
1
0
0
.3.5352.
31234534
55.34234
5..44523
.1552213
423452.5
3.243535
0
0
0
0
0
0
0
9
0
0
1
0
0
0
1
0
8
0
0
1
0
0
0
0
