OK 1
1
1
0
1
1
2
1
1
1
1
1
1
0
0
1
1
1
1
1
1
0
1
1
0
1
0
0
1
1
..13.3
..33..
11.13.
3.....
.11.3.
.212..
.22...
1
1
0
0
0
1
1
0
0
0
1
1
1
0
1
1
0
1
0
0
15
1
0
0
7
0
0
..1313
2.3333
11313.
3.12.1
311.3.
.212.2
.22...
0
1
0
13
0
0
0
0
0
1
0
1
0
0
0
1
11
11
0
0
0
0
0
0
0
0
0
0
11
0
1
0
..1313
2.3333
11313.
3.12.1
31133.
1212.2
2221..
0
0
0
0
0
0
0
12
0
1
.21313
2.3333
11313.
3.12.1
31133.
1212.2
2221..
0
0
.21313
2.3333
11313.
3.12.1
31133.
1212.2
2221..
0
1
0
0
1
1
0
1
1
0
0
1
0
0
1
0
0
0
0
0
0
4
0
0
0
0
4
