OK 1
1
0
0
1
46
1
0
1
1
44
1
1
0
1
1
0
0
1
3
0
1
1
0
1
1
1
1
0
0
0
1
0
1
0
1
1
1
0
1
1
0
2
1
6.....
....33
...123
1...26
2.634.
.....3
.61611
4....6
0
1
0
0
1
1
1
0
0
1
22
0
0
0
0
22
1
0
0
6....5
....33
...123
146.26
2.6344
.33..3
.61611
4....6
0
7
0
1
20
0
0
4
1
0
0
0
1
0
1
0
0
0
1
0
1
0
1
0
0
0
0
0
0
0
0
1
4
15
1
0
0
1
0
14
0
14
63.1.5
.6.233
...123
136.26
2.6344
.335.3
161611
4.4..6
0
0
0
1
63.1.5
.6.233
.6.123
136.26
2.6344
.335.3
161611
4.4..6
0
0
0
0
4
9
0
0
0
0
0
0
0
0
0
0
1
0
1
0
0
0
12
0
0
0
0
9
0
1
8
0
11
0
0
9
0
0
1
0
9
0
