OK 1
1
1
0
0
1
1
1
1
0
1
42
1
1
4
1
1
1
5
1
0
0
1
0
......
...31.
1.....
.2....
2.....
.3....
..3.1.
.123.3
0
1
0
0
0
0
0
1
0
1
1
......
...31.
1.....
.2....
2.....
23...1
..3.12
2123.3
0
0
1
1
0
0
0
0
6
0
0
0
0
0
0
0
0
6
12
0
0
0
1
0
0
0
0
1
0
0
0
0
0
0
5
0
......
1..31.
1..3..
.2....
2.....
23...1
.33.12
2123.3
0
1
0
0
0
0
0
0
0
0
8
0
0
0
0
0
8
1
0
10
0
0
0
10
0
0
0
0
1
1
0
0
0
1
0
0
0
3...1.
1..31.
1..3..
.2....
2.....
23...1
.33112
212313
1
0
0
0
5
1
0
0
0
0
0
0
10
1
0
0
6
0
0
1
0
0
0
0
1
0
0
1
0
0
1
0
0
0
11
1
0
0
11
0
3...1.
1..31.
1..333
.2....
2....1
23..11
.32112
212313
0
1
1
0
0
7
0
1
0
1
0
7
0
