OK 1
1
1
0
1
1
0
1
1
1
1
1
0
0
4
1
1
1....3
...1..
2.....
132...
......
....3.
....1.
0
1
1
0
1
4
1....3
.3.1..
2.....
132...
......
2...3.
....1.
0
0
9
1
0
0
1
0
1
1
1
0
0
1
6
0
1
0
1
0
7
0
11
0
0
1....3
.3.1..
2...2.
132.2.
132...
22..3.
....3.
0
1
0
0
1
0
1
0
7
0
0
1
1
0
7
0
1
0
0
0
0
0
1
1
1....3
.3.12.
22..22
132.22
132.1.
22..3.
...33.
0
0
0
0
1
0
0
1
0
0
1
0
0
0
1
1
8
0
0
1
0
0
8
0
0
0
8
0
0
1
7
0
0
0
0
0
0
0
1...33
.33122
22..22
132.22
13211.
22..3.
2..333
0
0
0
0
7
0
1
7
0
0
0
1
0
14
0
0
