OK 1
1
1
1
1
1
0
1
1
.....2.
.......
..6...5
.......
..3..1.
...2.3.
1
0
1
1
1
1
1
0
0
1
0
1
1
1
1
0
1
1
0
0
1
..5532.
.......
..6...5
..4.1..
..3251.
4.6213.
0
1
0
1
0
3
1
1
0
1
1
0
5.5532.
....56.
..6...5
1.4.1..
4.3251.
3.6213.
0
1
0
0
1
0
1
1
0
1
5
0
0
1
1
1
0
0
13
0
0
0
1
6
1
0
0
0
0
6
0
0
0
1
0
0
5155326
....561
.3643.5
12441..
4.32514
3.6213.
0
1
10
1
0
0
1
5
1
0
6
0
0
5
8
0
6
5155326
...5561
63646.5
124414.
4.32514
3.6213.
0
0
0
0
0
0
0
1
0
0
0
0
0
4
1
0
8
0
0
6
8
0
0
0
1
0
0
0
0
0
1
0
4
1
1
0
0
0
0
0
0
