OK 1
1
1
0
1
1
1
1
1
0
1
1
1
0
1
2
1
30
0
3
30
1
1
1
1
26
1
0
0
26
1
0
0
1
24
1
0
0
23
0
0
0
1
1
1
1
1..2.
..3.3
...3.
..3.1
121..
11213
12..1
3...2
1
0
9
0
0
0
1
0
1
0
1
0
1
0
17
1
16
1..2.
2.3.3
...3.
..3.1
1212.
11213
121.1
3..32
1
1
0
0
1..2.
2.3.3
...3.
..311
1212.
11213
121.1
3..32
0
0
0
0
7
0
1..2.
2.3.3
...3.
..311
1212.
11213
121.1
3..32
1..2.
2.3.3
...3.
..311
1212.
11213
121.1
3..32
0
1
15
0
1
1
1
0
0
1.12.
2.3.3
.2.3.
..311
1212.
11213
121.1
3.232
0
1
0
0
12
1
1
1
10
10
1.12.
2.3.3
.213.
..311
2212.
11213
121.1
31232
0
0
1
14
0
0
0
0
9
0
0
1112.
2.3.3
.213.
..311
2212.
11213
121.1
31232
14
0
0
0
1
