OK 1
1
0
1
1
1
1
1
1.......
........
..3..4..
.......2
........
........
0
1
1
1
3
0
1
1
1
38
0
1
1
1
1
4
0
1
1
0
0
1
1
1
1
29
0
1
0
0
1
1
0
1
1
0
1
0
1
0
1
0
0
0
0
0
1
1
0
0
0
0
0
1
0
1
0
1
0
0
0
0
1
131.14..
..532..2
233214..
.2..35.2
325.13.5
5414....
1
0
131.14..
3.532..2
233214..
.2..35.2
325.13.5
5414....
131.14..
3.532..2
233214..
.2..35.2
325.13.5
5414....
1
1
1
0
0
0
1
0
1
0
0
0
0
0
0
0
14
0
0
0
0
0
14
0
0
0
14
131114.3
34532..2
233214..
.25.35.2
325.13.5
5414....
0
0
1
1
10
0
12
0
0
0
0
0
0
0
0
0
0
0
0
6
1
11
0
0
0
0
0
0
0
11
131114.3
34532..2
233214..
.2533522
325.13.5
5414..1.
0
0
0
1
0
0
0
0
1
0
10
0
0
0
0
0
7
0
0
