OK 1
1
1
......
1.....
1.....
......
......
......
......
......
1
1
1
1
1
1
1
39
0
0
1
1
0
1
0
1
1
1
1
0
1
0
1
1
1
1
1
1
1
0
0
0
1
0
0
0
0
0
1
5
0
0
1
0
1
1
0
.3.1.2
1.3...
22222.
..1311
3.....
..21..
.1221.
31..13
0
0
0
23
1
0
0
0
0
0
11
1
0
.3.1.2
1.3...
22222.
..1311
3.....
..21..
.1221.
311.13
0
0
0
.3.1.2
1.3...
22222.
..1311
3.....
..21..
.1221.
311.13
1
0
1
0
0
1
1
0
1
0
0
0
0
7
0
0
9
0
0
19
1
0
1
1
0
0
1
0
0
0
0
1
0
1
8
0
1
1
0
0
0
11
0
0
.311.2
1.3...
12222.
.11311
322111
..2132
312211
311.13
0
0
1
0
0
11
1
6
1
0
0
0
5
0
1
0
0
0
0
0
0
0
0
0
11
8
0
0
0
0
0
0
0
0
0
0
