OK 1
1
1
1
1
1
1
51
1
1
1
1
1
1
0
1
1
0
0
1
1
1
1
1
1
4
1
0
1
1
...214.1
...12..1
.4..44..
3...2.4.
....2542
...33...
..3.....
1
2
0
1
1
1
1
6
0
.3.214.1
.3.12..1
.4..44..
3...2.4.
....2542
...33...
.53...2.
1
5
31
0
0
0
1
.3.214.1
.3.124.1
.4..44..
3...2.4.
1...2542
...33...
.53...2.
0
0
1
0
1
28
.3.214.1
.3.124.1
.4..44..
3...2.4.
1..42542
..233...
.53...2.
0
1
1
0
1
0
1
24
0
2
0
1
0
0
0
0
24
0
0
0
0
0
0
9
1
0
0
0
0
0
0
0
0
1
1
3
1
0
0
8
1
0
0
1
21
0
0
0
7
0
0
1
4
0
1
0
0
0
0
0
0
0
1
1
6
0
.3.21451
.3512441
.45.445.
3...244.
1..42542
.1233...
253.4323
0
0
7
1
0
1
1
16
0
0
0
0
0
0
0
0
0
0
0
6
0
1
0
0
6
0
6
15
0
0
0
1
0
0
0
6
0
0
10
0
0
8
1
0
0
6
.3321451
.3512441
.45.445.
3..3244.
1..42542
.1233...
25334323
0
0
0
0
0
0
0
14
0
14
0
8
5
1
