OK 1
1
63
0
1
1
0
1
1
1
1
1
1
1
1
1
1
51
1
1
1
0
48
0
1
1
0
1
1
1
6
1
1
..5..4..
........
44212...
1.2.2343
.34..4..
.5......
.5..155.
....3...
1
1
1
0
0
39
1
0
1
1
0
1
1
1
1
1
0
1
0
0
1
0
0
1
1
1
0
1
0
0
1
1
0
1
0
0
1
0
1
25
1
0
0
0
1
0
1
0
10
1
0
22
0
0
22
1
0
0
21
0
11
1
0
9
0
20
0
1
0
1
1
9
242.1432
.2....35
44212.1.
1.252343
53425434
25.1..52
25.3155.
1.243.3.
1
0
0
1
0
0
15
0
0
0
0
1
0
0
1
0
1
0
0
0
0
0
0
242.1432
.2....35
4421251.
1.252343
53425434
2531..52
25.3155.
1.243.3.
0
0
1
1
0
1
0
242.1432
.2...135
4421241.
1.252343
53425434
2531..52
25.3155.
1.243.3.
0
0
0
1
0
0
0
9
242.1432
.2...135
4421241.
13252343
53425434
2531..52
25.3155.
1.243.3.
0
1
0
0
0
0
0
0
0
0
11
12
0
0
10
0
9
12
0
8
0
0
1
12
0
0
9
0
0
0
0
5
11
0
0
0
24231432
.22..135
4421241.
13252343
53425434
2531..52
25.3155.
1.243.3.
1
0
0
0
0
1
10
9
0
0
0
0
0
0
10
0
9
1
0
8
1
24231432
122..135
4421241.
13252343
53425434
2531..52
25.31555
12243.3.
12
0
0
0
0
0
1
0
