OK 1
1
1
1
1
1
1
45
1
44
......1
.......
.......
.....1.
....2..
...32..
.......
1
1
3
1
1
1
0
1
1
1
0
0
1
1
0
35
1
0
34
1
1
32
1
1
30
1
1
0
0
1
...1.31
.......
3.1.3.1
2..321.
....2..
..132.2
33.3122
1
8
1
25
1
1
1
1
21
1
1
1
12
0
1
10
1
0
0
0
1
0
0
22.1.31
.31.33.
3.1.3.1
2.23211
11.12..
.2132.2
33.3122
0
0
1
0
0
1
0
0
1
0
0
0
14
0
1
0
0
0
0
0
0
14
1
0
0
13
0
1
0
0
12
0
0
1
22.1231
.31.33.
3.1.3.1
2.23211
11312..
.2132.2
33.3122
1
0
12
0
0
0
0
13
0
0
0
0
0
0
0
1
0
1
0
0
0
1
0
0
0
13
0
0
1
0
2231231
.31.33.
331.3.1
2.23211
1131221
.2132.2
33.3122
0
0
0
0
1
0
0
8
0
1
15
0
7
0
0
0
0
0
1
0
0
15
0
0
0
0
0
1
1
0
0
0
0
0
0
2231231
.31.332
33123.1
2.21211
1131221
22132.2
33.3122
0
0
0
0
0
0
0
2231231
.31.332
33123.1
2.21211
1131221
22132.2
33.3122
0
0
0
0
