OK 1
1
1
1
0
0
1
1
44
1
0
1
1
0
0
0
1
........
.2..4...
........
51...2..
......6.
.....2..
1
0
1
1
1
1
1
1
1
3
1
0
33
0
1
1
1
3
0
0
0
1
0
30
1
4
1
1
0
0
1
0
0
0
0
1
5
1
1
0
1
5
0
1
0
0
4
0
0
0
0
0
6
0
1
0
1
1
..34351.
526144.3
.21465..
514..2..
.4.1.26.
326..2..
0
0
0
5
0
1
7
0
0
18
0
0
1
0
0
0
0
0
0
0
0
0
0
0
5
1
0
0
0
7
0
0
0
0
0
0
0
0
0
1
1
0
0
0
1
0
0
0
0
6
..34651.
526144.3
.21465..
511..2.4
24.1626.
326..2..
1
5
0
0
0
0
..34651.
526144.3
521465..
511..2.4
24.1626.
326..2..
0
0
0
0
0
0
0
1
0
0
0
1
4
0
0
0
0
