OK 1
1
1
1
1
1
....3.2.
........
........
........
........
..1.....
........
........
1
1
1
1
0
1
1
3
55
1
1
1
1
3
1
51
1
1
1
0
0
0
0
0
1
0
5
0
1
0
1
1
44
1
1
1
0
13
1
1
1
0
1
1
36
1
1
1
0
0
1
0
1
1
1
0
1
1
0
0
0
0
1
5
1
0
6
0
0
0
0
0
0
1
0
0
0
0
0
0
0
0
1
0
0
0
1
0
0
0
0
0
0
0
0
0
1
0
0
0
10
0
25
0
0
9
1
0
0
0
0
0
0
0
0
0
1
0
1
7
0
1
0
1
0
0
1
1
0
0
6.1.352.
.3244546
362523.2
4111432.
.516..23
6.121..1
.5.4...3
55.5.64.
0
0
0
1
0
1
0
0
0
19
0
0
4
1
0
0
0
0
0
0
0
0
0
8
0
8
6.1.3526
.3244546
362523.2
4111432.
.516..23
6.121..1
.5.4...3
55.5.64.
0
0
1
0
0
1
0
0
0
1
7
0
0
0
0
17
0
0
0
0
0
1
0
0
0
