OK 1
1
1
0
1
61
0
1
1
1
1
1
1
1
1
1
1
4
1
1
5
49
1
1
1
1
0
0
1
0
1
3...21..
...3..11
.3.22.3.
..1.....
..3.2...
........
..3..21.
2....313
1
0
1
1
1
1
9
39
1
0
1
1
0
1
1
1
0
1
1
1
0
0
0
0
1
0
1
0
0
1
3..221..
...3..11
.312223.
231...1.
.1332...
..1...21
3.3.121.
2.3..313
0
10
1
1
0
0
0
0
1
0
0
1
1
1
0
0
0
1
0
0
1
0
0
0
1
0
0
1
1
0
1
15
0
0
0
1
1
19
0
0
0
1
0
18
1
0
0
17
0
0
0
0
0
13
0
0
0
0
0
0
0
0
0
1
0
1
0
0
0
17
0
1
1
0
0
0
0
0
0
0
3.2221.3
1.33.311
.112223.
231.3.1.
.1332.13
2312..21
32321211
2.331313
0
0
0
0
1
13
0
0
1
0
0
0
0
0
0
19
0
0
0
12
0
1
0
332221.3
1.33.311
3112223.
231.3.12
.1332.13
2312..21
32321211
2.331313
0
0
1
0
17
0
0
0
0
1
0
0
0
17
0
0
0
0
17
10
332221.3
1.33.311
3112223.
231.3.12
.1332.13
2312..21
32321211
22331313
0
0
0
0
