OK 1
1
1
1
1
........
.1......
........
....3...
........
4..1....
1
1
1
1
1
1
.....1..
61......
........
....35..
2..6....
4.51....
1
1
0
0
0
2
36
1
0
0
0
0
1
0
1
1
0
1
1
1
1
1
0
0
0
1
1
.53..1..
61631...
.....3..
..1.35..
2356....
4.51.2.2
0
0
1
6
1
1
0
0
0
1
1
0
0
0
0
0
0
22
0
0
1
.53..1..
616313..
2....3..
..1.35.4
2556..35
4.51.2.2
0
1
0
1
.53..16.
616313..
2....3.1
..1.35.4
2556..35
4.51.2.2
0
0
0
0
1
0
.53..16.
616313..
2..4.3.1
..1.35.4
2556..35
4.51.2.2
0
1
0
1
0
0
1
0
0
0
0
0
0
0
1
7
1
0
0
0
0
15
0
0
3
1
0
0
0
0
1
0
0
0
0
0
0
0
0
0
0
6
0
0
0
1
0
1
0
0
6
0
1
0
0
0
0
0
0
0
0
0
0
0
0
0
0
0
0
0
1
0
0
10
