OK 1
0
1
1
0
1
1
1
1
1
1
1
1
1
1
1
1
0
1
1
0
40
0
1
1
5
0
1
1
1
1
0
1
6
0
0
34
0
1
33
0
0
0
0
1
0
0
33
1
8
32
1
1
6
0
31
0
0
8
0
0
0
0
0
0
1
1
1
1
1
27
0
0
0
0
1
1
0
0
1
1
7
0
0
1
0
0
1
0
0
1
0
0
0
1
1
0
0
1
0
0
1
23.31122
1.54344.
..24.25.
.431..12
..21.41.
4415.22.
..552..1
1
1
0
0
1
1
0
1
1
23131122
1.54344.
..24.25.
.4315.12
..21.41.
4415.224
45552..1
0
0
0
0
1
14
1
0
0
10
0
0
23131122
1.54344.
..24.23.
.4315.12
.321.41.
4415.224
45552..1
0
1
1
0
0
0
13
1
0
23131122
1.543442
.524.23.
.4315.12
.321.41.
4415.224
45552..1
0
11
0
1
0
11
0
0
0
0
0
0
0
1
0
10
0
0
23131122
1.543442
.524.23.
44315.12
.321.41.
4415.224
455525.1
0
0
0
0
0
0
0
11
0
1
0
9
0
9
0
0
0
0
0
0
0
0
0
1
0
0
0
0
0
0
8
