OK 1
1
1
.......
.......
.......
.......
.1.....
.......
.......
.......
1
1
0
1
52
1
1
1
1
1
1
0
3
46
1
1
0
1
1
1
0
1
1
1
1
1
..2.2..
.2..1.4
.......
.3...33
.1.2...
.2.....
43..421
....34.
1
1
36
1
0
0
0
0
0
1
1
..2.2..
.2..1.4
......4
43...33
.1.2..2
.2.1...
43..421
...334.
1
0
1
1
0
1
7
0
0
0
0
0
..222..
.2..1.4
......4
43.3.33
.1.2..2
.2.1..2
43.4421
...334.
0
1
1
0
0
1
1
0
1
1
1
1
13
0
0
0
0
0
0
1
1
1
4.222..
.2.21.4
..3.4.4
4333.33
.1.21.2
32.12.2
43.4421
...334.
1
0
0
0
0
0
0
1
0
0
4.222.3
.2.21.4
..334.4
4333.33
.1.21.2
32.12.2
43.4421
...334.
0
1
12
0
0
12
0
0
10
4.222.3
.2.21.4
.2334.4
4333.33
.1.21.2
32.12.2
43.4421
...334.
1
0
0
0
0
8
1
0
0
0
1
0
15
0
0
9
0
0
0
0
0
1
0
1
0
13
0
0
0
0
0
0
0
0
1
0
0
0
7
0
0
0
1
0
1
1
0
0
9
0
0
4.22213
22221.4
.233434
4333.33
41321.2
32212.2
43.4421
1..3341
14
1
0
4.22213
22221.4
.233434
4333.33
41321.2
32212.2
43.4421
1..3341
0
0
0
4
0
0
0
10
0
0
0
0
9
0
10
0
4
1
15
9
0
1
0
