OK 1
1
1
62
1
1
1
1
1
2
1
1
3.6.....
....1...
......32
........
..1.2...
...4....
........
......5.
1
1
1
1
51
1
1
3
49
1
1
0
1
1
1
0
1
4
1
1
41
1
3.6.6.3.
....1...
......32
4.1.....
561.2.45
...4.4..
.2..32..
31....5.
0
0
1
1
1
5
39
1
0
1
1
0
0
1
1
0
1
0
0
1
1
0
0
33
0
1
1
0
0
1
1
0
0
1
1
0
0
0
0
1
1
0
0
7
0
1
0
0
0
0
0
0
356.6334
64..1..2
.2523632
4.1.2...
561.2.45
.2.4.41.
.2..3221
31....5.
0
0
9
0
0
0
0
1
0
0
0
1
1
1
0
0
0
0
0
0
0
0
1
0
0
0
0
1
0
0
1
1
0
0
356.6334
64..1.62
.2523632
4.152..5
56142445
.224.411
.2..3221
31....5.
0
0
1
0
0
0
6
0
0
1
0
0
0
0
0
0
0
0
0
0
5
0
0
0
1
0
0
0
0
1
0
1
13
0
0
0
0
0
0
1
0
0
0
0
0
1
0
0
1
356.6332
64..1662
22523632
4.152..5
56142445
.224.411
.2..3221
314...5.
1
1
9
0
0
0
1
0
0
0
356.6332
64.41662
22523632
4.152..5
56142445
.224.411
.2..3221
314.115.
0
0
6
0
0
356.6332
64.41662
22523632
4.152..5
56142445
.224.411
.2..3221
314.115.
0
0
0
0
4
0
0
0
0
0
0
0
9
0
0
