OK 1
1
0
1
1
1
1
1
1
1
1
1
1
1
1
1
1
1
1
1
1
1
0
0
1
1
0
1
.3.3....
..3.1.2.
2...2.1.
.1....2.
.33...32
2..1.3..
2.1...2.
0
36
1
1
0
34
0
0
1
0
1
0
0
1
0
1
10
0
0
1
0
1
1
0
1
.3.3....
.33.1.2.
212.2.1.
31...12.
.331..32
2..1.33.
2.1.112.
0
1
1
0
0
0
1
1
12
0
0
0
1
13
0
0
0
0
1
0
0
1
1
0
0
1
0
0
0
1
21
0
0
0
1
0
0
0
0
1
0
14
0
20
0
20
1
0
20
0
11
0
20
0
0
1
0
0
11
0
0
1
12
1
0
0
0
1
0
1
13
1
0
1
0
1
0
0
0
0
0
0
1
15
0
0
0
0
15
0
0
1
0
1
1
1
1
0
11
1
0
0
0
0
0
.3.3132.
133.332.
21212.1.
3132.122
1331..32
2.211333
22131121
0
1
0
1
0
0
0
0
0
9
0
0
0
14
.3.31321
133.332.
21212.1.
3132.122
1331..32
23211333
22131121
0
0
0
0
0
0
