OK 1
1
1
1
1
......
..3...
....2.
.2....
......
....1.
......
1
1
0
1
1
1
1
.....1
..36..
....2.
.21...
......
64..14
......
1
1
3
30
1
1
0
29
0
1
1
1
1
0
1
24
1
0
.5...1
2.365.
34..2.
.21.6.
...1..
64..14
..42..
.5...1
2.365.
34..2.
.21.6.
...1..
64..14
..42..
0
0
0
0
0
4
0
0
0
1
0
.5...1
2.365.
343.2.
.21.6.
...1..
64..14
..42..
0
1
21
1
0
1
0
1
1
1
1
1
16
0
16
0
1
0
1
1
1
0
0
4
0
0
0
13
1
0
0
0
3
.553.1
2.365.
34362.
.21264
1.61..
64.114
2.42.2
0
1
0
11
0
0
1
5
10
0
1
0
1
0
0
6
9
1
0
1
1
0
0
0
0
0
0
8
0
0
0
0
1
0
0
1
0
1
0
1
6
0
0
0
0
0
0
0
0
0
1
0
0
1
0
0
1
0
0
1
3553.1
2.365.
34362.
321254
14611.
646114
2.4232
0
0
6
0
0
0
0
5
