OK 1
1
0
1
........
........
....2.1.
........
........
........
........
........
1
1
1
1
0
3
1
1
1
0
0
1
3
1
1
0
1
1
3
1
52
1
1
1
5
1
5
1
1
1
1
1
1
1
1
0
1
1
40
1
1
1
1
0
0
1
1
35
0
0
0
0
0
1
0
0
0
1
0
1
32
1
1
31
1
0
1
1
10
1
1
27
0
0
2.2.1.2.
.221..2.
111.2.1.
3231..2.
...3.231
.233.2.3
.1.3...2
3.211113
0
1
0
0
1
0
0
0
14
0
1
0
1
10
1
1
1
0
0
0
1
21
0
0
0
0
0
0
2.2.1.22
.221..2.
11132.1.
3231..21
...31231
.233.2.3
.113...2
13211113
0
15
0
1
0
0
2.2.1.22
.221..2.
11132.1.
3231..21
...31231
.233.2.3
.113...2
13211113
0
0
1
0
1
16
0
0
0
0
12
0
0
19
1
0
0
1
0
1
0
17
0
0
16
1
1
0
0
0
1
15
2.231.22
.221.32.
11132112
32313.21
...31231
.233.233
.113...2
13211113
0
2.231.22
.221.32.
11132112
32313.21
...31231
.233.233
.113...2
13211113
0
0
1
0
0
2.231.22
.221.32.
11132112
32313.21
..131231
.233.233
.113...2
13211113
1
2.231.22
.221.32.
11132112
32313.21
..131231
3233.233
.113...2
13211113
1
0
0
1
2.231.22
.221.32.
11132112
32313.21
12131231
3233.233
.113...2
13211113
1
0
1
0
9
0
0
2.231.22
.221.323
11132112
32313.21
12131231
32331233
.113...2
13211113
0
0
0
0
0
2.231.22
.221.323
11132112
32313.21
12131231
32331233
.113...2
13211113
17
9
0
0
17
0
9
0
0
0
0
0
0
0
