OK 1
0
1
1
1
1
0
1
1
..3....
...3...
.....2.
.1.....
.......
.......
1
1
0
1
35
1
1
1
0
1
1
1
0
1
1
0
0
1
1
1
1
1.33...
22.33..
1.3.22.
.1..1..
3..3.33
.1..3..
1
0
0
0
0
1
1
0
1
4
0
1
1
8
1
1.33.1.
22.33..
1.3.22.
.1..1.1
3..3.33
11..3..
1
1
0
1233.1.
22.33..
1.3.22.
.1..1.1
3..3.33
11..3..
0
0
1
0
1
0
17
1
0
0
0
0
0
0
0
1
0
15
0
0
0
1
0
1
0
11
0
1
1
0
1
0
0
0
11
1
0
1
0
0
11
0
0
0
0
0
0
0
0
0
0
0
10
0
0
0
1
0
1
0
1
0
0
0
0
12
0
11
9
0
1
1233112
22133.2
1.3.22.
.1..111
3223.33
1132323
1
7
0
0
0
0
0
7
0
1
1233112
22133.2
1.3.22.
31..111
3223.33
1132323
