OK 1
1
1
1
1
1
......
.1....
......
3.....
......
.1....
....2.
......
1
0
......
.1....
......
3...4.
......
.1....
....2.
......
1
1
1
0
0
1
0
1
0
0
1
1
0
1
1
4
1
34
0
1
1
1
31
1
.24...
.1....
.....2
34..44
.22...
.13.2.
5...2.
.4.15.
1
1
1
0
0
1
0
1
0
1
1
1
0
0
0
1
1
0
9
0
1
0
1
0
1
0
1
0
0
3
17
0
0
0
1
1
0
6
1
0
0
1
0
1
0
324.1.
.13.4.
.2.1.2
342244
.223..
.13.23
535.23
142155
0
0
0
0
0
10
0
0
0
0
0
0
0
0
0
1
0
10
1
0
0
0
0
0
1
11
324.13
.13.4.
.2.142
342244
.223..
.13523
535.23
142155
0
0
0
0
0
0
0
0
0
0
0
0
0
324.13
.13.4.
.2.142
342244
.223..
.13523
535.23
142155
0
0
0
0
7
11
0
0
0
0
0
324.13
.13.4.
.2.142
342244
.223..
.13523
535.23
142155
0
0
0
0
0
0
1
