OK 1
1
1
1
1
1
2
0
0
1
1
1
0
0
1
0
0
1
1
1
1
1
1
1
1
1
1
3
1
1
38
38
1
3
1
0
1
1
10
0
0
1
0
33
1
0
4
1
0
0
1
0
1
1
0
0
1
0
1
0
0
0
1
0
0
0
1
0
0
3
1
0
1
0
6
1
0
0
0
1......
3224..5
.24.423
.143.3.
6.21.53
512.2..
4..636.
.41.25.
0
0
1
0
0
1
1
12.....
3224..5
.24.423
.143.31
6.21.53
512.2..
4..636.
.41.25.
0
0
6
0
0
22
1
0
0
1
6
0
1
0
1
0
0
0
0
0
0
0
10
0
6
4
1
0
0
0
0
0
0
0
0
0
0
0
1
7
0
1
0
1
0
0
0
0
7
1
0
0
0
0
0
17
0
0
0
0
7
1
0
0
1
1
0
0
1
0
1
12
0
7
0
0
8
0
1
0
0
0
0
7
2
0
0
8
0
0
0
3
0
1
0
0
0
0
0
0
3
0
0
0
2
1
1
