OK 1
1
0
1
1
1
1
1
42
0
1
2
1
1
1
1
1
0
37
1
1
4
0
0
1
......
......
13....
...5..
.34...
.34.5.
16.4..
..2.14
1
1
......
......
13....
.2.5..
.34...
.34.5.
16.4..
..2.14
1
0
1
1
0
0
1
1
0
0
1
1
1
1
0
1
0
0
1
0
0
.....2
......
13..32
.2653.
.34...
.34.54
16.4..
352214
0
0
0
0
0
0
0
1
0
0
8
0
0
0
5
0
0
8
0
.1...2
......
13..32
.2653.
.34...
.34.54
16.4..
352214
1
1
5
0
0
1
5
6
0
.1...2
15....
13.532
.2653.
.34...
.34.54
16.4..
352214
0
0
1
3
0
0
0
0
6
0
0
1
0
1
0
0
0
5
0
0
0
1
0
0
0
5
0
0
5
0
1
0
1
3
0
0
0
0
0
1
0
1
0
0
0
4
0
0
0
4
1
