OK 1
1
1
1
1
1
1
44
1
1
1
1
0
1
1
0
1
1
0
1
37
1
1
1
1
0
0
......
..4..5
.2.2.1
1..1.2
43....
1..52.
......
.3....
0
4
1
0
0
1
1
1
1
1
0
0
...3..
..4..5
.2.241
1..1.2
43.1..
1..523
....22
.3....
0
1
0
0
1
1
0
25
0
0
0
1
0
1
.243..
..4.25
.2.241
1..1.2
43.1..
1..523
.5.122
.3....
1
0
0
0
0
22
0
0
0
0
0
1
5
0
0
1
20
1
1
18
0
0
18
1
0
0
17
.2434.
..4.25
.2.241
1..142
4341..
15.523
.5.122
.3..32
1
0
0
0
16
0
.2434.
..4.25
.25241
1..142
4341..
15.523
.5.122
.3..32
1
0
1
0
0
1
7
0
0
0
1
0
1
0
.2434.
..4.25
.25241
1..142
43411.
155523
.51122
43..32
0
0
1
1
0
1
10
0
0
.24342
..4.25
.25241
1.4142
43411.
155523
.51122
43.532
0
0
0
7
0
9
0
0
0
1
0
0
.24342
..4.25
.25241
1.4142
43411.
155523
.51122
43.532
9
0
0
1
0
0
0
0
0
0
0
1
0
0
0
