OK 1
1
1
1
1
1
1
2
1
0
1
1
1
1
0
0
1
1
1
2.1...2
.3..3..
....2..
....3..
1122...
..1.1.2
0
1
27
0
1
1
1
2.11..2
.3..3.3
....2..
....3.1
1122..2
..1.1.2
1
0
1
0
0
0
1
0
0
0
0
1
0
5
1
20
0
0
0
5
0
0
20
1
1
0
0
1
0
0
10
0
0
0
0
1
0
0
0
0
0
1
0
0
1
11
0
0
11
0
1
0
0
0
1
0
0
0
1
0
1
0
0
0
1
0
0
0
0
1
0
0
0
0
0
0
0
0
1
1
2.11122
.32.333
3.21233
.1213.1
1222.12
1313122
0
7
0
7
1
0
0
2.11122
.323333
3.21233
.1213.1
1222.12
1313122
0
0
0
0
0
12
0
0
0
0
2.11122
.323333
3.21233
.1213.1
1222.12
1313122
0
0
6
0
0
0
0
0
0
0
12
0
0
0
