OK 1
1
1
1
1
0
1
0
1
1
1
0
0
0
1
2
0
1
0
1
0
1
0
1
0
1
4
0
1
1
1
0
1
0
1
0
1
4
1
0
1
0
1
0
0
8
0
0
0
1
0
1
0
0
0
0
4
..514...
4..32..3
.3..5.21
3.6.52.6
4...41..
.66..2..
1
0
0
8
0
1
0
1
0
0
0
0
4
0
0
0
0
0
1
0
1
0
4
0
0
1
0
1
1
1
0
0
3
0
0
0
0
5
0
1
0
0
0
1
..514...
4..32553
.31.5.21
366652.6
4...411.
666..2..
0
0
5
1
0
0
0
0
0
5
0
0
0
19
0
0
0
5
0
0
4
..514...
4..32553
.31.5.21
366652.6
4...411.
666..2..
0
0
..514...
4..32553
.31.5.21
366652.6
4...411.
666..2..
0
0
0
5
0
0
1
0
1
0
0
1
0
0
0
1
0
1
0
0
0
0
0
4
0
0
0
1
16
0
1
0
