OK 1
1
1
1
1
2
1
45
1
1
0
0
1
0
1
41
.....3.
....3..
.32.3.2
2......
1......
.......
.......
1
1
1
1
1
0
1
1
0
1
1
0
6
.....3.
..3.3..
.32.3.2
2.....1
1..2...
.2.1...
.3..21.
1
1
1
0
0
1
1
1
1
0
1
8
1
.....32
3.333.3
.32.3.2
22..1.1
1..2...
.2.13..
.3..21.
1
25
1
0
1
0
1
0
1
1
1
1
0
9
19
..1..32
32333.3
.32.3.2
22..131
1..2...
12.133.
33..211
1
0
1
1
0
0
1
0
0
0
1
1
14
0
0
0
0
11
0
0
0
9
0
..1..32
32333.3
.32.3.2
22.3131
11.2...
12.1332
332.211
0
0
0
0
0
0
0
0
11
0
1
0
0
0
0
0
1
0
13
0
0
0
1
10
1
0
1
0
0
12
0
1
0
0
1
0
0
0
0
0
0
0
0
0
0
0
0
0
1
0
0
1
0
0
0
12
15
9
0
0
0
0
1
1
0
3.12.32
3232313
.32.3.2
2213131
11.2331
12.1332
332.211
0
0
8
0
0
0
13
0
0
8
1
3.12.32
3232313
.32.3.2
2213131
11.2331
12.1332
332.211
0
0
0
0
0
0
0
8
0
0
