OK 1
1
1
1
1
..2...1.
........
2.......
........
..1.....
0
1
1
1
1
1
0
0
1
1
0
1
2
1
..2.3.1.
35......
22......
......45
..1.1...
1
1
1
27
1
..253.1.
35......
226.....
......45
..1.1...
0
27
1
0
1
1
24
0
1
0
0
0
4
0
0
0
0
0
0
1
0
0
0
1
0
3
0
2
1
0
1
1
0
1
0
1
.4253112
354.....
2262.6..
.3...345
4.1.1...
0
1
17
17
1
1
1
.4253112
354....2
2262.6..
23...345
4.1.1..5
0
4
0
0
1
0
0
0
7
0
0
4
0
0
1
0
0
2
0
4
0
0
0
0
0
1
6
0
1
0
12
0
0
0
0
0
0
0
54253112
354....2
2262.6.5
23...345
461.1..5
0
0
0
0
0
0
0
0
0
0
1
0
1
0
0
0
3
0
0
0
0
4
0
1
0
0
0
0
0
0
0
