OK 1
0
1
1
1
1
1
.2....
......
....3.
.3....
......
2.....
.4....
......
1
1
1
1
1
1
1
37
1
0
0
0
37
1
1
1
0
4
0
1
0
1
0
1
3
31
1
1
.2....
.....1
..2.3.
13....
6.....
2.3.6.
542.46
16...3
1
0
11
0
0
0
0
0
1
1
0
0
1
26
0
.21..4
.....1
..2.3.
13....
6.3...
2.3.6.
542246
16...3
0
0
.21..4
.....1
..2.3.
13....
6.3...
2.3.6.
542246
16...3
0
1
1
1
1
0
0
0
0
0
.21..4
.....1
.22.3.
13....
633..4
2.336.
542246
16...3
0
0
1
0
1
0
0
4
0
0
0
7
6
0
1
1
1
1
0
2
0
0
1
1
0
1
0
0
0
8
0
1
1
0
0
5
1
0
0
0
0
0
0
0
0
0
0
0
7
0
0
5
1
0
0
5
0
0
0
0
0
0
4
0
0
0
0
0
0
0
0
7
0
0
0
0
0
5
0
0
0
0
0
0
0
7
0
0
0
0
0
1
