OK 1
1
1
1
1
1
1
1
1
1
0
0
1
2
1
1
0
0
1
1
1
34
0
.4215..
.1..3..
.....5.
2..413.
.......
2.4.5..
....2..
1
0
5
1
1
1
1
.4215..
.14.3..
...5.5.
2..413.
2......
2.435..
....2..
0
1
0
1
1
0
0
0
1
5
0
0
0
1
1
6
1
1
1
1
1
0
19
0
1
0
0
0
0
.4215.2
414.323
.515.5.
2.4413.
2.351..
2.435..
5...24.
0
0
0
1
0
0
1
1
0
0
17
0
0
0
1
0
0
1
0
0
0
1
0
0
14
0
0
0
1
0
0
0
1
11
1
0
0
0
0
0
0
1
1
1
0
0
0
0
0
0
13
0
0
.4215.2
414.323
.515454
2.44133
24351..
2543544
33..244
0
1
0
44215.2
414.323
.515454
2.44133
24351..
2543544
33..244
1
1
0
0
0
0
0
0
1
1
5
0
0
0
0
0
0
