OK 1
1
0
1
1
53
1
1
51
1
1
1
..2..5.
.5.....
......4
...62..
2......
.......
.......
...1...
1
1
1
1
0
0
1
1
..2.55.
.5.....
......4
...62..
2.3....
......5
..4....
.1.1.3.
1
1
0
1
39
0
1
1
1
1
1
0
1
33
1
0
1
..2.55.
.5.....
....524
55362..
2.3....
4.63..5
2.4..1.
61.1.3.
0
0
4
1
1
1
0
0
0
1
0
0
1
0
1
0
1
1
1
1
0
0
0
1
0
0
1
0
0
1
1
11
1
1
18
0
0
0
0
0
7
0
0
0
0
0
1
0
0
0
7
0
0
0
0
0
1
1
0
0
0
9
0
0
0
0
0
0
4
16
0
0
0
0
9
0
0
6
0
0
0
0
1
0
0
0
0
0
6
1
0
..2655.
35..6..
11.5524
5536242
2.16..3
4163.45
2.4441.
6111.35
0
0
0
0
0
0
0
..2655.
35..6..
11.5524
5536242
2.16..3
4163.45
2.4441.
6111.35
1
0
0
1
0
0
0
0
0
0
14
0
0
1
0
0
0
0
6
0
1
0
7
..2655.
35..663
11.5524
5536242
2.16..3
4163.45
2.4441.
6111.35
0
..2655.
35..663
11.5524
5536242
2.16..3
4163.45
2.4441.
6111.35
8
0
1
0
0
6
0
0
9
0
7
0
0
0
1
8
0
0
0
1
1
