OK 1
1
55
0
1
1
1
..3.....
......1.
....3...
.....2..
........
........
........
1
1
1
1
1
0
1
1
1
0
0
1
1
1
0
0
1
0
2
0
4
1
1
1
1
1
1
0
0
0
0
1
1
0
1
1
1
2133.31.
1....11.
133234.2
.2...2..
....41..
.4....41
.....4..
1
0
1
0
6
0
0
1
1
0
0
0
0
1
7
5
0
0
1
0
1
7
1
0
1
0
0
2133.31.
11...11.
13323412
.2..12..
33..41.1
.42..241
.....4.2
0
1
0
0
0
0
22
0
0
0
1
0
1
0
0
1
0
1
1
0
0
1
11
0
1
0
0
1
0
12
0
0
0
0
0
0
0
0
0
2133.31.
11..2121
13323412
221.124.
334.41.1
.42..241
.2...4.2
0
0
0
12
0
0
16
0
0
0
0
0
0
0
1
8
0
1
0
0
0
0
0
0
0
14
0
0
0
14
0
0
2133.31.
11.42121
13323412
221.124.
334.41.1
.42..241
22...4.2
1
1
2133.31.
11142121
13323412
221.124.
334.41.1
.42..241
22.1.4.2
0
1
0
0
0
0
0
1
0
0
0
0
0
1
9
0
0
0
1
0
0
2133.31.
11142121
13323412
2211124.
33424121
242..241
22.1.4.2
0
0
2133.31.
11142121
13323412
2211124.
33424121
242..241
22.1.4.2
0
1
17
0
0
0
0
0
0
1
