OK 1
1
1
1
1
1
.......
..2..1.
.......
...3...
.......
.......
.......
.......
1
1
1
1
.......
..21.1.
.......
3..3...
.......
.......
.......
1..2...
.......
..21.1.
.......
3..3...
.......
.......
.......
1..2...
0
0
0
3
.......
..21.1.
.......
3..3...
.......
.......
.......
1..2...
1
1
3
.......
..21.1.
.......
3..33..
......2
.......
.......
1..2...
1
1
1
1
1
42
1
1
1
..2....
..21.1.
1.1....
3..33..
..2...2
.......
.2..1..
13.2..3
0
0
39
0
1
6
1
0
1
1
8
0
0
1
0
1
1
..2....
3.21.11
1.12..2
3..33..
..2..22
.......
.2..12.
13.2..3
1
1
1
0
0
0
1
0
1
0
1
0
1
10
0
1
0
26
0
1
1
0
1
0
1
0
1
1
0
1
1
0
9
20
0
14
1
0
1
1
1
1
0
0
1
0
0
0
0
0
0
0
0
0
0
0
16
0
1
0
0
0
1.2..2.
3.21.11
1.12113
3.233.2
1123.22
23....1
121.123
13321.3
0
0
1.2..2.
3.21.11
1.12113
3.233.2
1123.22
23....1
121.123
13321.3
0
0
1
15
1
0
0
0
0
0
0
1
13
0
0
0
0
0
0
0
0
1
1
0
0
0
1
0
0
1
0
12
0
1
1221.2.
3.21.11
1.12113
3.233.2
1123.22
23..111
1211123
13321.3
1
0
0
0
10
0
0
0
0
1
0
0
0
1
16
0
0
0
1
1
1
0
0
0
0
0
0
1
0
1221222
3321.11
1212113
3.233.2
1123.22
232.111
1211123
13321.3
0
0
6
