OK 1
1
1
1
1
0
0
1
0
1
1
1
1
40
1
0
1
1
1
0
1
1
1
0
1
0
0
3
1
0
0
1
0
..5.224
.4...21
.1.....
..1..54
.12.3..
..22...
..2....
0
1
1
1
0
0
1
0
1
8
28
0
0
.45.224
.4..421
.1.1...
..1..54
.12.3..
..22...
..22...
1
0
0
5
0
0
1
1
3
0
0
0
0
0
2
1
0
0
.45.224
.4..421
.1.1.5.
..1..54
.12.3..
3.22...
..22...
1
1
1
23
0
1
0
1
0
21
0
.45.224
.4..421
.1.1.5.
..1..54
.12.32.
34221.2
..225..
0
1
0
0
0
0
1
.45.224
.4..421
.1.1.5.
..1..54
412.32.
34221.2
..225..
0
0
1
0
0
0
1
0
1
11
0
0
0
0
0
0
11
17
1
0
0
0
1
1
0
1
0
1
0
0
0
8
1
.45.224
54..421
.1.145.
2.1..54
412.321
34221.2
.2225..
5
0
1
.45.224
54..421
.1.145.
2.11.54
412.321
34221.2
.2225..
0
1
0
14
0
0
0
1
0
1
0
0
0
.45.224
54.3421
.1.145.
2.11.54
412.321
34221.2
12225..
0
1
1
0
0
0
1
0
9
1
0
0
1
0
0
0
9
0
0
4
1
