OK 1
0
1
1
1
2
1
1
1
1
1
1
1
3
1
0
46
1
0
1
0
1
1
0
1
0
1
1
6
0
1
6
1
1
0
1
1
1
0
8
34
0
1
33
33
0
0
1
1
0
9
1
1
1
0
0
1
1
1
1
1
1
0
0
0
0
1
0
24
0
1
11
0
1
0
1
0
0
11
21
1
0
0
1
0
20
1
0
0
0
1
18
0
0
1
0
0
0
0
1
0
0
13
0
0
0
0
0
0
1
15
0
1...231
3232.32
333..12
1.31212
23123.1
132...2
331221.
33...11
0
1
1
0
0
0
0
14
0
0
1
0
0
1
14
0
0
0
0
0
0
0
0
0
0
1...231
3232132
3333.12
2.31212
23123.1
132..12
331221.
33...11
0
1
0
0
1
0
0
15
0
0
15
1
0
0
0
1
1...231
3231132
3333.12
2.31212
23123.1
132.312
331221.
33.2.11
0
0
0
0
0
0
1
1
8
0
0
1
0
0
0
16
0
0
0
0
0
0
0
0
0
0
0
1
0
0
0
0
0
0
0
0
