OK 1
1
55
1
1
1
1
1
1
1
1
0
0
1
1
1
1
1
1
41
1
1
1
1
4
0
37
0
1
0
1
0
0
1
8
0
0
0
1
1
1
1
0
1
0
0
1
0
0
1
1
1
0
1
1
25
0
0
0
0
1
...3.22
44331.2
..223.1
2.42..4
.2..21.
.334...
31..41.
.4.331.
1
1
0
0
23
0
1
0
1
0
0
0
0
0
0
0
21
0
0
0
0
1
0
0
1
0
1
0
0
0
0
0
8
0
1
1
0
0
0
0
1
0
0
0
0
1
0
8
0
1
0
1
0
1
0
1
1
0
0
1213.22
4433132
..22331
2.421.4
42..21.
.334...
31..412
3413313
1
0
11
1
0
0
0
1213.22
4433132
..22331
2.421.4
42.2211
.334...
31..412
3413313
1213.22
4433132
..22331
2.421.4
42.2211
.334...
31..412
3413313
1
0
0
0
0
1
0
0
0
0
1
0
0
1
9
1
1213.22
4433132
.122331
2.421.4
4242211
.3342..
31..412
3413313
0
0
12
1213.22
4433132
.122331
2.421.4
4242211
.3342..
31..412
3413313
1
0
1
0
0
0
1
0
0
0
0
0
0
