OK 1
1
1
1
1
0
1
1
1
1
1
.....14
.......
..2.3..
....2..
.......
.......
1...3..
..4....
48
0
1
1
1
1
1
1
0
1
1
1
1
0
0
1
1
1
0
1
1
1
1
1
0
4
1
0
0
0
0
1
33
1
0
0
1
0
0
0
0
0
0
0
0
31
.....14
42.4.3.
.22.3.3
3.312..
4.42...
.......
1.3.3.1
124.3..
1
1
1
0
1
0
0
0
0
27
.....14
42.4.3.
.22.3.3
3.312..
4.42..3
..4....
1.33321
124.3..
0
1
11
1
0
8
0
1
0
1
0
1
1
21
0
1
0
20
0
1
.1.4.14
42.4.3.
.2243.3
3.3121.
4242.43
..4..23
1.33321
124.3..
0
.1.4.14
42.4.3.
.2243.3
3.3121.
4242.43
..4..23
1.33321
124.3..
0
9
0
0
0
1
0
0
0
0
0
0
0
0
11
0
0
8
0
0
1
0
0
11
0
1
1
0
10
1
1
0
0
0
1
0
0
0
0
7
0
0
0
0
0
1
0
11
0
1
6
1
0
0
0
0
0
0
0
0
10
0
0
5
0
11.4.14
42.4.3.
.2243.3
3331212
4242.43
..44.23
1133321
1241323
0
0
13
1
0
0
0
0
0
0
11.4.14
42.4.3.
.2243.3
3331212
4242.43
..44.23
1133321
1241323
0
0
0
0
11
0
0
11
0
1
0
0
0
0
11
