OK 1
1
1
1
1
1
1
0
1
57
1
1
1
0
1
1
1
1
50
1
1
1
1
3
1
0
0
0
1
1
0
1
0
1
6
1
1
0
1
0
1
0
38
1
1
0
4
1
1
0
0
0
1
0
1
1
0
0
32
0
32
0
0
1
0
0
0
0
0
1
1
0
1
8
0
0
0
0
0
0
0
29
0
1
0
0
0
0
1
0
0
0
1
6
1
1
0
0
0
1
0
0
0
0
0
0
0
0
23
0
0
0
0
0
1
1
0
0
0
1
0
0
0
0
0
0
0
0
0
0
0
0
0
0
0
0
6
0
0
0
6
0
0
1
1
0
0
0
0
1
0
..1433.5
5..32212
31...235
1.3334..
.415.53.
5.1..51.
4.145521
55.35241
0
0
0
0
1
0
10
0
0
0
0
0
0
19
1
18
1
0
1
0
5.1433.5
5..32212
31...235
1.3334.2
.415.53.
5.1.1514
4.145521
55.35241
0
1
0
0
0
0
0
0
0
0
1
0
0
7
0
0
0
0
1
15
0
