OK 1
1
1
1
1
1
1
1
1
1
1
55
1
1
1
1
1
1
1
48
0
1
1
0
1
0
1
1
1
0
1
1
1
0
1
1
5
0
1
6
39
1
0
0
1
0
1
36
0
0
6
1
0
0
1
0
1
1
0
32
0
0
1
0
0
1
0
0
0
0
1
0
0
1
0
0
1
0
0
0
0
0
0
1
1
1
0
0
0
0
0
0
1
0
0
1
0
0
12
0
1
0
1
0
1
0
0
8
0
1
0
4.1.162.
31..4.51
.6.1..62
.213..3.
..63.245
435...22
.2321..5
51.344.3
0
0
0
0
0
0
0
1
0
0
1
0
1
0
0
0
1
1
0
1
0
0
0
0
1
8
0
0
0
0
8
4.1.162.
313.4.51
56.14.62
.213.63.
..43.245
435..222
.1321..5
51.344.3
0
0
1
0
0
19
0
9
19
0
1
0
0
0
0
9
0
0
9
0
4.1.162.
313.4.51
56.14.62
.213463.
..43.245
435..222
.13214.5
51.344.3
0
1
0
0
0
1
0
0
0
16
0
0
0
0
0
0
9
0
0
0
0
0
1
1
0
0
451.1622
313.4.51
56.14.62
.2134636
..43.245
435..252
.13214.5
51.344.3
