OK 1
1
1
1
1
0
1
1
1
1
1
1
1
1
0
1
35
0
1
34
1
0
33
1
1
6
1
0
1
1
2.2....1
2..31...
..22..3.
.3..1.1.
...23.12
3.13....
0
1
1
1
1
1
0
1
9
0
1
0
1
0
0
0
1
1
0
1
1
0
1
0
1
0
0
9
1
0
12
0
0
0
0
1
0
0
0
0
1
1
0
0
0
0
2.2.3..1
22.3131.
..22.133
133.1.11
3.123312
3113.123
0
0
0
0
0
0
0
0
0
0
13
0
0
0
13
0
0
1
0
0
12
0
0
0
0
0
1
0
1
0
0
1
1
0
0
1
2.2.33.1
22.3131.
.1221133
13311311
3.123312
3113.123
0
0
0
0
0
8
0
0
0
0
2.2.33.1
22.3131.
.1221133
13311311
3.123312
3113.123
0
0
0
0
1
0
16
0
0
0
0
0
2.2.33.1
22.3131.
.1221133
13311311
33123312
3113.123
0
0
0
0
1
