OK 1
1
1
1
1
0
52
0
1
1
1
1
0
1
1
1
45
0
0
1
1
0
1
.1.42...
......31
...2....
....1...
...32...
........
.3.3221.
0
1
5
1
0
1
1
1
1
1
1
0
0
1
1
0
1
3
1
1
0
0
1
0
1
0
1
1
0
1
1
.1242.1.
.1..1.31
..321..4
...1144.
.2.321..
.4.2.3..
.313221.
0
11
0
1
1
0
0
0
0
1
23
0
0
1
1
0
1
7
1
19
0
0
1
0
18
1
17
0
0
0
41242.1.
.1..1231
.3321..4
.3.1144.
.22321.1
.4.2133.
4313221.
0
0
0
0
0
0
0
17
0
1
13
0
0
0
0
0
16
1
0
1
0
0
1
0
0
0
0
10
1
0
0
0
9
0
0
1
0
0
0
0
0
0
0
0
0
0
0
0
0
0
0
0
0
41242.1.
.1..1231
.3321.14
.3.11444
.22321.1
3432133.
43132214
0
0
9
0
0
0
11
0
0
0
0
0
12
0
0
9
