OK 1
1
1
1
1
1
1
1
1
2
56
1
1
1
1
1
1
1
1
1
1
1
1
1
0
1
1
0
0
1
1
0
1
1
0
1
.214.1.5
2.3.5.2.
....1...
2...63..
..2...34
..221.5.
....411.
3.3.....
0
0
39
1
1
1
1
0
1
0
0
1
0
0
1
32
1
0
1
30
1
0
29
1
0
10
1
1
0
1
6
1
1
0
0
1
0
1
0
0
0
1
0
0
1
0
0
4
0
3
0
0
0
0
1
0
20
1
0
3
0
0
1
19
0
0
0
1
0
0
0
0
0
1
1
0
0
17
0
0
1
0
0
0
1
0
0
0
1
0
0
0
14
0
1
42141145
22315622
344416..
24.56314
1.2.4334
35221.41
.12.4112
353.....
1
0
6
1
0
0
0
12
1
0
1
42141145
22315622
344416..
24.56314
1.2.4334
55221.41
.1254112
353.....
0
0
0
0
0
1
0
11
0
7
0
0
11
0
7
0
1
10
1
0
1
0
0
0
0
1
0
0
0
8
0
0
1
0
1
0
0
0
0
0
0
0
0
0
1
0
0
12
0
0
7
0
0
0
0
0
0
0
0
0
0
0
0
7
0
0
0
0
0
7
22141145
22315622
344416..
24.56314
16254334
55221141
.1254112
35314...
0
0
