OK 1
1
48
1
1
1
1
...1...
.......
.......
3......
.......
.......
.2.....
1
1
1
1
...1...
..6....
.......
3.....5
....4..
..4....
.2.....
1
0
1
0
1
1
1
1
1
1
1
34
2
1
0
1
1
1
1
29
1
1
1
1
1
1
2..115.
..6.5..
..63...
3261345
..5.413
.54....
.214.5.
1
1
0
1
0
0
0
0
0
1
0
0
1
0
0
1
1
0
6
1
0
0
1
0
1
0
1
0
7
0
1
0
0
0
0
14
0
0
0
14
0
0
1
0
1
0
0
0
0
1
1
0
0
1
0
0
5
1
0
0
0
1
0
1
0
0
0
0
1
0
0
0
0
0
0
0
7
0
0
1
0
0
7
0
0
0
0
0
0
0
0
0
0
0
1
0
0
26.115.
..65565
.1651.6
3261345
4.52413
.54.464
.214252
0
0
26.115.
..65565
.1651.6
3261345
4.52413
.54.464
.214252
0
6
1
1
26.115.
..65565
.1651.6
3261345
4.52413
.54.464
3214252
0
9
0
0
0
0
0
26.115.
..65565
.1651.6
3261345
4.52413
.54.464
3214252
0
0
0
7
0
0
6
