OK 1
1
1
1
0
0
1
1
1
1
1
42
3.....
......
.11...
...1.2
...4..
......
......
......
1
0
3.....
......
.11...
...1.2
...4..
......
......
....4.
0
1
0
3
0
0
1
0
3.....
......
.11...
...1.2
.3.4..
......
....3.
....4.
0
0
1
1
1
0
4
0
1
1
0
1
34
0
1
0
33
0
0
3.....
......
.11...
...1.2
.3.4..
42..1.
4..43.
....43
1
0
1
1
1
0
0
0
0
1
0
0
1
1
0
0
1
1
0
0
0
0
0
1
0
3..1..
.1....
.11..3
.3.122
.3.4.3
42.11.
44143.
....43
0
0
1
0
0
1
1
0
0
1
1
20
1
1
1
0
0
1
0
4
0
0
7
0
4
0
0
7
0
1
0
0
9
1
0
0
1
16
1
0
4
0
1
0
1
0
0
0
0
0
0
0
0
0
1
0
0
0
0
0
0
3..133
.14..3
111.13
.3.122
13.413
424113
44143.
2...43
0
0
0
0
0
0
0
1
0
0
0
1
0
0
3..133
414..3
111.13
.3.122
13.413
424113
44143.
2...43
0
0
0
0
