OK 1
1
1
1
1
1
38
1
1
1
1
..2...
.2.4.1
.5....
......
......
.4....
.53...
0
0
1
1
0
1
1
1
1
1
0
1
0
1
0
1
4
1
0
0
0
1
3
0
1
1
0
4
0
..245.
.2.431
25....
5....1
.1...4
.4433.
.53..4
1
1
0
0
1
0
1
0
0
0
0
1
0
0
0
1
7
0
1
1
0
1
15
0
0
0
0
0
0
0
0
4
0
0
0
0
0
1
0
1
5
1
0
7
1
1
0
0
0
5
0
0
0
0
.2245.
32.431
2533..
5..121
.14.54
24433.
153..4
.2245.
32.431
2533..
5..121
.14.54
24433.
153..4
0
5
1
1
10
0
1
0
0
0
0
1
0
1
0
0
0
0
0
0
0
1
0
0
0
0
22245.
32.431
2533.1
522121
414.54
24433.
153..4
0
0
1
0
0
0
