OK 1
1
0
1
1
1
1
1
1
1
1
0
1
1
1
1
1
43
1
0
7
1
1
5
0
0
1
1
0
39
0
0
0
0
0
1
4.43.33.
......2.
.31.31..
1....1.1
..3.343.
........
........
1
38
1
0
0
1
37
4.43.32.
......2.
.31.31..
1....1.1
..3.343.
.......4
.......1
1
1
35
0
1
1
0
0
0
0
1
1
0
8
32
0
1
1
1
0
0
8
29
0
4.43.322
2.....2.
.31.31..
1....1.1
..32343.
...23314
....1..1
1
0
1
27
1
1
0
0
0
0
1
0
0
0
4.431322
2.....2.
.31.314.
1...31.1
..32343.
...23314
....1..1
0
0
1
0
0
0
0
0
25
1
0
0
10
1
0
0
1
0
0
23
1
0
0
1
0
4.431322
2.....2.
.3413142
1...31.1
..32343.
..223314
3...1..1
0
1
0
1
1
0
1
0
1
0
18
0
0
0
1
0
0
0
0
17
0
0
42431322
2.....2.
.3413142
1..131.1
..32343.
.2223314
34.41..1
0
0
0
0
17
1
1
9
0
1
0
1
0
13
0
0
9
0
0
0
0
0
0
13
11
0
0
13
0
1
0
1
1
0
0
0
0
0
0
0
0
1
0
10
