OK 1
1
1
1
1
1
1
1
57
0
1
1
1
0
1
1
1
1
4
1
1
1
1
1
48
1
1
1
0
1
1
1
42
1
1
1
1
1
5
0
37
1
1
0
0
1
1
1
0
0
32
1
1
0
1
1
0
0
28
1
27
...413..
22.3.3.3
33.242..
3.134.2.
2.11343.
3.1...42
2142..3.
22.3.3..
1
0
1
0
0
0
...413.4
22.3.3.3
33.242..
3.134.2.
2.11343.
3.1...42
21421.3.
22.3.3..
0
0
1
...413.4
22.3.3.3
33.242..
3.134.2.
2.11343.
3.1...42
21421.3.
22.3.3..
0
0
0
0
...413.4
22.3.3.3
33.242..
3.134.2.
2.11343.
3.1...42
21421.3.
22.3.3..
1
1
0
23
0
0
...413.4
22.3.3.3
33.242.4
3.134.2.
2.11343.
341...42
21421.3.
22.3.3..
23
1
1
0
...411.4
22.3.3.3
33.242.4
3.134.2.
2.11343.
341...42
21421.3.
22.3.3..
0
1
1
1
10
0
0
0
0
0
1
1
1
0
3..411.4
22.3.333
332242.4
3.134.2.
2.11343.
341...42
21421.34
22.3.3..
0
0
1
9
0
0
0
0
0
0
0
0
0
1
0
0
0
0
0
0
0
0
16
0
10
0
0
0
0
1
0
0
0
0
1
0
0
0
0
0
0
1
0
0
0
0
0
0
14
0
0
0
0
0
14
0
0
1
1
0
0
9
0
0
1
12
0
0
0
0
1
11
0
0
0
0
0
0
0
0
0
0
0
0
0
1
0
1
0
0
10
0
0
0
0
0
0
