OK 1
1
0
1
1
1
2
52
1
......3.
........
........
........
3.......
..2.1...
..1.....
1
1
1
1
0
1
1
1
1
4
0
1
1
42
1
......12
........
.....3..
......2.
3.23.2..
1.2.131.
3.1.....
1
1
1
0
1
1
0
1
1
1
0
1
0
0
10
1
0
1
1
1
1
1
1
0
0
26
0
1
0
0
1
0
1
13
1
1
0
0
0
23
1
0
11...112
.2...2.1
1.22.32.
..2..12.
3.23.23.
122.1312
3.1312.3
1
0
0
1
1
0
0
11...112
.2...2.1
1.22132.
..2..12.
3223.23.
122.1312
3.1312.3
0
0
0
0
0
0
1
0
0
0
1
18
1
13
0
0
1
0
0
0
16
1
1
0
0
0
0
0
0
16
0
0
0
0
15
0
0
0
0
0
0
14
0
0
0
0
0
11...112
.2...2.1
1.221321
322..121
3223.23.
122.1312
33131233
0
0
0
0
0
0
0
0
0
15
0
0
0
0
0
0
0
0
0
14
0
0
0
1
0
0
0
0
0
0
0
0
0
0
0
0
0
0
0
0
0
1
0
1
0
0
0
0
0
0
0
0
1
0
0
0
0
0
