OK 1
1
1
54
0
1
1
1
1
1
0
1
1
1
1
1
1
1
1
1
1
1
1
0
0
1
5
1
0
1
1
6
1
0
0
0
1
0
1
0
1
0
0
1
0
1
1
28
1
0
1
0
0
9
6
0
1
25
0
1
10
1
0
0
0
0
1
0
0
1
1
0
0
0
1
0
1
1
7
1
0
43232143
2.1.1..2
443.13.3
43....31
.333441.
....21..
1132124.
0
8
1
0
0
0
0
1
1
0
0
0
1
0
1
1
15
1
43232143
3.1.1412
44321313
43.2..31
.333441.
....21..
1132124.
0
0
0
1
0
1
0
0
0
0
43232143
3.111412
44321313
43.2..31
3333441.
....21..
1132124.
0
0
1
0
0
0
0
0
11
0
0
11
0
0
0
0
0
0
0
0
1
0
0
43232143
34111412
44321313
43.2..31
3333441.
.4..21..
1132124.
0
0
0
0
1
0
0
0
0
0
0
0
1
0
8
43232143
34111412
44321313
43.2.131
3333441.
.4..21.1
1132124.
0
11
0
1
0
0
0
0
1
0
0
