OK 1
1
47
1
1
1
1
0
1
1
0
1
0
1
2
1
1
0
1
1
1
0
6
1
.....2
3.....
...2.3
..3.1.
1.....
1.32..
2.1.3.
3.....
0
0
1
1
1
1
1
5
0
1
6
0
1
1
0
0
1
1
0
0
6
0
25
1
0
0
1
1
0
0
0
1
0
0
0
1
0
1
0
.....2
3..3..
.33223
..311.
12.333
1.32..
221231
311..1
1
18
1
17
1
16
0
1
0
0
0
.....2
3..332
.33223
..311.
12.333
1.32..
221231
311.11
0
0
0
0
1
0
1
0
0
15
1
1
0
0
0
0
1
0
0
10
0
0
13
0
0
0
0
0
0
2....2
32.332
.33223
..311.
12.333
1.32..
221231
311.11
1
1
0
1
0
0
0
0
1
0
0
2..1.2
322332
.33223
..311.
12.333
1.32..
221231
311211
0
0
11
2..1.2
322332
.33223
..311.
12.333
1.32..
221231
311211
0
0
0
0
11
0
0
0
1
0
0
1
11
0
0
0
0
11
0
0
1
0
0
