OK 1
1
1
1
1
1
51
1
1
1
1
1
1
1
1
1
1
1
1
1
1
4
1
6
1
0
0
0
0
1
1
1
1
0
0
1
0
1
1
1
1
1
1
0
0
1
0
1
0
1
0
0
1
1
1
0
0
0
0
22
0
0
0
22
0
1
0
0
0
7
22
0
1
12
0
0
.1...1.
24134.2
..11124
.2.232.
1.2.133
...41..
1.31.22
3.44314
0
0
0
0
0
0
0
1
0
0
0
0
0
.1...1.
24134.2
..11124
.2.232.
1.24133
...41..
1.31.22
3.44314
0
20
0
1
0
0
1
9
0
0
0
0
1
0
19
.1...1.
2413442
..11124
.2.232.
1.24133
...41..
1.31.22
3.44314
0
0
0
0
1
1
0
1
0
0
0
0
0
0
1
1
0
1
0
0
0
1
1
0
1
11...1.
2413442
1.11124
324232.
1.24133
..341..
1131222
3.44314
0
9
0
0
0
0
11...1.
2413442
1.11124
324232.
1.24133
..341..
1131222
3.44314
12
1
0
0
9
1
0
0
1
0
0
0
0
1
1
0
0
0
11...1.
2413442
1.11124
324232.
1224133
3.341.3
1131222
3.44314
0
0
11...1.
2413442
1.11124
324232.
1224133
3.341.3
1131222
3.44314
0
11...1.
2413442
1.11124
324232.
1224133
3.341.3
1131222
3.44314
0
9
0
0
0
0
0
0
10
0
0
11
0
0
0
10
0
0
11...1.
2413442
1.11124
324232.
1224133
3.341.3
1131222
3.44314
0
0
0
0
0
0
0
0
0
