OK 1
1
1
47
1
1
1
1
0
1
1
1
1
1
2
1
1
1
1
1
1
1
1
0
1
1
1
..5....
.1.....
...342.
..1...2
165.6..
645432.
..2.334
0
1
1
5
0
0
1
0
0
0
25
1
1
1
0
1
1
0
1
.55.5..
.132.6.
...3421
..1...2
16556..
645432.
1.2.334
0
0
1
0
0
0
1
0
1
.55.53.
.132.6.
5..3421
..1..62
16556..
645432.
1.2.334
0
0
1
0
0
0
0
0
0
0
0
1
.55.53.
.132.6.
5..3421
..1..62
16556.2
645432.
1.2.334
1
0
7
0
1
0
0
0
0
1
1
0
0
0
1
0
0
0
3552535
.132.6.
5..3421
1.13.62
16556.2
645432.
1.2.334
0
0
3552535
.132.6.
5..3421
1.13.62
16556.2
645432.
1.2.334
1
0
0
0
0
0
0
0
0
1
0
0
0
1
0
9
0
0
1
0
0
0
1
0
9
0
1
0
0
0
0
0
0
0
0
0
0
0
0
0
0
7
1
8
0
0
1
0
0
0
0
0
0
0
3
