OK 1
0
0
1
0
1
1
1
1
0
1
1
1
1
1
1
1
1
1
0
0
5
1
0
3
0
0
1
40
0
1
0
0
0
1
1
1
36
0
0
0
0
0
1
0
0
1
1
1
1
0
0
33
1
32
0
0
0
6
1
14
1
1
0
0
0
0
0
6
1
1
0
0
0
8
0
1
2..2..2
22..2.3
213..32
12.22.3
3..2..1
..211..
..1..33
212...3
1
0
2..2..2
22..2.3
2132.32
12.22.3
3..2..1
..211..
..1..33
212...3
0
25
1
0
0
0
0
0
1
2..2..2
223.2.3
2132.32
12.22.3
3..22.1
..211..
..1..33
212...3
0
1
0
0
0
0
0
0
0
0
0
8
0
1
18
0
0
0
1
1
1
0
1
0
0
0
0
0
0
1
0
0
21.2..2
223.223
2132232
12.22.3
3..22.1
3.211..
..13.33
212.2.3
20
0
1
0
0
0
8
1
0
0
12
0
0
0
0
0
0
16
0
1
0
21
0
0
0
0
0
0
0
0
21
0
0
1
1
0
0
1
0
0
21.2..2
223.223
2132232
12.2233
3..2231
3.211..
2.13.33
212.2.3
0
0
0
1
1
0
13
21.2.12
223.223
2132232
12.2233
3..2231
3.211..
3.13.33
212.2.3
0
13
0
21.2.12
223.223
2132232
12.2233
3..2231
3.211..
3.13.33
212.2.3
