OK 1
1
1
1
1
1
1
1
1
1
1
1
...2....
25...3..
....1...
.2....1.
...2....
........
...5....
4.......
1
1
52
1
1
1
5
1
1
0
1
1
0
1
0
1
1
1
1
1
1
0
1
0
1
1
1
1
1
1
0
1
0
4
0
34
1
1
1
0
1
1
1
1
0
0
...25.22
25...32.
1.3.12.4
52..3214
5..2..3.
.5.2..54
.145.4.4
4..3.512
0
0
0
0
1
8
...25.22
25...32.
1.3.12.4
52..3214
5..2.43.
.5.2..54
.145.4.4
4..3.512
0
...25.22
25...32.
1.3.12.4
52..3214
5..2.43.
.5.2..54
.145.4.4
4..3.512
0
0
1
1
0
0
0
0
0
0
0
0
0
25
1
1
0
0
1
1
1
0
1
0
0
21
0
1
0
21
0
0
0
1
0
0
0
13
...25.22
25...32.
1.3512.4
52.23214
4..2.43.
2542.454
.1454414
4..3.512
1
0
0
0
0
0
0
0
1
0
0
13
0
0
0
0
0
1
1
0
0
0
0
0
0
7
17
0
0
0
1
0
0
0
0
0
1
1
0
15
0
1
14
1
0
0
0
0
1
0
1
0
0
0
1
0
1
0
0
1
1
0
0
0
0
0
0
0
7
0
0
