OK 1
1
1
0
1
1
...1...
.......
.......
.......
.......
..3....
.....2.
1
1
...1...
.......
.......
..4....
.4.....
..3....
.....2.
1
1
42
1
1
1
1
1
0
1
0
3
0
0
1
3
1
35
1
0
1
1
1
0
1
1
1
0
1
0
1
1
0
1
1
1
0
0
1
1
0
0
0
0
1
1
0
1
0
.241331
2.1.3..
..321.4
2142.1.
.44.44.
2.3.31.
.34..32
0
0
0
0
0
1
1
0
1
1
0
1
0
0
0
0
0
0
0
1
0
0
0
0
0
0
0
7
0
0
0
1
0
0
0
0
0
0
0
0
0
0
0
0
0
0
0
0
1
13
0
0
.241331
2.1.3.3
2.321.2
2142311
.44.44.
2.3.31.
3342.32
0
1
0
13
0
0
1
12
.241331
2.1.3.3
2.321.2
2142311
.44.44.
2.3331.
3342.32
1
.241331
241.3.3
2.321.2
2142311
.44.44.
2.3331.
3342.32
0
0
0
0
0
0
0
0
0
0
0
12
0
0
