OK 1
1
1
0
1
0
1
1
1
1
1
1
0
1
1
3
0
1
3
3
1
0
1
1
1
0
6
1
1
32
1
1
......
1....3
..32..
...2.3
2.2...
.....3
211.13
.1313.
1
1
0
0
1
0
1
1
1
0
1
1
0
0
0
1
....1.
1.2..3
..323.
23.213
2221..
...1.3
211.13
.1313.
0
0
1
1
0
0
0
0
....1.
1.2..3
..3233
233213
2221..
...1.3
211.13
.1313.
0
0
19
0
0
0
0
0
0
0
0
0
8
1
0
0
0
1
0
0
0
0
1
0
9
17
1
0
1
0
0
0
0
13
15
....12
1.2..3
2.3233
233213
22213.
.3.1.3
211.13
.1313.
0
0
0
0
0
0
0
0
0
1
0
1
11
0
0
0
0
0
0
1
0
0
0
0
0
0
0
0
11
1
0
1
1
0
1
0
0
13
..3.12
1.22.3
2.3233
133213
222131
.3.133
211.13
213131
0
0
0
0
0
..3.12
1.22.3
2.3233
133213
222131
.3.133
211.13
213131
0
1
0
0
0
0
0
0
0
0
0
1
0
0
1
0
0
8
0
0
0
13
0
1
0
0
1
