OK 1
1
1
1
1
2
1
0
1
0
1
1
1
1
1
0
3......
..5....
..3....
....14.
1......
2......
2......
2
1
1
1
3......
..5.4..
..3....
....14.
1......
2.46...
2......
1
0
1
3
0
0
1
1
1
1
3
1
1
4
1
1
0
1
5
0
3..4...
1.5.4.6
..3.5..
...214.
12.6.2.
2.46.4.
2....1.
1
0
1
1
0
25
0
0
5
0
1
24
1
0
0
1
22
0
0
0
3
0
0
1
1
0
1
4
0
1
0
0
5
0
0
0
1
0
1
36.4...
1.5.4.6
.135536
...2146
12.6.22
2.36.4.
22..31.
1
0
0
7
0
1
1
0
0
1
0
0
17
0
0
1
1
1
15
0
0
0
0
0
0
1
6
0
0
36.4...
165.456
.135536
...2146
12.6.22
2.36.4.
2256315
1
0
0
0
0
13
0
0
13
0
0
13
0
1
0
0
0
1
0
0
0
12
0
12
1
1
0
0
1
1
6
0
0
0
0
0
7
1
0
0
0
0
0
7
