OK 1
1
1
0
1
.......
3...2..
.......
.......
..2....
.......
.......
.......
1
0
1
0
1
1
1
1
1......
31..2..
....2..
.......
..2....
....3..
..2....
.1.....
1
0
1
1
0
0
0
44
0
1
1
1
0
1
1
1
1
0
1
1
1
0
1
0
6
1.33.2.
31..2..
2...21.
2..3...
..21...
.3..3..
.22..12
11.1...
1
1
0
0
1
1
0
0
1
1
1
1
1.33.23
31..2..
2.1.21.
23.31..
..21..1
.3.23..
.22..12
11.1...
0
0
1
0
1
0
0
1233.23
31..2..
2.1.213
23.31..
..21..1
.3.23..
.22..12
11.1...
1
0
1
1
0
22
1
0
1
1
0
1
0
0
0
1
1
0
0
0
0
0
1
18
0
1
0
0
0
0
0
1
0
0
1
1
1
0
0
0
0
0
0
0
0
1233.23
313.222
2313213
23.31..
3.211.1
23.231.
2221212
11.2...
0
1
1
0
0
11
0
1233.23
313.222
2313213
23.31.2
3.211.1
23.231.
2221212
11.23..
0
0
0
0
0
0
0
0
0
11
0
1
0
0
0
0
0
0
1
0
9
1
0
0
0
0
8
1
0
0
19
0
0
0
8
0
0
15
1233.23
313.222
2313213
23.3112
32211.1
23.231.
2221212
11.233.
0
0
0
0
0
0
1
1
0
0
1
0
0
1
0
0
0
1
0
0
