OK 1
1
1
1
1
1
0
1
1
1
1
1
1
0
2
0
1
1
1
1
1
0
0
1
0
1
25
..1.4.
...6.1
5....3
..6.2.
..11..
.325.3
.11..2
1
1
0
0
1
0
1
0
1
0
1
0
1
1
0
1
0
0
1
0
1
..1.43
...6.1
5.36.3
266.26
5.111.
.325.3
.116.2
0
1
0
1
1
1
0
0
0
1
0
0
1
0
0
0
0
0
1
0
7
0
0
1
1
1
0
1
1
0
1
9
1
1
2.1.43
5136.1
5536.3
256226
5.111.
332533
.116.2
0
8
0
1
0
0
7
0
7
0
0
0
0
0
0
0
0
1
1
0
0
0
0
7
0
0
1
0
0
0
7
0
0
1
0
0
2.1.43
5136.1
553653
256226
5.111.
332533
2116.2
0
0
0
1
0
0
2.1.43
5136.1
553653
256226
5.111.
332533
2116.2
0
0
0
0
0
0
0
