OK 1
1
1
......
......
.2....
......
..1...
......
......
......
1
......
......
.2....
......
..1...
...4..
......
......
1
1
0
1
1
1
1
1
2
0
1
4
0
0
1
1
1
0
2
1
34
1
1
0
1
0
0
31
1
0
0
1
10
...31.
..3...
.2...2
.1...2
.3142.
.1.4.2
..2..3
3.3.3.
0
1
...31.
..3...
.2...2
.1...2
.3142.
.1.4.2
..2..3
3.343.
1
0
0
0
0
3
0
0
0
8
1
4
1
0
1
1
0
0
0
0
5
0
0
0
1
0
0
...31.
..3...
.2...2
.1...2
23142.
.1.412
.42..3
323434
0
11
0
0
0
1
1
0
0
0
1
6
0
0
1
6
1
0
0
0
0
1
8
0
1
7
1
0
0
0
0
0
0
0
1
16
0
0
1
0
.2.31.
1134..
42..42
.1...2
231422
.11412
.42..3
123434
0
1
1
0
0
0
13
0
1
0
0
7
1
0
6
0
0
0
0
1
0
1
4
1
0
0
1
0
0
0
0
1
0
0
0
0
0
1
0
0
0
0
0
7
0
0
0
0
0
0
0
0
.2.311
1134..
42.342
.1.412
231422
.11412
2422.3
123434
