OK 1
1
1
47
1
1
1
1
1
1
1
42
1
1
1
1
1
1
37
1
1
1
1
1
1
0
0
0
1
0
1
1
1
1
0
1
0
1
1
1
0
0
0
0
0
0
0
1
1
0
0
0
0
6
0
22
1
0
0
0
0
1
9
0
0
1
0
0
0
0
0
1
1
0
1
0
0
1
0
0
1
0
8
0
0
4.33.2.2
1.24133.
4.3411..
..232.41
2341.4.2
4...4314
0
0
0
0
0
1
1
1
1
0
1
0
0
1
0
8
0
0
0
0
0
0
0
0
0
11
0
0
1
0
0
0
0
4.3342.2
1124133.
4.341113
..212.41
2341.4.2
4..24314
0
0
0
0
0
0
1
0
0
8
0
0
0
10
0
0
1
0
0
4.3342.2
11241332
4.341113
..212.41
2341.4.2
4.424314
0
1
9
0
1
13
0
0
0
0
433342.2
11241332
4.341113
.4212.41
2341.4.2
4.424314
0
9
0
