OK 1
1
1
1
2
1
1
2
1
1
1
1
1
0
1
0
38
0
0
1
1
1
1
1
1
1
1
0
1
0
0
1
0
1
0
0
.1..3.
4..24.
4..343
2..32.
.11...
234.42
....3.
3.....
0
1
0
0
.1..3.
4..24.
4..343
2..322
.11...
234.42
....3.
3.....
0
0
1
1
1
0
1
22
0
0
0
1
1
0
.1..3.
4..24.
422343
2..322
.1123.
234.42
1...3.
3...1.
0
0
20
1
0
0
1
0
0
0
0
1
7
0
0
0
0
1
17
1
0
1
9
0
0
0
0
1
0
10
0
1
0
0
1
11
0
9
13
.1..34
4..24.
422343
2..322
11123.
234142
12..34
3..213
0
0
0
0
.1..34
4..24.
422343
2..322
11123.
234142
12..34
3..213
0
1
9
0
0
0
0
9
1
0
0
0
1
11
0
0
0
0
11
11
0
0
0
11
0
0
9
0
0
0
0
41..34
4..24.
422343
2..322
11123.
234342
12.334
3..213
1
0
1
0
9
0
0
9
0
411234
4..24.
422343
2..322
11123.
234342
12.334
3..213
0
0
0
1
0
0
0
0
0
11
0
1
8
0
1
0
0
8
