OK 1
1
1
1
1
0
1
1
1
1
32
0
0
1
1
1
1
1
1
.....
.1.2.
.....
112.4
...55
.3...
11...
..53.
1
2
1
0
1
25
0
0
1
0
0
0
1
0
0
0
0
1
3
.....
.1.2.
.....
11254
.4.55
.3.4.
11...
.353.
0
0
0
0
0
1
1
22
0
0
22
0
0
0
1
1
0
0
0
0
0
1
3
4..3.
.1.24
.....
11254
.4.55
.3.4.
11...
.3532
1
1
0
5
1
0
0
1
0
0
0
7
0
16
0
1
15
4..3.
.1.24
...3.
11254
54.55
13.42
11...
.3532
0
0
0
4..3.
.1.24
...3.
11254
54.55
13.42
11...
.3532
0
0
0
0
0
0
0
0
0
0
0
1
0
0
4..3.
.1.24
...3.
11254
54.55
13.42
11...
.3532
0
0
0
1
1
0
0
0
0
1
7
0
4
0
0
5
0
1
1
0
0
0
0
0
0
44.3.
.1.24
5..3.
11254
54.55
13542
111..
.3532
0
0
0
0
6
0
1
