OK 1
1
1
2
1
1
1
1
1
1
0
1
1
1
1
1
1
1
1
1
1
1
47
1
1
1
1
5
0
1
0
1
1
0
0
2
0
0
6
1
1
1
1
0
0
0
0
38
0
0
1
1
1
0
1
0
1
1
0
0
1
0
0
0
1
0
1
0
0
10
.15.3.5.
3.3..442
21.22.31
32.1111.
5...2.42
.5.33.4.
..1.....
33....53
1
1
1
0
1
1
0
1
0
25
1
1
0
0
1
.15.3.5.
3.3.4442
21122431
32.1111.
5...2.42
.5533.4.
.214....
33..4.53
1
0
11
1
0
0
21
0
0
0
0
0
1
0
0
0
0
0
0
1
7
0
0
1
0
0
1
1
0
1
1
0
0
1
1
16
0
0
0
0
10
0
0
0
1
0
1
10
0
0
0
1
0
0
0
0
0
1
0
0
1
0
0
0
0
1
0
0
0
13
14
0
0
0
0
.15.3.53
143.4442
21122331
32411115
5..52142
.5533.41
.2143...
33..4353
1
0
1
0
0
0
13
0
0
0
1
0
0
9
12
0
0
8
12
1
0
9
0
1
0
0
9
0
.1533.53
143.4442
21122331
32411115
5..52142
15533141
.2143...
33.24353
0
1
0
0
0
0
9
0
0
0
0
0
0
0
0
1
1
0
1
0
0
9
0
0
8
0
0
0
0
14
7
