OK 1
1
1
1
1
1
1
1
1
0
1
1
..4..2
......
....1.
.43...
......
......
5....5
......
1
40
1
0
0
0
2
1
1
0
2
1
0
1
0
1
1
0
0
1
1
1
0
1
1
0
0
1
29
..4.52
5.....
...51.
.4313.
......
4..3..
5..145
...253
1
1
1
1
5
1
1
0
1
0
0
0
0
1
0
1
1
0
1
1
1
0
0
1
0
0
0
0
1
1
1
0
1
1
15
0
1
0
1
7
0
0
0
3.4.52
53....
.31512
44313.
4..3.3
412351
5.2145
.12253
0
1
1
0
0
0
0
0
0
1
0
0
3.4.52
534...
.31512
44313.
4..343
412351
5.2145
.12253
0
0
0
11
0
1
3.4.52
534...
.31512
44313.
4..343
412351
522145
.12253
0
1
0
0
0
7
1
0
0
0
9
0
0
0
0
0
0
0
1
0
0
0
0
1
0
0
0
0
0
0
0
0
0
0
9
3.4.52
5345..
531512
44313.
4.4343
412351
522145
.12253
0
7
0
0
0
0
0
0
1
0
0
