OK 1
1
55
0
1
1
1
1
1
1
1
48
1
0
1
1
0
1
1
.......
..4.5..
...3.3.
.4.....
...5...
1...4..
.4...21
.....1.
0
0
1
1
1
1
1
40
1
1
0
0
0
1
4
1
1
1
0
0
4
0
1
0
1
1
0
0
0
31
0
0
0
0
0
0
0
0
1
1
0
0
0
30
1
0
4
0
0
30
1
1
0
0
0
1
1
0
5
0
1
27
0
1
0
0
1
25
1
0
6
1
0
1
0
0
5
0
1
...53.3
1.455.1
..43231
.4.1511
1425...
1.1.4..
4452.21
....11.
0
1
0
1
0
0
0
0
0
0
0
0
0
0
4
0
0
21
0
1
0
0
0
0
...53.3
15455.1
..43231
.4.1511
14255..
1.1.41.
4452.21
....11.
1
0
7
0
0
0
0
0
0
0
1
18
0
0
0
0
0
0
0
0
0
0
...5333
15455.1
..43231
.4.1511
14255..
1.1.41.
4452.21
...411.
1
0
0
0
0
0
0
0
8
0
0
0
0
1
0
1
0
0
0
0
0
0
0
1
1
0
1
0
1
..45333
1545541
.543231
.4.1511
142551.
111.41.
4452.21
3..4112
0
0
6
11
0
0
0
9
1
0
1
9
0
6
0
0
10
0
0
0
0
1
1
