OK 1
0
1
1
1
0
1
1
0
1
1
2
0
1
1
1
1
1
38
..46..
4.....
......
......
2...5.
...2..
55.5.6
......
0
1
1
0
1
0
0
0
1
1
0
1
1
.446..
4.....
......
.2...6
2...51
...2..
55.5.6
..2..6
0
1
1
1
29
0
1
1
1
0
1
1
0
1
0
0
0
0
0
0
0
0
1
0
1
0
1
.4466.
43....
..5..2
421.36
2.3.51
..22..
55.5.6
..26.6
0
1
0
0
1
20
1
0
0
1
1
0
1
0
0
0
1
0
0
15
0
3
0
0
0
15
0
0
1
0
15
1
0
1
0
0
1
0
8
1
1
0
0
0
0
0
1
1
0
1
0
0
0
0
0
1
1
0
0
0
0
0
544663
43....
115.42
421136
263251
2222..
55.556
5.2636
0
9
0
0
0
0
0
9
544663
43....
115.42
421136
263251
2222..
55.556
5.2636
0
9
0
1
0
0
8
