OK 1
1
1
1
1
1
1
36
1
1
1
0
1
1
0
0
1
1
30
1
0
1
1
0
0
0
1
4
0
1
7
1
0
1
1
1
1
9
0
1
0
1
0
0
9
0
1
0
17
1
0
1
1
0
1
0
1
1
1
1
0
0
0
1
0
5
0
1
1244.
11.41
.2433
22.14
42233
..441
.23..
222.2
0
10
0
0
1
0
0
1
1
0
0
0
0
0
0
11
0
0
0
0
1244.
11.41
.2433
22.14
42233
..431
123..
222.2
0
0
9
0
0
1244.
11.41
.2433
22.14
42233
..431
123..
222.2
0
0
0
0
0
1244.
11.41
.2433
22.14
42233
..431
123..
222.2
0
1
1
1
0
6
0
8
6
0
13
0
0
12442
11241
12433
22.14
42233
..431
123..
222.2
0
6
0
6
0
1
0
0
0
13
0
0
0
0
