OK 1
1
55
1
1
0
1
1
1
1
1
1
1
1
0
4
1
1
1
5
1
3
43
1
0
1
1
1
1
1
0
1
1
0
0
1
10
0
0
1
1
1
0
1
0
0
0
0
.....32
...22..
...1133
2.31..3
212...3
2.3...1
3...2..
1232..2
0
0
0
1
0
0
1
0
...3.32
...22..
...1133
2.313.3
212...3
2.3...1
3...2..
1232..2
0
0
11
0
0
28
1
0
11
0
1
0
0
0
0
0
0
0
1
...3.32
...22..
...1133
2.313.3
212...3
2.3...1
3...213
1232..2
0
1
0
0
1
0
0
1
0
1
1
0
0
13
0
0
0
0
0
1
0
1
1
0
1
0
...3.32
1..22.1
..31133
21313.3
212.2.3
2.3..31
3.2.213
1232..2
0
10
0
13
0
0
0
1
0
14
0
11
0
10
0
0
1
1
0
0
0
0
1
0
0
0
0
0
16
0
0
0
0
0
0
0
0
0
1
0
0
...3.32
1.122.1
2.31133
21313.3
21212.3
2.3..31
3.2.213
1232..2
1
0
0
0
0
0
0
...3132
1.122.1
2.31133
21313.3
21212.3
2.3..31
3.2.213
1232..2
0
0
13
15
9
0
0
0
