OK 1
1
1
2
1
1
36
1
1
1
0
1
0
2
1
1
1
0
0
1
0
1
1
0
0
1
1
1
16...
...2.
5....
..1.4
...56
6322.
...15
....1
1
5
0
1
4
0
0
0
1
0
161..
...2.
5....
..1.4
...56
63222
...15
....1
0
0
0
0
0
23
1
0
1
0
1
0
0
0
2
0
20
0
1
1
161..
...2.
5....
..164
4..56
63222
.3.15
...51
0
1
1
0
1
0
0
0
1
161.1
6..2.
5....
..164
4..56
63222
.3.15
4.251
0
1
14
1
0
0
0
0
0
0
0
6
16111
6..2.
5....
..164
4..56
63222
.3.15
42251
0
0
1
0
1
0
0
1
8
0
0
0
1
0
0
0
0
16111
65.2.
5....
1.164
4.556
63222
.3.15
42251
0
0
0
0
0
10
0
0
10
0
0
1
0
0
1
0
0
0
0
8
0
6
0
5
1
0
0
1
