OK 1
1
1
1
1
1
1
0
1
1
1
1
1
1
1
1
1
0
1
.......
334..2.
.....2.
...4311
......3
.1.....
.2..2..
1
35
.......
334..2.
.....2.
4..4311
......3
.1.....
.2..2..
1
1
0
1
1
1
1
0
0
5
1
1
0
0
0
3......
334..2.
.....21
43.4311
22..1.3
.1.....
42.22..
0
5
10
0
0
1
0
0
0
1
25
0
8
0
0
0
0
1
0
0
1
1
0
1
1
0
0
1
0
0
7
0
0
1
0
21
0
0
1
0
7
1
1
4
1
0
0
9
0
1
0
0
5
8
0
0
0
0
0
6
0
0
0
0
0
0
0
1
0
0
0
0
0
0
0
0
0
0
3...321
334..21
.33.121
4333311
22..1.3
.1..2.4
42.22.3
0
4
3...321
334..21
.33.121
4333311
22..1.3
.1..2.4
42.22.3
0
0
0
0
0
0
5
0
0
1
0
0
0
0
0
0
0
0
1
0
0
0
0
0
0
0
0
0
0
