OK 1
1
1
1
1
1
........
....3.2.
........
...11...
........
..3.....
1
1
1
1
0
1
1
0
1
0
0
0
1
0
0
1
1
1
1
1
0
1
1
1
1
1
1
0
1
4
1
0
0
1
0
0
0
0
0
0
0
0
0
4
0
0
4
24
0
24
1
0
11343...
.324342.
2.5...1.
43.14..5
.2553...
..3.2...
1
0
0
0
0
0
0
4
1
0
1
1
0
0
1
0
0
0
0
1
0
0
0
1
0
0
8
0
17
0
0
0
0
17
0
0
1
0
1
11343...
.324342.
2.51..12
43414..5
.2553..2
343.255.
0
1
11343.1.
.324342.
2.51..12
43414..5
.2553..2
343.255.
0
0
0
0
0
0
1
0
0
0
0
11343.1.
.324342.
2.51..12
43414..5
.2553..2
343.255.
1
0
13
11343.1.
.324342.
2.514.12
43414..5
.2553..2
343.255.
0
0
0
8
1
0
0
0
7
0
1
0
0
0
0
11343.1.
.324342.
2.514.12
43414..5
.2553..2
3434255.
0
0
0
0
8
0
0
1
0
0
1
0
0
0
11
0
0
0
0
0
0
0
0
0
11
0
