OK 1
1
1
54
0
1
1
1
1
1
1
0
1
47
1
1
1
1
1
42
1
1
1
1
0
1
4
1
0
1
1
0
0
1
1
3.5..1..
2.....4.
4...1.3.
...521..
5..42145
..21243.
.2......
0
0
0
0
33
0
0
1
0
1
1
5
1
1
0
1
3.5..1..
2.....4.
42..1.3.
3..521..
5.442145
..21243.
32......
1
0
0
1
1
1
1
0
0
1
23
0
7
0
0
1
0
0
0
8
0
0
7
0
1
335.315.
2.4.154.
42..1.3.
3..5211.
5.442145
.121243.
32......
0
0
0
0
1
0
1
0
3353315.
2.4.154.
42..1.3.
3..5211.
5.442145
2121243.
32......
1
0
1
0
0
1
0
0
17
0
0
0
0
8
0
0
0
17
0
1
0
1
1
0
0
0
10
0
0
0
1
0
1
0
0
0
10
0
0
0
10
0
14
0
0
14
0
0
1
10
14
0
14
1
1
0
0
0
0
13
0
0
0
0
0
0
1
7
0
0
9
0
12
0
3353315.
2.4.1443
42.51.32
31.52115
5.442145
2121243.
32..3.1.
0
12
0
0
0
0
10
0
0
10
0
3353315.
2.4.1443
42.51.32
31.52115
5.442145
2121243.
32..3.1.
0
0
1
11
0
0
1
0
0
0
3353315.
2.4.1443
42451.32
31.52115
5.442145
2121243.
322.3.1.
