ERROR 1
ERROR 2
ERROR 3
ERROR 4
ERROR 5
ERROR 6
ERROR 7
ERROR 8
ERROR 9
ERROR 10
ERROR 11
ERROR 12
ERROR 13
ERROR 14
ERROR 15
ERROR 16
ERROR 17
ERROR 18
ERROR 19
ERROR 20
ERROR 21
ERROR 22
ERROR 23
ERROR 24
ERROR 25
ERROR 26
ERROR 27
ERROR 28
ERROR 29
ERROR 30
ERROR 31
ERROR 32
ERROR 33
ERROR 34
ERROR 35
ERROR 36
ERROR 37
ERROR 38
ERROR 39
ERROR 40
ERROR 41
ERROR 42
ERROR 43
ERROR 44
ERROR 45
ERROR 46
ERROR 47
ERROR 48
ERROR 49
ERROR 50
ERROR 51
ERROR 52
ERROR 53
ERROR 54
ERROR 55
ERROR 56
ERROR 57
ERROR 58
ERROR 59
ERROR 60
ERROR 61
ERROR 62
ERROR 63
ERROR 64
ERROR 65
ERROR 66
ERROR 67
ERROR 68
ERROR 69
ERROR 70
ERROR 71
ERROR 72
ERROR 73
ERROR 74
ERROR 75
ERROR 76
ERROR 77
ERROR 78
ERROR 79
ERROR 80
ERROR 81
ERROR 82
ERROR 83
ERROR 84
ERROR 85
ERROR 86
ERROR 87
ERROR 88
ERROR 89
ERROR 90
ERROR 91
ERROR 92
ERROR 93
ERROR 94
ERROR 95
ERROR 96
ERROR 97
ERROR 98
ERROR 99
ERROR 100
ERROR 101
ERROR 102
ERROR 103
ERROR 104
ERROR 105
ERROR 106
ERROR 107
ERROR 108
ERROR 109
ERROR 110
ERROR 111
ERROR 112
ERROR 113
ERROR 114
ERROR 115
ERROR 116
ERROR 117
ERROR 118
ERROR 119
ERROR 120
ERROR 121
ERROR 122
ERROR 123
ERROR 124
ERROR 125
ERROR 126
ERROR 127
ERROR 128
ERROR 129
ERROR 130
ERROR 131
ERROR 132
ERROR 133
ERROR 134
ERROR 135
ERROR 136
ERROR 137
ERROR 138
ERROR 139
ERROR 140
ERROR 141
ERROR 142
ERROR 143
ERROR 144
ERROR 145
ERROR 146
ERROR 147
ERROR 148
ERROR 149
ERROR 150
ERROR 151
ERROR 152
ERROR 153
ERROR 154
ERROR 155
ERROR 156
ERROR 157
ERROR 158
ERROR 159
ERROR 160
ERROR 161
ERROR 162
ERROR 163
ERROR 164
ERROR 165
ERROR 166
ERROR 167
ERROR 168
ERROR 169
ERROR 170
ERROR 171
ERROR 172
ERROR 173
ERROR 174
ERROR 175
ERROR 176
ERROR 177
ERROR 178
ERROR 179
