OK 1
1
1
1
0
1
1
1
0
1
2
1
0
34
0
0
1
2.545...
2.......
.1......
........
..1.....
0
1
1
1
0
0
0
30
0
0
1
1
0
0
0
1
0
0
1
1
0
1
1
1
1
0
1
0
0
2654521.
2465....
1141..6.
5.....5.
..1.....
0
1
26545214
2465....
1141..6.
5.....5.
..1.....
0
1
1
1
0
1
0
1
0
0
0
0
17
0
0
0
0
1
0
1
0
1
5
0
0
0
1
0
4
0
0
1
0
0
0
1
1
26545214
2465..16
1111..6.
56433.5.
..122...
0
0
0
0
0
1
1
0
1
5
0
0
26545214
2465..16
1111..64
56433.5.
..1223..
0
0
0
0
1
0
0
0
0
0
0
0
0
0
0
0
0
0
0
9
0
0
0
0
26545214
2465..16
1111..64
56433.5.
..1223.2
0
0
0
1
6
0
1
1
6
0
