OK 1
1
1
1
1
........
..3.....
........
........
........
.......1
..41....
........
1
1
1
1
1
1
1
0
1
1
1
1
1
1
..4..5..
..3...1.
3.......
.512....
...5....
......21
1.412.4.
........
0
1
1
0
1
0
1
1
0
1
0
1
1
1
1
1
1
0
7
1
1
3.4.155.
333...1.
34...4.3
.512....
5..5....
..5.2.21
1.412.4.
1.......
1
1
1
0
1
0
0
0
1
0
1
1
3.4.155.
333...1.
344..4.3
3512.5..
5..5...1
..5.2.21
1.412.45
1.......
0
1
0
0
1
0
0
1
0
8
1
0
0
0
0
0
1
0
0
0
0
0
28
0
1
0
0
1
0
3.4.155.
333..21.
344..4.3
3512.5..
55.52.31
..5.2.21
1.412.45
1.......
0
27
0
0
0
0
0
0
0
0
0
0
1
10
1
0
0
0
0
25
0
0
0
0
1
1
0
7
0
1
1
21
1
1
0
20
1
1
0
1
1
1
1
0
1
0
0
334.155.
333.3215
3445.413
3512.5..
55452531
1.5.2.21
11412145
132..4..
0
0
0
1
0
1
0
0
0
0
0
0
0
0
0
0
1
0
0
0
0
1
1
0
8
0
0
0
0
0
0
1
334.155.
333.3215
34454413
3512.5..
55452531
11532.21
11412145
132..42.
0
0
0
0
0
0
10
0
0
0
1
0
6
1
0
0
1
0
0
5
0
1
1
0
334.155.
333.3215
34452413
351215..
55452531
11532.21
14412145
132.242.
0
0
0
1
0
13
1
0
