OK 1
1
1
1
1
1
1
1
..4...
......
......
.....2
......
.14...
......
..4.2.
1
..4...
..5...
......
.....2
......
.14...
......
..4.2.
1
1
1
1
1
1
1
1
0
1
0
1
1
4
0
1
1
0
1
0
1
0
0
0
1
0
0
1
0
1
23
0
1
0
0
22
1
1
0
1
1
19
1
0
0
6
0
0
0
1
0
0
0
7
0
1
1
0
0
0
0
0
0
0
5
0
1
15
0
0
1
0
1
0
1
0
0
0
0
1
0
0
0
8
.2414.
..52.4
143.11
444222
..3513
.14434
41.414
35422.
0
0
0
0
0
0
0
0
5
0
0
3
0
0
0
0
.2414.
..52.4
143.11
444222
..3513
.14434
41.414
35422.
1
0
1
0
0
1
9
0
1
0
1
524144
..52.4
143111
444222
..3513
.14434
41.414
15422.
0
0
0
8
0
1
0
0
524144
..52.4
143111
444222
..3513
.14434
41.414
154224
0
1
0
0
0
0
0
524144
.152.4
143111
444222
..3513
.14434
41.414
154224
0
0
1
1
0
0
0
0
0
0
