OK 1
1
41
1
1
1
1
1
36
1
1
0
......
.3...2
......
.41...
4...1.
......
.2....
1
1
1
2
1
0
0
0
1
1
0
1
3
0
0
29
1
7
......
.32..2
...6.3
.41..6
4...11
......
62.4..
1
0
0
7
1
1
0
0
1
1
0
0
0
1
1
1
0
0
0
1
1
0
0
1
0
..2.5.
.321.2
...6.3
.413.6
4.5.11
..5.1.
62.4..
..2.5.
.321.2
...6.3
.413.6
4.5.11
..5.1.
62.4..
1
..2.5.
.321.2
...6.3
.41316
4.5.11
..5.1.
62.4..
0
0
0
0
0
7
1
4
.52.5.
.321.2
...6.3
.41316
4.5.11
..5.1.
62.4..
0
0
0
0
1
0
1
0
0
0
0
0
3
0
0
0
0
0
0
8
0
0
0
0
0
0
0
0
0
0
0
0
0
0
7
0
4
0
6
1
0
0
0
0
3
1
1
0
0
0
0
0
0
0
2
0
0
0
0
0
0
0
0
