OK 1
1
1
1
1
1
1
1
1
57
1
1
1
1
0
1
1
1
1
0
1
48
1
0
1
1
4
0
0
1
0
1
44
1
1
0
0
1
1
1
0
1
1
0
1
1
1
1
0
1
0
35
0
0
0
0
1
0
0
1
0
0
0
0
1
0
1
0
1
0
0
1
29
1
0
1
1
1
1
0
26
0
1
1
0
0
0
0
1
0
0
1
0
1
0
1
0
0
0
1
.633.6.1
..4.1.23
.446.112
12...264
..4.342.
.33.61..
.6415.36
31116235
0
22
0
0
0
0
1
.633.6.1
..4.1.23
.446.112
12..4264
..4.342.
.33.61..
.6415.36
31116235
0
0
1
0
0
0
1
0
0
0
0
0
0
1
1
0
0
0
0
10
0
1
1
0
0
1
0
1
0
1
0
0
0
0
0
0
.633.631
..4.1.23
.446.112
12.64264
..433426
.333612.
.6415.36
31116235
0
0
.633.631
..4.1.23
.446.112
12.64264
..433426
.333612.
.6415.36
31116235
1
0
0
14
0
12
0
1
0
0
0
0
7
1
1
1
0
0
0
0
0
0
0
7
0
0
0
12
0
0
10
1
1
0
1
0
0
0
10
0
0
10
0
0
12
10
0
0
0
0
0
0
0
1
0
