OK 1
1
1
1
1
1
1
1
1
1
1
0
1
1
1
48
1
1
1
1
1
1
1
0
1
1
0
1
1
1
1
0
1
1
0
5
36
0
1
0
0
0
36
1
1
1
1
1
1
1
5
0
0
1
0
0
0
1
0
1
0
1
0
0
0
4
8
1
0
1
0
26
1
1
0
1
0
1
0
0
0
1
0
0
0
0
1
22
0
1
1
1
0
1
0
0
0
0
0
0
0
1
3.652..4
4.4.6664
4.3.1654
31..35..
.5.64.1.
344.2355
63255.14
0
0
0
17
0
0
0
1
1
3.652..4
4.4.6664
4.3.2654
31..35..
.5.64.1.
344.2355
63255.14
0
0
10
0
0
0
0
0
0
0
0
1
0
17
0
0
1
0
0
0
0
0
0
0
0
1
0
0
31652.14
4.4.6664
4.3.2654
31..35..
.5.64.1.
344.2355
63255.14
0
0
1
0
15
0
0
1
0
0
0
1
8
0
0
0
1
1
0
0
1
6
0
0
0
0
0
1
0
0
0
0
0
0
0
0
0
0
0
