OK 1
1
1
1
1
1
2
1
0
1
57
1
0
0
1
1
1
1
1
1
1
1
1
1
3
0
1
1
1
1
4
1
0
1
0
1
0
1
1
1
1
0
1
1
1
0
1
0
1
1
0
0
0
0
0
5
31
1
0
0
0
6
0
0
1
0
1
1
0
0
0
0
..3.532.
..3...6.
65415261
.3421.4.
3..1.5.2
..123.1.
1614.126
4.....54
0
0
27
0
5
0
1
0
0
0
1
1
24
0
1
1
1
1
1
0
0
0
1
0
1
0
1
5
1
0
16
1
0
0
0
..3.5323
..31.46.
65415261
23421.4.
342145.2
.1223.14
1614.126
4.4.6.54
0
0
0
1
1
0
0
1
0
0
0
0
11
0
0
5
0
0
7
14
1
0
0
14
0
0
0
0
0
0
0
0
0
14
0
0
0
1
0
0
1
0
1
0
0
0
12
1
0
0
0
0
0
0
0
0
52345323
..31.46.
65415261
23421.4.
342145.2
.1223114
1614.126
4.466.54
0
6
0
7
0
0
0
0
0
0
0
1
1
52345323
..31.465
65415261
23421.4.
342145.2
.1223114
1614.126
4.466.54
0
0
0
52345323
..31.465
65415261
23421.4.
342145.2
.1223114
1614.126
4.466.54
0
0
0
0
0
7
52345323
..31.465
65415261
23421.4.
342145.2
.1223114
1614.126
4.466.54
0
0
11
0
0
0
0
7
0
1
0
7
0
0
0
