OK 1
1
1
1
1
1
1
1
1
3
0
1
1
1
1
1
0
1
2
1
1
0
1
1
1
0
1
1
0
1
1
43
1
5
0
1
1
6
0
1
1
1
1
1
1
0
13
0
0
1
1
32
1
1
.1.2...2
23443.12
3.124131
32.24..3
.414....
.24...34
......1.
342...4.
0
0
.1.2...2
23443.12
3.124131
32.24..3
.414....
.24...34
......1.
342...4.
1
0
0
0
0
29
0
0
1
.1.2...2
23443.12
3.124131
32.24..3
.414....
.24...34
..11..1.
342...4.
0
0
0
0
1
0
0
0
0
.1.2...2
23443.12
3.124131
32.241.3
.414....
.24...34
..11..1.
342...4.
0
0
0
0
0
0
0
0
0
0
0
0
1
0
0
0
0
0
13
0
0
10
0
0
26
0
0
0
0
0
0
0
0
1
0
8
1
0
0
1
10
.1.2..32
23443.12
3.124131
321241.3
.414....
.24...34
.211..1.
342...4.
1
0
10
1
0
0
0
1
0
0
0
0
.122..32
23443.12
3.124131
321241.3
.414...1
.24...34
.211..1.
342...4.
1
9
1
0
0
0
0
0
0
0
0
12
0
0
0
0
0
0
0
0
0
1
0
1
0
0
0
0
0
0
0
1
0
12
0
0
0
6
0
1
0
0
0
1
0
0
14
10
0
0
0
0
1
0
1
0
0
10
1
8
0
0
0
0
0
0
