OK 1
1
1
1
1
1
1
1
50
........
.121....
...2....
........
........
........
1......2
1
0
1
1
1
0
1
1
1
0
1
2
1
1
41
1..2.2..
1121....
...2..3.
3.......
.2......
......12
1......2
1
1
1
1
0
0
0
1
1
6
35
1
1
9
1
0
0
1
1..222.3
1121..3.
...2.13.
3..2....
323...1.
.1..1.12
1......2
0
0
31
1
1
0
0
1
0
9
0
0
0
1
1
0
0
0
10
1
25
1
1
23
1
0
0
1
1..22233
1121..32
3..2.13.
33321...
323.221.
.1..1112
1....3.2
1
1
0
19
1
1
1
0
12
0
1
0
0
0
0
15
0
0
0
0
0
0
1
0
0
0
0
1
16
1
0
0
0
1
1
0
0
1
0
0
0
1.122233
1121.132
3..21133
33321...
323.221.
112.1112
11...3.2
0
0
1
13
0
0
0
17
0
0
1
1
0
1.122233
1121.132
3..22133
333212..
323.221.
11231112
11...3.2
1
1
1
0
1
0
0
1
0
0
0
0
0
0
9
0
1.122233
11211132
3..22133
3332122.
323.221.
11231112
112..3.2
9
0
0
0
0
0
0
0
0
9
0
1
0
0
0
0
0
1
0
1.122233
11211132
3..22133
3332122.
323.221.
11231112
112.23.2
1
0
0
0
1
0
0
6
0
1
0
18
0
1.122233
11211132
3..22133
3332122.
32312212
11231112
112.23.2
