OK 1
1
1
1
1
1
0
1
1
1
1
2
0
0
1
1
45
1
1
1
1
1
1
0
1
0
0
0
40
0
40
1
1
2
...42..
13...3.
2...24.
..21...
.1.....
..23..1
..2...5
...55..
1
0
1
0
...42..
13...3.
2...24.
..21...
.1.....
..23..1
..2.3.5
...55.5
1
1
4
0
1
...42.4
13...3.
2...24.
..21...
.1..5..
..23..1
..2.3.5
.4.55.5
0
0
1
1
0
0
1
0
0
1
1
0
0
1
27
1
0
0
0
1
0
0
1
0
7
1
1
1
1
0
1
0
0
0
20
0
1
1
1
0
...42.4
13.4.35
244.244
..21..3
21415.3
2523..1
.5223.5
44.5525
0
0
0
10
0
1
0
0
1
0
0
0
0
0
0
0
0
0
1
0
0
8
0
0
0
0
0
0
0
1
0
0
0
0
.3.42.4
13.4.35
244.244
1.21..3
21115.3
2523..1
.522325
44.5525
0
.3.42.4
13.4.35
244.244
1.21..3
21115.3
2523..1
.522325
44.5525
0
.3.42.4
13.4.35
244.244
1.21..3
21115.3
2523..1
.522325
44.5525
0
0
1
1
0
7
0
0
0
13
0
0
13
0
0
0
0
1
0
0
0
12
0
0
0
0
0
0
0
0
0
0
0
0
0
1
10
1
0
0
0
7
11
0
0
5
