OK 1
1
1
1
1
1
1
1
1
1
1
1
3
1
1
0
1
1
1
1
0
0
0
1
1
38
1
1
0
0
36
1
0
1
1
0
1
0
0
1
8
1
1
3..4..31
.22..32.
..1..4..
22..3...
.2.2..31
.2..233.
..4..1.1
1
1
0
0
0
1
0
0
1
0
1
9
1
0
1
0
1
1
0
9
0
1
1
0
0
0
0
1
0
1
0
0
7
0
0
0
0
1
0
19
0
19
31.4.331
.224.32.
311.242.
22.3342.
.242..31
.2.2233.
.44..1.1
0
0
0
0
0
0
1
0
1
1
0
0
0
0
0
0
17
0
0
0
1
0
31.4.331
.224332.
311.242.
22.3342.
.242..31
.2.22332
444..1.1
0
0
0
1
1
0
0
1
0
1
0
0
0
0
0
31.4.331
22243321
311.242.
22.3342.
.242..31
22322332
444..1.1
0
12
0
0
0
0
0
0
0
1
0
0
1
0
0
0
0
0
31.4.331
22243321
311.242.
22.33421
.242..31
22322332
444..1.1
0
0
0
31.4.331
22243321
311.242.
22.33421
.242..31
22322332
444..1.1
1
0
0
1
0
1
9
1
0
0
0
0
1
0
0
0
0
0
0
