OK 1
0
1
1
1
0
1
0
1
0
1
1
1
0
1
0
1
4
1
1
1
36
1
0
1
1
1
0
0
2
0
1
1
30
0
1
0
1
0
4
1
1
1
7
1
24.435
..3...
..23.1
4414.4
.3..5.
......
3.42.3
2.1..3
0
0
4
25
1
0
1
24.435
..3...
..23.1
4414.4
.33.5.
......
3.4243
2.1..3
1
1
0
0
0
1
0
0
8
21
1
20
0
0
1
0
0
1
0
0
4
0
0
1
245435
..3...
..2351
441414
.33.5.
......
344243
2.14.3
1
17
0
0
0
8
245435
..3.1.
..2351
441414
.33.5.
......
344243
2.14.3
0
0
1
0
5
1
1
0
0
0
0
0
0
0
0
0
0
245435
2.3.1.
..2351
441414
.33.5.
..2...
344243
2.14.3
0
15
1
245435
2.3.1.
..2351
441414
.33.5.
..2...
344243
2.14.3
0
0
15
1
0
1
14
0
1
0
0
7
0
0
9
0
0
5
245435
2.3.1.
..2352
441414
33355.
..2...
344243
2.14.3
0
0
0
0
245435
2.3.1.
..2352
441414
33355.
..2...
344243
2.14.3
1
0
12
0
1
0
0
0
12
0
0
0
1
8
0
0
245435
2.3.1.
2.2352
341414
33355.
5.2...
344243
2.14.3
0
0
6
1
1
