OK 1
0
1
1
1
1
1
1
43
1
1
1
1
1
38
1
1
1
1
........
2.32..1.
....3.2.
1..3....
.3...11.
.2...3..
1
0
0
1
1
0
32
0
1
0
0
4
0
0
1
0
0
0
0
0
0
0
0
1
0
........
2.323.1.
1...3.21
1..3.32.
.3..311.
.2...3..
1
........
2.323.1.
11..3.21
1..3.32.
.3..311.
.2...3..
1
1
0
7
1
0
5
0
26
0
0
1
0
1
1
0
0
0
24
0
0
0
0
0
0
1
1
7
1
0
1
0
1
1
0
0
20
1
0
1
1
0
1
0
1
0
0
0
0
0
0
0
12.12...
23323.11
11..3.21
1.23.32.
3333311.
32...2.3
0
16
12.12...
23323.11
11..3.21
1.23.32.
3333311.
32...2.3
1
0
0
1
0
1
0
0
0
0
0
0
0
0
0
0
0
0
0
0
0
13
0
0
0
0
0
0
0
0
0
0
0
0
1
0
0
13
13
0
0
0
