OK 1
1
1
1
1
1
........
........
........
........
.....2..
....4...
........
...31..3
1
1
1
1
1
0
1
1
1
1
1
50
1
1
1
0
4
1
0
1
1
1
1
1
0
0
1
0
1
1
1
1
0
..1...43
11....42
.3..1...
4.1.3...
..4..2..
2...4...
2..33..2
2.4311.3
14
0
1
1
0
1
0
0
0
8
0
0
0
0
..1.2.43
11....42
.3..11..
4.1.3...
..4..2..
2...4...
2.333..2
2.4311.3
0
0
0
0
0
6
13
0
0
0
0
0
11
0
0
0
0
0
0
0
0
1
0
0
0
0
1
11
1
1
0
1
0
0
0
0
0
0
0
10
0
0
0
0
0
0
12
0
8
0
0
..1.2.43
11..1.42
.3..114.
4.1.33..
..4..2..
2.4.4...
2.3331.2
2.4311.3
0
1
0
0
0
0
0
0
0
0
0
10
..1.2243
11..1.42
.3..114.
4.1.33..
..4..2..
2.4.4...
2.3331.2
2.4311.3
0
0
0
0
0
..1.2243
11..1.42
.3..114.
4.1.33..
..4..2..
2.4.4...
2.3331.2
2.4311.3
0
0
0
1
10
1
0
0
1
..1.2243
11..1.42
43..114.
4.1.333.
..4..2..
2.4.4...
223331.2
2.4311.3
0
9
11
0
1
1
0
0
0
1
0
0
1
0
1
0
0
1
0
0
1
0
0
0
0
1
1
0
0
0
1
0
0
0
0
0
0
0
1
1
0
0
0
0
0
0
12
0
0
0
0
0
0
0
7
0
0
0
0
0
1
1
0
0
0
0
0
