OK 1
1
1
1
1
1
1
1
1
0
0
1
1
1
4
1
.......
.....3.
.....1.
...4..5
3......
.1....3
...3.2.
.2..4..
1
1
1
1
0
1
1
1
0
3
1
1
0
0
0
3
0
3
0
0
0
0
1
1
1
1
......2
...5332
5....1.
...4..5
3.143..
.11...3
1..3.21
12..4..
1
1
1
1
1
8
0
7
0
1
4
28
0
....4.2
...5332
5....1.
..345.5
3.143..
.11..53
1..3.21
12..4.1
0
1
0
0
0
0
....4.2
...5332
5...11.
..345.5
3.143..
.11..53
1..3.21
12..4.1
0
1
1
0
0
0
1
0
0
0
1
0
0
0
1
0
0
0
1
0
1
4
0
1
6
1
1
0
0
0
0
0
0
1
0
0
0
0
0
0
1
....4.2
1..5332
5..111.
1334535
32143.3
511..53
1..3.21
12.34.1
0
0
0
0
0
0
0
11
....4.2
1..5332
5..111.
1334535
32143.3
511..53
1..3.21
12.34.1
0
1
0
0
0
0
12
0
1
0
11
16
0
0
0
0
0
0
16
0
0
0
0
0
0
0
0
.2..4.2
1..5332
5..1112
1334535
32143.3
511..53
1..3.21
12.34.1
16
1
0
1
0
0
0
0
0
0
1
0
0
0
0
0
0
6
0
1
1
8
1
0
0
4
11
.2..4.2
1235332
5..1112
1334535
3214333
511..53
1113.21
12.34.1
0
1
0
.2..4.2
1235332
5..1112
1334535
3214333
511..53
1113.21
12.34.1
1
