OK 1
0
1
1
1
1
......
.....3
1.....
......
.....2
......
......
....3.
1
1
0
1
1
1
1
1
1
0
0
3
1
1
1
0
0
1
1
0
0
0
1
1
1
1
1
1
0
27
0
1
8
0
0
1
0
0
0
1
0
0
1
0
1
0
1
0
0
0
0
0
...4..
.....3
4....3
35.214
.35212
....21
242..1
254.31
0
5
0
0
1
0
1
1
0
0
0
0
22
0
0
0
1
0
0
1
0
0
1
0
0
5
...4..
...4.3
4....3
35.214
.35212
..1.21
242.21
254.31
1
0
0
...4..
...4.3
4....3
35.214
335212
..1.21
242.21
254.31
0
0
0
0
19
0
0
0
6
...4..
...4.3
4....3
35.214
335212
..1.21
242.21
254.31
0
0
0
0
0
19
0
1
0
0
0
1
.3.4..
.1.4.3
4....3
35.214
335212
..1.21
242.21
254.31
0
0
0
0
0
1
9
1
0
0
0
0
0
0
0
0
0
0
0
0
0
0
0
0
0
9
0
1
0
0
0
7
0
0
0
0
1
