OK 1
1
........
........
........
........
........
.......1
........
1
1
1
1
2
1
1
1
0
1
1
0
1
1
1
0
1
0
1
1
1
1
1
0
1
0
1
1
35
1
1
1
0
0
1
31
1
1
0
1
28
0
0
1
1
1
0
0
0
1
.222..3.
432143..
..2.3.1.
...45...
1..342.1
..5212.1
.4543453
0
1
1
1
0
0
1
7
21
1
0
1
0
0
0
0
1
8
1
0
4
0
0
0
0
7
1
1
0
0
0
0
0
1
17
1
0
0
0
0
0
1
0
0
1
0
0
0
1
0
0
0
0
0
1
0
0
0
0
0
1
0
1
0
1
0
0
0
10
0
0
0
10
0
0
0
1
0
5
.2221.35
43214342
42223111
.3145..3
1..342.1
.4521421
24543453
0
0
1
0
12
1
0
1
11
0
0
0
0
0
0
0
8
0
0
0
0
0
1
6
1
0
0
0
0
7
0
0
0
0
0
0
11
52221.35
43214342
42223111
.1145..3
14.342.1
.4521421
24543453
0
0
0
0
0
0
0
0
0
0
1
