OK 1
1
1
1
1
1
1
1
1
1
1
1
1
1
1
1
1
1
1
0
1
1
1
45
1
1
0
1
1
1
40
1
1
0
0
0
1
1
.32.3..3
3.1..1..
.2132...
22.3..3.
..2....2
..1.3...
..311121
..1..2..
1
10
0
1
0
0
0
35
10
1
0
0
34
332.3..3
3.1..1..
.2132.1.
22.3..3.
..2....2
..1.3...
..311121
2.1..2..
0
1
1
0
0
1
0
31
0
1
1
332.3..3
3.1..12.
.213221.
22.3..3.
1.2....2
..1.3..1
..311121
2.1.32..
0
1
0
0
0
1
0
0
0
1
1
0
13
0
0
0
1
1
0
0
0
0
0
0
0
0
0
1
1
0
23
0
0
0
1
0
0
0
0
23
1
0
0
0
0
0
0
0
0
332.31.3
3.1..122
.213221.
22.31.3.
1.22..22
..1.3..1
..311121
2.2.321.
0
23
1
0
0
1
0
16
0
0
0
12
0
1
0
1
0
0
0
0
332.31.3
3.1.3122
.213221.
22.31.3.
1.22..22
..1.3..1
32311121
2.2.321.
0
0
0
0
1
0
1
0
0
1
332.31.3
3.1.3122
.213221.
22.31.3.
1.22..22
..123.11
32311121
2.2.321.
0
0
332.31.3
3.1.3122
.213221.
22.31.3.
1.22..22
..123.11
32311121
2.2.321.
0
0
1
0
0
0
0
1
0
0
18
0
0
0
1
332.31.3
3.1.3122
.213221.
22.31.33
1.223.22
..123.11
32311121
2.1.321.
0
1
1
17
0
0
0
0
1
0
13
0
0
1
0
0
0
0
0
17
0
1
0
0
0
0
0
0
332.31.3
3.133122
.213221.
22.31.33
1.223222
.1123111
32313121
2.1.321.
0
0
0
12
