OK 1
1
1
1
0
1
1
1
1
1
1
0
..3....
11.....
.......
.....4.
.2.....
.......
.4.....
1..1..2
1
1
1
1
1
0
1
1
40
1
0
1
1
1
1
1
1
34
..34...
11..4..
.3.2...
3....44
.2..134
....213
44.....
1..1..2
0
1
0
1
0
1
0
1
0
1
1
1
0
0
0
1
0
1
0
0
0
1
0
0
1
1
0
0
1
0
1
0
1
8
20
1
0
0
1
0
1
1
1
0
0
1
1
0
0
1
1
0
0
0
1
0
0
0
1
0
0
0
0
1
0
0
0
1
0
0
0
2134.22
114.443
4312.23
3...144
.222134
112.223
44.231.
1..1..2
1
0
0
0
0
2134.22
114.443
4312.23
3...144
.222134
112.223
44.2314
1..1..2
0
0
0
0
13
0
0
1
0
11
0
0
0
2134.22
114.443
4312.23
3..4144
.222134
112.223
44.2314
1..1..2
0
0
1
0
0
1
0
0
1
0
0
12
0
1
0
0
11
2134.22
114.443
4312.23
3..4344
.222134
1122223
44.2314
1..1..2
0
1
1
0
0
1
0
0
0
0
1
0
0
0
0
13
1
0
0
0
0
0
0
2134.22
114.443
4312123
3..4344
.222134
1122223
44.2314
1..14.2
1
