OK 1
1
........
........
........
........
........
........
........
1.......
1
1
1
1
1
1
1
1
1
1
1
0
1
1
1
0
1
1
1
50
0
1
1
48
1
1
1
0
1
44
1
1
0
0
0
1
4
0
0
0
1
0
1
0
1
0
1
.2.5.6.2
.46.31.3
6....4..
642..2.5
5634....
.....3.6
.1...14.
1......2
0
0
1
1
0
0
0
1
0
0
1
1
0
0
0
0
6
1
31
1
0
0
6
30
0
1
1
4
1
0
1
27
1
.2.5.6.2
.46.31.3
61.234..
642.3265
5634.4..
1..2.3.6
.13.514.
1.....42
4
1
1
1
1
0
23
0
1
8
0
0
0
0
8
1
0
0
0
0
0
0
1
9
0
.2.5.6.2
.4623123
614234..
642.3265
5634.46.
1312.3.6
.13.514.
1.....42
1
1
0
0
0
0
8
1
0
8
1
0
0
0
0
0
1
15
0
0
0
1
1
0
0
1
0
13
1
0
1
1
0
9
11
8
0
0
0
0
1
0
11
1
0
0
0
0
0
0
0
0
0
11
0
1
0
0
0
0
1
1
1
0
0
0
0
0
6
0
0
0
0
10
0
8
0
0
12
1
0
1
0
0
0
0
0
12
0
0
1
0
0
0
0
