OK 1
1
1
54
1
1
1
0
1
1
1
1
1
1
1
1
1
3
0
1
42
1
1
1
39
3.......
.13.3...
4.2.....
..3.33..
......4.
..4..131
12...2..
0
0
0
0
39
1
1
1
1
1
0
1
1
1
1
0
1
0
1
1
0
10
1
0
0
1
1
1
10
0
7
1
1
1
1
0
1
0
0
24
0
0
0
0
10
1
0
0
0
0
0
7
0
0
0
0
0
1
1
0
0
23
0
0
32....2.
21323232
4.2..41.
2.3.33..
11....4.
.4423131
12.3.2..
1
1
0
7
32....2.
21323232
4.2.441.
2.3.33..
11....4.
.4423131
12.3.2..
11
0
0
0
0
0
0
1
1
1
0
0
0
0
0
0
0
1
1
12
1
0
0
0
0
8
0
0
0
0
0
0
1
0
1
13
0
13
0
1
1
0
1
1
0
0
1
0
0
1
0
1
0
7
12
0
10
1
0
1
0
0
0
0
11
0
1
0
0
0
0
1
0
0
0
7
0
1
0
0
0
