OK 1
1
1
1
1
1
1
1
2
0
1
1
1
1
1
1
1
0
1
1
50
1
1
1
5
1
1
0
1
1
0
43
1
0
0
1
1
0
0
6
0
1
1
0
38
0
1
0
0
0
0
1
0
0
36
1
0
3.....3.
.2...24.
22...1.3
.4..1343
......33
.4311142
...13.1.
2.2.2...
0
0
0
1
1
1
1
0
1
0
0
0
0
0
0
1
0
0
0
1
0
0
1
0
0
1
1
0
0
1
0
1
0
1
0
0
0
0
0
0
10
0
0
0
1
12
0
10
0
10
0
0
12
1
0
0
9
23
0
10
0
0
0
0
1
0
0
1
0
0
0
0
0
0
0
21
0
1
0
0
1
0
1
0
0
0
0
1
18
0
0
12
0
0
0
1
0
0
0
0
1
0
1
0
0
15
1
0
0
0
1
0
13
0
0
0
0
0
1
0
0
0
0
0
1
0
0
12
1
0
0
0
0
0
0
11
0
0
1
1
1
0
0
0
0
0
31334.34
42..2244
2223.143
14411343
..212133
.4311142
44.13412
232422.1
14
0
0
