OK 1
1
1
1
1
1
2
1
1
0
1
1
3
1
1
2
1
0
1
0
1
1
1
1
0
1
1
1
1
0
1
1
0
1
1
1
0
1
1
1
38
0
1
0
0
1
0
1
1
5
34
1
0
0
1
0
0
0
0
0
0
0
1
1
0
0
0
1
1
1
0
7
28
1
0
0
0
1
26
1
0
0
0
0
1
0
0
0
0
0
1
0
0
0
1
0
24
1
0
0
0
1
0
0
1
1
0
0
0
0
0
0
0
0
0
0
0
0
0
12
0
0
0
0
0
11143523
45..154.
542.52.3
4...3424
24313333
2.2.51..
235..2..
4...31.3
0
0
0
1
11143523
45..154.
542.52.3
4.3.3424
24313333
2.2.51..
235..2..
4...31.3
0
0
0
0
0
1
0
0
0
0
0
1
0
1
1
0
0
0
1
0
0
0
0
0
14
0
1
0
0
0
1
13
0
14
0
0
0
0
0
13
0
0
0
0
1
1
0
12
0
0
11143523
451.154.
542.52.3
4.3.3424
24313333
21215124
235.52..
4..331.3
0
0
0
0
1
0
12
0
0
0
