OK 1
1
1
1
1
1
0
......
..32..
.....1
......
......
......
..3.1.
1
1
0
1
1
4
1
1
1
1
1
1
0
1
1
1
0
0
1
0
1
0
1
0
0
0
1
0
1
1
0
1
0
20
0
0
4
0
0
0
1
3.32.6
343251
..2..1
.611.2
......
.6..55
.5331.
1
0
0
1
0
0
1
0
0
0
0
2
1
0
0
0
0
0
0
0
0
0
0
1
6
0
0
0
0
4
0
0
4
0
0
0
0
3.32.6
343251
..21.1
.61142
.4....
.6..55
.5331.
0
0
0
0
6
0
0
0
6
0
0
0
0
6
0
0
0
1
0
0
0
0
0
0
0
1
0
1
0
0
3.32.6
343251
..2141
.61142
.4....
.6..55
.5331.
0
5
0
0
1
1
3.32.6
343251
3.2141
.61142
.4....
.6..55
.5331.
0
4
0
0
1
0
3
0
1
1
1
1
0
0
0
0
1
3.32.6
333251
332141
.61142
.4...5
.6..55
55331.
0
0
0
0
4
