OK 1
1
1
40
1
1
38
1
1
...231.
....1..
.....2.
...2...
.......
.......
1
1
0
1
0
0
3
0
1
0
5
1
0
0
0
5
0
0
0
0
0
0
0
0
3
1
0
0
0
..3231.
...21..
...2.21
...2...
3......
.......
1
0
0
1
0
..3231.
...21..
...2.21
...22..
3.2....
.......
0
0
0
0
1
0
0
1
0
0
0
1
0
0
0
1
0
5
1
..3231.
...211.
..22.21
...221.
3.2....
.......
0
0
0
0
5
0
8
1
0
0
5
0
1
0
3
0
0
5
0
25
0
1
0
1
4
0
1
1
0
0
1
0
0
0
0
1
0
0
1
..3231.
...211.
..22.21
222221.
3.22...
3.2....
1
0
1
3
0
0
0
0
0
0
1
..3231.
...211.
2.22.21
222221.
3.22...
332....
0
0
14
..3231.
...211.
2.22.21
222221.
3.22...
332....
0
0
5
1
0
0
0
0
15
0
0
0
1
16
0
2
0
0
1
0
0
8
0
0
5
