OK 1
1
1
1
1
1
1
1
2
1
1
1
1
1
1
1
1
1
....15.
1.....2
3....5.
.......
2133...
.......
.4.4...
.61.4..
1
40
1
0
....15.
1.....2
3....51
.......
2133...
5......
.4.4...
.61.4..
0
0
0
1
1
1
1
1
0
1
1
0
1
32
1
6
62..15.
1.....2
35...51
.4.5...
2133...
5..41.4
.4.4...
.61.4..
0
1
30
0
0
0
1
0
0
3
0
0
0
0
1
0
1
1
0
0
1
0
0
1
1
0
0
0
1
0
0
0
3
1
1
1
0
0
22
1
1
9
1
0
0
1
0
1
1
6
1
0
0
0
0
1
0
7
0
0
0
0
1
0
0
15
0
1
0
1
0
0
0
1
0
0
13
0
0
0
62.5154
1...252
3523651
.4453.1
21334..
5.641.4
24644.1
261.43.
0
0
1
1
0
0
0
0
6
62.5154
1...252
3523651
.4453.1
21334.4
53641.4
24644.1
261.43.
0
0
0
0
62.5154
1...252
3523651
.4453.1
21334.4
53641.4
24644.1
261.43.
0
0
0
0
0
7
11
0
0
0
7
0
0
0
1
62.5154
1...252
3523651
.4453.1
21334.4
53641.4
24644.1
261.43.
0
0
0
1
0
0
0
0
0
1
0
0
0
10
0
0
0
0
1
0
