OK 1
1
1
0
1
1
2
1
0
1
1
1
1
1
1
2
1
45
0
1
0
1
0
1
1
0
0
0
1
0
0
1
1
0
0
1
0
1
1
0
0
6
1
1
0
1
0
0
1
4......
2.3122.
31.....
.4.114.
43.2.44
1.33..4
..2..3.
.......
0
0
1
1
32
32
0
1
0
31
0
1
1
29
1
1
1
1
0
28
0
1
0
1
0
0
27
1
10
1
1
0
9
1
1
0
0
1
1
1
1
0
18
0
1
0
0
1
1
0
1
0
1
0
0
1
0
0
0
0
0
1
0
0
0
0
5
0
0
13
0
0
0
0
0
44..143
2.31423
31131.4
442114.
4342144
1.33444
332.133
431....
0
0
1
1
0
0
0
0
0
13
1
1
0
0
9
0
0
44..143
2.31423
3113144
442114.
4343144
1.33444
332.133
4314...
0
0
1
0
0
0
0
0
1
0
0
0
0
0
0
1
0
0
4
0
