OK 1
1
1
38
1
0
1
.....
.....
.....
..1..
.....
.....
.3..2
....1
1
1
1
0
1
1
1
1
0
1
0
0
0
0
1
.....
...4.
.41..
..1..
1....
..2..
.35.2
1...1
0
0
0
0
0
2
0
.....
...4.
.41..
..1..
1....
..2..
.35.2
1...1
1
1
.....
...4.
.41..
..1..
1.1..
..2..
135.2
1...1
0
0
27
1
0
1
0
25
0
0
1
1
1
1
1
1
0
1
0
1
20
1
1
1
0
10
0
1
0
0
1
0
0
1
0
1
0
0
1
1
1
0
1
0
0
0
0
0
0
0
12
0
0
0
1
0
0
11
0
0
0
1
0
0
13
0
1
1
0
0
0
1
0
0
0
0
0
0
0
0
0
0
1
4454.
22441
141.1
..1..
11151
1.225
13542
13.21
0
0
0
0
8
0
0
0
2
0
0
1
