OK 1
1
1
1
1
1
1
1
1
1
1
1
0
1
1
1
4
0
1
1
5
1
1
0
3
0
0
1
1
1
1
0
0
0
0
1
0
35
1
1
....31..
24.33...
3..1....
....2.44
24...422
...21.2.
31...21.
0
33
1
0
1
6
0
0
1
1
0
1
0
28
1
1
....31..
24.332..
3.113...
3.1.2.44
24...422
.1.21.2.
31...212
1
0
0
1
1
0
0
1
0
1
21
0
0
0
1
0
1
0
1
0
18
1
0
0
0
8
0
0
....31..
24.332..
3411332.
3.122.44
242.2422
.1.2142.
3133.212
0
0
0
1
0
0
0
0
0
1
0
1
14
1
1
0
1
3...31..
242332..
3411332.
3.122244
24212422
.122142.
3133.212
0
1
1
0
1
0
0
1
1
13
1
0
3.4.31..
242332.1
34113322
3.122244
24212422
.1221423
31333212
0
0
1
0
0
0
1
0
1
0
1
0
9
0
0
0
0
6
0
0
0
0
0
0
0
0
0
0
6
0
0
18
0
0
1
0
0
0
0
0
1
324.31..
242332.1
34113322
34122444
24212422
.1221423
31333212
0
0
0
324.31..
242332.1
34113322
34122444
24212422
.1221423
31333212
0
0
18
1
0
0
5
0
0
5
