OK 1
1
1
1
1
1
1
1
1
0
1
1
40
0
1
1
1
1
0
1
0
1
0
1
0
1
0
1
1
1
1
1
0
0
0
1
0
0
1
1
0
0
1
0
1
0
1
0
0
1
0
21
0
0
.1.3....
..5135.4
2341.1..
2.24314.
.1..5.3.
42.5455.
0
0
0
0
0
.1.3....
..5135.4
2341.1..
2.24314.
.1..5.3.
42.5455.
0
0
.1.3....
..5135.4
2341.1..
2.24314.
.1..5.3.
42.5455.
0
0
0
1
0
0
.123....
..5135.4
2341.1..
2.24314.
.1..5.3.
42.5455.
0
1
0
0
0
1
0
1
1
0
0
0
0
0
5
0
17
0
1
9
1
0
0
5
0
0
5123.4..
..513554
2341.1..
2524314.
.1..5.3.
4215455.
0
0
0
0
0
0
0
0
1
8
0
1
0
0
0
0
0
13
0
13
1
0
0
1
1
5
0
0
0
0
0
0
0
0
11
0
0
1
0
