OK 1
1
1
1
1
0
1
1
0
1
1
3
1
0
0
1
1
0
38
1
1
1
1
1
1
1
1
0
0
2
0
1
1
0
4
1
1
1
1
1
0
1
0
0
0
0
1
0
0
1
1
0
1
0
1
20
0
0
1
0
1
0
1
1
0
0
1
0
1
1
5
7
1
0
1
0
1
0
0
14
0
1
0
0
7
0
0
0
0
0
0
0
1
0
1
0
0
0
0
0
1
0
0
11
0
0
1
1
0
0
6
10
0
2415.2
.1234.
2..254
255.55
133525
334.14
3...41
325533
0
1
9
0
1
0
0
1
0
0
2415.2
.1234.
2.1254
255.55
133525
334.14
3...41
325533
0
1
8
1
0
0
1
0
0
0
0
0
1
0
1
2415.2
.12345
221254
255.55
133525
334314
3...41
325533
0
0
9
6
1
11
0
0
0
11
2415.2
.12345
221254
255.55
133525
334314
3.3.41
325533
0
0
5
0
0
0
0
11
1
1
