OK 1
1
1
1
1
.....13.
........
......2.
........
..1.....
........
........
........
1
1
.....13.
.4......
......2.
........
..1.....
........
........
........
1
0
1
1
0
1
1
2
1
1
.....13.
.4....3.
.....52.
........
..1.....
....1.2.
..45.1..
........
1
0
1
5
1
1
2
1
0
1
1
0
1
2
.....13.
.44.5.3.
.1...52.
.......2
..1..6.2
....1.2.
6.45.1..
........
1
16
0
1
0
1
1
1
1
1
0
0
1
0
1
1
6
1
1
1
0
0
1
1
30
0
0
30
1
0
0
1
0
0
1
0
0
0
0
0
4
0
0
1
1
1
0
1
6.5.313.
.44.533.
.1.6252.
..142522
..141622
4...1321
6.4541.3
...3..4.
0
0
6.5.313.
.44.533.
.1.6252.
..142522
..141622
4...1321
6.4541.3
...3..4.
0
0
0
0
1
0
0
1
6
0
0
7
0
0
12
1
1
0
0
0
8
1
0
1
7
0
10
0
0
0
8
0
0
1
0
0
1
0
0
0
0
0
8
0
0
0
0
0
6.5.3136
344.533.
.146252.
..142522
.5141622
4...1321
6.454153
...3.64.
0
18
0
0
9
0
0
0
0
0
1
0
0
0
0
1
0
0
1
10
1
0
0
1
0
0
0
0
1
1
0
0
0
9
9
1
0
62523136
344.533.
.1462522
..142522
.5141622
4...1321
6.434153
6..3.64.
0
0
0
62523136
344.533.
.1462522
..142522
.5141622
4...1321
6.434153
6..3.64.
6
0
0
0
0
0
0
1
0
62523136
344.533.
.1462522
..142522
.5141622
4...1321
6.434153
6..3664.
0
13
0
0
0
9
0
0
6
1
1
0
0
62523136
344.533.
.1462522
..142522
.5141622
4...1321
6.434153
6..3665.
0
0
8
4
0
0
0
0
0
0
0
0
0
0
8
0
0
0
0
0
0
