OK 1
1
1
62
1
1
1
0
1
1
1
4
0
1
1
0
0
1
1
1
0
1
0
1
1
1
1
1
1
.6....4.
1...2...
..26...4
1..1..46
.6...251
.....31.
....1...
5.......
0
1
1
1
1
42
1
1
0
1
39
0
.6....4.
1...2...
..26..54
1.11.646
.63.3251
.4...31.
....1...
5.......
0
3
0
1
0
0
0
38
1
37
0
3
0
1
1
0
1
34
1
1
1
1
1
0
29
0
0
1
28
1
1
1
0
.62...41
1.1.2.3.
4.26..54
11116646
36353251
24...31.
...11...
5.6....5
0
1
1
0
0
0
.62...41
1.1.2.3.
4.26.654
11116646
36353251
24...31.
...11...
5.6..5.5
1
0
0
0
0
1
0
0
1
0
0
0
0
1
1
0
0
0
19
0
1
0
0
0
0
0
1
0
0
0
0
0
18
0
1
0
0
0
6
0
1
0
0
0
0
0
0
0
0
0
0
0
0
16
0
1
0
0
0
0
0
0
0
1
0
0
0
0
662...41
1.142.3.
43261654
11111646
36353251
242..31.
.1.11.3.
546.55.5
0
6
0
0
0
8
15
0
14
1
0
1
0
0
1
0
1
0
0
8
0
0
0
7
0
1
1
0
0
0
0
0
0
0
0
0
0
8
0
0
0
0
0
6622..41
1.122.3.
43261654
11111646
36353251
243..31.
.1411.3.
546.45.5
0
0
0
0
0
14
13
0
0
0
0
