OK 1
1
1
1
1
1
44
0
0
1
0
1
0
0
1
1
1
1
3
1
1
4
1
1
1
1
1
0
0
1
0
1
1
0
1
1
0
0
1
1
0
0
0
1
1
1
24
0
0
1
0
4
2.33..5.
.3.32121
.1.4....
23445...
4.23.122
..5.5...
0
0
0
23
0
1
1
0
0
1
0
1
2.33..5.
.3.32121
.1.4....
23445...
4523.122
..5.5.32
0
5
0
0
0
0
0
1
2.33..5.
.3.32121
.1.4....
23445...
4523.122
..5.5.32
1
0
0
0
0
1
0
5
1
0
0
1
16
1
0
0
0
0
0
1
1
2.333.5.
.3.32121
41.43..1
23445.4.
45233122
..5.5.32
0
1
0
0
0
0
0
1
0
0
1
0
1
1
0
0
0
0
0
0
5
0
0
0
1
10
0
1
0
7
0
0
0
9
0
1
22333.5.
13232121
41.43231
23445.4.
45233122
..545.32
0
0
1
0
0
0
0
0
1
0
0
22333.5.
13232121
41.43231
4344544.
45233122
..545.32
0
0
1
0
0
1
0
0
0
0
0
7
