OK 1
1
1
0
1
1
1
1
0
1
0
1
1
1
1
47
0
1
1
0
3
45
1
1
4
1
1
1
1
0
1
1
1
38
1
0
0
0
0
1
1
1
1
0
0
1
0
0
1
1
1
0
0
0
0
0
0
1
11
0
0
0
0
0
0
1
1
.2.....
4.24...
1.442.4
234..11
1..312.
.24443.
..31.14
4....3.
1
1
12
0
0
1
1
0
0
0
0
1
1
0
0
1
0
0
0
0
0
0
0
1
0
0
0
1
0
0
0
1
0
1
0
0
0
0
0
1
0
8
1
13
15
1
0
1
0
13
13
0
0
1
.214...
4.24..3
1444234
234.111
1..3124
1244232
3231214
4.2223.
0
0
12
0
0
0
0
0
1
0
0
0
10
12
1
0
0
0
0
0
0
0
0
.214...
4.24.23
1443234
234.111
1..3124
1244232
3231214
4.2223.
0
0
0
0
1
1
0
0
.214...
4124.23
1443234
234.111
1..3124
1244232
3231214
4.2223.
0
0
10
0
0
0
0
0
0
0
0
0
10
0
0
.214...
4124.23
1443234
234.111
1..3124
1244232
3231214
4.2223.
0
0
0
10
