OK 1
1
1
0
1
1
1
1
1
1
1
1
0
0
28
1
0
1
1
0
6
0
1
.....4
...1..
...512
.....4
...3.1
..5.5.
0
1
0
1
0
1
1
1
.....4
...113
...512
.4...4
3..3.1
..5.5.
0
0
1
1
1
0
1
0
0
0
0
6
1....4
...113
...512
.4...4
3..311
..5.55
0
1
0
0
0
0
0
1
0
0
0
0
0
1
5
5
0
1
0
0
0
1
0
0
1
5
0
0
0
0
0
0
6
1
0
0
1
0
0
0
0
0
1
0
0
5
0
0
0
1
1
0
3
1...14
...113
...512
.4.5.4
32.311
.55255
0
0
0
0
0
0
0
1...14
...113
...512
.4.5.4
32.311
.55255
0
1
0
0
0
1
0
0
0
0
0
0
1
0
0
0
0
0
0
0
1...14
...113
...512
.4.5.4
32.311
.55255
0
0
0
0
