OK 1
1
1
1
1
1
1
1
1
1
0
1
1
1
1
0
1
52
1
1
1
0
0
1
1
1
0
1
4
45
0
1
1
1
1
1
1
1
1
1
5
1
1
1
0
0
35
0
5
0
0
1
1
0
33
0
1
0
0
1
0
1
4
1
0
..455...
.....44.
12.531..
...3536.
5.1...23
.2..25.2
4.1.4.61
33543.66
1
0
6
0
1
1
0
1
0
7
0
0
8
1
5
0
1
1
..455..2
.5...446
12.531..
2..3536.
5.16..23
32..25.2
431.4.61
33543.66
0
0
0
0
0
0
0
..455..2
.5...446
12.531..
2..3536.
5.16..23
32..25.2
431.4.61
33543.66
0
0
0
0
0
6
0
0
0
1
1
1
20
0
0
1
0
1
19
19
0
0
0
0
19
0
1
10
1
1
1
4.455..2
65.5.446
12.531..
5..35366
5.16..23
322.2532
431.4.61
33543166
1
1
1
0
0
0
0
0
1
0
0
0
13
0
1
0
0
1
0
0
0
9
4.455..2
65.56446
12.531..
5.235366
5216..23
322.2532
431.4.61
33543166
0
1
0
0
0
10
0
0
0
1
1
0
7
1
4.4556.2
65.56446
12.531..
5.235366
5216..23
322.2532
43134.61
33543166
0
0
6
0
0
0
0
0
0
11
0
0
11
1
0
1
0
0
0
0
0
0
12
0
0
0
0
0
0
0
1
0
10
0
1
0
0
0
0
0
1
