OK 1
1
1
2
1
1
1
0
1
1
1
3
1
1
1
0
1
0
1
1
5
0
1
1
1
1
0
1
1
0
0
1
1
5
1
0
1
0
0
5
27
0
1
...311
.2....
.213..
.1..1.
....23
3.13..
31.2.2
33.3.2
1
0
1
0
0
1
1
0
0
0
1
0
0
...311
.2....
.213.2
31..11
....23
3.13.3
31.2.2
33.3.2
0
0
1
1
1
1
0
1
0
0
0
0
0
0
0
8
0
1
1
1
0
0
15
1
0
0
0
0
1
1
1
0
14
0
1
0
1
0
0
0
0
0
13
0
0
0
12
0
0
0
14
0
1
0
1
0
0
12
0
0
0
11
...311
223...
1213.2
311111
..3.22
311313
312212
33.312
0
11
0
0
0
0
0
0
0
1
0
0
12
0
...311
223..2
1213.2
311111
..3.22
311313
312212
33.312
0
1
0
1
13
0
0
1
8
1
1
0
0
0
0
0
16
0
0
7
