OK 1
1
1
.....
.....
.....
...1.
.....
.....
...1.
.....
1
.....
.....
.....
...1.
.....
.....
...1.
.2...
0
0
1
1
35
1
0
1
0
1
1
0
0
3
1
0
0
1
1
1
28
0
0
1
1
0
0
1
8
26
1
3
0
25
...13
..1..
..1.1
1..13
12...
...23
...1.
22...
1
0
5
0
1
1
1
1
1
1
0
0
1
1
1
0
17
1
16
0
0
0
1
0
15
1
1
1
9
0
0
11
0
12
1
1
10
1
0
1
11
1
0
0
0
1
0
0
12
0
0
1
1
0
0
0
0
0
0
1
0
13
1
6
0
0
6
0
0
0
0
0
0
6
0
0
0
0
32113
.3133
..1.1
13213
12223
.2323
22212
223.3
32113
.3133
..1.1
13213
12223
.2323
22212
223.3
0
13
0
0
0
32113
.3133
..1.1
13213
12223
.2323
22212
223.3
0
1
5
0
1
