OK 1
1
1
1
0
1
1
1
1
0
1
0
1
1
1
1
1
3
0
37
0
37
1
1
0
1
4
1
33
1
1
1
0
0
0
0
0
0
1
1
0
0
4
1
0
2.....
5....2
...513
2...5.
154.51
.21...
43..5.
...3..
0
0
1
1
1
0
0
26
0
0
1
3
1
0
1
0
1
0
2..2..
5....2
...513
2.5.5.
154551
121..1
43..54
...35.
0
0
3
0
0
1
0
0
0
0
1
1
0
0
0
20
20
0
6
0
1
1
0
1
1
0
0
0
0
1
0
2
0
0
0
0
0
0
0
17
0
0
1
1
0
0
2
1
0
0
0
1
1
14
0
0
2
1
14
0
0
2..2..
5.1.12
...515
2.545.
154254
1212.1
432.54
4.1351
0
1
0
1
23.2..
521.12
...515
2.545.
154254
1212.1
432.54
4.1351
0
0
0
1
0
0
1
4
11
0
0
11
