OK 1
1
1
1
0
1
1
1
1
1
0
1
1
46
2
1
1
44
1
0
0
1
42
1
1
1
40
0
1
.3.3.42
..66..4
....2..
.......
.......
...531.
26...21
..4.6..
1
1
1
1
0
1
1
0
1
0
0
4
0
0
1
1
31
1
0
0
53.3.42
..66..4
...42.5
....46.
.......
...531.
264..21
1.446.5
1
0
0
0
0
1
1
1
0
26
0
1
25
0
0
0
0
6
0
0
1
0
0
0
0
0
0
1
23
0
1
1
1
0
0
0
0
0
1
20
0
1
0
1
0
1
1
1
7
0
17
0
0
0
4
0
17
0
0
0
0
0
0
17
0
0
1
0
0
0
7
0
0
4
0
0
1
0
0
16
1
1
0
0
0
0
0
0
0
0
0
0
0
0
0
0
0
1
0
0
0
0
0
1
0
0
0
1
0
53.3542
..66..4
.2.4215
...5462
36.56.5
422531.
264.321
1.44625
0
0
0
0
0
1
53.3542
..66..4
.2.4215
...5462
36.56.5
422531.
264.321
1.44625
0
15
0
0
7
0
0
6
0
0
15
