OK 1
0
1
1
1
1
1
0
1
0
50
1
3.......
.3......
1.2.....
.....3..
......2.
.....3..
........
1
2
0
1
1
1
1
1
3.......
.3......
1.2.....
...3.31.
....1.2.
..2..3..
...3.1..
1
1
1
1
0
1
7
1
0
1
36
1
1
0
1
7
1
0
0
1
33..3...
.3..2...
1.2.3...
..231313
..121.2.
..2.332.
.1.3.1..
1
0
30
0
1
1
9
0
1
0
1
0
10
1
0
0
1
25
0
0
33..3..1
.31.2...
122.3..3
..231313
3.121.2.
..2.332.
11.3.1..
0
0
1
0
1
0
0
0
0
1
0
1
0
1
0
0
0
1
0
1
20
0
10
20
33..3..1
.31.223.
122.3.33
..231313
3.121.2.
.22.332.
11.3.13.
0
0
0
0
1
0
1
0
0
0
0
19
1
0
0
18
0
0
0
0
1
0
0
0
0
1
0
0
0
1
0
15
0
1
0
15
0
0
0
0
0
15
1
0
0
1
1
0
0
1
13
1
0
0
0
0
0
0
0
0
12
0
0
0
0
0
0
0
0
1
0
0
1
0
0
0
1
0
0
0
16
0
0
12
0
0
