OK 1
0
1
39
1
........
........
........
......2.
..3.....
0
0
1
0
1
0
1
0
0
1
1
0
1
32
1
31
0
1
1
29
256.....
4.......
.....2..
3.3.6.2.
..3.5...
1
0
0
0
1
1
27
1
0
1
1
0
0
1
1
1
5
0
1
1
1
1
2
1
256.31..
4.5...55
..6..251
34326.2.
1.3.5...
1
1
0
0
4
256231..
4.5.1.55
..6..251
34326.2.
1.3.5...
0
0
0
6
0
0
0
1
0
15
0
0
0
0
1
0
1
1
13
1
0
1
0
1
0
0
0
1
0
0
0
5
0
0
10
0
0
1
0
1
0
256231..
4.551355
..6.1251
34326221
1.3.5..1
1
0
1
0
7
0
1
0
7
9
0
1
0
6
0
0
0
0
2562313.
4.551355
..6.1251
34326221
1.3.5..1
0
1
0
0
0
1
8
0
3
25623135
4.551355
..6.1251
34326221
1.3.5..1
1
25623135
4.551355
..6.1251
34326221
1.3.5.11
0
