OK 1
1
1
1
1
1
1
1
1
1
1
1
1
1
1
0
1
38
1
0
0
1
1
0
1
0
1
1
1
1
1
30
1
1
1
1
1
0
0
1
0
1
25
0
1
0
0
0
1
4
0
0
5
0
0
0
1
1
21
1
1
1
0
0
20
1
1
0
0
0
5
1
0
0
0
4111..5
....325
.55.3.2
1121.2.
4.5.143
.332.1.
.2.2424
0
1
4111..5
....325
.55.3.2
1121.2.
435.143
.332.1.
.2.2424
0
0
1
8
16
0
0
0
1
0
4111.55
....325
.55.3.2
1121.2.
435.143
.332.1.
52.2424
0
6
15
0
0
4111.55
....325
.55.3.2
1121.2.
435.143
.332.1.
52.2424
0
0
1
0
1
0
1
12
4111.55
4...325
255.3.2
112152.
435.143
.332.1.
52.2424
0
12
0
0
1
4111.55
4...325
255.3.2
112152.
435.143
.332.1.
52.2424
0
0
0
0
9
1
0
0
0
0
0
0
0
0
1
0
0
1
7
1
0
0
8
1
0
1
0
0
0
1
0
0
0
0
0
7
0
0
0
0
0
