OK 1
1
1
1
1
1
0
1
51
1
0
1
0
0
1
1
1
1
0
1
1
1
0
1
0
0
0
1
5
1
1
1
0
1
1
1
1
1
1
0
0
0
1
32
1
0
1
1
1
0
0
0
1
11.....2
24.....3
1..444..
.3.41211
.1.2132.
1...2.2.
1.4.4...
0
1
0
3
1
1
1
1
0
0
3
0
1
0
1
0
0
1
0
1
0
0
22
0
0
9
22
0
4
1
0
1
0
21
0
1
0
1
0
0
0
0
0
1
0
0
0
1
1
0
0
0
0
0
0
1
0
0
0
0
1
0
1
0
0
6
0
0
14
1
0
0
0
0
14
0
1
12
0
0
0
11
0
0
0
0
0
0
0
1
0
0
0
0
112.2.42
242..413
11.44444
23241211
31.2132.
11132.21
1.4.4..3
0
12
0
0
6
0
0
112.2.42
242..413
11.44444
23241211
31.2132.
11132.21
1.4.4..3
0
0
0
12
0
0
15
1
0
0
0
0
0
0
1
12
0
12
0
1
12
0
0
0
1
0
0
0
