OK 1
1
1
1
39
0
1
1
0
1
1
0
1
1
1
1
1
1
1
1
1
3
0
1
0
0
1
1
4
1
0
0
.41....
.53..3.
4.1..5.
4.16...
.42..6.
6.....5
0
1
1
1
0
0
0
0
1
1
1
.41....
.536.35
4.1..5.
4.16..6
.42..6.
6.2.3.5
0
0
1
0
4
1
19
1
0
1
0
0
1
1
0
0
1
15
1
.41....
3536.35
4415.5.
4316..6
.42..64
6.22355
0
0
1
0
1
1
0
0
1
0
0
0
11
0
0
0
0
.41..4.
3536.35
3415.5.
43162.6
.421.64
6.22355
0
0
0
0
0
0
0
0
0
4
.41..4.
3536.35
3415.5.
43162.6
.421.64
6.22355
0
11
1
0
0
1
1
7
0
0
4
0
0
0
1
0
0
7
0
0
0
0
1
7
0
3
1
0
1
0
0
0
0
0
0
0
8
1
1
