OK 1
1
1
1
0
1
1
1
1
1
0
1
2
1
0
........
3.......
..6.6...
..5...2.
....3.2.
........
.....1..
........
1
0
........
3.......
..6.6...
..5...2.
....3.2.
........
.....1..
..5.....
1
1
53
1
1
0
1
1
1
1
0
1
1
1
1
1
1
1
43
0
0
1
1
1
1
0
0
0
1
0
0
1
0
1
0
1
1
0
0
0
1
1
1
0
0
0
0
1
0
3.2..5.6
3....1..
2.6163.6
.2543.21
5.6.3.22
21..2...
..4..16.
..5.2.1.
1
0
1
0
1
342..5.6
3....13.
2.6163.6
.2543.21
5.6.3.22
21..2...
..4..16.
.15.2.1.
342..5.6
3....13.
2.6163.6
.2543.21
5.6.3.22
21..2...
..4..16.
.15.2.1.
0
0
0
0
0
1
342..5.6
3....13.
2.6163.6
.2543.21
5.6.3.22
21..2...
..4..163
.15.2.1.
0
28
1
0
0
0
0
1
0
0
1
0
1
0
0
6
0
0
7
1
1
0
0
0
0
1
0
3424.5.6
3....13.
2.6163.6
22543.21
5.6.3.22
21..22.5
..4..163
.15.2.1.
0
3424.5.6
3....13.
2.6163.6
22543.21
5.6.3.22
21..22.5
..4..163
.15.2.1.
1
1
0
1
1
0
0
0
1
0
0
1
0
0
1
0
1
1
0
1
0
0
9
0
1
18
1
0
0
18
1
0
1
0
0
0
0
1
0
0
0
0
1
8
0
0
3424.5.6
3.5.413.
2.6163.6
22243321
516.3.22
21..2245
.44..163
215.2.1.
0
0
17
1
0
0
0
1
0
0
0
0
13
3424.5.6
3.5.413.
2.6163.6
22243321
516.3.22
21..2245
.446.163
215.2.1.
16
0
0
16
0
7
0
0
16
1
0
0
1
0
0
0
0
0
7
1
0
0
0
0
1
0
0
0
0
1
1
0
0
0
1
0
1
1
0
0
0
1
0
1
0
0
