OK 1
1
1
1
2
1
1
1
1
0
0
1
1
4
47
2
1
1
0
1
1
1
0
1
1
1
1
6
0
38
..1..2.
2....12
...1.3.
....3..
..13.2.
33..13.
.3.....
...2..1
0
38
1
37
..11.2.
2....12
...1.3.
....3..
..13.2.
33..13.
.3.....
...2..1
0
1
1
1
9
1
0
1
0
1
10
31
0
0
0
1
1
8
1
1
0
1
9
1
1
1
1
1
1
0
1
1
0
0
1
1
14
0
1
1
0
1
0
0
0
1
0
0
1
0
0
0
0
15
0
1
1
13
0
1211322
2.31.12
12.133.
.3213.3
.313.23
331213.
.3.3.21
21221.1
0
0
0
1
1
0
0
1
0
0
1
0
0
0
14
0
0
0
0
0
0
1211322
2.31.12
122133.
.3213.3
.313.23
331213.
13.3.21
21221.1
0
0
0
1
1211322
2.31.12
122133.
.3213.3
.313.23
331213.
23.3.21
21221.1
0
11
0
0
1
1211322
2.31.12
122133.
.3213.3
.313.23
331213.
23.3.21
2122121
0
1
0
0
0
0
1211322
2.31.12
122133.
.3213.3
.313323
331213.
23.3.21
2122121
0
0
1
0
0
0
0
0
8
0
0
0
0
0
8
0
0
0
0
8
0
0
0
1
0
1
16
0
0
0
0
0
0
0
0
0
0
0
1
1211322
2131.12
122133.
.3213.3
2313323
3312131
23.3.21
2122121
0
17
0
0
0
0
0
6
0
0
17
0
0
1211322
2131.12
122133.
.3213.3
2313323
3312131
23.3.21
2122121
0
0
1
0
0
0
0
0
