OK 1
1
1
1
0
1
52
1
1
0
1
1
0
1
0
1
0
1
1
1
...2...
.4.....
...3..1
.....4.
..2.2.3
.....2.
.1...3.
.3.4...
1
1
1
5
0
1
1
..12...
.41....
...3.21
.....4.
.32.2.3
.....2.
.1...3.
.3.4...
0
0
1
0
1
..12...
.41....
...3.21
....44.
.32.2.3
.....2.
.1.3.3.
.3.4...
0
0
5
0
1
0
0
1
0
1
1
0
0
0
0
1
1
1
1
0
0
8
1
1
0
1
1
27
0
0
0
0
27
1
6
1
1
8
0
24
0
0
..1213.
.41...4
...3.11
.4.344.
.324243
.1...22
.1.333.
.3.4121
1
1
1
0
0
1
0
9
1
0
0
0
0
1
0
0
10
0
0
21
0
21
1
1
..1213.
.41.344
...3111
.44344.
.324243
.1...22
.1.333.
.3.4121
0
..1213.
.41.344
...3111
.44344.
.324243
.1...22
.1.333.
.3.4121
0
0
..1213.
.41.344
...3111
.44344.
.324243
.1...22
.1.333.
.3.4121
0
0
1
19
0
0
1
0
1
18
0
0
1
0
10
0
1
0
17
0
0
0
0
0
1
1
0
0
0
1
0
14
0
7
1
0
0
0
14
1
0
0
0
0
0
0
0
13
0
0
0
0
0
14
9
0
1
12
0
0
0
0
1
0
1
0
1
1
1
0
0
0
0
0
0
0
0
