OK 1
1
1
46
1
1
1
1
1
1
0
1
1
1
1
4
1
0
1
0
1
0
1
0
1
0
..5...
5....3
...3..
33..21
.4..21
1.....
......
1.5..1
0
0
1
1
0
1
31
0
1
1
1
1
1
1
0
25
1
0
1
1
.15...
5.4..3
...332
333.21
.43521
1...55
......
125..1
0
0
6
0
1
1
0
0
0
0
1
1
0
0
0
1
0
0
0
20
1
1
.15...
5.45.3
...332
333.21
443521
1.5.55
...25.
125..1
1
0
7
0
1
0
.15...
5.45.3
..1332
333.21
443521
1.5.55
...25.
125..1
1
1
0
0
1
1
1
1
0
0
1
0
1
1
0
0
0
8
12
1
0
0
0
.15..3
5.45.3
..1332
333.21
443521
125555
...252
1214.1
0
1
0
0
0
0
1
1
0
1
9
0
0
0
1
0
0
0
0
0
0
0
0
0
0
0
0
0
0
0
0
0
0
0
0
0
0
0
1
0
1
0
0
0
215.53
5145.3
.21332
333.21
443521
125555
4.3252
4214.1
0
0
0
0
0
0
