OK 1
1
1
1
1
1
37
1
1
0
1
1
1
0
......
1....5
......
2.....
....41
5.1...
.32...
1
1
0
0
0
1
1
1
0
4
28
1
1
0
1
1
0
1
23
1
0
23
1
3
0
0
0
0
0
.5....
133425
.1....
2.52..
..1241
2.1...
.324..
0
0
0
3
22
0
0
0
1
1
1
0
1
1
0
0
1
1
1
0
0
15
0
1
1
0
13
0
0
0
13
0
1
12
1
0
.5.3.3
133425
.13.35
2432..
2.1241
2112.4
.3243.
0
0
11
1
1
0
0
0
0
0
0
0
0
1
1
0
6
8
1
1
0
0
0
0
0
0
0
0
0
0
1
0
0
0
0
1
.5.343
133425
313.35
24324.
2.1241
2112.4
23443.
0
0
7
0
0
0
1
0
0
6
0
.5.343
133425
313.35
24324.
2.1241
211224
23443.
0
9
0
0
0
0
0
0
0
0
0
0
0
0
0
0
0
0
0
1
0
8
