OK 1
0
1
1
1
1
1
1
1
1
1
1
0
1
4
1
1
1
0
1
0
0
0
0
0
1
1
1
1
0
1
1
0
0
.4.3.4..
3.2...1.
12.11...
...1.23.
3324.2.4
0
0
5
21
1
.4.334..
3.2...1.
12.11...
...1.23.
3324.2.4
0
4
0
0
0
20
1
1
1
1
1
0
17
0
5
0
.4.334..
342...11
12.11.1.
...1.23.
3324.2.4
0
0
.4.334..
342...11
12.11.1.
...1.23.
3324.2.4
1
1
0
0
1
1
0
0
0
0
0
0
1
1
0
12
24.334.2
342...11
1221111.
.3.1.23.
3324.2.4
0
0
0
0
0
0
0
0
1
8
0
1
0
0
0
0
24.33432
342...11
1221111.
.3.1.23.
3324.2.4
0
1
1
1
0
1
0
0
9
0
0
9
0
0
0
0
0
0
0
9
0
0
0
9
1
0
0
1
0
1
0
0
0
0
0
0
0
0
0
1
