OK 1
0
1
1
1
1
1
1
51
1
1
3
1
1
1
1
1
1
1
5
0
0
43
1
0
42
42
1
1
1
1
1
0
1
1
1
1
1
0
1
1
0
1
30
0
1
0
1
0
0
0
8
0
1
0
1
0
0
26
1
0
0
26
1
1
0
1
0
1
1
0
0
0
0
0
0
0
1
0
11
21
0
11
0
0
1
0
1
1
0
0
19
1
0
1
0
0
0
0
0
1
1
0
0
0
0
0
0
0
0
12
18
0
0
1
0
0
1
1
0
1
0
0
0
0
11
1
0
1
1
1
0
1
0
0
0
0
0
1
0
0
0
0
1
0
0
0
0
11
1
0
0
0
0
0
16
0
1
0
3122122
1331212
..22131
3.13311
33.22.2
3132..1
.3.1122
.11.22.
0
0
0
0
1
0
1
0
3122122
1331212
..22131
3213311
33.22.2
3132..1
.3.1122
.11.22.
0
0
16
11
0
0
11
0
0
0
0
3122122
1331212
..22131
3213311
33.22.2
3132..1
.3.1122
.11.22.
0
0
11
0
1
0
1
