OK 1
1
55
1
1
53
0
1
1
1
1
0
1
1
47
1
1
1
1
1
1
0
1
1
1
1
1
0
0
0
1
1
0
1
1
1
0
1
0
1
1
29
0
1
12
0
1
0
0
...1.1.
232..3.
.22.2.3
11....1
..32211
3.1.2..
2.133..
2..2.32
0
9
0
0
0
0
0
0
0
0
0
0
1
1
1
0
0
0
0
14
0
0
1
0
0
17
0
1
1
0
0
0
0
1
0
0
0
0
0
0
1
0
0
1
0
0
0
1
0
0
1
0
0
0
1
0
0
0
0
0
0
0
0
0
0
0
0
0
0
0
1
0
0
0
0
0
1
1
0
0
1
1
0
0
1
0
0
1
0
0
1
1
0
0
0
0
0
.1.111.
232..3.
.22.2.3
11.21.1
3.32211
321.221
22133.2
2..2132
0
0
0
1
0
0
1
18
1
0
14
0
0
0
1
.1.111.
232..33
.2222.3
11.21.1
3.32211
321.221
2213332
2..2132
0
1
0
18
0
0
1
0
1
0
0
0
0
0
12
0
11
1
0
0
.1.111.
232..33
.222223
11.21.1
3.32211
321.221
2213332
2..2132
0
0
1
0
11
0
0
1
0
1
0
0
0
1
15
