OK 1
1
1
1
1
1
1
0
1
1
0
1
1
0
1
1
0
38
1
1
37
1
36
1
1
0
1
0
6
1
0
0
0
0
1
0
1231121.
..1....1
3.3.....
2....2..
2...3...
....2.1.
0
1
1231121.
..1...11
3.3.....
2....2..
2...3...
....2.1.
1
1
29
1
7
0
1
1
0
26
0
1
0
9
0
1
1
1
1
1
0
0
1
0
0
1
0
19
0
9
1
18
1
1
0
0
0
9
12311213
231.1.11
333.2.1.
2..3.2..
2..3332.
1...2.11
1
1
0
0
12
0
0
1
0
0
0
0
0
1
0
1
1
1
12311213
231.1.11
323.231.
2.3332.1
2.13332.
1.3.2.11
0
0
0
0
0
1
1
0
0
0
0
0
0
0
0
0
0
0
0
0
0
0
0
0
0
13
0
0
1
0
9
0
1
0
1
0
0
0
1
13
1
0
0
0
6
12311213
23121211
323.231.
223332.1
23133321
1.3.2.11
0
1
0
1
0
1
0
4
0
