OK 1
1
1
1
1
1
1
0
1
1
0
1
1
1
0
1
1
44
1
0
1
0
42
0
1
0
1
4
0
1
1
0
0
1
5
0
0
0
4
0
5
1
0
1
1
34
0
4
1
0
1
1
0
0
8
1
1
1
0
1
1
0
1
0
0
27
0
1
10
1
0
0
1
0
24
0
1
0
0
0
1
0
0
34..3.2
33..112
1...4..
.3.233.
3.23..4
2.14434
.412.4.
441.1..
0
0
0
0
1
1
0
1
0
1
0
1
0
0
0
0
0
1
17
0
0
0
11
0
0
1
0
0
0
0
1
0
0
0
1
1
0
0
14
1
0
0
0
14
34..3.2
33.2112
14..4.3
.3.2332
3423..4
2314434
141234.
441.13.
1
0
0
0
0
0
1
0
34.43.2
3332112
14..4.3
.3.2332
3423..4
2314434
141234.
441.13.
0
0
0
0
0
0
0
0
0
0
0
0
1
0
15
0
0
0
1
0
34.43.2
3332112
14..423
.3.2332
3423.24
2314434
141234.
441.13.
0
0
0
0
1
0
34.43.2
3332112
14..423
.3.2332
3423.24
2314434
141234.
441.132
0
0
0
9
0
9
0
0
0
