OK 1
1
1
1
1
........
........
........
......2.
1.......
........
.3....2.
1
1
1
1
1
1
1
1
1
1
1
0
0
1
0
1
0
0
0
1
39
1
5
1
0
0
1
1
0
0
1
1
0
1
1
1
0
1
29
1
1
0
27
0
1
0
0
4..1...3
1....34.
.444..1.
.1233242
14..223.
.2...214
.3.4..22
1
25
0
0
0
1
1
0
1
0
1
0
0
0
22
0
1
0
9
0
4..1...3
1...334.
34442.11
.1233242
14..223.
.3...214
.3.4.222
0
1
11
0
1
0
1
0
8
1
12
1
0
0
0
0
8
0
0
0
4..1..13
12.2334.
34442.11
.1233242
14..223.
33...214
.3.4.222
0
17
1
9
0
0
0
0
0
1
0
0
0
1
0
10
0
1
1
0
0
1
0
0
1
1
0
0
0
0
0
0
0
0
0
0
0
12
0
0
0
0
0
0
0
0
12
12
0
0
4.214.13
1232334.
34142.11
.1233242
141.223.
33...214
33.4.222
0
1
11
4.214.13
1232334.
34142211
.1233242
141.223.
33...214
33.4.222
0
0
0
1
0
12
0
0
0
15
0
1
13
0
0
0
0
15
0
1
0
0
0
0
0
0
0
0
0
