OK 1
0
1
1
1
1
1
1
1
1
1
1
0
1
0
1
1
29
0
1
0
1
1
0
27
0
1
1
1
0
0
0
0
1
1
1
0
0
1
1
0
...2.1
.....2
.1..23
2..12.
231.23
.2.132
.21133
1
1
0
0
0
0
0
1
...2.1
2....2
.1..23
2..121
231123
.2.132
.21133
0
0
6
0
1
1
0
0
1
...2.1
2....2
.1..23
21.121
231123
.1.132
221133
0
1
1
8
12
0
0
0
0
0
1
0
1
0
10
1
0
0
0
0
0
.3.231
2....2
.1..23
211121
231123
311132
221133
0
0
0
0
9
1
0
0
0
.3.231
2....2
.1..23
211121
231123
311132
221133
0
0
0
0
0
0
0
0
9
1
0
0
1
0
0
0
12
1
0
0
9
0
0
0
0
9
0
0
8
0
0
0
0
1
0
0
1
0
0
