OK 1
1
0
1
1
1
1
1
1
1
1
1
0
1
1
1
1
1
1
1
0
1
27
0
1
0
0
1
0
1
0
1
0
0
1
1
23.132.
.1344..
1.4....
...4...
..14.14
314..2.
0
1
1
23.132.
.1344..
1.42...
...4.1.
..14.14
314..2.
0
0
0
0
1
1
0
1
0
8
0
0
23.1322
.1344..
1442...
.1.4.1.
..14.14
314..2.
0
1
9
23.1322
.1344..
14424..
.1.4.1.
..14.14
314..2.
0
1
23.1322
.1344..
14424..
.1.4.1.
..14.14
314.22.
0
15
0
0
0
0
1
0
0
9
1
9
0
1
23.1322
.1344..
14424.2
.1.4.1.
.114.14
314222.
0
0
0
1
1
1
0
0
0
0
0
1
0
0
0
0
0
0
1
8
0
23.1322
41344..
1442432
.12411.
.114.14
314222.
0
0
0
0
0
0
0
1
1
0
6
0
0
0
10
1
0
1
1
0
0
0
5
1
0
0
0
10
