OK 1
0
1
1
1
53
1
1
1
1
1
1
3
0
1
46
1
1
1
1
1
41
1
1
........
.143....
.24.2...
2.....41
.3.3....
4..1....
1..23...
0
1
1
1
1
.1..13..
.143....
.24.2...
2.....41
.3.3....
4..1....
1..232..
1
1
1
8
0
0
0
0
1
1
31
0
0
0
1
10
0
0
30
0
1
29
1
1
1
1
1
0
0
1
0
41.413..
.1432..3
.24.2...
2..43.41
.3.31...
4..12.1.
111232..
0
7
0
10
1
0
0
0
7
0
0
0
1
0
0
25
1
8
0
0
1
1
0
0
10
22
0
0
1
0
1
0
21
0
1
0
1
41.413..
.14324.3
124.2..3
23.43241
.3.31...
4..12.1.
111232..
1
0
1
0
0
0
8
4114133.
.14324.3
124.2..3
23.43241
.3.31...
4..12.1.
111232..
1
1
1
0
0
1
1
0
0
0
0
0
0
1
1
0
0
0
0
0
10
0
0
0
0
1
0
0
0
10
0
10
0
12
0
1
0
1
0
0
0
0
0
0
0
0
0
0
41141332
.1432443
124.2.23
23.43241
.3431.1.
41.12.14
111232.2
0
0
41141332
.1432443
124.2.23
23.43241
.3431.1.
41.12.14
111232.2
10
0
1
0
0
0
0
0
12
0
0
1
8
0
1
0
0
