OK 1
1
1
1
1
1
1
1
0
0
1
1
0
1
1
1
1
0
1
1
231.11..
.2......
....1..1
2.......
...3....
...1..3.
........
...2....
0
1
1
1
1
1
231.11..
.2......
....1..1
2.......
...3....
...1133.
........
..22..2.
1
1
1
1
1
0
1
1
0
0
0
0
1
1
0
1
1
0
0
0
1
1
1
0
7
0
1
231.111.
12...131
1...1.11
2.1.....
.2.33.1.
...1133.
..3.221.
..22..2.
0
0
0
1
1
1
1
0
1
0
0
0
1
0
1
8
0
1
1
0
1
0
0
0
1
0
0
0
0
1
0
0
0
1
0
0
1
1
11
1
0
0
11
1
23111112
12.3.131
1.121111
231.332.
.2233.1.
..11133.
.232221.
2.222.2.
0
0
0
16
0
0
0
0
0
0
16
1
0
0
1
14
1
0
0
0
11
13
0
0
23111112
12.3.131
1.121111
231.3322
.2233.1.
..11133.
12322212
2.222.2.
0
0
1
0
0
0
1
21
0
0
21
1
0
1
0
0
0
0
21
0
1
0
10
0
0
0
0
0
10
0
0
0
0
23111112
12.3.131
1.121111
231.3322
.2233313
..11123.
12322212
2.22222.
0
0
0
1
0
0
0
1
0
1
0
0
22
0
0
0
8
0
0
22
0
0
23111112
12.3.131
1.121111
231.3323
22233313
.211123.
12322212
2.22222.
0
0
0
13
0
0
1
0
