OK 1
1
1
.......
.....2.
.......
.......
...3...
.......
.......
.......
1
1
1
1
1
1
1
1
1
1
1
0
1
0
1
1
0
0
.3..3..
1....22
..3.1..
...1...
.1.3...
......1
.......
....2..
1
1
1
1
1
1
1
.3..3.3
1...222
..3.12.
...1...
.1.3...
...2..1
1......
.1..2..
1
0
1
0
.3..3.3
1...222
..3.12.
...1...
.1.3.3.
...2..1
1......
.1..2..
0
1
0
0
36
1
0
0
0
1
1
0
0
1
0
0
32
0
1
1
1
0
1
0
0
1
.3..3.3
13..222
..3112.
...12..
.1.3.31
1..2..1
113.2.2
.1..2..
1
1
1
25
0
0
0
1
0
1
1
23
0
0
1
1
0
0
0
0
0
0
.3.23.3
13..222
2.3112.
2.212..
.1.3.31
1..2..1
113.2.2
11..2.2
0
0
0
1
0
0
0
.3.23.3
13..222
2.3112.
2.212..
.1.3.31
1..2..1
113.2.2
11..2.2
0
.3.23.3
13..222
2.3112.
2.212..
.1.3.31
1..2..1
113.2.2
11..2.2
1
1
1
1
0
0
0
1
15
1
0
1
0
17
0
0
1
0
1
0
0
10
0
0
1
0
0
.3.23.3
13..222
2.31121
2.2123.
.1.3.31
1.12111
113.232
11..2.2
0
1
0
1
.3.23.3
13..222
2.31121
2.2123.
21.3131
1.12111
113.232
11..2.2
0
0
0
0
1
0
0
1
0
0
0
17
0
0
0
12
0
0
0
0
0
0
12
0
1
0
1
0
0
0
13
0
0
0
0
0
10
0
0
0
0
0
18
15
0
0
