OK 1
1
1
54
1
1
53
1
1
1
51
1
1
0
1
0
1
47
1
4
1
0
0
0
1
0
0
1
1
0
0
1
42
1
1
6
0
1
0
1
1
0
37
.3.....
2.....1
2.2.2..
21.....
.1..41.
1.34...
.3..12.
.44....
0
6
0
1
7
1
4
1
1
0
1
1
1
5
0
.3.....
2..4331
222.2..
21.....
.1..41.
1.34...
.34.12.
.442...
0
1
1
29
1
1
1
0
0
0
0
1
0
1
0
0
0
.3.....
2..4331
222.23.
21.2...
.1..41.
1.34...
.34.124
.442..4
0
1
0
0
10
1
1
0
0
1
0
1
10
0
9
0
0
0
0
0
0
10
0
0
.33...3
2.44331
222.23.
2112...
.1..41.
1.341..
.34.124
.442..4
0
0
.33...3
2.44331
222.23.
2112...
.1..41.
1.341..
.34.124
.442..4
0
0
0
0
1
0
1
0
1
0
1
9
0
11
0
8
0
1
0
0
0
0
1
12
0
1
0
9
8
1
0
0
0
0
0
10
0
9
1
0
0
0
1
0
1
0
1
10
0
0
0
1
0
0
1
0
10
0
0
.331..3
2244331
2224233
21124..
1134411
1.341..
.34.124
4442244
0
0
0
1
0
0
1
0
0
0
0
0
0
.331.43
2244331
2224233
21124..
1134411
1.341..
.34.124
4442244
0
0
0
1
0
0
0
0
3
0
1
0
0
