OK 1
0
......
......
......
......
......
......
......
......
1
1
1
1
......
..4.1.
......
..3...
......
...4..
......
......
0
1
1
42
42
1
1
1
39
0
.2....
.34.1.
......
..3..3
......
2..4..
2.....
......
1
1
1
2
0
36
0
0
1
1
.2....
.34.1.
.1....
..34.3
.1....
2.44..
2.....
......
1
34
1
33
0
1
0
1
0
0
0
0
1
30
0
1
0
1
1
1
1
1
1
0
24
0
5
24
0
1
0
0
1
1
0
1
1
1
9
0
0
1
1
0
0
1
1
0
0
0
0
1
1
0
0
0
0
0
0
0
9
0
0
13
9
0
0
0
0
0
9
1
0
0
10
1
0
0
0
0
9
0
0
0
0
0
0
0
12
0
0
0
1
0
11
4231..
334213
313.14
323423
.1.141
2144.3
21.3.2
2..24.
1
4231.4
334213
313.14
323423
.1.141
2144.3
21.3.2
2..24.
