OK 1
1
1
1
1
1
1
0
0
1
1
1
0
0
1
1
1
.1.331.
..4....
4......
2.2....
..1....
.....2.
0
1
1
1
1
1
0
1
0
0
0
0
512331.
..4....
4.5.5..
2.2....
..1....
.1...2.
1
1
4
0
1
0
0
24
512331.
..4....
4.5.5..
2.2.1..
..1....
41..42.
1
1
0
1
0
0
0
0
0
0
1
0
1
0
0
0
0
0
0
0
0
0
1
5
0
0
0
0
7
0
1
0
0
0
17
0
0
0
0
0
1
0
0
1
0
5123311
..4.4..
4.54554
232.1..
..111..
41..422
1
1
5123311
..4.4..
4.54554
232.1..
.2111..
411.422
13
0
0
13
0
0
0
1
0
1
5123311
..4.4..
4.54554
232.1.3
.2111..
413.422
1
1
0
0
0
0
0
1
0
11
0
0
0
1
0
0
0
0
6
0
11
0
8
