OK 1
1
1
1
1
2
1
1
.......
.......
3......
.13....
...2.2.
.......
....1..
.......
1
1
0
1
1
1
1
1
3
1
1
1
1
0
0
0
1
1
1
0
0
0
1
5
0
3
1
1
1
1
0
1
1
0
0
0
4
1
0
32
0
1
3
31
1......
3.6.5..
33...4.
413.15.
.342.21
.16....
.4..142
...6..3
0
1
0
1
2
1
0
1
28
0
1
0
1
0
1
0
0
1
1
1......
3665522
33.3.4.
413615.
.342.21
.16...3
.4..142
...6..3
0
0
0
0
5
24
1
0
0
0
1......
3665522
33.3.4.
413615.
.342.21
.16...3
.4..142
...6..3
0
0
1
9
0
0
1
0
0
0
0
0
23
0
1......
3665522
33.3.4.
413615.
.342.21
.16...3
.4.4142
...6..3
0
0
0
1
0
0
6
0
1
0
1......
3665522
3333.4.
413615.
.342.21
.16...3
.4.4142
...6..3
0
6
0
1......
3665522
3333.4.
413615.
.342.21
.16...3
.4.4142
...6..3
0
0
0
0
9
0
0
0
0
0
0
1
0
0
0
9
1
1
0
1
1
0
0
0
0
1
0
0
0
0
0
0
1
7
0
0
0
5
0
0
0
0
5
0
0
0
0
18
0
0
0
18
0
0
0
1
17
0
7
0
0
1
0
16
0
1
0
0
0
0
0
0
6
0
0
0
7
