OK 1
1
1
1
1
1
1
1
49
1
1
1
....3...
........
..1..1..
..3.1.2.
.2......
.......1
..2.1...
0
1
.2..3...
........
..1..1..
..3.1.2.
.2......
.......1
..2.1...
0
1
1
7
0
1
0
1
0
0
0
0
1
0
1
1
0
1
1
4
0
0
0
0
0
36
0
0
36
0
1
5
0
1
11
1
1
0
0
1
1
0
0
1
0
0
1
0
1
0
1
10
0
27
0
1
0
0
0
0
27
0
1
0
0
0
0
1
15
0
0
6
1
0
0
0
0
1
0
0
1
0
16
0
1
8
22..31..
31......
111.21..
13321.2.
.21.1113
3221.3.1
2.2.13.1
1
0
0
1
1
0
0
0
0
0
1
0
0
20
1
0
0
1
0
0
1
0
0
22..31..
313....2
111.21..
13321321
.2131113
3222.3.1
2.2.13.1
1
0
1
1
0
1
13
0
0
0
0
0
1
0
1
1
0
15
0
1
0
0
1
13
1
0
0
0
0
0
0
0
0
13
0
0
0
9
0
1
0
0
0
1
0
0
0
1
0
0
0
0
