OK 1
1
1
1
1
1
1
1
1
1
1
1
1
1
1
1
1
1
0
1
38
1
0
5
1
0
1
0
1
1
7
0
0
0
....3.2
4.43.25
2..555.
..24.2.
.......
.34....
...1.1.
34..441
0
1
1
0
1
7
1
29
0
....3.2
4.43.25
2..555.
..24.2.
...2...
.34..5.
...1.1.
3431441
0
0
1
0
1
1
7
0
0
1
1
0
1
1
0
1
1
0
0
0
0
0
0
1
0
0
0
0
8
1
1
21
1
0
20
1
19
0
1
1
...33.2
4543.25
23.5555
.424225
2..2255
.341.5.
...1.1.
3431441
0
7
...33.2
4543.25
23.5555
.424225
2..2255
.341.5.
...1.1.
3431441
0
10
0
...33.2
4543.25
23.5555
.424225
2..2255
.341.5.
...1.1.
3431441
0
1
0
1
1
0
0
15
...33.2
4543.25
23.5555
.424225
2..2255
.341.5.
..2131.
3431441
0
0
0
0
0
0
0
0
1
1
0
1
0
0
1
0
0
0
0
1
0
0
0
0
0
0
0
0
0
0
0
0
0
1
0
0
0
0
0
0
0
0
0
0
0
0
0
0
13
0
0
13
1
0
0
0
0
0
1
0
12
0
0
0
0
0
0
0
0
0
0
0
0
0
0
0
