OK 1
1
1
1
........
......2.
.1......
.2......
........
1
1
1
1
1
0
0
1
31
1
1
0
1
0
28
1
27
1
1
1
2...23..
...3332.
.1...1..
.2...3.3
.21.2.2.
0
24
1
0
1
2...23..
.3.3332.
.1...1..
.2..23.3
.21.2.2.
0
3
1
0
1
20
0
0
2...23..
33.3332.
.1...1..
.2..23.3
221.2.2.
0
1
0
1
0
1
0
0
0
0
0
0
4
0
0
0
1
0
0
1
0
0
1
0
0
0
10
0
2...23..
33333322
.1.3.1..
12..23.3
221.2.2.
0
1
1
0
0
0
10
0
0
0
1
23..23..
33333322
.1.3.1..
12.123.3
22132.2.
0
0
12
0
1
0
232.23..
33333322
.1.3.1..
12.123.3
22132.2.
1
0
11
0
1
1
0
0
0
0
0
0
0
0
0
0
0
0
0
232.23..
33333322
31.321..
12.123.3
22132.2.
0
0
0
0
0
0
0
0
1
0
1
0
0
0
0
232.23.3
33333322
31.321.2
12.123.3
22132.2.
0
0
0
0
13
0
0
0
232.23.3
33333322
31.321.2
12.123.3
22132.2.
