OK 1
0
1
1
1
0
1
0
0
1
44
1
1
2
1
1
........
...3....
....3...
..212..1
.....3..
...1....
1
0
0
3
0
0
1
0
1
1
1
1
1
0
0
1
1
0
0
1
7
1
..2.....
.213....
....31..
..212..1
.31..3.1
2221....
1
0
30
1
0
0
1
..2.....
.213....
...211..
..212..1
.31..3.1
2221....
0
1
28
0
3
1
27
1
0
0
26
0
0
0
0
0
0
1
11
1
3
0
1
1
1
0
11
0
0
0
0
0
1
0
0
1
0
1
1
0
0
0
1
1
0
0
0
0
1
1
0
0
0
0
10
15
0
0
1
1
0
14
0
0
0
0
14
1
0
1
0
0
0
0
0
0
0
15
13
0
0
0
0
0
1
0
0
0
0
1
0
1
0
0
0
0
0
0
0
.22.332.
2213..13
2.2211..
23212.21
3312.331
222113..
0
0
0
0
0
0
0
0
0
0
0
0
0
0
