OK 1
1
0
1
1
1
1
1
1
1
1
48
0
0
1
0
0
1
46
1
0
1
1
1
1
0
1
1
3
0
0
1
0
0
1
0
3
0
0
1
1
0
1
1
0
4
33
1
1
0
0
0
0
0
0
1
1.1.3.4.
.566.2..
.463.6..
155...33
.1..4...
24....2.
..3.4...
1
1
0
1
1
1
0
0
0
0
0
29
0
1
1.1.3.4.
556662..
.463.6..
155...33
.1..43..
24....2.
.53.4...
1
0
1
0
5
0
0
1
0
1
0
1
24
5
1
1
0
0
0
0
0
0
1
0
21
1
1.113.4.
556662..
.46336..
155.5.33
51.643..
24.1.32.
.63.4..3
0
0
1
0
1.113.4.
556662..
.46336..
155.5.33
51.643..
24.1.32.
.63.43.3
0
0
1
0
1
17
0
0
1
0
0
0
0
0
17
0
0
0
0
1
0
0
0
0
1
1
0
0
0
11
0
0
0
0
6
0
0
0
0
0
1
0
0
0
13
0
0
1
0
0
1
1
0
13
0
0
0
1.51334.
556662..
146336..
155.5433
51.6432.
2431.32.
.63.4313
0
0
0
0
