OK 1
1
1
1
1
1
.4..1.
1.....
...3..
......
......
......
......
1
1
.4..1.
1.....
...3..
...5..
......
......
......
1
1
1
1
0
1
32
0
1
1
0
.4..1.
15...2
...35.
...5..
.1.4.4
......
..3...
1
0
1
1
0
0
.4..1.
15.5.2
...35.
...5..
.1.4.4
......
..3..3
0
1
.4..1.
15.5.2
...35.
.3.5..
.1.4.4
......
..3..3
1
1
1
0
1
1
.4..1.
15.552
1.335.
.3.5..
21.4.4
......
..3..3
0
1
0
5
0
1
1
1
0
0
1
1
0
0
1
1
0
15
0
0
0
0
0
0
1
1
0
0
0
0
1
14.21.
15.552
14335.
33.5.2
212454
..4...
353..3
0
1
0
1
6
0
1
0
0
14.21.
15.552
14335.
33.5.2
212454
4.4...
353..3
0
6
0
0
1
1
0
0
0
0
5
0
14.21.
15.552
14335.
33.5.2
212454
4.42..
353..3
0
1
0
0
1
0
5
0
0
7
1
14.21.
15.552
14335.
33.552
212454
4.42..
353.43
1
0
0
0
1
0
0
9
0
0
0
0
0
1
0
0
14321.
15.552
14335.
33.552
212454
4.4254
353.43
0
6
0
0
0
