OK 1
1
55
1
1
1
1
53
1
0
1
1
1
1
1
1
..1.2...
.....21.
.......2
.3......
......2.
.......1
2.......
1
1
1
1
1
1
1
0
1
1
1
1
0
0
0
1
0
11
0
1
0
0
0
1
1
0
0
0
6
0
0
0
0
0
1
0
0
0
0
1
1
0
0
1
1
0
0
0
0
0
1
0
10
0
.31.22..
.132.21.
.133...2
.3.11..2
...3..22
.2.3...1
223.....
0
30
1
0
0
0
7
1
0
1
0
0
0
0
1
0
.31.22.2
.132.212
.1332..2
.3.11..2
...3..22
.2.3...1
223.....
1
0
.31.22.2
.132.212
.1332..2
.3.11..2
...3..22
.2.3..11
223.....
0
1
0
1
0
0
1
0
0
1
0
14
0
0
0
0
0
0
0
331.22.2
.132.212
11332..2
13.11..2
...3..22
.2.3..11
223.....
0
0
0
0
0
1
0
1
1
0
0
0
0
0
1
0
14
1
1
1
0
0
0
0
0
0
14
0
0
0
0
14
1
0
33112212
.1323212
11332..2
13.11..2
..33..22
.233..11
223.....
0
0
0
0
0
0
0
1
0
0
12
0
0
0
0
0
0
1
1
