OK 1
0
0
0
1
1
1
45
1
1
0
0
1
0
1
0
1
0
40
1
0
1
2
0
0
1
0
1
2
1
0
0
0
4....6..
.....2..
4.......
42.352.4
.......3
......5.
0
36
0
0
1
1
1
4....6..
.....2..
4...6...
425352.4
5......3
......5.
0
0
3
0
0
1
2
0
0
1
32
0
1
0
1
0
0
1
0
1
1
1
1
0
5
0
1
0
0
0
1
1
1
1
8
0
0
1
5
0
1
1
1
0
0
18
1
0
0
0
10
0
0
0
3
0
0
1
0
0
0
0
17
0
1
0
1
0
0
0
6
0
0
0
0
0
1
0
0
0
0
4245.646
413.323.
44.2644.
425152.4
5....663
25.1..5.
1
0
0
0
0
5
0
0
0
1
0
0
0
0
0
0
3
12
0
0
0
0
10
1
1
42453646
413.323.
44.2644.
445152.4
5.3..663
25.1..5.
0
1
7
0
