OK 1
1
1
1
45
0
1
1
1
1
1
1
1
1
1
0
0
1
0
0
1
0
0
1
0
1
0
1
0
1
1
1
1
4
0
1
1
1
...4..
2.....
3...5.
.4..1.
3..211
55.1.4
24..26
3...15
1
1
0
25
25
0
0
0
0
1
1
23
0
0
0
1
0
3
0
0
0
0
0
5
1
0
1
.324..
2.....
3...51
.4..1.
3.6211
55.1.4
24.626
346.15
0
1
6
0
1
1
0
0
0
0
0
0
0
0
0
0
.324..
2.....
3...51
.4..1.
336211
55.1.4
24.626
346.15
0
1
0
18
0
4
1
1
0
6
0
0
17
0
0
0
17
0
1
0
0
0
1
0
5
1
1
0
14
0
0
.3243.
2.2...
3..651
.45.13
336211
55.1.4
24.626
346.15
0
0
0
6
0
0
0
0
0
1
0
5
0
0
6
1
0
0
0
0
0
1
0
0
0
0
11
0
1
0
