OK 1
64
1
1
62
1
1
1
1
1
1
1
1
54
1
4
1
0
1
1
1
2....2..
.4...4..
....22..
..4.....
.......3
111..2..
........
...14...
1
1
0
0
0
1
47
1
1
1
1
4
44
1
1
1
0
1
0
0
7
0
0
1
0
1
1
0
0
7
1
1
1
7
0
0
1
1
1
9
1
1
0
0
1
0
0
1
0
8
0
1
1
1
0
0
0
0
0
0
0
0
1
1
1
10
0
0
0
0
0
0
1
1
0
0
1
1
1
0
0
0
19
0
14
0
0
24...21.
44.2.4.4
3..32221
3.4.3211
333414.3
111.3223
.1.13...
443144.1
1
0
0
1
1
0
0
0
0
0
0
0
0
0
1
0
0
0
1
1
0
0
0
0
0
0
0
0
0
0
244..21.
4432.424
3..32221
33443211
333414.3
111.3223
.1.131..
443144.1
0
13
0
0
0
0
0
0
14
0
1
0
0
1
0
1
11
0
0
0
0
1
0
0
13
0
0
0
0
1
0
0
0
14
1
244..214
4432.424
3.232221
33443211
333414.3
111.3223
41.131..
443144.1
0
0
16
1
0
0
1
0
0
0
0
0
12
0
0
1
13
0
0
0
0
0
0
0
0
0
