OK 1
1
1
0
1
1
0
1
1
1
1
1
1
2
0
1
38
0
0
0
1
1
1
0
1
1
1
3
0
1
0
0
0
0
3
0
1
0
1
3
1
29
1
1
1
8
1
0
0
1
1
0
1
0
0
5
0
0
1
0
1
0
0
0
0
0
22
1
0
3
22
0
0
31...4
..6.54
..3.56
.31...
5.244.
..6...
5.61.2
126111
1
0
5
0
0
0
0
1
0
0
31...4
..6.54
..3.56
.31...
5.244.
..6...
5.61.2
126111
0
0
1
1
1
19
0
0
1
31...4
4.6.54
..3556
.31...
5.244.
5.6...
5.6112
126111
1
1
5
0
0
0
0
1
6
0
0
1
1
0
0
0
0
0
0
5
0
0
1
0
0
4
31...4
4.6.54
..3556
.31.3.
5.244.
526..6
526112
126111
0
1
0
0
0
0
0
0
4
0
0
0
0
1
0
0
0
0
4
0
0
0
13
0
0
0
1
0
0
0
12
312..4
4.6.54
..3556
.31.3.
5.244.
5466.6
526112
126111
0
