OK 1
1
1
0
1
1
1
1
1
43
1
1
1
1
1
1
0
0
0
1
1
0
0
1
1
1
1
1
1
0
1
0
5
30
0
1
0
7
2..33.2
3....11
..2.11.
.....3.
..11..2
.12.2..
.1.23..
0
0
1
0
0
2..33.2
3....11
..2.11.
.....3.
..11..2
.12.2..
.1.23.1
0
0
1
0
0
1
1
0
0
0
0
0
0
1
24
1
1
0
1
0
1
0
0
0
0
1
0
2..33.2
3.1..11
..2.111
.231.3.
..11..2
.12.231
.1323.1
0
0
8
0
1
1
1
1
0
1
0
1
0
0
0
1
0
0
1
0
0
2323332
331..11
..2.111
.231.3.
..11..2
1121231
11323.1
0
0
13
2323332
331..11
..2.111
.231.3.
..11..2
1121231
11323.1
0
0
11
13
0
1
0
0
1
0
12
0
0
0
0
1
0
0
17
0
12
0
0
0
1
0
0
0
0
1
1
0
0
0
0
9
0
0
0
0
0
1
19
0
0
0
0
1
0
0
0
2323332
331..11
3.2.111
.231231
.1111.2
1121231
11323.1
0
0
0
0
0
0
0
0
0
10
0
0
0
0
