OK 1
0
1
0
1
0
1
1
1
1
43
0
43
0
0
1
1
1
1
1
0
0
1
1
1
0
1
1
1
2
32
1
1
0
30
1
1
5
0
0
0
5
1
1
1
....6.
.6...1
...1.5
34.46.
426.3.
.6...2
2..3.2
..5211
0
1
1
1
24
0
1
0
0
1
0
..3.6.
.6...1
.2.1.5
34.46.
42643.
.66..2
2..3.2
..5211
0
0
1
0
5
0
0
0
21
0
1
0
0
0
0
1
0
0
19
0
0
0
0
0
1
0
1
0
0
0
0
0
0
0
1
0
0
0
0
1
0
1
1
1
0
0
0
1
1
0
0
0
6
0
0
0
0
.63.6.
.61.41
.251.5
34.461
426433
.66.52
2353.2
245211
0
0
1
1
0
0
0
10
1
0
1
0
0
6
0
0
.6336.
.61.41
.251.6
34.461
426433
266.52
2353.2
245211
0
0
0
0
0
0
0
6
.6336.
.61.41
.251.6
34.461
426433
266.52
2353.2
245211
0
0
1
0
0
