OK 1
1
1
1
1
1
52
1
1
61.....
......5
.......
...2...
.......
.......
.......
..4....
1
0
1
1
61.....
......5
.......
...2..2
.....3.
.......
.......
..4....
0
1
0
1
1
1
46
1
0
1
1
3
44
1
0
43
1
1
41
1
1
1
1
0
1
1
61.....
......5
4.4...4
2..21.2
.....3.
.1...23
21.....
5.42..4
1
1
1
0
0
0
1
1
1
1
0
1
0
0
1
1
11
0
1
0
0
5
1
1
0
0
4
0
0
7
0
0
1
25
1
0
6
0
0
4
0
0
0
0
0
0
0
1
0
0
61.....
.....45
4.44.64
21521.2
.4...3.
6155.23
21....6
5.42334
0
1
0
0
1
1
0
0
0
61.....
.....45
4.44.64
2152132
.4...33
6155.23
21....6
5642334
0
61.....
.....45
4.44.64
2152132
.4...33
6155.23
21....6
5642334
1
5
0
0
0
0
0
0
0
0
20
0
0
1
0
1
0
0
0
5
1
0
0
0
0
1
0
1
0
1
0
0
0
0
0
1
0
5
0
0
0
8
0
1
1
0
1
0
0
0
0
0
0
0
6111.56
.....45
4.44.64
2152132
.42..33
6155123
21....6
5642334
0
7
6111.56
.....45
4.44.64
2152132
.42..33
6155123
21....6
5642334
15
0
0
1
0
0
0
0
1
0
13
0
0
0
0
0
0
0
0
0
7
