OK 1
1
1
1
1
1
1
1
1
1
1
1
56
1
1
0
0
1
1
1
1
1
1
1
1
1
5..5.3.4
...3255.
...1....
.2......
..2....3
..4...1.
.1......
...3.1..
1
0
1
1
0
1
4
1
1
0
1
1
1
1
38
1
5..5.3.4
.5.3255.
.321....
.2......
..2.4..3
334...1.
.1.3...2
12.3.1..
0
37
1
1
7
0
1
0
1
1
0
1
0
0
0
3
1
0
1
1
0
1
1
0
0
1
1
0
0
0
8
1
0
0
0
0
0
0
0
0
0
0
0
0
0
9
0
1
0
0
0
0
0
0
0
0
0
1
1
0
0
0
0
0
0
0
10
0
0
0
0
0
0
8
1
0
0
0
0
0
0
8
0
0
0
1
0
0
1
9
0
0
4
0
10
0
0
0
0
0
1
0
0
0
0
0
0
0
0
0
0
10
0
0
0
0
0
0
1
0
1
5..52324
5533255.
.3215..4
52.33...
11214..3
334.5112
.1.35..2
1223.1..
0
0
1
0
1
5..52324
5533255.
.3215..4
52.33...
11214..3
334.5112
.1.35..2
1223.1..
0
0
0
0
0
0
0
0
1
0
0
0
0
0
1
0
0
1
0
1
0
0
1
0
0
0
1
9
0
0
0
0
